ARM GAS  C:\Users\Mateusz\AppData\Local\Temp\ccrAiqxP.s 			page 1


   1              		.cpu cortex-m0plus
   2              		.eabi_attribute 20, 1
   3              		.eabi_attribute 21, 1
   4              		.eabi_attribute 23, 3
   5              		.eabi_attribute 24, 1
   6              		.eabi_attribute 25, 1
   7              		.eabi_attribute 26, 1
   8              		.eabi_attribute 30, 1
   9              		.eabi_attribute 34, 0
  10              		.eabi_attribute 18, 4
  11              		.file	"dma.c"
  12              		.text
  13              	.Ltext0:
  14              		.cfi_sections	.debug_frame
  15              		.section	.text.MX_DMA_Init,"ax",%progbits
  16              		.align	1
  17              		.global	MX_DMA_Init
  18              		.arch armv6s-m
  19              		.syntax unified
  20              		.code	16
  21              		.thumb_func
  22              		.fpu softvfp
  24              	MX_DMA_Init:
  25              	.LFB284:
  26              		.file 1 "Src/dma.c"
   1:Src/dma.c     **** /**
   2:Src/dma.c     ****   ******************************************************************************
   3:Src/dma.c     ****   * File Name          : dma.c
   4:Src/dma.c     ****   * Description        : This file provides code for the configuration
   5:Src/dma.c     ****   *                      of all the requested memory to memory DMA transfers.
   6:Src/dma.c     ****   ******************************************************************************
   7:Src/dma.c     ****   * @attention
   8:Src/dma.c     ****   *
   9:Src/dma.c     ****   * <h2><center>&copy; Copyright (c) 2020 STMicroelectronics.
  10:Src/dma.c     ****   * All rights reserved.</center></h2>
  11:Src/dma.c     ****   *
  12:Src/dma.c     ****   * This software component is licensed by ST under BSD 3-Clause license,
  13:Src/dma.c     ****   * the "License"; You may not use this file except in compliance with the
  14:Src/dma.c     ****   * License. You may obtain a copy of the License at:
  15:Src/dma.c     ****   *                        opensource.org/licenses/BSD-3-Clause
  16:Src/dma.c     ****   *
  17:Src/dma.c     ****   ******************************************************************************
  18:Src/dma.c     ****   */
  19:Src/dma.c     **** 
  20:Src/dma.c     **** /* Includes ------------------------------------------------------------------*/
  21:Src/dma.c     **** #include "dma.h"
  22:Src/dma.c     **** 
  23:Src/dma.c     **** /* USER CODE BEGIN 0 */
  24:Src/dma.c     **** #include "main.h"
  25:Src/dma.c     **** #include "usart_utils.h"
  26:Src/dma.c     **** #include "state.h"
  27:Src/dma.c     **** /* USER CODE END 0 */
  28:Src/dma.c     **** 
  29:Src/dma.c     **** /*----------------------------------------------------------------------------*/
  30:Src/dma.c     **** /* Configure DMA                                                              */
  31:Src/dma.c     **** /*----------------------------------------------------------------------------*/
  32:Src/dma.c     **** 
ARM GAS  C:\Users\Mateusz\AppData\Local\Temp\ccrAiqxP.s 			page 2


  33:Src/dma.c     **** /* USER CODE BEGIN 1 */
  34:Src/dma.c     **** extern state State;
  35:Src/dma.c     **** /* USER CODE END 1 */
  36:Src/dma.c     **** 
  37:Src/dma.c     **** /** 
  38:Src/dma.c     ****   * Enable DMA controller clock
  39:Src/dma.c     ****   */
  40:Src/dma.c     **** void MX_DMA_Init(void) 
  41:Src/dma.c     **** {
  27              		.loc 1 41 1 view -0
  28              		.cfi_startproc
  29              		@ args = 0, pretend = 0, frame = 8
  30              		@ frame_needed = 0, uses_anonymous_args = 0
  31 0000 00B5     		push	{lr}
  32              	.LCFI0:
  33              		.cfi_def_cfa_offset 4
  34              		.cfi_offset 14, -4
  35 0002 83B0     		sub	sp, sp, #12
  36              	.LCFI1:
  37              		.cfi_def_cfa_offset 16
  42:Src/dma.c     **** 
  43:Src/dma.c     ****   /* DMA controller clock enable */
  44:Src/dma.c     ****   __HAL_RCC_DMA1_CLK_ENABLE();
  38              		.loc 1 44 3 view .LVU1
  39              	.LBB2:
  40              		.loc 1 44 3 view .LVU2
  41              		.loc 1 44 3 view .LVU3
  42 0004 094A     		ldr	r2, .L2
  43 0006 916B     		ldr	r1, [r2, #56]
  44 0008 0123     		movs	r3, #1
  45 000a 1943     		orrs	r1, r3
  46 000c 9163     		str	r1, [r2, #56]
  47              		.loc 1 44 3 view .LVU4
  48 000e 926B     		ldr	r2, [r2, #56]
  49 0010 1340     		ands	r3, r2
  50 0012 0193     		str	r3, [sp, #4]
  51              		.loc 1 44 3 view .LVU5
  52 0014 019B     		ldr	r3, [sp, #4]
  53              	.LBE2:
  54              		.loc 1 44 3 view .LVU6
  45:Src/dma.c     **** 
  46:Src/dma.c     ****   /* DMA interrupt init */
  47:Src/dma.c     ****   /* DMA1_Channel1_IRQn interrupt configuration */
  48:Src/dma.c     ****   HAL_NVIC_SetPriority(DMA1_Channel1_IRQn, 0, 0);
  55              		.loc 1 48 3 view .LVU7
  56 0016 0022     		movs	r2, #0
  57 0018 0021     		movs	r1, #0
  58 001a 0920     		movs	r0, #9
  59 001c FFF7FEFF 		bl	HAL_NVIC_SetPriority
  60              	.LVL0:
  49:Src/dma.c     ****   HAL_NVIC_EnableIRQ(DMA1_Channel1_IRQn);
  61              		.loc 1 49 3 view .LVU8
  62 0020 0920     		movs	r0, #9
  63 0022 FFF7FEFF 		bl	HAL_NVIC_EnableIRQ
  64              	.LVL1:
  50:Src/dma.c     **** 
  51:Src/dma.c     **** }
ARM GAS  C:\Users\Mateusz\AppData\Local\Temp\ccrAiqxP.s 			page 3


  65              		.loc 1 51 1 is_stmt 0 view .LVU9
  66 0026 03B0     		add	sp, sp, #12
  67              		@ sp needed
  68 0028 00BD     		pop	{pc}
  69              	.L3:
  70 002a C046     		.align	2
  71              	.L2:
  72 002c 00100240 		.word	1073876992
  73              		.cfi_endproc
  74              	.LFE284:
  76              		.section	.text.HAL_UART_RxCpltCallback,"ax",%progbits
  77              		.align	1
  78              		.global	HAL_UART_RxCpltCallback
  79              		.syntax unified
  80              		.code	16
  81              		.thumb_func
  82              		.fpu softvfp
  84              	HAL_UART_RxCpltCallback:
  85              	.LFB285:
  52:Src/dma.c     **** 
  53:Src/dma.c     **** /* USER CODE BEGIN 2 */
  54:Src/dma.c     **** HAL_UART_RxCpltCallback()
  55:Src/dma.c     **** {
  86              		.loc 1 55 1 is_stmt 1 view -0
  87              		.cfi_startproc
  88              		@ args = 0, pretend = 0, frame = 0
  89              		@ frame_needed = 0, uses_anonymous_args = 0
  90 0000 10B5     		push	{r4, lr}
  91              	.LCFI2:
  92              		.cfi_def_cfa_offset 8
  93              		.cfi_offset 4, -8
  94              		.cfi_offset 14, -4
  56:Src/dma.c     ****   UART_PARSE(State.UART_RX_BUFF);
  95              		.loc 1 56 3 view .LVU11
  96 0002 0748     		ldr	r0, .L8
  97 0004 FFF7FEFF 		bl	UART_PARSE
  98              	.LVL2:
  57:Src/dma.c     ****   for (int i = UART_RX_BUFFER_LENGTH; i >= 0; i--)
  99              		.loc 1 57 3 view .LVU12
 100              	.LBB3:
 101              		.loc 1 57 8 view .LVU13
 102              		.loc 1 57 12 is_stmt 0 view .LVU14
 103 0008 4022     		movs	r2, #64
 104              	.LVL3:
 105              	.L5:
 106              		.loc 1 57 39 is_stmt 1 discriminator 1 view .LVU15
 107              		.loc 1 57 3 is_stmt 0 discriminator 1 view .LVU16
 108 000a 002A     		cmp	r2, #0
 109 000c 06DB     		blt	.L7
  58:Src/dma.c     ****   {
  59:Src/dma.c     ****     State.UART_RX_BUFF[i] = '\0';
 110              		.loc 1 59 5 is_stmt 1 discriminator 3 view .LVU17
 111              		.loc 1 59 27 is_stmt 0 discriminator 3 view .LVU18
 112 000e 054B     		ldr	r3, .L8+4
 113 0010 9B18     		adds	r3, r3, r2
 114 0012 4E33     		adds	r3, r3, #78
 115 0014 0021     		movs	r1, #0
ARM GAS  C:\Users\Mateusz\AppData\Local\Temp\ccrAiqxP.s 			page 4


 116 0016 1970     		strb	r1, [r3]
  57:Src/dma.c     ****   for (int i = UART_RX_BUFFER_LENGTH; i >= 0; i--)
 117              		.loc 1 57 47 is_stmt 1 discriminator 3 view .LVU19
  57:Src/dma.c     ****   for (int i = UART_RX_BUFFER_LENGTH; i >= 0; i--)
 118              		.loc 1 57 48 is_stmt 0 discriminator 3 view .LVU20
 119 0018 013A     		subs	r2, r2, #1
 120              	.LVL4:
  57:Src/dma.c     ****   for (int i = UART_RX_BUFFER_LENGTH; i >= 0; i--)
 121              		.loc 1 57 48 discriminator 3 view .LVU21
 122 001a F6E7     		b	.L5
 123              	.L7:
  57:Src/dma.c     ****   for (int i = UART_RX_BUFFER_LENGTH; i >= 0; i--)
 124              		.loc 1 57 48 discriminator 3 view .LVU22
 125              	.LBE3:
  60:Src/dma.c     ****   }
  61:Src/dma.c     **** }
 126              		.loc 1 61 1 view .LVU23
 127              		@ sp needed
 128 001c 10BD     		pop	{r4, pc}
 129              	.L9:
 130 001e C046     		.align	2
 131              	.L8:
 132 0020 4E000000 		.word	State+78
 133 0024 00000000 		.word	State
 134              		.cfi_endproc
 135              	.LFE285:
 137              		.text
 138              	.Letext0:
 139              		.file 2 "c:\\gnu tools arm embedded\\9 2019-q4-major\\arm-none-eabi\\include\\machine\\_default_ty
 140              		.file 3 "c:\\gnu tools arm embedded\\9 2019-q4-major\\arm-none-eabi\\include\\sys\\_stdint.h"
 141              		.file 4 "Drivers/CMSIS/Device/ST/STM32G0xx/Include/system_stm32g0xx.h"
 142              		.file 5 "Drivers/CMSIS/Device/ST/STM32G0xx/Include/stm32g071xx.h"
 143              		.file 6 "Drivers/STM32G0xx_HAL_Driver/Inc/stm32g0xx_hal_def.h"
 144              		.file 7 "Drivers/STM32G0xx_HAL_Driver/Inc/stm32g0xx_hal_dma.h"
 145              		.file 8 "Drivers/STM32G0xx_HAL_Driver/Inc/stm32g0xx_hal_flash.h"
 146              		.file 9 "Drivers/STM32G0xx_HAL_Driver/Inc/stm32g0xx_hal_uart.h"
 147              		.file 10 "Drivers/STM32G0xx_HAL_Driver/Inc/stm32g0xx_hal.h"
 148              		.file 11 "c:\\gnu tools arm embedded\\9 2019-q4-major\\arm-none-eabi\\include\\sys\\lock.h"
 149              		.file 12 "c:\\gnu tools arm embedded\\9 2019-q4-major\\arm-none-eabi\\include\\sys\\_types.h"
 150              		.file 13 "c:\\gnu tools arm embedded\\9 2019-q4-major\\lib\\gcc\\arm-none-eabi\\9.2.1\\include\\st
 151              		.file 14 "c:\\gnu tools arm embedded\\9 2019-q4-major\\arm-none-eabi\\include\\sys\\reent.h"
 152              		.file 15 "Inc/usart.h"
 153              		.file 16 "Inc/state.h"
 154              		.file 17 "Inc/usart_utils.h"
 155              		.file 18 "Drivers/STM32G0xx_HAL_Driver/Inc/stm32g0xx_hal_cortex.h"
ARM GAS  C:\Users\Mateusz\AppData\Local\Temp\ccrAiqxP.s 			page 5


DEFINED SYMBOLS
                            *ABS*:00000000 dma.c
C:\Users\Mateusz\AppData\Local\Temp\ccrAiqxP.s:16     .text.MX_DMA_Init:00000000 $t
C:\Users\Mateusz\AppData\Local\Temp\ccrAiqxP.s:24     .text.MX_DMA_Init:00000000 MX_DMA_Init
C:\Users\Mateusz\AppData\Local\Temp\ccrAiqxP.s:72     .text.MX_DMA_Init:0000002c $d
C:\Users\Mateusz\AppData\Local\Temp\ccrAiqxP.s:77     .text.HAL_UART_RxCpltCallback:00000000 $t
C:\Users\Mateusz\AppData\Local\Temp\ccrAiqxP.s:84     .text.HAL_UART_RxCpltCallback:00000000 HAL_UART_RxCpltCallback
C:\Users\Mateusz\AppData\Local\Temp\ccrAiqxP.s:132    .text.HAL_UART_RxCpltCallback:00000020 $d

UNDEFINED SYMBOLS
HAL_NVIC_SetPriority
HAL_NVIC_EnableIRQ
UART_PARSE
State
