ARM GAS  C:\Users\matil\AppData\Local\Temp\ccTv90Ao.s 			page 1


   1              		.cpu cortex-m3
   2              		.eabi_attribute 20, 1
   3              		.eabi_attribute 21, 1
   4              		.eabi_attribute 23, 3
   5              		.eabi_attribute 24, 1
   6              		.eabi_attribute 25, 1
   7              		.eabi_attribute 26, 1
   8              		.eabi_attribute 30, 1
   9              		.eabi_attribute 34, 1
  10              		.eabi_attribute 18, 4
  11              		.file	"gpio.c"
  12              		.text
  13              	.Ltext0:
  14              		.cfi_sections	.debug_frame
  15              		.section	.text.MX_GPIO_Init,"ax",%progbits
  16              		.align	1
  17              		.global	MX_GPIO_Init
  18              		.arch armv7-m
  19              		.syntax unified
  20              		.thumb
  21              		.thumb_func
  22              		.fpu softvfp
  24              	MX_GPIO_Init:
  25              	.LFB65:
  26              		.file 1 "Src/gpio.c"
   1:Src/gpio.c    **** /**
   2:Src/gpio.c    ****   ******************************************************************************
   3:Src/gpio.c    ****   * File Name          : gpio.c
   4:Src/gpio.c    ****   * Description        : This file provides code for the configuration
   5:Src/gpio.c    ****   *                      of all used GPIO pins.
   6:Src/gpio.c    ****   ******************************************************************************
   7:Src/gpio.c    ****   * @attention
   8:Src/gpio.c    ****   *
   9:Src/gpio.c    ****   * <h2><center>&copy; Copyright (c) 2020 STMicroelectronics.
  10:Src/gpio.c    ****   * All rights reserved.</center></h2>
  11:Src/gpio.c    ****   *
  12:Src/gpio.c    ****   * This software component is licensed by ST under BSD 3-Clause license,
  13:Src/gpio.c    ****   * the "License"; You may not use this file except in compliance with the
  14:Src/gpio.c    ****   * License. You may obtain a copy of the License at:
  15:Src/gpio.c    ****   *                        opensource.org/licenses/BSD-3-Clause
  16:Src/gpio.c    ****   *
  17:Src/gpio.c    ****   ******************************************************************************
  18:Src/gpio.c    ****   */
  19:Src/gpio.c    **** 
  20:Src/gpio.c    **** /* Includes ------------------------------------------------------------------*/
  21:Src/gpio.c    **** #include "gpio.h"
  22:Src/gpio.c    **** /* USER CODE BEGIN 0 */
  23:Src/gpio.c    **** 
  24:Src/gpio.c    **** /* USER CODE END 0 */
  25:Src/gpio.c    **** 
  26:Src/gpio.c    **** /*----------------------------------------------------------------------------*/
  27:Src/gpio.c    **** /* Configure GPIO                                                             */
  28:Src/gpio.c    **** /*----------------------------------------------------------------------------*/
  29:Src/gpio.c    **** /* USER CODE BEGIN 1 */
  30:Src/gpio.c    **** 
  31:Src/gpio.c    **** /* USER CODE END 1 */
  32:Src/gpio.c    **** 
ARM GAS  C:\Users\matil\AppData\Local\Temp\ccTv90Ao.s 			page 2


  33:Src/gpio.c    **** /** Configure pins as 
  34:Src/gpio.c    ****         * Analog 
  35:Src/gpio.c    ****         * Input 
  36:Src/gpio.c    ****         * Output
  37:Src/gpio.c    ****         * EVENT_OUT
  38:Src/gpio.c    ****         * EXTI
  39:Src/gpio.c    ****         * Free pins are configured automatically as Analog (this feature is enabled through 
  40:Src/gpio.c    ****         * the Code Generation settings)
  41:Src/gpio.c    **** */
  42:Src/gpio.c    **** void MX_GPIO_Init(void)
  43:Src/gpio.c    **** {
  27              		.loc 1 43 1 view -0
  28              		.cfi_startproc
  29              		@ args = 0, pretend = 0, frame = 32
  30              		@ frame_needed = 0, uses_anonymous_args = 0
  31 0000 F0B5     		push	{r4, r5, r6, r7, lr}
  32              	.LCFI0:
  33              		.cfi_def_cfa_offset 20
  34              		.cfi_offset 4, -20
  35              		.cfi_offset 5, -16
  36              		.cfi_offset 6, -12
  37              		.cfi_offset 7, -8
  38              		.cfi_offset 14, -4
  39 0002 89B0     		sub	sp, sp, #36
  40              	.LCFI1:
  41              		.cfi_def_cfa_offset 56
  44:Src/gpio.c    **** 
  45:Src/gpio.c    ****   GPIO_InitTypeDef GPIO_InitStruct = {0};
  42              		.loc 1 45 3 view .LVU1
  43              		.loc 1 45 20 is_stmt 0 view .LVU2
  44 0004 0024     		movs	r4, #0
  45 0006 0494     		str	r4, [sp, #16]
  46 0008 0594     		str	r4, [sp, #20]
  47 000a 0694     		str	r4, [sp, #24]
  48 000c 0794     		str	r4, [sp, #28]
  46:Src/gpio.c    **** 
  47:Src/gpio.c    ****   /* GPIO Ports Clock Enable */
  48:Src/gpio.c    ****   __HAL_RCC_GPIOC_CLK_ENABLE();
  49              		.loc 1 48 3 is_stmt 1 view .LVU3
  50              	.LBB2:
  51              		.loc 1 48 3 view .LVU4
  52              		.loc 1 48 3 view .LVU5
  53 000e 354B     		ldr	r3, .L3
  54 0010 9A69     		ldr	r2, [r3, #24]
  55 0012 42F01002 		orr	r2, r2, #16
  56 0016 9A61     		str	r2, [r3, #24]
  57              		.loc 1 48 3 view .LVU6
  58 0018 9A69     		ldr	r2, [r3, #24]
  59 001a 02F01002 		and	r2, r2, #16
  60 001e 0092     		str	r2, [sp]
  61              		.loc 1 48 3 view .LVU7
  62 0020 009A     		ldr	r2, [sp]
  63              	.LBE2:
  64              		.loc 1 48 3 view .LVU8
  49:Src/gpio.c    ****   __HAL_RCC_GPIOD_CLK_ENABLE();
  65              		.loc 1 49 3 view .LVU9
  66              	.LBB3:
ARM GAS  C:\Users\matil\AppData\Local\Temp\ccTv90Ao.s 			page 3


  67              		.loc 1 49 3 view .LVU10
  68              		.loc 1 49 3 view .LVU11
  69 0022 9A69     		ldr	r2, [r3, #24]
  70 0024 42F02002 		orr	r2, r2, #32
  71 0028 9A61     		str	r2, [r3, #24]
  72              		.loc 1 49 3 view .LVU12
  73 002a 9A69     		ldr	r2, [r3, #24]
  74 002c 02F02002 		and	r2, r2, #32
  75 0030 0192     		str	r2, [sp, #4]
  76              		.loc 1 49 3 view .LVU13
  77 0032 019A     		ldr	r2, [sp, #4]
  78              	.LBE3:
  79              		.loc 1 49 3 view .LVU14
  50:Src/gpio.c    ****   __HAL_RCC_GPIOA_CLK_ENABLE();
  80              		.loc 1 50 3 view .LVU15
  81              	.LBB4:
  82              		.loc 1 50 3 view .LVU16
  83              		.loc 1 50 3 view .LVU17
  84 0034 9A69     		ldr	r2, [r3, #24]
  85 0036 42F00402 		orr	r2, r2, #4
  86 003a 9A61     		str	r2, [r3, #24]
  87              		.loc 1 50 3 view .LVU18
  88 003c 9A69     		ldr	r2, [r3, #24]
  89 003e 02F00402 		and	r2, r2, #4
  90 0042 0292     		str	r2, [sp, #8]
  91              		.loc 1 50 3 view .LVU19
  92 0044 029A     		ldr	r2, [sp, #8]
  93              	.LBE4:
  94              		.loc 1 50 3 view .LVU20
  51:Src/gpio.c    ****   __HAL_RCC_GPIOB_CLK_ENABLE();
  95              		.loc 1 51 3 view .LVU21
  96              	.LBB5:
  97              		.loc 1 51 3 view .LVU22
  98              		.loc 1 51 3 view .LVU23
  99 0046 9A69     		ldr	r2, [r3, #24]
 100 0048 42F00802 		orr	r2, r2, #8
 101 004c 9A61     		str	r2, [r3, #24]
 102              		.loc 1 51 3 view .LVU24
 103 004e 9B69     		ldr	r3, [r3, #24]
 104 0050 03F00803 		and	r3, r3, #8
 105 0054 0393     		str	r3, [sp, #12]
 106              		.loc 1 51 3 view .LVU25
 107 0056 039B     		ldr	r3, [sp, #12]
 108              	.LBE5:
 109              		.loc 1 51 3 view .LVU26
  52:Src/gpio.c    **** 
  53:Src/gpio.c    ****   /*Configure GPIO pin Output Level */
  54:Src/gpio.c    ****   HAL_GPIO_WritePin(LD2_GPIO_Port, LD2_Pin, GPIO_PIN_RESET);
 110              		.loc 1 54 3 view .LVU27
 111 0058 234E     		ldr	r6, .L3+4
 112 005a 2246     		mov	r2, r4
 113 005c 2021     		movs	r1, #32
 114 005e 3046     		mov	r0, r6
 115 0060 FFF7FEFF 		bl	HAL_GPIO_WritePin
 116              	.LVL0:
  55:Src/gpio.c    **** 
  56:Src/gpio.c    ****   /*Configure GPIO pin : PtPin */
ARM GAS  C:\Users\matil\AppData\Local\Temp\ccTv90Ao.s 			page 4


  57:Src/gpio.c    ****   GPIO_InitStruct.Pin = B1_Pin;
 117              		.loc 1 57 3 view .LVU28
 118              		.loc 1 57 23 is_stmt 0 view .LVU29
 119 0064 4FF40053 		mov	r3, #8192
 120 0068 0493     		str	r3, [sp, #16]
  58:Src/gpio.c    ****   GPIO_InitStruct.Mode = GPIO_MODE_IT_RISING;
 121              		.loc 1 58 3 is_stmt 1 view .LVU30
 122              		.loc 1 58 24 is_stmt 0 view .LVU31
 123 006a 204B     		ldr	r3, .L3+8
 124 006c 0593     		str	r3, [sp, #20]
  59:Src/gpio.c    ****   GPIO_InitStruct.Pull = GPIO_NOPULL;
 125              		.loc 1 59 3 is_stmt 1 view .LVU32
 126              		.loc 1 59 24 is_stmt 0 view .LVU33
 127 006e 0694     		str	r4, [sp, #24]
  60:Src/gpio.c    ****   HAL_GPIO_Init(B1_GPIO_Port, &GPIO_InitStruct);
 128              		.loc 1 60 3 is_stmt 1 view .LVU34
 129 0070 1F4F     		ldr	r7, .L3+12
 130 0072 04A9     		add	r1, sp, #16
 131 0074 3846     		mov	r0, r7
 132 0076 FFF7FEFF 		bl	HAL_GPIO_Init
 133              	.LVL1:
  61:Src/gpio.c    **** 
  62:Src/gpio.c    ****   /*Configure GPIO pins : PC0 PC1 PC2 PC3 
  63:Src/gpio.c    ****                            PC4 PC5 PC6 PC7 
  64:Src/gpio.c    ****                            PC8 PC9 PC10 PC11 
  65:Src/gpio.c    ****                            PC12 */
  66:Src/gpio.c    ****   GPIO_InitStruct.Pin = GPIO_PIN_0|GPIO_PIN_1|GPIO_PIN_2|GPIO_PIN_3 
 134              		.loc 1 66 3 view .LVU35
 135              		.loc 1 66 23 is_stmt 0 view .LVU36
 136 007a 41F6FF73 		movw	r3, #8191
 137 007e 0493     		str	r3, [sp, #16]
  67:Src/gpio.c    ****                           |GPIO_PIN_4|GPIO_PIN_5|GPIO_PIN_6|GPIO_PIN_7 
  68:Src/gpio.c    ****                           |GPIO_PIN_8|GPIO_PIN_9|GPIO_PIN_10|GPIO_PIN_11 
  69:Src/gpio.c    ****                           |GPIO_PIN_12;
  70:Src/gpio.c    ****   GPIO_InitStruct.Mode = GPIO_MODE_ANALOG;
 138              		.loc 1 70 3 is_stmt 1 view .LVU37
 139              		.loc 1 70 24 is_stmt 0 view .LVU38
 140 0080 0325     		movs	r5, #3
 141 0082 0595     		str	r5, [sp, #20]
  71:Src/gpio.c    ****   HAL_GPIO_Init(GPIOC, &GPIO_InitStruct);
 142              		.loc 1 71 3 is_stmt 1 view .LVU39
 143 0084 04A9     		add	r1, sp, #16
 144 0086 3846     		mov	r0, r7
 145 0088 FFF7FEFF 		bl	HAL_GPIO_Init
 146              	.LVL2:
  72:Src/gpio.c    **** 
  73:Src/gpio.c    ****   /*Configure GPIO pins : PA0 PA1 PA4 PA6 
  74:Src/gpio.c    ****                            PA7 PA8 PA9 PA10 
  75:Src/gpio.c    ****                            PA11 PA12 PA15 */
  76:Src/gpio.c    ****   GPIO_InitStruct.Pin = GPIO_PIN_0|GPIO_PIN_1|GPIO_PIN_4|GPIO_PIN_6 
 147              		.loc 1 76 3 view .LVU40
 148              		.loc 1 76 23 is_stmt 0 view .LVU41
 149 008c 49F6D373 		movw	r3, #40915
 150 0090 0493     		str	r3, [sp, #16]
  77:Src/gpio.c    ****                           |GPIO_PIN_7|GPIO_PIN_8|GPIO_PIN_9|GPIO_PIN_10 
  78:Src/gpio.c    ****                           |GPIO_PIN_11|GPIO_PIN_12|GPIO_PIN_15;
  79:Src/gpio.c    ****   GPIO_InitStruct.Mode = GPIO_MODE_ANALOG;
ARM GAS  C:\Users\matil\AppData\Local\Temp\ccTv90Ao.s 			page 5


 151              		.loc 1 79 3 is_stmt 1 view .LVU42
 152              		.loc 1 79 24 is_stmt 0 view .LVU43
 153 0092 0595     		str	r5, [sp, #20]
  80:Src/gpio.c    ****   HAL_GPIO_Init(GPIOA, &GPIO_InitStruct);
 154              		.loc 1 80 3 is_stmt 1 view .LVU44
 155 0094 04A9     		add	r1, sp, #16
 156 0096 3046     		mov	r0, r6
 157 0098 FFF7FEFF 		bl	HAL_GPIO_Init
 158              	.LVL3:
  81:Src/gpio.c    **** 
  82:Src/gpio.c    ****   /*Configure GPIO pin : PtPin */
  83:Src/gpio.c    ****   GPIO_InitStruct.Pin = LD2_Pin;
 159              		.loc 1 83 3 view .LVU45
 160              		.loc 1 83 23 is_stmt 0 view .LVU46
 161 009c 2023     		movs	r3, #32
 162 009e 0493     		str	r3, [sp, #16]
  84:Src/gpio.c    ****   GPIO_InitStruct.Mode = GPIO_MODE_OUTPUT_PP;
 163              		.loc 1 84 3 is_stmt 1 view .LVU47
 164              		.loc 1 84 24 is_stmt 0 view .LVU48
 165 00a0 0123     		movs	r3, #1
 166 00a2 0593     		str	r3, [sp, #20]
  85:Src/gpio.c    ****   GPIO_InitStruct.Pull = GPIO_NOPULL;
 167              		.loc 1 85 3 is_stmt 1 view .LVU49
 168              		.loc 1 85 24 is_stmt 0 view .LVU50
 169 00a4 0694     		str	r4, [sp, #24]
  86:Src/gpio.c    ****   GPIO_InitStruct.Speed = GPIO_SPEED_FREQ_LOW;
 170              		.loc 1 86 3 is_stmt 1 view .LVU51
 171              		.loc 1 86 25 is_stmt 0 view .LVU52
 172 00a6 0223     		movs	r3, #2
 173 00a8 0793     		str	r3, [sp, #28]
  87:Src/gpio.c    ****   HAL_GPIO_Init(LD2_GPIO_Port, &GPIO_InitStruct);
 174              		.loc 1 87 3 is_stmt 1 view .LVU53
 175 00aa 04A9     		add	r1, sp, #16
 176 00ac 3046     		mov	r0, r6
 177 00ae FFF7FEFF 		bl	HAL_GPIO_Init
 178              	.LVL4:
  88:Src/gpio.c    **** 
  89:Src/gpio.c    ****   /*Configure GPIO pins : PB0 PB1 PB2 PB10 
  90:Src/gpio.c    ****                            PB11 PB12 PB13 PB14 
  91:Src/gpio.c    ****                            PB15 PB4 PB5 PB6 
  92:Src/gpio.c    ****                            PB7 PB8 PB9 */
  93:Src/gpio.c    ****   GPIO_InitStruct.Pin = GPIO_PIN_0|GPIO_PIN_1|GPIO_PIN_2|GPIO_PIN_10 
 179              		.loc 1 93 3 view .LVU54
 180              		.loc 1 93 23 is_stmt 0 view .LVU55
 181 00b2 4FF6F773 		movw	r3, #65527
 182 00b6 0493     		str	r3, [sp, #16]
  94:Src/gpio.c    ****                           |GPIO_PIN_11|GPIO_PIN_12|GPIO_PIN_13|GPIO_PIN_14 
  95:Src/gpio.c    ****                           |GPIO_PIN_15|GPIO_PIN_4|GPIO_PIN_5|GPIO_PIN_6 
  96:Src/gpio.c    ****                           |GPIO_PIN_7|GPIO_PIN_8|GPIO_PIN_9;
  97:Src/gpio.c    ****   GPIO_InitStruct.Mode = GPIO_MODE_ANALOG;
 183              		.loc 1 97 3 is_stmt 1 view .LVU56
 184              		.loc 1 97 24 is_stmt 0 view .LVU57
 185 00b8 0595     		str	r5, [sp, #20]
  98:Src/gpio.c    ****   HAL_GPIO_Init(GPIOB, &GPIO_InitStruct);
 186              		.loc 1 98 3 is_stmt 1 view .LVU58
 187 00ba 04A9     		add	r1, sp, #16
 188 00bc 0D48     		ldr	r0, .L3+16
ARM GAS  C:\Users\matil\AppData\Local\Temp\ccTv90Ao.s 			page 6


 189 00be FFF7FEFF 		bl	HAL_GPIO_Init
 190              	.LVL5:
  99:Src/gpio.c    **** 
 100:Src/gpio.c    ****   /*Configure GPIO pin : PD2 */
 101:Src/gpio.c    ****   GPIO_InitStruct.Pin = GPIO_PIN_2;
 191              		.loc 1 101 3 view .LVU59
 192              		.loc 1 101 23 is_stmt 0 view .LVU60
 193 00c2 0423     		movs	r3, #4
 194 00c4 0493     		str	r3, [sp, #16]
 102:Src/gpio.c    ****   GPIO_InitStruct.Mode = GPIO_MODE_ANALOG;
 195              		.loc 1 102 3 is_stmt 1 view .LVU61
 196              		.loc 1 102 24 is_stmt 0 view .LVU62
 197 00c6 0595     		str	r5, [sp, #20]
 103:Src/gpio.c    ****   HAL_GPIO_Init(GPIOD, &GPIO_InitStruct);
 198              		.loc 1 103 3 is_stmt 1 view .LVU63
 199 00c8 04A9     		add	r1, sp, #16
 200 00ca 0B48     		ldr	r0, .L3+20
 201 00cc FFF7FEFF 		bl	HAL_GPIO_Init
 202              	.LVL6:
 104:Src/gpio.c    **** 
 105:Src/gpio.c    ****   /* EXTI interrupt init*/
 106:Src/gpio.c    ****   HAL_NVIC_SetPriority(EXTI15_10_IRQn, 0, 0);
 203              		.loc 1 106 3 view .LVU64
 204 00d0 2246     		mov	r2, r4
 205 00d2 2146     		mov	r1, r4
 206 00d4 2820     		movs	r0, #40
 207 00d6 FFF7FEFF 		bl	HAL_NVIC_SetPriority
 208              	.LVL7:
 107:Src/gpio.c    ****   HAL_NVIC_EnableIRQ(EXTI15_10_IRQn);
 209              		.loc 1 107 3 view .LVU65
 210 00da 2820     		movs	r0, #40
 211 00dc FFF7FEFF 		bl	HAL_NVIC_EnableIRQ
 212              	.LVL8:
 108:Src/gpio.c    **** 
 109:Src/gpio.c    **** }
 213              		.loc 1 109 1 is_stmt 0 view .LVU66
 214 00e0 09B0     		add	sp, sp, #36
 215              	.LCFI2:
 216              		.cfi_def_cfa_offset 20
 217              		@ sp needed
 218 00e2 F0BD     		pop	{r4, r5, r6, r7, pc}
 219              	.L4:
 220              		.align	2
 221              	.L3:
 222 00e4 00100240 		.word	1073876992
 223 00e8 00080140 		.word	1073809408
 224 00ec 00001110 		.word	269549568
 225 00f0 00100140 		.word	1073811456
 226 00f4 000C0140 		.word	1073810432
 227 00f8 00140140 		.word	1073812480
 228              		.cfi_endproc
 229              	.LFE65:
 231              		.text
 232              	.Letext0:
 233              		.file 2 "c:\\program files (x86)\\gnu tools arm embedded\\9 2019-q4-major\\arm-none-eabi\\include\
 234              		.file 3 "c:\\program files (x86)\\gnu tools arm embedded\\9 2019-q4-major\\arm-none-eabi\\include\
 235              		.file 4 "Drivers/CMSIS/Include/core_cm3.h"
ARM GAS  C:\Users\matil\AppData\Local\Temp\ccTv90Ao.s 			page 7


 236              		.file 5 "Drivers/CMSIS/Device/ST/STM32F1xx/Include/system_stm32f1xx.h"
 237              		.file 6 "Drivers/CMSIS/Device/ST/STM32F1xx/Include/stm32f103xb.h"
 238              		.file 7 "Drivers/STM32F1xx_HAL_Driver/Inc/stm32f1xx_hal_gpio.h"
 239              		.file 8 "Drivers/STM32F1xx_HAL_Driver/Inc/stm32f1xx_hal.h"
 240              		.file 9 "Drivers/STM32F1xx_HAL_Driver/Inc/stm32f1xx_hal_cortex.h"
ARM GAS  C:\Users\matil\AppData\Local\Temp\ccTv90Ao.s 			page 8


DEFINED SYMBOLS
                            *ABS*:00000000 gpio.c
C:\Users\matil\AppData\Local\Temp\ccTv90Ao.s:16     .text.MX_GPIO_Init:00000000 $t
C:\Users\matil\AppData\Local\Temp\ccTv90Ao.s:24     .text.MX_GPIO_Init:00000000 MX_GPIO_Init
C:\Users\matil\AppData\Local\Temp\ccTv90Ao.s:222    .text.MX_GPIO_Init:000000e4 $d

UNDEFINED SYMBOLS
HAL_GPIO_WritePin
HAL_GPIO_Init
HAL_NVIC_SetPriority
HAL_NVIC_EnableIRQ
