ARM GAS  C:\Users\matil\AppData\Local\Temp\ccKisqkd.s 			page 1


   1              		.cpu cortex-m0plus
   2              		.eabi_attribute 20, 1
   3              		.eabi_attribute 21, 1
   4              		.eabi_attribute 23, 3
   5              		.eabi_attribute 24, 1
   6              		.eabi_attribute 25, 1
   7              		.eabi_attribute 26, 1
   8              		.eabi_attribute 30, 1
   9              		.eabi_attribute 34, 0
  10              		.eabi_attribute 18, 4
  11              		.file	"rtc.c"
  12              		.text
  13              	.Ltext0:
  14              		.cfi_sections	.debug_frame
  15              		.section	.text.MX_RTC_Init,"ax",%progbits
  16              		.align	1
  17              		.global	MX_RTC_Init
  18              		.arch armv6s-m
  19              		.syntax unified
  20              		.code	16
  21              		.thumb_func
  22              		.fpu softvfp
  24              	MX_RTC_Init:
  25              	.LFB281:
  26              		.file 1 "Src/rtc.c"
   1:Src/rtc.c     **** /**
   2:Src/rtc.c     ****   ******************************************************************************
   3:Src/rtc.c     ****   * File Name          : RTC.c
   4:Src/rtc.c     ****   * Description        : This file provides code for the configuration
   5:Src/rtc.c     ****   *                      of the RTC instances.
   6:Src/rtc.c     ****   ******************************************************************************
   7:Src/rtc.c     ****   * @attention
   8:Src/rtc.c     ****   *
   9:Src/rtc.c     ****   * <h2><center>&copy; Copyright (c) 2020 STMicroelectronics.
  10:Src/rtc.c     ****   * All rights reserved.</center></h2>
  11:Src/rtc.c     ****   *
  12:Src/rtc.c     ****   * This software component is licensed by ST under BSD 3-Clause license,
  13:Src/rtc.c     ****   * the "License"; You may not use this file except in compliance with the
  14:Src/rtc.c     ****   * License. You may obtain a copy of the License at:
  15:Src/rtc.c     ****   *                        opensource.org/licenses/BSD-3-Clause
  16:Src/rtc.c     ****   *
  17:Src/rtc.c     ****   ******************************************************************************
  18:Src/rtc.c     ****   */
  19:Src/rtc.c     **** 
  20:Src/rtc.c     **** /* Includes ------------------------------------------------------------------*/
  21:Src/rtc.c     **** #include "rtc.h"
  22:Src/rtc.c     **** 
  23:Src/rtc.c     **** /* USER CODE BEGIN 0 */
  24:Src/rtc.c     **** 
  25:Src/rtc.c     **** /* USER CODE END 0 */
  26:Src/rtc.c     **** 
  27:Src/rtc.c     **** RTC_HandleTypeDef hrtc;
  28:Src/rtc.c     **** 
  29:Src/rtc.c     **** /* RTC init function */
  30:Src/rtc.c     **** void MX_RTC_Init(void)
  31:Src/rtc.c     **** {
  27              		.loc 1 31 1 view -0
ARM GAS  C:\Users\matil\AppData\Local\Temp\ccKisqkd.s 			page 2


  28              		.cfi_startproc
  29              		@ args = 0, pretend = 0, frame = 0
  30              		@ frame_needed = 0, uses_anonymous_args = 0
  31 0000 10B5     		push	{r4, lr}
  32              	.LCFI0:
  33              		.cfi_def_cfa_offset 8
  34              		.cfi_offset 4, -8
  35              		.cfi_offset 14, -4
  32:Src/rtc.c     **** 
  33:Src/rtc.c     ****   /** Initialize RTC Only 
  34:Src/rtc.c     ****   */
  35:Src/rtc.c     ****   hrtc.Instance = RTC;
  36              		.loc 1 35 3 view .LVU1
  37              		.loc 1 35 17 is_stmt 0 view .LVU2
  38 0002 0C48     		ldr	r0, .L4
  39 0004 0C4B     		ldr	r3, .L4+4
  40 0006 0360     		str	r3, [r0]
  36:Src/rtc.c     ****   hrtc.Init.HourFormat = RTC_HOURFORMAT_24;
  41              		.loc 1 36 3 is_stmt 1 view .LVU3
  42              		.loc 1 36 24 is_stmt 0 view .LVU4
  43 0008 0023     		movs	r3, #0
  44 000a 8360     		str	r3, [r0, #8]
  37:Src/rtc.c     ****   hrtc.Init.AsynchPrediv = 127;
  45              		.loc 1 37 3 is_stmt 1 view .LVU5
  46              		.loc 1 37 26 is_stmt 0 view .LVU6
  47 000c 7F22     		movs	r2, #127
  48 000e C260     		str	r2, [r0, #12]
  38:Src/rtc.c     ****   hrtc.Init.SynchPrediv = 255;
  49              		.loc 1 38 3 is_stmt 1 view .LVU7
  50              		.loc 1 38 25 is_stmt 0 view .LVU8
  51 0010 8032     		adds	r2, r2, #128
  52 0012 0261     		str	r2, [r0, #16]
  39:Src/rtc.c     ****   hrtc.Init.OutPut = RTC_OUTPUT_DISABLE;
  53              		.loc 1 39 3 is_stmt 1 view .LVU9
  54              		.loc 1 39 20 is_stmt 0 view .LVU10
  55 0014 4361     		str	r3, [r0, #20]
  40:Src/rtc.c     ****   hrtc.Init.OutPutRemap = RTC_OUTPUT_REMAP_NONE;
  56              		.loc 1 40 3 is_stmt 1 view .LVU11
  57              		.loc 1 40 25 is_stmt 0 view .LVU12
  58 0016 8361     		str	r3, [r0, #24]
  41:Src/rtc.c     ****   hrtc.Init.OutPutPolarity = RTC_OUTPUT_POLARITY_HIGH;
  59              		.loc 1 41 3 is_stmt 1 view .LVU13
  60              		.loc 1 41 28 is_stmt 0 view .LVU14
  61 0018 C361     		str	r3, [r0, #28]
  42:Src/rtc.c     ****   hrtc.Init.OutPutType = RTC_OUTPUT_TYPE_OPENDRAIN;
  62              		.loc 1 42 3 is_stmt 1 view .LVU15
  63              		.loc 1 42 24 is_stmt 0 view .LVU16
  64 001a 8022     		movs	r2, #128
  65 001c D205     		lsls	r2, r2, #23
  66 001e 0262     		str	r2, [r0, #32]
  43:Src/rtc.c     ****   hrtc.Init.OutPutPullUp = RTC_OUTPUT_PULLUP_NONE;
  67              		.loc 1 43 3 is_stmt 1 view .LVU17
  68              		.loc 1 43 26 is_stmt 0 view .LVU18
  69 0020 4362     		str	r3, [r0, #36]
  44:Src/rtc.c     ****   if (HAL_RTC_Init(&hrtc) != HAL_OK)
  70              		.loc 1 44 3 is_stmt 1 view .LVU19
  71              		.loc 1 44 7 is_stmt 0 view .LVU20
ARM GAS  C:\Users\matil\AppData\Local\Temp\ccKisqkd.s 			page 3


  72 0022 FFF7FEFF 		bl	HAL_RTC_Init
  73              	.LVL0:
  74              		.loc 1 44 6 view .LVU21
  75 0026 0028     		cmp	r0, #0
  76 0028 00D1     		bne	.L3
  77              	.L1:
  45:Src/rtc.c     ****   {
  46:Src/rtc.c     ****     Error_Handler();
  47:Src/rtc.c     ****   }
  48:Src/rtc.c     **** 
  49:Src/rtc.c     **** }
  78              		.loc 1 49 1 view .LVU22
  79              		@ sp needed
  80 002a 10BD     		pop	{r4, pc}
  81              	.L3:
  46:Src/rtc.c     ****   }
  82              		.loc 1 46 5 is_stmt 1 view .LVU23
  83 002c FFF7FEFF 		bl	Error_Handler
  84              	.LVL1:
  85              		.loc 1 49 1 is_stmt 0 view .LVU24
  86 0030 FBE7     		b	.L1
  87              	.L5:
  88 0032 C046     		.align	2
  89              	.L4:
  90 0034 00000000 		.word	hrtc
  91 0038 00280040 		.word	1073752064
  92              		.cfi_endproc
  93              	.LFE281:
  95              		.section	.text.HAL_RTC_MspInit,"ax",%progbits
  96              		.align	1
  97              		.global	HAL_RTC_MspInit
  98              		.syntax unified
  99              		.code	16
 100              		.thumb_func
 101              		.fpu softvfp
 103              	HAL_RTC_MspInit:
 104              	.LVL2:
 105              	.LFB282:
  50:Src/rtc.c     **** 
  51:Src/rtc.c     **** void HAL_RTC_MspInit(RTC_HandleTypeDef* rtcHandle)
  52:Src/rtc.c     **** {
 106              		.loc 1 52 1 is_stmt 1 view -0
 107              		.cfi_startproc
 108              		@ args = 0, pretend = 0, frame = 8
 109              		@ frame_needed = 0, uses_anonymous_args = 0
 110              		@ link register save eliminated.
 111              		.loc 1 52 1 is_stmt 0 view .LVU26
 112 0000 82B0     		sub	sp, sp, #8
 113              	.LCFI1:
 114              		.cfi_def_cfa_offset 8
  53:Src/rtc.c     **** 
  54:Src/rtc.c     ****   if(rtcHandle->Instance==RTC)
 115              		.loc 1 54 3 is_stmt 1 view .LVU27
 116              		.loc 1 54 15 is_stmt 0 view .LVU28
 117 0002 0268     		ldr	r2, [r0]
 118              		.loc 1 54 5 view .LVU29
 119 0004 0A4B     		ldr	r3, .L9
ARM GAS  C:\Users\matil\AppData\Local\Temp\ccKisqkd.s 			page 4


 120 0006 9A42     		cmp	r2, r3
 121 0008 01D0     		beq	.L8
 122              	.L6:
  55:Src/rtc.c     ****   {
  56:Src/rtc.c     ****   /* USER CODE BEGIN RTC_MspInit 0 */
  57:Src/rtc.c     **** 
  58:Src/rtc.c     ****   /* USER CODE END RTC_MspInit 0 */
  59:Src/rtc.c     ****     /* RTC clock enable */
  60:Src/rtc.c     ****     __HAL_RCC_RTC_ENABLE();
  61:Src/rtc.c     ****     __HAL_RCC_RTCAPB_CLK_ENABLE();
  62:Src/rtc.c     ****   /* USER CODE BEGIN RTC_MspInit 1 */
  63:Src/rtc.c     **** 
  64:Src/rtc.c     ****   /* USER CODE END RTC_MspInit 1 */
  65:Src/rtc.c     ****   }
  66:Src/rtc.c     **** }
 123              		.loc 1 66 1 view .LVU30
 124 000a 02B0     		add	sp, sp, #8
 125              		@ sp needed
 126 000c 7047     		bx	lr
 127              	.L8:
  60:Src/rtc.c     ****     __HAL_RCC_RTCAPB_CLK_ENABLE();
 128              		.loc 1 60 5 is_stmt 1 view .LVU31
 129 000e 094B     		ldr	r3, .L9+4
 130 0010 D96D     		ldr	r1, [r3, #92]
 131 0012 8022     		movs	r2, #128
 132 0014 1202     		lsls	r2, r2, #8
 133 0016 0A43     		orrs	r2, r1
 134 0018 DA65     		str	r2, [r3, #92]
  61:Src/rtc.c     ****   /* USER CODE BEGIN RTC_MspInit 1 */
 135              		.loc 1 61 5 view .LVU32
 136              	.LBB2:
  61:Src/rtc.c     ****   /* USER CODE BEGIN RTC_MspInit 1 */
 137              		.loc 1 61 5 view .LVU33
  61:Src/rtc.c     ****   /* USER CODE BEGIN RTC_MspInit 1 */
 138              		.loc 1 61 5 view .LVU34
 139 001a DA6B     		ldr	r2, [r3, #60]
 140 001c 8021     		movs	r1, #128
 141 001e C900     		lsls	r1, r1, #3
 142 0020 0A43     		orrs	r2, r1
 143 0022 DA63     		str	r2, [r3, #60]
  61:Src/rtc.c     ****   /* USER CODE BEGIN RTC_MspInit 1 */
 144              		.loc 1 61 5 view .LVU35
 145 0024 DB6B     		ldr	r3, [r3, #60]
 146 0026 0B40     		ands	r3, r1
 147 0028 0193     		str	r3, [sp, #4]
  61:Src/rtc.c     ****   /* USER CODE BEGIN RTC_MspInit 1 */
 148              		.loc 1 61 5 view .LVU36
 149 002a 019B     		ldr	r3, [sp, #4]
 150              	.LBE2:
  61:Src/rtc.c     ****   /* USER CODE BEGIN RTC_MspInit 1 */
 151              		.loc 1 61 5 view .LVU37
 152              		.loc 1 66 1 is_stmt 0 view .LVU38
 153 002c EDE7     		b	.L6
 154              	.L10:
 155 002e C046     		.align	2
 156              	.L9:
 157 0030 00280040 		.word	1073752064
ARM GAS  C:\Users\matil\AppData\Local\Temp\ccKisqkd.s 			page 5


 158 0034 00100240 		.word	1073876992
 159              		.cfi_endproc
 160              	.LFE282:
 162              		.section	.text.HAL_RTC_MspDeInit,"ax",%progbits
 163              		.align	1
 164              		.global	HAL_RTC_MspDeInit
 165              		.syntax unified
 166              		.code	16
 167              		.thumb_func
 168              		.fpu softvfp
 170              	HAL_RTC_MspDeInit:
 171              	.LVL3:
 172              	.LFB283:
  67:Src/rtc.c     **** 
  68:Src/rtc.c     **** void HAL_RTC_MspDeInit(RTC_HandleTypeDef* rtcHandle)
  69:Src/rtc.c     **** {
 173              		.loc 1 69 1 is_stmt 1 view -0
 174              		.cfi_startproc
 175              		@ args = 0, pretend = 0, frame = 0
 176              		@ frame_needed = 0, uses_anonymous_args = 0
 177              		@ link register save eliminated.
  70:Src/rtc.c     **** 
  71:Src/rtc.c     ****   if(rtcHandle->Instance==RTC)
 178              		.loc 1 71 3 view .LVU40
 179              		.loc 1 71 15 is_stmt 0 view .LVU41
 180 0000 0268     		ldr	r2, [r0]
 181              		.loc 1 71 5 view .LVU42
 182 0002 074B     		ldr	r3, .L14
 183 0004 9A42     		cmp	r2, r3
 184 0006 00D0     		beq	.L13
 185              	.L11:
  72:Src/rtc.c     ****   {
  73:Src/rtc.c     ****   /* USER CODE BEGIN RTC_MspDeInit 0 */
  74:Src/rtc.c     **** 
  75:Src/rtc.c     ****   /* USER CODE END RTC_MspDeInit 0 */
  76:Src/rtc.c     ****     /* Peripheral clock disable */
  77:Src/rtc.c     ****     __HAL_RCC_RTC_DISABLE();
  78:Src/rtc.c     ****     __HAL_RCC_RTCAPB_CLK_DISABLE();
  79:Src/rtc.c     ****   /* USER CODE BEGIN RTC_MspDeInit 1 */
  80:Src/rtc.c     **** 
  81:Src/rtc.c     ****   /* USER CODE END RTC_MspDeInit 1 */
  82:Src/rtc.c     ****   }
  83:Src/rtc.c     **** } 
 186              		.loc 1 83 1 view .LVU43
 187              		@ sp needed
 188 0008 7047     		bx	lr
 189              	.L13:
  77:Src/rtc.c     ****     __HAL_RCC_RTCAPB_CLK_DISABLE();
 190              		.loc 1 77 5 is_stmt 1 view .LVU44
 191 000a 064B     		ldr	r3, .L14+4
 192 000c DA6D     		ldr	r2, [r3, #92]
 193 000e 0649     		ldr	r1, .L14+8
 194 0010 0A40     		ands	r2, r1
 195 0012 DA65     		str	r2, [r3, #92]
  78:Src/rtc.c     ****   /* USER CODE BEGIN RTC_MspDeInit 1 */
 196              		.loc 1 78 5 view .LVU45
 197 0014 DA6B     		ldr	r2, [r3, #60]
ARM GAS  C:\Users\matil\AppData\Local\Temp\ccKisqkd.s 			page 6


 198 0016 0549     		ldr	r1, .L14+12
 199 0018 0A40     		ands	r2, r1
 200 001a DA63     		str	r2, [r3, #60]
 201              		.loc 1 83 1 is_stmt 0 view .LVU46
 202 001c F4E7     		b	.L11
 203              	.L15:
 204 001e C046     		.align	2
 205              	.L14:
 206 0020 00280040 		.word	1073752064
 207 0024 00100240 		.word	1073876992
 208 0028 FF7FFFFF 		.word	-32769
 209 002c FFFBFFFF 		.word	-1025
 210              		.cfi_endproc
 211              	.LFE283:
 213              		.comm	hrtc,44,4
 214              		.text
 215              	.Letext0:
 216              		.file 2 "c:\\program files (x86)\\gnu tools arm embedded\\9 2019-q4-major\\arm-none-eabi\\include\
 217              		.file 3 "c:\\program files (x86)\\gnu tools arm embedded\\9 2019-q4-major\\arm-none-eabi\\include\
 218              		.file 4 "Drivers/CMSIS/Device/ST/STM32G0xx/Include/system_stm32g0xx.h"
 219              		.file 5 "Drivers/CMSIS/Device/ST/STM32G0xx/Include/stm32g071xx.h"
 220              		.file 6 "Drivers/STM32G0xx_HAL_Driver/Inc/stm32g0xx_hal_def.h"
 221              		.file 7 "Drivers/STM32G0xx_HAL_Driver/Inc/stm32g0xx_hal_flash.h"
 222              		.file 8 "Drivers/STM32G0xx_HAL_Driver/Inc/stm32g0xx_hal_rtc.h"
 223              		.file 9 "Drivers/STM32G0xx_HAL_Driver/Inc/stm32g0xx_hal.h"
 224              		.file 10 "Inc/rtc.h"
 225              		.file 11 "Inc/main.h"
ARM GAS  C:\Users\matil\AppData\Local\Temp\ccKisqkd.s 			page 7


DEFINED SYMBOLS
                            *ABS*:00000000 rtc.c
C:\Users\matil\AppData\Local\Temp\ccKisqkd.s:16     .text.MX_RTC_Init:00000000 $t
C:\Users\matil\AppData\Local\Temp\ccKisqkd.s:24     .text.MX_RTC_Init:00000000 MX_RTC_Init
C:\Users\matil\AppData\Local\Temp\ccKisqkd.s:90     .text.MX_RTC_Init:00000034 $d
                            *COM*:0000002c hrtc
C:\Users\matil\AppData\Local\Temp\ccKisqkd.s:96     .text.HAL_RTC_MspInit:00000000 $t
C:\Users\matil\AppData\Local\Temp\ccKisqkd.s:103    .text.HAL_RTC_MspInit:00000000 HAL_RTC_MspInit
C:\Users\matil\AppData\Local\Temp\ccKisqkd.s:157    .text.HAL_RTC_MspInit:00000030 $d
C:\Users\matil\AppData\Local\Temp\ccKisqkd.s:163    .text.HAL_RTC_MspDeInit:00000000 $t
C:\Users\matil\AppData\Local\Temp\ccKisqkd.s:170    .text.HAL_RTC_MspDeInit:00000000 HAL_RTC_MspDeInit
C:\Users\matil\AppData\Local\Temp\ccKisqkd.s:206    .text.HAL_RTC_MspDeInit:00000020 $d

UNDEFINED SYMBOLS
HAL_RTC_Init
Error_Handler
