ARM GAS  /tmp/ccpr00C8.s 			page 1


   1              		.cpu cortex-m0plus
   2              		.eabi_attribute 20, 1
   3              		.eabi_attribute 21, 1
   4              		.eabi_attribute 23, 3
   5              		.eabi_attribute 24, 1
   6              		.eabi_attribute 25, 1
   7              		.eabi_attribute 26, 1
   8              		.eabi_attribute 30, 1
   9              		.eabi_attribute 34, 0
  10              		.eabi_attribute 18, 4
  11              		.file	"stm32g0xx_hal_exti.c"
  12              		.text
  13              	.Ltext0:
  14              		.cfi_sections	.debug_frame
  15              		.section	.text.HAL_EXTI_SetConfigLine,"ax",%progbits
  16              		.align	1
  17              		.global	HAL_EXTI_SetConfigLine
  18              		.syntax unified
  19              		.code	16
  20              		.thumb_func
  21              		.fpu softvfp
  23              	HAL_EXTI_SetConfigLine:
  24              	.LFB173:
  25              		.file 1 "Drivers/STM32G0xx_HAL_Driver/Src/stm32g0xx_hal_exti.c"
   1:Drivers/STM32G0xx_HAL_Driver/Src/stm32g0xx_hal_exti.c **** /**
   2:Drivers/STM32G0xx_HAL_Driver/Src/stm32g0xx_hal_exti.c ****   ******************************************************************************
   3:Drivers/STM32G0xx_HAL_Driver/Src/stm32g0xx_hal_exti.c ****   * @file    stm32g0xx_hal_exti.c
   4:Drivers/STM32G0xx_HAL_Driver/Src/stm32g0xx_hal_exti.c ****   * @author  MCD Application Team
   5:Drivers/STM32G0xx_HAL_Driver/Src/stm32g0xx_hal_exti.c ****   * @brief   EXTI HAL module driver.
   6:Drivers/STM32G0xx_HAL_Driver/Src/stm32g0xx_hal_exti.c ****   *          This file provides firmware functions to manage the following
   7:Drivers/STM32G0xx_HAL_Driver/Src/stm32g0xx_hal_exti.c ****   *          functionalities of the General Purpose Input/Output (EXTI) peripheral:
   8:Drivers/STM32G0xx_HAL_Driver/Src/stm32g0xx_hal_exti.c ****   *           + Initialization and de-initialization functions
   9:Drivers/STM32G0xx_HAL_Driver/Src/stm32g0xx_hal_exti.c ****   *           + IO operation functions
  10:Drivers/STM32G0xx_HAL_Driver/Src/stm32g0xx_hal_exti.c ****   *
  11:Drivers/STM32G0xx_HAL_Driver/Src/stm32g0xx_hal_exti.c ****   @verbatim
  12:Drivers/STM32G0xx_HAL_Driver/Src/stm32g0xx_hal_exti.c ****   ==============================================================================
  13:Drivers/STM32G0xx_HAL_Driver/Src/stm32g0xx_hal_exti.c ****                     ##### EXTI Peripheral features #####
  14:Drivers/STM32G0xx_HAL_Driver/Src/stm32g0xx_hal_exti.c ****   ==============================================================================
  15:Drivers/STM32G0xx_HAL_Driver/Src/stm32g0xx_hal_exti.c ****   [..]
  16:Drivers/STM32G0xx_HAL_Driver/Src/stm32g0xx_hal_exti.c ****     (+) Each Exti line can be configured within this driver.
  17:Drivers/STM32G0xx_HAL_Driver/Src/stm32g0xx_hal_exti.c **** 
  18:Drivers/STM32G0xx_HAL_Driver/Src/stm32g0xx_hal_exti.c ****     (+) Exti line can be configured in 3 different modes
  19:Drivers/STM32G0xx_HAL_Driver/Src/stm32g0xx_hal_exti.c ****         (++) Interrupt
  20:Drivers/STM32G0xx_HAL_Driver/Src/stm32g0xx_hal_exti.c ****         (++) Event
  21:Drivers/STM32G0xx_HAL_Driver/Src/stm32g0xx_hal_exti.c ****         (++) Both of them
  22:Drivers/STM32G0xx_HAL_Driver/Src/stm32g0xx_hal_exti.c **** 
  23:Drivers/STM32G0xx_HAL_Driver/Src/stm32g0xx_hal_exti.c ****     (+) Configurable Exti lines can be configured with 3 different triggers
  24:Drivers/STM32G0xx_HAL_Driver/Src/stm32g0xx_hal_exti.c ****         (++) Rising
  25:Drivers/STM32G0xx_HAL_Driver/Src/stm32g0xx_hal_exti.c ****         (++) Falling
  26:Drivers/STM32G0xx_HAL_Driver/Src/stm32g0xx_hal_exti.c ****         (++) Both of them
  27:Drivers/STM32G0xx_HAL_Driver/Src/stm32g0xx_hal_exti.c **** 
  28:Drivers/STM32G0xx_HAL_Driver/Src/stm32g0xx_hal_exti.c ****     (+) When set in interrupt mode, configurable Exti lines have two diffenrents
  29:Drivers/STM32G0xx_HAL_Driver/Src/stm32g0xx_hal_exti.c ****         interrupt pending registers which allow to distinguish which transition
  30:Drivers/STM32G0xx_HAL_Driver/Src/stm32g0xx_hal_exti.c ****         occurs:
  31:Drivers/STM32G0xx_HAL_Driver/Src/stm32g0xx_hal_exti.c ****         (++) Rising edge pending interrupt
  32:Drivers/STM32G0xx_HAL_Driver/Src/stm32g0xx_hal_exti.c ****         (++) Falling
  33:Drivers/STM32G0xx_HAL_Driver/Src/stm32g0xx_hal_exti.c **** 
ARM GAS  /tmp/ccpr00C8.s 			page 2


  34:Drivers/STM32G0xx_HAL_Driver/Src/stm32g0xx_hal_exti.c ****     (+) Exti lines 0 to 15 are linked to gpio pin number 0 to 15. Gpio port can
  35:Drivers/STM32G0xx_HAL_Driver/Src/stm32g0xx_hal_exti.c ****         be selected throught multiplexer.
  36:Drivers/STM32G0xx_HAL_Driver/Src/stm32g0xx_hal_exti.c **** 
  37:Drivers/STM32G0xx_HAL_Driver/Src/stm32g0xx_hal_exti.c ****                      ##### How to use this driver #####
  38:Drivers/STM32G0xx_HAL_Driver/Src/stm32g0xx_hal_exti.c ****   ==============================================================================
  39:Drivers/STM32G0xx_HAL_Driver/Src/stm32g0xx_hal_exti.c ****   [..]
  40:Drivers/STM32G0xx_HAL_Driver/Src/stm32g0xx_hal_exti.c **** 
  41:Drivers/STM32G0xx_HAL_Driver/Src/stm32g0xx_hal_exti.c ****     (#) Configure the EXTI line using HAL_EXTI_SetConfigLine().
  42:Drivers/STM32G0xx_HAL_Driver/Src/stm32g0xx_hal_exti.c ****         (++) Choose the interrupt line number by setting "Line" member from
  43:Drivers/STM32G0xx_HAL_Driver/Src/stm32g0xx_hal_exti.c ****              EXTI_ConfigTypeDef structure.
  44:Drivers/STM32G0xx_HAL_Driver/Src/stm32g0xx_hal_exti.c ****         (++) Configure the interrupt and/or event mode using "Mode" member from
  45:Drivers/STM32G0xx_HAL_Driver/Src/stm32g0xx_hal_exti.c ****              EXTI_ConfigTypeDef structure.
  46:Drivers/STM32G0xx_HAL_Driver/Src/stm32g0xx_hal_exti.c ****         (++) For configurable lines, configure rising and/or falling trigger
  47:Drivers/STM32G0xx_HAL_Driver/Src/stm32g0xx_hal_exti.c ****              "Trigger" member from EXTI_ConfigTypeDef structure.
  48:Drivers/STM32G0xx_HAL_Driver/Src/stm32g0xx_hal_exti.c ****         (++) For Exti lines linked to gpio, choose gpio port using "GPIOSel"
  49:Drivers/STM32G0xx_HAL_Driver/Src/stm32g0xx_hal_exti.c ****              member from GPIO_InitTypeDef structure.
  50:Drivers/STM32G0xx_HAL_Driver/Src/stm32g0xx_hal_exti.c **** 
  51:Drivers/STM32G0xx_HAL_Driver/Src/stm32g0xx_hal_exti.c ****     (#) Get current Exti configuration of a dedicated line using
  52:Drivers/STM32G0xx_HAL_Driver/Src/stm32g0xx_hal_exti.c ****         HAL_EXTI_GetConfigLine().
  53:Drivers/STM32G0xx_HAL_Driver/Src/stm32g0xx_hal_exti.c ****         (++) Provide exiting handle as parameter.
  54:Drivers/STM32G0xx_HAL_Driver/Src/stm32g0xx_hal_exti.c ****         (++) Provide pointer on EXTI_ConfigTypeDef structure as second parameter.
  55:Drivers/STM32G0xx_HAL_Driver/Src/stm32g0xx_hal_exti.c **** 
  56:Drivers/STM32G0xx_HAL_Driver/Src/stm32g0xx_hal_exti.c ****     (#) Clear Exti configuration of a dedicated line using HAL_EXTI_GetConfigLine().
  57:Drivers/STM32G0xx_HAL_Driver/Src/stm32g0xx_hal_exti.c ****         (++) Provide exiting handle as parameter.
  58:Drivers/STM32G0xx_HAL_Driver/Src/stm32g0xx_hal_exti.c **** 
  59:Drivers/STM32G0xx_HAL_Driver/Src/stm32g0xx_hal_exti.c ****     (#) Register callback to treat Exti interrupts using HAL_EXTI_RegisterCallback().
  60:Drivers/STM32G0xx_HAL_Driver/Src/stm32g0xx_hal_exti.c ****         (++) Provide exiting handle as first parameter.
  61:Drivers/STM32G0xx_HAL_Driver/Src/stm32g0xx_hal_exti.c ****         (++) Provide which callback will be registered using one value from
  62:Drivers/STM32G0xx_HAL_Driver/Src/stm32g0xx_hal_exti.c ****              EXTI_CallbackIDTypeDef.
  63:Drivers/STM32G0xx_HAL_Driver/Src/stm32g0xx_hal_exti.c ****         (++) Provide callback function pointer.
  64:Drivers/STM32G0xx_HAL_Driver/Src/stm32g0xx_hal_exti.c **** 
  65:Drivers/STM32G0xx_HAL_Driver/Src/stm32g0xx_hal_exti.c ****     (#) Get interrupt pending bit using HAL_EXTI_GetPending().
  66:Drivers/STM32G0xx_HAL_Driver/Src/stm32g0xx_hal_exti.c **** 
  67:Drivers/STM32G0xx_HAL_Driver/Src/stm32g0xx_hal_exti.c ****     (#) Clear interrupt pending bit using HAL_EXTI_GetPending().
  68:Drivers/STM32G0xx_HAL_Driver/Src/stm32g0xx_hal_exti.c **** 
  69:Drivers/STM32G0xx_HAL_Driver/Src/stm32g0xx_hal_exti.c ****     (#) Generate software interrupt using HAL_EXTI_GenerateSWI().
  70:Drivers/STM32G0xx_HAL_Driver/Src/stm32g0xx_hal_exti.c **** 
  71:Drivers/STM32G0xx_HAL_Driver/Src/stm32g0xx_hal_exti.c ****   @endverbatim
  72:Drivers/STM32G0xx_HAL_Driver/Src/stm32g0xx_hal_exti.c ****   ******************************************************************************
  73:Drivers/STM32G0xx_HAL_Driver/Src/stm32g0xx_hal_exti.c ****   * @attention
  74:Drivers/STM32G0xx_HAL_Driver/Src/stm32g0xx_hal_exti.c ****   *
  75:Drivers/STM32G0xx_HAL_Driver/Src/stm32g0xx_hal_exti.c ****   * <h2><center>&copy; Copyright (c) 2018 STMicroelectronics.
  76:Drivers/STM32G0xx_HAL_Driver/Src/stm32g0xx_hal_exti.c ****   * All rights reserved.</center></h2>
  77:Drivers/STM32G0xx_HAL_Driver/Src/stm32g0xx_hal_exti.c ****   *
  78:Drivers/STM32G0xx_HAL_Driver/Src/stm32g0xx_hal_exti.c ****   * This software component is licensed by ST under BSD 3-Clause license,
  79:Drivers/STM32G0xx_HAL_Driver/Src/stm32g0xx_hal_exti.c ****   * the "License"; You may not use this file except in compliance with the
  80:Drivers/STM32G0xx_HAL_Driver/Src/stm32g0xx_hal_exti.c ****   * License. You may obtain a copy of the License at:
  81:Drivers/STM32G0xx_HAL_Driver/Src/stm32g0xx_hal_exti.c ****   *                        opensource.org/licenses/BSD-3-Clause
  82:Drivers/STM32G0xx_HAL_Driver/Src/stm32g0xx_hal_exti.c ****   *
  83:Drivers/STM32G0xx_HAL_Driver/Src/stm32g0xx_hal_exti.c ****   ******************************************************************************
  84:Drivers/STM32G0xx_HAL_Driver/Src/stm32g0xx_hal_exti.c ****   */
  85:Drivers/STM32G0xx_HAL_Driver/Src/stm32g0xx_hal_exti.c **** 
  86:Drivers/STM32G0xx_HAL_Driver/Src/stm32g0xx_hal_exti.c **** /* Includes ------------------------------------------------------------------*/
  87:Drivers/STM32G0xx_HAL_Driver/Src/stm32g0xx_hal_exti.c **** #include "stm32g0xx_hal.h"
  88:Drivers/STM32G0xx_HAL_Driver/Src/stm32g0xx_hal_exti.c **** 
  89:Drivers/STM32G0xx_HAL_Driver/Src/stm32g0xx_hal_exti.c **** /** @addtogroup STM32G0xx_HAL_Driver
  90:Drivers/STM32G0xx_HAL_Driver/Src/stm32g0xx_hal_exti.c ****   * @{
ARM GAS  /tmp/ccpr00C8.s 			page 3


  91:Drivers/STM32G0xx_HAL_Driver/Src/stm32g0xx_hal_exti.c ****   */
  92:Drivers/STM32G0xx_HAL_Driver/Src/stm32g0xx_hal_exti.c **** 
  93:Drivers/STM32G0xx_HAL_Driver/Src/stm32g0xx_hal_exti.c **** /** @addtogroup EXTI
  94:Drivers/STM32G0xx_HAL_Driver/Src/stm32g0xx_hal_exti.c ****   * @{
  95:Drivers/STM32G0xx_HAL_Driver/Src/stm32g0xx_hal_exti.c ****   */
  96:Drivers/STM32G0xx_HAL_Driver/Src/stm32g0xx_hal_exti.c **** /** MISRA C:2012 deviation rule has been granted for following rule:
  97:Drivers/STM32G0xx_HAL_Driver/Src/stm32g0xx_hal_exti.c ****   * Rule-18.1_b - Medium: Array `EXTICR' 1st subscript interval [0,7] may be out
  98:Drivers/STM32G0xx_HAL_Driver/Src/stm32g0xx_hal_exti.c ****   * of bounds [0,3] in following API :
  99:Drivers/STM32G0xx_HAL_Driver/Src/stm32g0xx_hal_exti.c ****   * HAL_EXTI_SetConfigLine
 100:Drivers/STM32G0xx_HAL_Driver/Src/stm32g0xx_hal_exti.c ****   * HAL_EXTI_GetConfigLine
 101:Drivers/STM32G0xx_HAL_Driver/Src/stm32g0xx_hal_exti.c ****   * HAL_EXTI_ClearConfigLine
 102:Drivers/STM32G0xx_HAL_Driver/Src/stm32g0xx_hal_exti.c ****   */
 103:Drivers/STM32G0xx_HAL_Driver/Src/stm32g0xx_hal_exti.c **** 
 104:Drivers/STM32G0xx_HAL_Driver/Src/stm32g0xx_hal_exti.c **** #ifdef HAL_EXTI_MODULE_ENABLED
 105:Drivers/STM32G0xx_HAL_Driver/Src/stm32g0xx_hal_exti.c **** 
 106:Drivers/STM32G0xx_HAL_Driver/Src/stm32g0xx_hal_exti.c **** /* Private typedef -----------------------------------------------------------*/
 107:Drivers/STM32G0xx_HAL_Driver/Src/stm32g0xx_hal_exti.c **** /* Private defines ------------------------------------------------------------*/
 108:Drivers/STM32G0xx_HAL_Driver/Src/stm32g0xx_hal_exti.c **** /** @defgroup EXTI_Private_Constants EXTI Private Constants
 109:Drivers/STM32G0xx_HAL_Driver/Src/stm32g0xx_hal_exti.c ****   * @{
 110:Drivers/STM32G0xx_HAL_Driver/Src/stm32g0xx_hal_exti.c ****   */
 111:Drivers/STM32G0xx_HAL_Driver/Src/stm32g0xx_hal_exti.c **** #define EXTI_MODE_OFFSET                    0x04u   /* 0x10: offset between CPU IMR/EMR registers *
 112:Drivers/STM32G0xx_HAL_Driver/Src/stm32g0xx_hal_exti.c **** #define EXTI_CONFIG_OFFSET                  0x08u   /* 0x20: offset between CPU Rising/Falling conf
 113:Drivers/STM32G0xx_HAL_Driver/Src/stm32g0xx_hal_exti.c **** /**
 114:Drivers/STM32G0xx_HAL_Driver/Src/stm32g0xx_hal_exti.c ****   * @}
 115:Drivers/STM32G0xx_HAL_Driver/Src/stm32g0xx_hal_exti.c ****   */
 116:Drivers/STM32G0xx_HAL_Driver/Src/stm32g0xx_hal_exti.c **** 
 117:Drivers/STM32G0xx_HAL_Driver/Src/stm32g0xx_hal_exti.c **** /* Private macros ------------------------------------------------------------*/
 118:Drivers/STM32G0xx_HAL_Driver/Src/stm32g0xx_hal_exti.c **** /* Private variables ---------------------------------------------------------*/
 119:Drivers/STM32G0xx_HAL_Driver/Src/stm32g0xx_hal_exti.c **** /* Private function prototypes -----------------------------------------------*/
 120:Drivers/STM32G0xx_HAL_Driver/Src/stm32g0xx_hal_exti.c **** /* Exported functions --------------------------------------------------------*/
 121:Drivers/STM32G0xx_HAL_Driver/Src/stm32g0xx_hal_exti.c **** 
 122:Drivers/STM32G0xx_HAL_Driver/Src/stm32g0xx_hal_exti.c **** /** @addtogroup EXTI_Exported_Functions
 123:Drivers/STM32G0xx_HAL_Driver/Src/stm32g0xx_hal_exti.c ****   * @{
 124:Drivers/STM32G0xx_HAL_Driver/Src/stm32g0xx_hal_exti.c ****   */
 125:Drivers/STM32G0xx_HAL_Driver/Src/stm32g0xx_hal_exti.c **** 
 126:Drivers/STM32G0xx_HAL_Driver/Src/stm32g0xx_hal_exti.c **** /** @addtogroup EXTI_Exported_Functions_Group1
 127:Drivers/STM32G0xx_HAL_Driver/Src/stm32g0xx_hal_exti.c ****  *  @brief    Configuration functions
 128:Drivers/STM32G0xx_HAL_Driver/Src/stm32g0xx_hal_exti.c ****  *
 129:Drivers/STM32G0xx_HAL_Driver/Src/stm32g0xx_hal_exti.c **** @verbatim
 130:Drivers/STM32G0xx_HAL_Driver/Src/stm32g0xx_hal_exti.c ****  ===============================================================================
 131:Drivers/STM32G0xx_HAL_Driver/Src/stm32g0xx_hal_exti.c ****               ##### Configuration functions #####
 132:Drivers/STM32G0xx_HAL_Driver/Src/stm32g0xx_hal_exti.c ****  ===============================================================================
 133:Drivers/STM32G0xx_HAL_Driver/Src/stm32g0xx_hal_exti.c **** 
 134:Drivers/STM32G0xx_HAL_Driver/Src/stm32g0xx_hal_exti.c **** @endverbatim
 135:Drivers/STM32G0xx_HAL_Driver/Src/stm32g0xx_hal_exti.c ****   * @{
 136:Drivers/STM32G0xx_HAL_Driver/Src/stm32g0xx_hal_exti.c ****   */
 137:Drivers/STM32G0xx_HAL_Driver/Src/stm32g0xx_hal_exti.c **** 
 138:Drivers/STM32G0xx_HAL_Driver/Src/stm32g0xx_hal_exti.c **** /**
 139:Drivers/STM32G0xx_HAL_Driver/Src/stm32g0xx_hal_exti.c ****   * @brief  Set configuration of a dedicated Exti line.
 140:Drivers/STM32G0xx_HAL_Driver/Src/stm32g0xx_hal_exti.c ****   * @param  hexti Exti handle.
 141:Drivers/STM32G0xx_HAL_Driver/Src/stm32g0xx_hal_exti.c ****   * @param  pExtiConfig Pointer on EXTI configuration to be set.
 142:Drivers/STM32G0xx_HAL_Driver/Src/stm32g0xx_hal_exti.c ****   * @retval HAL Status.
 143:Drivers/STM32G0xx_HAL_Driver/Src/stm32g0xx_hal_exti.c ****   */
 144:Drivers/STM32G0xx_HAL_Driver/Src/stm32g0xx_hal_exti.c **** HAL_StatusTypeDef HAL_EXTI_SetConfigLine(EXTI_HandleTypeDef *hexti, EXTI_ConfigTypeDef *pExtiConfig
 145:Drivers/STM32G0xx_HAL_Driver/Src/stm32g0xx_hal_exti.c **** {
  26              		.loc 1 145 0
  27              		.cfi_startproc
ARM GAS  /tmp/ccpr00C8.s 			page 4


  28              		@ args = 0, pretend = 0, frame = 0
  29              		@ frame_needed = 0, uses_anonymous_args = 0
  30              	.LVL0:
  31 0000 F0B5     		push	{r4, r5, r6, r7, lr}
  32              	.LCFI0:
  33              		.cfi_def_cfa_offset 20
  34              		.cfi_offset 4, -20
  35              		.cfi_offset 5, -16
  36              		.cfi_offset 6, -12
  37              		.cfi_offset 7, -8
  38              		.cfi_offset 14, -4
 146:Drivers/STM32G0xx_HAL_Driver/Src/stm32g0xx_hal_exti.c ****   __IO uint32_t *regaddr;
 147:Drivers/STM32G0xx_HAL_Driver/Src/stm32g0xx_hal_exti.c ****   uint32_t regval;
 148:Drivers/STM32G0xx_HAL_Driver/Src/stm32g0xx_hal_exti.c ****   uint32_t linepos;
 149:Drivers/STM32G0xx_HAL_Driver/Src/stm32g0xx_hal_exti.c ****   uint32_t maskline;
 150:Drivers/STM32G0xx_HAL_Driver/Src/stm32g0xx_hal_exti.c ****   uint32_t offset;
 151:Drivers/STM32G0xx_HAL_Driver/Src/stm32g0xx_hal_exti.c **** 
 152:Drivers/STM32G0xx_HAL_Driver/Src/stm32g0xx_hal_exti.c ****   /* Check null pointer */
 153:Drivers/STM32G0xx_HAL_Driver/Src/stm32g0xx_hal_exti.c ****   if ((hexti == NULL) || (pExtiConfig == NULL))
  39              		.loc 1 153 0
  40 0002 0028     		cmp	r0, #0
  41 0004 53D0     		beq	.L12
  42              		.loc 1 153 0 is_stmt 0 discriminator 1
  43 0006 0029     		cmp	r1, #0
  44 0008 53D0     		beq	.L13
 154:Drivers/STM32G0xx_HAL_Driver/Src/stm32g0xx_hal_exti.c ****   {
 155:Drivers/STM32G0xx_HAL_Driver/Src/stm32g0xx_hal_exti.c ****     return HAL_ERROR;
 156:Drivers/STM32G0xx_HAL_Driver/Src/stm32g0xx_hal_exti.c ****   }
 157:Drivers/STM32G0xx_HAL_Driver/Src/stm32g0xx_hal_exti.c **** 
 158:Drivers/STM32G0xx_HAL_Driver/Src/stm32g0xx_hal_exti.c ****   /* Check parameters */
 159:Drivers/STM32G0xx_HAL_Driver/Src/stm32g0xx_hal_exti.c ****   assert_param(IS_EXTI_LINE(pExtiConfig->Line));
 160:Drivers/STM32G0xx_HAL_Driver/Src/stm32g0xx_hal_exti.c ****   assert_param(IS_EXTI_MODE(pExtiConfig->Mode));
 161:Drivers/STM32G0xx_HAL_Driver/Src/stm32g0xx_hal_exti.c **** 
 162:Drivers/STM32G0xx_HAL_Driver/Src/stm32g0xx_hal_exti.c ****   /* Assign line number to handle */
 163:Drivers/STM32G0xx_HAL_Driver/Src/stm32g0xx_hal_exti.c ****   hexti->Line = pExtiConfig->Line;
  45              		.loc 1 163 0 is_stmt 1
  46 000a 0B68     		ldr	r3, [r1]
  47 000c 0360     		str	r3, [r0]
 164:Drivers/STM32G0xx_HAL_Driver/Src/stm32g0xx_hal_exti.c **** 
 165:Drivers/STM32G0xx_HAL_Driver/Src/stm32g0xx_hal_exti.c ****   /* compute line register offset and line mask */
 166:Drivers/STM32G0xx_HAL_Driver/Src/stm32g0xx_hal_exti.c ****   offset = ((pExtiConfig->Line & EXTI_REG_MASK) >> EXTI_REG_SHIFT);
  48              		.loc 1 166 0
  49 000e 0D68     		ldr	r5, [r1]
  50 0010 2B0C     		lsrs	r3, r5, #16
  51 0012 0122     		movs	r2, #1
  52 0014 1340     		ands	r3, r2
  53              	.LVL1:
 167:Drivers/STM32G0xx_HAL_Driver/Src/stm32g0xx_hal_exti.c ****   linepos = (pExtiConfig->Line & EXTI_PIN_MASK);
  54              		.loc 1 167 0
  55 0016 1F20     		movs	r0, #31
  56              	.LVL2:
  57 0018 2840     		ands	r0, r5
  58              	.LVL3:
 168:Drivers/STM32G0xx_HAL_Driver/Src/stm32g0xx_hal_exti.c ****   maskline = (1uL << linepos);
  59              		.loc 1 168 0
  60 001a 8240     		lsls	r2, r2, r0
  61              	.LVL4:
ARM GAS  /tmp/ccpr00C8.s 			page 5


 169:Drivers/STM32G0xx_HAL_Driver/Src/stm32g0xx_hal_exti.c **** 
 170:Drivers/STM32G0xx_HAL_Driver/Src/stm32g0xx_hal_exti.c ****   /* Configure triggers for configurable lines */
 171:Drivers/STM32G0xx_HAL_Driver/Src/stm32g0xx_hal_exti.c ****   if ((pExtiConfig->Line & EXTI_CONFIG) != 0x00u)
  62              		.loc 1 171 0
  63 001c AC01     		lsls	r4, r5, #6
  64 001e 19D5     		bpl	.L3
 172:Drivers/STM32G0xx_HAL_Driver/Src/stm32g0xx_hal_exti.c ****   {
 173:Drivers/STM32G0xx_HAL_Driver/Src/stm32g0xx_hal_exti.c ****     assert_param(IS_EXTI_TRIGGER(pExtiConfig->Trigger));
 174:Drivers/STM32G0xx_HAL_Driver/Src/stm32g0xx_hal_exti.c **** 
 175:Drivers/STM32G0xx_HAL_Driver/Src/stm32g0xx_hal_exti.c ****     /* Configure rising trigger */
 176:Drivers/STM32G0xx_HAL_Driver/Src/stm32g0xx_hal_exti.c ****     regaddr = (&EXTI->RTSR1 + (EXTI_CONFIG_OFFSET * offset));
  65              		.loc 1 176 0
  66 0020 5C01     		lsls	r4, r3, #5
  67 0022 254E     		ldr	r6, .L15
  68 0024 A719     		adds	r7, r4, r6
  69              	.LVL5:
 177:Drivers/STM32G0xx_HAL_Driver/Src/stm32g0xx_hal_exti.c ****     regval = *regaddr;
  70              		.loc 1 177 0
  71 0026 3E68     		ldr	r6, [r7]
  72 0028 B446     		mov	ip, r6
  73              	.LVL6:
 178:Drivers/STM32G0xx_HAL_Driver/Src/stm32g0xx_hal_exti.c **** 
 179:Drivers/STM32G0xx_HAL_Driver/Src/stm32g0xx_hal_exti.c ****     /* Mask or set line */
 180:Drivers/STM32G0xx_HAL_Driver/Src/stm32g0xx_hal_exti.c ****     if ((pExtiConfig->Trigger & EXTI_TRIGGER_RISING) != 0x00u)
  74              		.loc 1 180 0
  75 002a 8E68     		ldr	r6, [r1, #8]
  76              	.LVL7:
  77 002c F607     		lsls	r6, r6, #31
  78 002e 25D5     		bpl	.L4
 181:Drivers/STM32G0xx_HAL_Driver/Src/stm32g0xx_hal_exti.c ****     {
 182:Drivers/STM32G0xx_HAL_Driver/Src/stm32g0xx_hal_exti.c ****       regval |= maskline;
  79              		.loc 1 182 0
  80 0030 6646     		mov	r6, ip
  81 0032 1643     		orrs	r6, r2
  82              	.LVL8:
  83              	.L5:
 183:Drivers/STM32G0xx_HAL_Driver/Src/stm32g0xx_hal_exti.c ****     }
 184:Drivers/STM32G0xx_HAL_Driver/Src/stm32g0xx_hal_exti.c ****     else
 185:Drivers/STM32G0xx_HAL_Driver/Src/stm32g0xx_hal_exti.c ****     {
 186:Drivers/STM32G0xx_HAL_Driver/Src/stm32g0xx_hal_exti.c ****       regval &= ~maskline;
 187:Drivers/STM32G0xx_HAL_Driver/Src/stm32g0xx_hal_exti.c ****     }
 188:Drivers/STM32G0xx_HAL_Driver/Src/stm32g0xx_hal_exti.c **** 
 189:Drivers/STM32G0xx_HAL_Driver/Src/stm32g0xx_hal_exti.c ****     /* Store rising trigger mode */
 190:Drivers/STM32G0xx_HAL_Driver/Src/stm32g0xx_hal_exti.c ****     *regaddr = regval;
  84              		.loc 1 190 0
  85 0034 3E60     		str	r6, [r7]
 191:Drivers/STM32G0xx_HAL_Driver/Src/stm32g0xx_hal_exti.c **** 
 192:Drivers/STM32G0xx_HAL_Driver/Src/stm32g0xx_hal_exti.c ****     /* Configure falling trigger */
 193:Drivers/STM32G0xx_HAL_Driver/Src/stm32g0xx_hal_exti.c ****     regaddr = (&EXTI->FTSR1 + (EXTI_CONFIG_OFFSET * offset));
  86              		.loc 1 193 0
  87 0036 214E     		ldr	r6, .L15+4
  88              	.LVL9:
  89 0038 B446     		mov	ip, r6
  90 003a 6444     		add	r4, r4, ip
  91              	.LVL10:
 194:Drivers/STM32G0xx_HAL_Driver/Src/stm32g0xx_hal_exti.c ****     regval = *regaddr;
  92              		.loc 1 194 0
ARM GAS  /tmp/ccpr00C8.s 			page 6


  93 003c 2668     		ldr	r6, [r4]
  94              	.LVL11:
 195:Drivers/STM32G0xx_HAL_Driver/Src/stm32g0xx_hal_exti.c **** 
 196:Drivers/STM32G0xx_HAL_Driver/Src/stm32g0xx_hal_exti.c ****     /* Mask or set line */
 197:Drivers/STM32G0xx_HAL_Driver/Src/stm32g0xx_hal_exti.c ****     if ((pExtiConfig->Trigger & EXTI_TRIGGER_FALLING) != 0x00u)
  95              		.loc 1 197 0
  96 003e 8F68     		ldr	r7, [r1, #8]
  97 0040 BF07     		lsls	r7, r7, #30
  98 0042 1ED5     		bpl	.L6
 198:Drivers/STM32G0xx_HAL_Driver/Src/stm32g0xx_hal_exti.c ****     {
 199:Drivers/STM32G0xx_HAL_Driver/Src/stm32g0xx_hal_exti.c ****       regval |= maskline;
  99              		.loc 1 199 0
 100 0044 1643     		orrs	r6, r2
 101              	.LVL12:
 102              	.L7:
 200:Drivers/STM32G0xx_HAL_Driver/Src/stm32g0xx_hal_exti.c ****     }
 201:Drivers/STM32G0xx_HAL_Driver/Src/stm32g0xx_hal_exti.c ****     else
 202:Drivers/STM32G0xx_HAL_Driver/Src/stm32g0xx_hal_exti.c ****     {
 203:Drivers/STM32G0xx_HAL_Driver/Src/stm32g0xx_hal_exti.c ****       regval &= ~maskline;
 204:Drivers/STM32G0xx_HAL_Driver/Src/stm32g0xx_hal_exti.c ****     }
 205:Drivers/STM32G0xx_HAL_Driver/Src/stm32g0xx_hal_exti.c **** 
 206:Drivers/STM32G0xx_HAL_Driver/Src/stm32g0xx_hal_exti.c ****     /* Store falling trigger mode */
 207:Drivers/STM32G0xx_HAL_Driver/Src/stm32g0xx_hal_exti.c ****     *regaddr = regval;
 103              		.loc 1 207 0
 104 0046 2660     		str	r6, [r4]
 208:Drivers/STM32G0xx_HAL_Driver/Src/stm32g0xx_hal_exti.c **** 
 209:Drivers/STM32G0xx_HAL_Driver/Src/stm32g0xx_hal_exti.c ****     /* Configure gpio port selection in case of gpio exti line */
 210:Drivers/STM32G0xx_HAL_Driver/Src/stm32g0xx_hal_exti.c ****     if ((pExtiConfig->Line & EXTI_GPIO) == EXTI_GPIO)
 105              		.loc 1 210 0
 106 0048 C026     		movs	r6, #192
 107              	.LVL13:
 108 004a F604     		lsls	r6, r6, #19
 109 004c 0C68     		ldr	r4, [r1]
 110              	.LVL14:
 111 004e 3440     		ands	r4, r6
 112 0050 B442     		cmp	r4, r6
 113 0052 18D0     		beq	.L14
 114              	.LVL15:
 115              	.L3:
 211:Drivers/STM32G0xx_HAL_Driver/Src/stm32g0xx_hal_exti.c ****     {
 212:Drivers/STM32G0xx_HAL_Driver/Src/stm32g0xx_hal_exti.c ****       assert_param(IS_EXTI_GPIO_PORT(pExtiConfig->GPIOSel));
 213:Drivers/STM32G0xx_HAL_Driver/Src/stm32g0xx_hal_exti.c ****       assert_param(IS_EXTI_GPIO_PIN(linepos));
 214:Drivers/STM32G0xx_HAL_Driver/Src/stm32g0xx_hal_exti.c **** 
 215:Drivers/STM32G0xx_HAL_Driver/Src/stm32g0xx_hal_exti.c ****       regval = EXTI->EXTICR[linepos >> 2u];
 216:Drivers/STM32G0xx_HAL_Driver/Src/stm32g0xx_hal_exti.c ****       regval &= ~(EXTI_EXTICR1_EXTI0 << (EXTI_EXTICR1_EXTI1_Pos * (linepos & 0x03u)));
 217:Drivers/STM32G0xx_HAL_Driver/Src/stm32g0xx_hal_exti.c ****       regval |= (pExtiConfig->GPIOSel << (EXTI_EXTICR1_EXTI1_Pos * (linepos & 0x03u)));
 218:Drivers/STM32G0xx_HAL_Driver/Src/stm32g0xx_hal_exti.c ****       EXTI->EXTICR[linepos >> 2u] = regval;
 219:Drivers/STM32G0xx_HAL_Driver/Src/stm32g0xx_hal_exti.c ****     }
 220:Drivers/STM32G0xx_HAL_Driver/Src/stm32g0xx_hal_exti.c ****   }
 221:Drivers/STM32G0xx_HAL_Driver/Src/stm32g0xx_hal_exti.c **** 
 222:Drivers/STM32G0xx_HAL_Driver/Src/stm32g0xx_hal_exti.c ****   /* Configure interrupt mode : read current mode */
 223:Drivers/STM32G0xx_HAL_Driver/Src/stm32g0xx_hal_exti.c ****   regaddr = (&EXTI->IMR1 + (EXTI_MODE_OFFSET * offset));
 116              		.loc 1 223 0
 117 0054 1B01     		lsls	r3, r3, #4
 118              	.LVL16:
 119 0056 1A48     		ldr	r0, .L15+8
 120 0058 1C18     		adds	r4, r3, r0
ARM GAS  /tmp/ccpr00C8.s 			page 7


 121              	.LVL17:
 224:Drivers/STM32G0xx_HAL_Driver/Src/stm32g0xx_hal_exti.c ****   regval = *regaddr;
 122              		.loc 1 224 0
 123 005a 2068     		ldr	r0, [r4]
 124              	.LVL18:
 225:Drivers/STM32G0xx_HAL_Driver/Src/stm32g0xx_hal_exti.c **** 
 226:Drivers/STM32G0xx_HAL_Driver/Src/stm32g0xx_hal_exti.c ****   /* Mask or set line */
 227:Drivers/STM32G0xx_HAL_Driver/Src/stm32g0xx_hal_exti.c ****   if ((pExtiConfig->Mode & EXTI_MODE_INTERRUPT) != 0x00u)
 125              		.loc 1 227 0
 126 005c 4D68     		ldr	r5, [r1, #4]
 127 005e ED07     		lsls	r5, r5, #31
 128 0060 21D5     		bpl	.L8
 228:Drivers/STM32G0xx_HAL_Driver/Src/stm32g0xx_hal_exti.c ****   {
 229:Drivers/STM32G0xx_HAL_Driver/Src/stm32g0xx_hal_exti.c ****     regval |= maskline;
 129              		.loc 1 229 0
 130 0062 1043     		orrs	r0, r2
 131              	.LVL19:
 132              	.L9:
 230:Drivers/STM32G0xx_HAL_Driver/Src/stm32g0xx_hal_exti.c ****   }
 231:Drivers/STM32G0xx_HAL_Driver/Src/stm32g0xx_hal_exti.c ****   else
 232:Drivers/STM32G0xx_HAL_Driver/Src/stm32g0xx_hal_exti.c ****   {
 233:Drivers/STM32G0xx_HAL_Driver/Src/stm32g0xx_hal_exti.c ****     regval &= ~maskline;
 234:Drivers/STM32G0xx_HAL_Driver/Src/stm32g0xx_hal_exti.c ****   }
 235:Drivers/STM32G0xx_HAL_Driver/Src/stm32g0xx_hal_exti.c **** 
 236:Drivers/STM32G0xx_HAL_Driver/Src/stm32g0xx_hal_exti.c ****   /* Store interrupt mode */
 237:Drivers/STM32G0xx_HAL_Driver/Src/stm32g0xx_hal_exti.c ****   *regaddr = regval;
 133              		.loc 1 237 0
 134 0064 2060     		str	r0, [r4]
 238:Drivers/STM32G0xx_HAL_Driver/Src/stm32g0xx_hal_exti.c **** 
 239:Drivers/STM32G0xx_HAL_Driver/Src/stm32g0xx_hal_exti.c ****   /* Configure event mode : read current mode */
 240:Drivers/STM32G0xx_HAL_Driver/Src/stm32g0xx_hal_exti.c ****   regaddr = (&EXTI->EMR1 + (EXTI_MODE_OFFSET * offset));
 135              		.loc 1 240 0
 136 0066 1748     		ldr	r0, .L15+12
 137              	.LVL20:
 138 0068 8446     		mov	ip, r0
 139 006a 6344     		add	r3, r3, ip
 140              	.LVL21:
 241:Drivers/STM32G0xx_HAL_Driver/Src/stm32g0xx_hal_exti.c ****   regval = *regaddr;
 141              		.loc 1 241 0
 142 006c 1868     		ldr	r0, [r3]
 143              	.LVL22:
 242:Drivers/STM32G0xx_HAL_Driver/Src/stm32g0xx_hal_exti.c **** 
 243:Drivers/STM32G0xx_HAL_Driver/Src/stm32g0xx_hal_exti.c ****   /* Mask or set line */
 244:Drivers/STM32G0xx_HAL_Driver/Src/stm32g0xx_hal_exti.c ****   if ((pExtiConfig->Mode & EXTI_MODE_EVENT) != 0x00u)
 144              		.loc 1 244 0
 145 006e 4968     		ldr	r1, [r1, #4]
 146              	.LVL23:
 147 0070 8907     		lsls	r1, r1, #30
 148 0072 1AD5     		bpl	.L10
 245:Drivers/STM32G0xx_HAL_Driver/Src/stm32g0xx_hal_exti.c ****   {
 246:Drivers/STM32G0xx_HAL_Driver/Src/stm32g0xx_hal_exti.c ****     regval |= maskline;
 149              		.loc 1 246 0
 150 0074 1043     		orrs	r0, r2
 151              	.LVL24:
 152              	.L11:
 247:Drivers/STM32G0xx_HAL_Driver/Src/stm32g0xx_hal_exti.c ****   }
 248:Drivers/STM32G0xx_HAL_Driver/Src/stm32g0xx_hal_exti.c ****   else
ARM GAS  /tmp/ccpr00C8.s 			page 8


 249:Drivers/STM32G0xx_HAL_Driver/Src/stm32g0xx_hal_exti.c ****   {
 250:Drivers/STM32G0xx_HAL_Driver/Src/stm32g0xx_hal_exti.c ****     regval &= ~maskline;
 251:Drivers/STM32G0xx_HAL_Driver/Src/stm32g0xx_hal_exti.c ****   }
 252:Drivers/STM32G0xx_HAL_Driver/Src/stm32g0xx_hal_exti.c **** 
 253:Drivers/STM32G0xx_HAL_Driver/Src/stm32g0xx_hal_exti.c ****   /* Store event mode */
 254:Drivers/STM32G0xx_HAL_Driver/Src/stm32g0xx_hal_exti.c ****   *regaddr = regval;
 153              		.loc 1 254 0
 154 0076 1860     		str	r0, [r3]
 255:Drivers/STM32G0xx_HAL_Driver/Src/stm32g0xx_hal_exti.c **** 
 256:Drivers/STM32G0xx_HAL_Driver/Src/stm32g0xx_hal_exti.c ****   return HAL_OK;
 155              		.loc 1 256 0
 156 0078 0020     		movs	r0, #0
 157              	.LVL25:
 158              	.L2:
 257:Drivers/STM32G0xx_HAL_Driver/Src/stm32g0xx_hal_exti.c **** }
 159              		.loc 1 257 0
 160              		@ sp needed
 161 007a F0BD     		pop	{r4, r5, r6, r7, pc}
 162              	.LVL26:
 163              	.L4:
 186:Drivers/STM32G0xx_HAL_Driver/Src/stm32g0xx_hal_exti.c ****     }
 164              		.loc 1 186 0
 165 007c 6646     		mov	r6, ip
 166 007e 9643     		bics	r6, r2
 167              	.LVL27:
 168 0080 D8E7     		b	.L5
 169              	.LVL28:
 170              	.L6:
 203:Drivers/STM32G0xx_HAL_Driver/Src/stm32g0xx_hal_exti.c ****     }
 171              		.loc 1 203 0
 172 0082 9643     		bics	r6, r2
 173              	.LVL29:
 174 0084 DFE7     		b	.L7
 175              	.LVL30:
 176              	.L14:
 215:Drivers/STM32G0xx_HAL_Driver/Src/stm32g0xx_hal_exti.c ****       regval &= ~(EXTI_EXTICR1_EXTI0 << (EXTI_EXTICR1_EXTI1_Pos * (linepos & 0x03u)));
 177              		.loc 1 215 0
 178 0086 8008     		lsrs	r0, r0, #2
 179              	.LVL31:
 180 0088 0B4E     		ldr	r6, .L15
 181 008a 1830     		adds	r0, r0, #24
 182 008c 8000     		lsls	r0, r0, #2
 183 008e 8759     		ldr	r7, [r0, r6]
 184              	.LVL32:
 216:Drivers/STM32G0xx_HAL_Driver/Src/stm32g0xx_hal_exti.c ****       regval |= (pExtiConfig->GPIOSel << (EXTI_EXTICR1_EXTI1_Pos * (linepos & 0x03u)));
 185              		.loc 1 216 0
 186 0090 0324     		movs	r4, #3
 187 0092 2540     		ands	r5, r4
 188              	.LVL33:
 189 0094 ED00     		lsls	r5, r5, #3
 190 0096 0434     		adds	r4, r4, #4
 191 0098 AC40     		lsls	r4, r4, r5
 192 009a A743     		bics	r7, r4
 193              	.LVL34:
 217:Drivers/STM32G0xx_HAL_Driver/Src/stm32g0xx_hal_exti.c ****       EXTI->EXTICR[linepos >> 2u] = regval;
 194              		.loc 1 217 0
 195 009c CC68     		ldr	r4, [r1, #12]
ARM GAS  /tmp/ccpr00C8.s 			page 9


 196 009e AC40     		lsls	r4, r4, r5
 197 00a0 3C43     		orrs	r4, r7
 198              	.LVL35:
 218:Drivers/STM32G0xx_HAL_Driver/Src/stm32g0xx_hal_exti.c ****     }
 199              		.loc 1 218 0
 200 00a2 8451     		str	r4, [r0, r6]
 201 00a4 D6E7     		b	.L3
 202              	.LVL36:
 203              	.L8:
 233:Drivers/STM32G0xx_HAL_Driver/Src/stm32g0xx_hal_exti.c ****   }
 204              		.loc 1 233 0
 205 00a6 9043     		bics	r0, r2
 206              	.LVL37:
 207 00a8 DCE7     		b	.L9
 208              	.LVL38:
 209              	.L10:
 250:Drivers/STM32G0xx_HAL_Driver/Src/stm32g0xx_hal_exti.c ****   }
 210              		.loc 1 250 0
 211 00aa 9043     		bics	r0, r2
 212              	.LVL39:
 213 00ac E3E7     		b	.L11
 214              	.LVL40:
 215              	.L12:
 155:Drivers/STM32G0xx_HAL_Driver/Src/stm32g0xx_hal_exti.c ****   }
 216              		.loc 1 155 0
 217 00ae 0120     		movs	r0, #1
 218              	.LVL41:
 219 00b0 E3E7     		b	.L2
 220              	.LVL42:
 221              	.L13:
 222 00b2 0120     		movs	r0, #1
 223              	.LVL43:
 224 00b4 E1E7     		b	.L2
 225              	.L16:
 226 00b6 C046     		.align	2
 227              	.L15:
 228 00b8 00180240 		.word	1073879040
 229 00bc 04180240 		.word	1073879044
 230 00c0 80180240 		.word	1073879168
 231 00c4 84180240 		.word	1073879172
 232              		.cfi_endproc
 233              	.LFE173:
 235              		.section	.text.HAL_EXTI_GetConfigLine,"ax",%progbits
 236              		.align	1
 237              		.global	HAL_EXTI_GetConfigLine
 238              		.syntax unified
 239              		.code	16
 240              		.thumb_func
 241              		.fpu softvfp
 243              	HAL_EXTI_GetConfigLine:
 244              	.LFB174:
 258:Drivers/STM32G0xx_HAL_Driver/Src/stm32g0xx_hal_exti.c **** 
 259:Drivers/STM32G0xx_HAL_Driver/Src/stm32g0xx_hal_exti.c **** 
 260:Drivers/STM32G0xx_HAL_Driver/Src/stm32g0xx_hal_exti.c **** /**
 261:Drivers/STM32G0xx_HAL_Driver/Src/stm32g0xx_hal_exti.c ****   * @brief  Get configuration of a dedicated Exti line.
 262:Drivers/STM32G0xx_HAL_Driver/Src/stm32g0xx_hal_exti.c ****   * @param  hexti Exti handle.
 263:Drivers/STM32G0xx_HAL_Driver/Src/stm32g0xx_hal_exti.c ****   * @param  pExtiConfig Pointer on structure to store Exti configuration.
ARM GAS  /tmp/ccpr00C8.s 			page 10


 264:Drivers/STM32G0xx_HAL_Driver/Src/stm32g0xx_hal_exti.c ****   * @retval HAL Status.
 265:Drivers/STM32G0xx_HAL_Driver/Src/stm32g0xx_hal_exti.c ****   */
 266:Drivers/STM32G0xx_HAL_Driver/Src/stm32g0xx_hal_exti.c **** HAL_StatusTypeDef HAL_EXTI_GetConfigLine(EXTI_HandleTypeDef *hexti, EXTI_ConfigTypeDef *pExtiConfig
 267:Drivers/STM32G0xx_HAL_Driver/Src/stm32g0xx_hal_exti.c **** {
 245              		.loc 1 267 0
 246              		.cfi_startproc
 247              		@ args = 0, pretend = 0, frame = 0
 248              		@ frame_needed = 0, uses_anonymous_args = 0
 249              	.LVL44:
 250 0000 70B5     		push	{r4, r5, r6, lr}
 251              	.LCFI1:
 252              		.cfi_def_cfa_offset 16
 253              		.cfi_offset 4, -16
 254              		.cfi_offset 5, -12
 255              		.cfi_offset 6, -8
 256              		.cfi_offset 14, -4
 268:Drivers/STM32G0xx_HAL_Driver/Src/stm32g0xx_hal_exti.c ****   __IO uint32_t *regaddr;
 269:Drivers/STM32G0xx_HAL_Driver/Src/stm32g0xx_hal_exti.c ****   uint32_t regval;
 270:Drivers/STM32G0xx_HAL_Driver/Src/stm32g0xx_hal_exti.c ****   uint32_t linepos;
 271:Drivers/STM32G0xx_HAL_Driver/Src/stm32g0xx_hal_exti.c ****   uint32_t maskline;
 272:Drivers/STM32G0xx_HAL_Driver/Src/stm32g0xx_hal_exti.c ****   uint32_t offset;
 273:Drivers/STM32G0xx_HAL_Driver/Src/stm32g0xx_hal_exti.c **** 
 274:Drivers/STM32G0xx_HAL_Driver/Src/stm32g0xx_hal_exti.c ****   /* Check null pointer */
 275:Drivers/STM32G0xx_HAL_Driver/Src/stm32g0xx_hal_exti.c ****   if ((hexti == NULL) || (pExtiConfig == NULL))
 257              		.loc 1 275 0
 258 0002 0028     		cmp	r0, #0
 259 0004 50D0     		beq	.L27
 260              		.loc 1 275 0 is_stmt 0 discriminator 1
 261 0006 0029     		cmp	r1, #0
 262 0008 50D0     		beq	.L28
 276:Drivers/STM32G0xx_HAL_Driver/Src/stm32g0xx_hal_exti.c ****   {
 277:Drivers/STM32G0xx_HAL_Driver/Src/stm32g0xx_hal_exti.c ****     return HAL_ERROR;
 278:Drivers/STM32G0xx_HAL_Driver/Src/stm32g0xx_hal_exti.c ****   }
 279:Drivers/STM32G0xx_HAL_Driver/Src/stm32g0xx_hal_exti.c **** 
 280:Drivers/STM32G0xx_HAL_Driver/Src/stm32g0xx_hal_exti.c ****   /* Check the parameter */
 281:Drivers/STM32G0xx_HAL_Driver/Src/stm32g0xx_hal_exti.c ****   assert_param(IS_EXTI_LINE(hexti->Line));
 282:Drivers/STM32G0xx_HAL_Driver/Src/stm32g0xx_hal_exti.c **** 
 283:Drivers/STM32G0xx_HAL_Driver/Src/stm32g0xx_hal_exti.c ****   /* Store handle line number to configiguration structure */
 284:Drivers/STM32G0xx_HAL_Driver/Src/stm32g0xx_hal_exti.c ****   pExtiConfig->Line = hexti->Line;
 263              		.loc 1 284 0 is_stmt 1
 264 000a 0468     		ldr	r4, [r0]
 265 000c 0C60     		str	r4, [r1]
 285:Drivers/STM32G0xx_HAL_Driver/Src/stm32g0xx_hal_exti.c **** 
 286:Drivers/STM32G0xx_HAL_Driver/Src/stm32g0xx_hal_exti.c ****   /* compute line register offset and line mask */
 287:Drivers/STM32G0xx_HAL_Driver/Src/stm32g0xx_hal_exti.c ****   offset = ((pExtiConfig->Line & EXTI_REG_MASK) >> EXTI_REG_SHIFT);
 266              		.loc 1 287 0
 267 000e 220C     		lsrs	r2, r4, #16
 268 0010 0123     		movs	r3, #1
 269 0012 1A40     		ands	r2, r3
 270              	.LVL45:
 288:Drivers/STM32G0xx_HAL_Driver/Src/stm32g0xx_hal_exti.c ****   linepos = (pExtiConfig->Line & EXTI_PIN_MASK);
 271              		.loc 1 288 0
 272 0014 1F25     		movs	r5, #31
 273 0016 2540     		ands	r5, r4
 274              	.LVL46:
 289:Drivers/STM32G0xx_HAL_Driver/Src/stm32g0xx_hal_exti.c ****   maskline = (1uL << linepos);
 275              		.loc 1 289 0
ARM GAS  /tmp/ccpr00C8.s 			page 11


 276 0018 AB40     		lsls	r3, r3, r5
 277              	.LVL47:
 290:Drivers/STM32G0xx_HAL_Driver/Src/stm32g0xx_hal_exti.c **** 
 291:Drivers/STM32G0xx_HAL_Driver/Src/stm32g0xx_hal_exti.c ****   /* 1] Get core mode : interrupt */
 292:Drivers/STM32G0xx_HAL_Driver/Src/stm32g0xx_hal_exti.c ****   regaddr = (&EXTI->IMR1 + (EXTI_MODE_OFFSET * offset));
 278              		.loc 1 292 0
 279 001a 1001     		lsls	r0, r2, #4
 280              	.LVL48:
 281 001c 244E     		ldr	r6, .L30
 282 001e 8619     		adds	r6, r0, r6
 283              	.LVL49:
 293:Drivers/STM32G0xx_HAL_Driver/Src/stm32g0xx_hal_exti.c ****   regval = *regaddr;
 284              		.loc 1 293 0
 285 0020 3668     		ldr	r6, [r6]
 286              	.LVL50:
 294:Drivers/STM32G0xx_HAL_Driver/Src/stm32g0xx_hal_exti.c **** 
 295:Drivers/STM32G0xx_HAL_Driver/Src/stm32g0xx_hal_exti.c ****   /* Check if selected line is enable */
 296:Drivers/STM32G0xx_HAL_Driver/Src/stm32g0xx_hal_exti.c ****   if ((regval & maskline) != 0x00u)
 287              		.loc 1 296 0
 288 0022 1E42     		tst	r6, r3
 289 0024 28D0     		beq	.L19
 297:Drivers/STM32G0xx_HAL_Driver/Src/stm32g0xx_hal_exti.c ****   {
 298:Drivers/STM32G0xx_HAL_Driver/Src/stm32g0xx_hal_exti.c ****     pExtiConfig->Mode = EXTI_MODE_INTERRUPT;
 290              		.loc 1 298 0
 291 0026 0126     		movs	r6, #1
 292              	.LVL51:
 293 0028 4E60     		str	r6, [r1, #4]
 294              	.L20:
 299:Drivers/STM32G0xx_HAL_Driver/Src/stm32g0xx_hal_exti.c ****   }
 300:Drivers/STM32G0xx_HAL_Driver/Src/stm32g0xx_hal_exti.c ****   else
 301:Drivers/STM32G0xx_HAL_Driver/Src/stm32g0xx_hal_exti.c ****   {
 302:Drivers/STM32G0xx_HAL_Driver/Src/stm32g0xx_hal_exti.c ****     pExtiConfig->Mode = EXTI_MODE_NONE;
 303:Drivers/STM32G0xx_HAL_Driver/Src/stm32g0xx_hal_exti.c ****   }
 304:Drivers/STM32G0xx_HAL_Driver/Src/stm32g0xx_hal_exti.c **** 
 305:Drivers/STM32G0xx_HAL_Driver/Src/stm32g0xx_hal_exti.c ****   /* Get event mode */
 306:Drivers/STM32G0xx_HAL_Driver/Src/stm32g0xx_hal_exti.c ****   regaddr = (&EXTI->EMR1 + (EXTI_MODE_OFFSET * offset));
 295              		.loc 1 306 0
 296 002a 224E     		ldr	r6, .L30+4
 297 002c B446     		mov	ip, r6
 298 002e 6044     		add	r0, r0, ip
 299              	.LVL52:
 307:Drivers/STM32G0xx_HAL_Driver/Src/stm32g0xx_hal_exti.c ****   regval = *regaddr;
 300              		.loc 1 307 0
 301 0030 0068     		ldr	r0, [r0]
 302              	.LVL53:
 308:Drivers/STM32G0xx_HAL_Driver/Src/stm32g0xx_hal_exti.c **** 
 309:Drivers/STM32G0xx_HAL_Driver/Src/stm32g0xx_hal_exti.c ****   /* Check if selected line is enable */
 310:Drivers/STM32G0xx_HAL_Driver/Src/stm32g0xx_hal_exti.c ****   if ((regval & maskline) != 0x00u)
 303              		.loc 1 310 0
 304 0032 1842     		tst	r0, r3
 305 0034 03D0     		beq	.L21
 311:Drivers/STM32G0xx_HAL_Driver/Src/stm32g0xx_hal_exti.c ****   {
 312:Drivers/STM32G0xx_HAL_Driver/Src/stm32g0xx_hal_exti.c ****     pExtiConfig->Mode |= EXTI_MODE_EVENT;
 306              		.loc 1 312 0
 307 0036 0220     		movs	r0, #2
 308              	.LVL54:
 309 0038 4E68     		ldr	r6, [r1, #4]
ARM GAS  /tmp/ccpr00C8.s 			page 12


 310              	.LVL55:
 311 003a 3043     		orrs	r0, r6
 312 003c 4860     		str	r0, [r1, #4]
 313              	.L21:
 313:Drivers/STM32G0xx_HAL_Driver/Src/stm32g0xx_hal_exti.c ****   }
 314:Drivers/STM32G0xx_HAL_Driver/Src/stm32g0xx_hal_exti.c **** 
 315:Drivers/STM32G0xx_HAL_Driver/Src/stm32g0xx_hal_exti.c ****   /* 2] Get trigger for configurable lines : rising */
 316:Drivers/STM32G0xx_HAL_Driver/Src/stm32g0xx_hal_exti.c ****   if ((pExtiConfig->Line & EXTI_CONFIG) != 0x00u)
 314              		.loc 1 316 0
 315 003e A001     		lsls	r0, r4, #6
 316 0040 2DD5     		bpl	.L22
 317:Drivers/STM32G0xx_HAL_Driver/Src/stm32g0xx_hal_exti.c ****   {
 318:Drivers/STM32G0xx_HAL_Driver/Src/stm32g0xx_hal_exti.c ****     regaddr = (&EXTI->RTSR1 + (EXTI_CONFIG_OFFSET * offset));
 317              		.loc 1 318 0
 318 0042 5201     		lsls	r2, r2, #5
 319              	.LVL56:
 320 0044 1C48     		ldr	r0, .L30+8
 321 0046 1018     		adds	r0, r2, r0
 322              	.LVL57:
 319:Drivers/STM32G0xx_HAL_Driver/Src/stm32g0xx_hal_exti.c ****     regval = *regaddr;
 323              		.loc 1 319 0
 324 0048 0068     		ldr	r0, [r0]
 325              	.LVL58:
 320:Drivers/STM32G0xx_HAL_Driver/Src/stm32g0xx_hal_exti.c **** 
 321:Drivers/STM32G0xx_HAL_Driver/Src/stm32g0xx_hal_exti.c ****     /* Check if configuration of selected line is enable */
 322:Drivers/STM32G0xx_HAL_Driver/Src/stm32g0xx_hal_exti.c ****     if ((regval & maskline) != 0x00u)
 326              		.loc 1 322 0
 327 004a 1842     		tst	r0, r3
 328 004c 17D0     		beq	.L23
 323:Drivers/STM32G0xx_HAL_Driver/Src/stm32g0xx_hal_exti.c ****     {
 324:Drivers/STM32G0xx_HAL_Driver/Src/stm32g0xx_hal_exti.c ****       pExtiConfig->Trigger = EXTI_TRIGGER_RISING;
 329              		.loc 1 324 0
 330 004e 0120     		movs	r0, #1
 331              	.LVL59:
 332 0050 8860     		str	r0, [r1, #8]
 333              	.LVL60:
 334              	.L24:
 325:Drivers/STM32G0xx_HAL_Driver/Src/stm32g0xx_hal_exti.c ****     }
 326:Drivers/STM32G0xx_HAL_Driver/Src/stm32g0xx_hal_exti.c ****     else
 327:Drivers/STM32G0xx_HAL_Driver/Src/stm32g0xx_hal_exti.c ****     {
 328:Drivers/STM32G0xx_HAL_Driver/Src/stm32g0xx_hal_exti.c ****       pExtiConfig->Trigger = EXTI_TRIGGER_NONE;
 329:Drivers/STM32G0xx_HAL_Driver/Src/stm32g0xx_hal_exti.c ****     }
 330:Drivers/STM32G0xx_HAL_Driver/Src/stm32g0xx_hal_exti.c **** 
 331:Drivers/STM32G0xx_HAL_Driver/Src/stm32g0xx_hal_exti.c ****     /* Get falling configuration */
 332:Drivers/STM32G0xx_HAL_Driver/Src/stm32g0xx_hal_exti.c ****     regaddr = (&EXTI->FTSR1 + (EXTI_CONFIG_OFFSET * offset));
 335              		.loc 1 332 0
 336 0052 1A48     		ldr	r0, .L30+12
 337 0054 8446     		mov	ip, r0
 338 0056 6244     		add	r2, r2, ip
 339              	.LVL61:
 333:Drivers/STM32G0xx_HAL_Driver/Src/stm32g0xx_hal_exti.c ****     regval = *regaddr;
 340              		.loc 1 333 0
 341 0058 1268     		ldr	r2, [r2]
 342              	.LVL62:
 334:Drivers/STM32G0xx_HAL_Driver/Src/stm32g0xx_hal_exti.c **** 
 335:Drivers/STM32G0xx_HAL_Driver/Src/stm32g0xx_hal_exti.c ****     /* Check if configuration of selected line is enable */
 336:Drivers/STM32G0xx_HAL_Driver/Src/stm32g0xx_hal_exti.c ****     if ((regval & maskline) != 0x00u)
ARM GAS  /tmp/ccpr00C8.s 			page 13


 343              		.loc 1 336 0
 344 005a 1A42     		tst	r2, r3
 345 005c 03D0     		beq	.L25
 337:Drivers/STM32G0xx_HAL_Driver/Src/stm32g0xx_hal_exti.c ****     {
 338:Drivers/STM32G0xx_HAL_Driver/Src/stm32g0xx_hal_exti.c ****       pExtiConfig->Trigger |= EXTI_TRIGGER_FALLING;
 346              		.loc 1 338 0
 347 005e 0223     		movs	r3, #2
 348              	.LVL63:
 349 0060 8A68     		ldr	r2, [r1, #8]
 350              	.LVL64:
 351 0062 1343     		orrs	r3, r2
 352 0064 8B60     		str	r3, [r1, #8]
 353              	.L25:
 339:Drivers/STM32G0xx_HAL_Driver/Src/stm32g0xx_hal_exti.c ****     }
 340:Drivers/STM32G0xx_HAL_Driver/Src/stm32g0xx_hal_exti.c **** 
 341:Drivers/STM32G0xx_HAL_Driver/Src/stm32g0xx_hal_exti.c ****     /* Get Gpio port selection for gpio lines */
 342:Drivers/STM32G0xx_HAL_Driver/Src/stm32g0xx_hal_exti.c ****     if ((pExtiConfig->Line & EXTI_GPIO) == EXTI_GPIO)
 354              		.loc 1 342 0
 355 0066 C022     		movs	r2, #192
 356 0068 D204     		lsls	r2, r2, #19
 357 006a 1440     		ands	r4, r2
 358              	.LVL65:
 359 006c 9442     		cmp	r4, r2
 360 006e 09D0     		beq	.L29
 343:Drivers/STM32G0xx_HAL_Driver/Src/stm32g0xx_hal_exti.c ****     {
 344:Drivers/STM32G0xx_HAL_Driver/Src/stm32g0xx_hal_exti.c ****       assert_param(IS_EXTI_GPIO_PIN(linepos));
 345:Drivers/STM32G0xx_HAL_Driver/Src/stm32g0xx_hal_exti.c **** 
 346:Drivers/STM32G0xx_HAL_Driver/Src/stm32g0xx_hal_exti.c ****       regval = EXTI->EXTICR[linepos >> 2u];
 347:Drivers/STM32G0xx_HAL_Driver/Src/stm32g0xx_hal_exti.c ****       pExtiConfig->GPIOSel = ((regval << (EXTI_EXTICR1_EXTI1_Pos * (3uL - (linepos & 0x03u)))) >> 2
 348:Drivers/STM32G0xx_HAL_Driver/Src/stm32g0xx_hal_exti.c ****     }
 349:Drivers/STM32G0xx_HAL_Driver/Src/stm32g0xx_hal_exti.c ****     else
 350:Drivers/STM32G0xx_HAL_Driver/Src/stm32g0xx_hal_exti.c ****     {
 351:Drivers/STM32G0xx_HAL_Driver/Src/stm32g0xx_hal_exti.c ****       pExtiConfig->GPIOSel = 0x00u;
 361              		.loc 1 351 0
 362 0070 0023     		movs	r3, #0
 363 0072 CB60     		str	r3, [r1, #12]
 352:Drivers/STM32G0xx_HAL_Driver/Src/stm32g0xx_hal_exti.c ****     }
 353:Drivers/STM32G0xx_HAL_Driver/Src/stm32g0xx_hal_exti.c ****   }
 354:Drivers/STM32G0xx_HAL_Driver/Src/stm32g0xx_hal_exti.c ****   else
 355:Drivers/STM32G0xx_HAL_Driver/Src/stm32g0xx_hal_exti.c ****   {
 356:Drivers/STM32G0xx_HAL_Driver/Src/stm32g0xx_hal_exti.c ****     pExtiConfig->Trigger = EXTI_TRIGGER_NONE;
 357:Drivers/STM32G0xx_HAL_Driver/Src/stm32g0xx_hal_exti.c ****     pExtiConfig->GPIOSel = 0x00u;
 358:Drivers/STM32G0xx_HAL_Driver/Src/stm32g0xx_hal_exti.c ****   }
 359:Drivers/STM32G0xx_HAL_Driver/Src/stm32g0xx_hal_exti.c **** 
 360:Drivers/STM32G0xx_HAL_Driver/Src/stm32g0xx_hal_exti.c ****   return HAL_OK;
 364              		.loc 1 360 0
 365 0074 0020     		movs	r0, #0
 366              	.LVL66:
 367 0076 16E0     		b	.L18
 368              	.LVL67:
 369              	.L19:
 302:Drivers/STM32G0xx_HAL_Driver/Src/stm32g0xx_hal_exti.c ****   }
 370              		.loc 1 302 0
 371 0078 0026     		movs	r6, #0
 372              	.LVL68:
 373 007a 4E60     		str	r6, [r1, #4]
 374 007c D5E7     		b	.L20
ARM GAS  /tmp/ccpr00C8.s 			page 14


 375              	.LVL69:
 376              	.L23:
 328:Drivers/STM32G0xx_HAL_Driver/Src/stm32g0xx_hal_exti.c ****     }
 377              		.loc 1 328 0
 378 007e 0020     		movs	r0, #0
 379              	.LVL70:
 380 0080 8860     		str	r0, [r1, #8]
 381 0082 E6E7     		b	.L24
 382              	.LVL71:
 383              	.L29:
 346:Drivers/STM32G0xx_HAL_Driver/Src/stm32g0xx_hal_exti.c ****       pExtiConfig->GPIOSel = ((regval << (EXTI_EXTICR1_EXTI1_Pos * (3uL - (linepos & 0x03u)))) >> 2
 384              		.loc 1 346 0
 385 0084 AB08     		lsrs	r3, r5, #2
 386 0086 1833     		adds	r3, r3, #24
 387 0088 9B00     		lsls	r3, r3, #2
 388 008a 0B4A     		ldr	r2, .L30+8
 389 008c 9B58     		ldr	r3, [r3, r2]
 390              	.LVL72:
 347:Drivers/STM32G0xx_HAL_Driver/Src/stm32g0xx_hal_exti.c ****     }
 391              		.loc 1 347 0
 392 008e 0322     		movs	r2, #3
 393 0090 AA43     		bics	r2, r5
 394 0092 D200     		lsls	r2, r2, #3
 395 0094 9340     		lsls	r3, r3, r2
 396              	.LVL73:
 397 0096 1B0E     		lsrs	r3, r3, #24
 398 0098 CB60     		str	r3, [r1, #12]
 399              		.loc 1 360 0
 400 009a 0020     		movs	r0, #0
 401              	.LVL74:
 402 009c 03E0     		b	.L18
 403              	.LVL75:
 404              	.L22:
 356:Drivers/STM32G0xx_HAL_Driver/Src/stm32g0xx_hal_exti.c ****     pExtiConfig->GPIOSel = 0x00u;
 405              		.loc 1 356 0
 406 009e 0023     		movs	r3, #0
 407              	.LVL76:
 408 00a0 8B60     		str	r3, [r1, #8]
 357:Drivers/STM32G0xx_HAL_Driver/Src/stm32g0xx_hal_exti.c ****   }
 409              		.loc 1 357 0
 410 00a2 CB60     		str	r3, [r1, #12]
 411              		.loc 1 360 0
 412 00a4 0020     		movs	r0, #0
 413              	.LVL77:
 414              	.L18:
 361:Drivers/STM32G0xx_HAL_Driver/Src/stm32g0xx_hal_exti.c **** }
 415              		.loc 1 361 0
 416              		@ sp needed
 417 00a6 70BD     		pop	{r4, r5, r6, pc}
 418              	.LVL78:
 419              	.L27:
 277:Drivers/STM32G0xx_HAL_Driver/Src/stm32g0xx_hal_exti.c ****   }
 420              		.loc 1 277 0
 421 00a8 0120     		movs	r0, #1
 422              	.LVL79:
 423 00aa FCE7     		b	.L18
 424              	.LVL80:
ARM GAS  /tmp/ccpr00C8.s 			page 15


 425              	.L28:
 426 00ac 0120     		movs	r0, #1
 427              	.LVL81:
 428 00ae FAE7     		b	.L18
 429              	.L31:
 430              		.align	2
 431              	.L30:
 432 00b0 80180240 		.word	1073879168
 433 00b4 84180240 		.word	1073879172
 434 00b8 00180240 		.word	1073879040
 435 00bc 04180240 		.word	1073879044
 436              		.cfi_endproc
 437              	.LFE174:
 439              		.section	.text.HAL_EXTI_ClearConfigLine,"ax",%progbits
 440              		.align	1
 441              		.global	HAL_EXTI_ClearConfigLine
 442              		.syntax unified
 443              		.code	16
 444              		.thumb_func
 445              		.fpu softvfp
 447              	HAL_EXTI_ClearConfigLine:
 448              	.LFB175:
 362:Drivers/STM32G0xx_HAL_Driver/Src/stm32g0xx_hal_exti.c **** 
 363:Drivers/STM32G0xx_HAL_Driver/Src/stm32g0xx_hal_exti.c **** 
 364:Drivers/STM32G0xx_HAL_Driver/Src/stm32g0xx_hal_exti.c **** /**
 365:Drivers/STM32G0xx_HAL_Driver/Src/stm32g0xx_hal_exti.c ****   * @brief  Clear whole configuration of a dedicated Exti line.
 366:Drivers/STM32G0xx_HAL_Driver/Src/stm32g0xx_hal_exti.c ****   * @param  hexti Exti handle.
 367:Drivers/STM32G0xx_HAL_Driver/Src/stm32g0xx_hal_exti.c ****   * @retval HAL Status.
 368:Drivers/STM32G0xx_HAL_Driver/Src/stm32g0xx_hal_exti.c ****   */
 369:Drivers/STM32G0xx_HAL_Driver/Src/stm32g0xx_hal_exti.c **** HAL_StatusTypeDef HAL_EXTI_ClearConfigLine(EXTI_HandleTypeDef *hexti)
 370:Drivers/STM32G0xx_HAL_Driver/Src/stm32g0xx_hal_exti.c **** {
 449              		.loc 1 370 0
 450              		.cfi_startproc
 451              		@ args = 0, pretend = 0, frame = 0
 452              		@ frame_needed = 0, uses_anonymous_args = 0
 453              	.LVL82:
 454 0000 F0B5     		push	{r4, r5, r6, r7, lr}
 455              	.LCFI2:
 456              		.cfi_def_cfa_offset 20
 457              		.cfi_offset 4, -20
 458              		.cfi_offset 5, -16
 459              		.cfi_offset 6, -12
 460              		.cfi_offset 7, -8
 461              		.cfi_offset 14, -4
 371:Drivers/STM32G0xx_HAL_Driver/Src/stm32g0xx_hal_exti.c ****   __IO uint32_t *regaddr;
 372:Drivers/STM32G0xx_HAL_Driver/Src/stm32g0xx_hal_exti.c ****   uint32_t regval;
 373:Drivers/STM32G0xx_HAL_Driver/Src/stm32g0xx_hal_exti.c ****   uint32_t linepos;
 374:Drivers/STM32G0xx_HAL_Driver/Src/stm32g0xx_hal_exti.c ****   uint32_t maskline;
 375:Drivers/STM32G0xx_HAL_Driver/Src/stm32g0xx_hal_exti.c ****   uint32_t offset;
 376:Drivers/STM32G0xx_HAL_Driver/Src/stm32g0xx_hal_exti.c **** 
 377:Drivers/STM32G0xx_HAL_Driver/Src/stm32g0xx_hal_exti.c ****   /* Check null pointer */
 378:Drivers/STM32G0xx_HAL_Driver/Src/stm32g0xx_hal_exti.c ****   if (hexti == NULL)
 462              		.loc 1 378 0
 463 0002 0028     		cmp	r0, #0
 464 0004 38D0     		beq	.L34
 379:Drivers/STM32G0xx_HAL_Driver/Src/stm32g0xx_hal_exti.c ****   {
 380:Drivers/STM32G0xx_HAL_Driver/Src/stm32g0xx_hal_exti.c ****     return HAL_ERROR;
ARM GAS  /tmp/ccpr00C8.s 			page 16


 381:Drivers/STM32G0xx_HAL_Driver/Src/stm32g0xx_hal_exti.c ****   }
 382:Drivers/STM32G0xx_HAL_Driver/Src/stm32g0xx_hal_exti.c **** 
 383:Drivers/STM32G0xx_HAL_Driver/Src/stm32g0xx_hal_exti.c ****   /* Check the parameter */
 384:Drivers/STM32G0xx_HAL_Driver/Src/stm32g0xx_hal_exti.c ****   assert_param(IS_EXTI_LINE(hexti->Line));
 385:Drivers/STM32G0xx_HAL_Driver/Src/stm32g0xx_hal_exti.c **** 
 386:Drivers/STM32G0xx_HAL_Driver/Src/stm32g0xx_hal_exti.c ****   /* compute line register offset and line mask */
 387:Drivers/STM32G0xx_HAL_Driver/Src/stm32g0xx_hal_exti.c ****   offset = ((hexti->Line & EXTI_REG_MASK) >> EXTI_REG_SHIFT);
 465              		.loc 1 387 0
 466 0006 0668     		ldr	r6, [r0]
 467 0008 310C     		lsrs	r1, r6, #16
 468 000a 0123     		movs	r3, #1
 469 000c 1940     		ands	r1, r3
 470              	.LVL83:
 388:Drivers/STM32G0xx_HAL_Driver/Src/stm32g0xx_hal_exti.c ****   linepos = (hexti->Line & EXTI_PIN_MASK);
 471              		.loc 1 388 0
 472 000e 1F24     		movs	r4, #31
 473 0010 3440     		ands	r4, r6
 474              	.LVL84:
 389:Drivers/STM32G0xx_HAL_Driver/Src/stm32g0xx_hal_exti.c ****   maskline = (1uL << linepos);
 475              		.loc 1 389 0
 476 0012 A340     		lsls	r3, r3, r4
 477              	.LVL85:
 390:Drivers/STM32G0xx_HAL_Driver/Src/stm32g0xx_hal_exti.c **** 
 391:Drivers/STM32G0xx_HAL_Driver/Src/stm32g0xx_hal_exti.c ****   /* 1] Clear interrupt mode */
 392:Drivers/STM32G0xx_HAL_Driver/Src/stm32g0xx_hal_exti.c ****   regaddr = (&EXTI->IMR1 + (EXTI_MODE_OFFSET * offset));
 478              		.loc 1 392 0
 479 0014 0A01     		lsls	r2, r1, #4
 480 0016 1A4D     		ldr	r5, .L38
 481 0018 5719     		adds	r7, r2, r5
 482              	.LVL86:
 393:Drivers/STM32G0xx_HAL_Driver/Src/stm32g0xx_hal_exti.c ****   regval = (*regaddr & ~maskline);
 483              		.loc 1 393 0
 484 001a 3D68     		ldr	r5, [r7]
 485 001c DB43     		mvns	r3, r3
 486              	.LVL87:
 487 001e 1D40     		ands	r5, r3
 488              	.LVL88:
 394:Drivers/STM32G0xx_HAL_Driver/Src/stm32g0xx_hal_exti.c ****   *regaddr = regval;
 489              		.loc 1 394 0
 490 0020 3D60     		str	r5, [r7]
 395:Drivers/STM32G0xx_HAL_Driver/Src/stm32g0xx_hal_exti.c **** 
 396:Drivers/STM32G0xx_HAL_Driver/Src/stm32g0xx_hal_exti.c ****   /* 2] Clear event mode */
 397:Drivers/STM32G0xx_HAL_Driver/Src/stm32g0xx_hal_exti.c ****   regaddr = (&EXTI->EMR1 + (EXTI_MODE_OFFSET * offset));
 491              		.loc 1 397 0
 492 0022 184D     		ldr	r5, .L38+4
 493              	.LVL89:
 494 0024 AC46     		mov	ip, r5
 495 0026 6244     		add	r2, r2, ip
 496              	.LVL90:
 398:Drivers/STM32G0xx_HAL_Driver/Src/stm32g0xx_hal_exti.c ****   regval = (*regaddr & ~maskline);
 497              		.loc 1 398 0
 498 0028 1568     		ldr	r5, [r2]
 499 002a 1D40     		ands	r5, r3
 500              	.LVL91:
 399:Drivers/STM32G0xx_HAL_Driver/Src/stm32g0xx_hal_exti.c ****   *regaddr = regval;
 501              		.loc 1 399 0
 502 002c 1560     		str	r5, [r2]
ARM GAS  /tmp/ccpr00C8.s 			page 17


 400:Drivers/STM32G0xx_HAL_Driver/Src/stm32g0xx_hal_exti.c **** 
 401:Drivers/STM32G0xx_HAL_Driver/Src/stm32g0xx_hal_exti.c ****   /* 3] Clear triggers in case of configurable lines */
 402:Drivers/STM32G0xx_HAL_Driver/Src/stm32g0xx_hal_exti.c ****   if ((hexti->Line & EXTI_CONFIG) != 0x00u)
 503              		.loc 1 402 0
 504 002e 0268     		ldr	r2, [r0]
 505              	.LVL92:
 506 0030 9201     		lsls	r2, r2, #6
 507 0032 23D5     		bpl	.L35
 403:Drivers/STM32G0xx_HAL_Driver/Src/stm32g0xx_hal_exti.c ****   {
 404:Drivers/STM32G0xx_HAL_Driver/Src/stm32g0xx_hal_exti.c ****     regaddr = (&EXTI->RTSR1 + (EXTI_CONFIG_OFFSET * offset));
 508              		.loc 1 404 0
 509 0034 4A01     		lsls	r2, r1, #5
 510 0036 1449     		ldr	r1, .L38+8
 511              	.LVL93:
 512 0038 5518     		adds	r5, r2, r1
 513              	.LVL94:
 405:Drivers/STM32G0xx_HAL_Driver/Src/stm32g0xx_hal_exti.c ****     regval = (*regaddr & ~maskline);
 514              		.loc 1 405 0
 515 003a 2968     		ldr	r1, [r5]
 516 003c 1940     		ands	r1, r3
 517              	.LVL95:
 406:Drivers/STM32G0xx_HAL_Driver/Src/stm32g0xx_hal_exti.c ****     *regaddr = regval;
 518              		.loc 1 406 0
 519 003e 2960     		str	r1, [r5]
 407:Drivers/STM32G0xx_HAL_Driver/Src/stm32g0xx_hal_exti.c **** 
 408:Drivers/STM32G0xx_HAL_Driver/Src/stm32g0xx_hal_exti.c ****     regaddr = (&EXTI->FTSR1 + (EXTI_CONFIG_OFFSET * offset));
 520              		.loc 1 408 0
 521 0040 1249     		ldr	r1, .L38+12
 522              	.LVL96:
 523 0042 8C46     		mov	ip, r1
 524 0044 6244     		add	r2, r2, ip
 525              	.LVL97:
 409:Drivers/STM32G0xx_HAL_Driver/Src/stm32g0xx_hal_exti.c ****     regval = (*regaddr & ~maskline);
 526              		.loc 1 409 0
 527 0046 1168     		ldr	r1, [r2]
 528 0048 0B40     		ands	r3, r1
 529              	.LVL98:
 410:Drivers/STM32G0xx_HAL_Driver/Src/stm32g0xx_hal_exti.c ****     *regaddr = regval;
 530              		.loc 1 410 0
 531 004a 1360     		str	r3, [r2]
 411:Drivers/STM32G0xx_HAL_Driver/Src/stm32g0xx_hal_exti.c **** 
 412:Drivers/STM32G0xx_HAL_Driver/Src/stm32g0xx_hal_exti.c ****     /* Get Gpio port selection for gpio lines */
 413:Drivers/STM32G0xx_HAL_Driver/Src/stm32g0xx_hal_exti.c ****     if ((hexti->Line & EXTI_GPIO) == EXTI_GPIO)
 532              		.loc 1 413 0
 533 004c 0368     		ldr	r3, [r0]
 534              	.LVL99:
 535 004e C022     		movs	r2, #192
 536              	.LVL100:
 537 0050 D204     		lsls	r2, r2, #19
 538 0052 1340     		ands	r3, r2
 539 0054 9342     		cmp	r3, r2
 540 0056 01D0     		beq	.L37
 414:Drivers/STM32G0xx_HAL_Driver/Src/stm32g0xx_hal_exti.c ****     {
 415:Drivers/STM32G0xx_HAL_Driver/Src/stm32g0xx_hal_exti.c ****       assert_param(IS_EXTI_GPIO_PIN(linepos));
 416:Drivers/STM32G0xx_HAL_Driver/Src/stm32g0xx_hal_exti.c **** 
 417:Drivers/STM32G0xx_HAL_Driver/Src/stm32g0xx_hal_exti.c ****       regval = EXTI->EXTICR[linepos >> 2u];
 418:Drivers/STM32G0xx_HAL_Driver/Src/stm32g0xx_hal_exti.c ****       regval &= ~(EXTI_EXTICR1_EXTI0 << (EXTI_EXTICR1_EXTI1_Pos * (linepos & 0x03u)));
ARM GAS  /tmp/ccpr00C8.s 			page 18


 419:Drivers/STM32G0xx_HAL_Driver/Src/stm32g0xx_hal_exti.c ****       EXTI->EXTICR[linepos >> 2u] = regval;
 420:Drivers/STM32G0xx_HAL_Driver/Src/stm32g0xx_hal_exti.c ****     }
 421:Drivers/STM32G0xx_HAL_Driver/Src/stm32g0xx_hal_exti.c ****   }
 422:Drivers/STM32G0xx_HAL_Driver/Src/stm32g0xx_hal_exti.c **** 
 423:Drivers/STM32G0xx_HAL_Driver/Src/stm32g0xx_hal_exti.c ****   return HAL_OK;
 541              		.loc 1 423 0
 542 0058 0020     		movs	r0, #0
 543              	.LVL101:
 544 005a 10E0     		b	.L33
 545              	.LVL102:
 546              	.L37:
 417:Drivers/STM32G0xx_HAL_Driver/Src/stm32g0xx_hal_exti.c ****       regval &= ~(EXTI_EXTICR1_EXTI0 << (EXTI_EXTICR1_EXTI1_Pos * (linepos & 0x03u)));
 547              		.loc 1 417 0
 548 005c A408     		lsrs	r4, r4, #2
 549              	.LVL103:
 550 005e 0A49     		ldr	r1, .L38+8
 551 0060 1834     		adds	r4, r4, #24
 552 0062 A400     		lsls	r4, r4, #2
 553 0064 6258     		ldr	r2, [r4, r1]
 554              	.LVL104:
 418:Drivers/STM32G0xx_HAL_Driver/Src/stm32g0xx_hal_exti.c ****       EXTI->EXTICR[linepos >> 2u] = regval;
 555              		.loc 1 418 0
 556 0066 0323     		movs	r3, #3
 557 0068 1E40     		ands	r6, r3
 558              	.LVL105:
 559 006a F600     		lsls	r6, r6, #3
 560 006c 0433     		adds	r3, r3, #4
 561 006e B340     		lsls	r3, r3, r6
 562 0070 9A43     		bics	r2, r3
 563              	.LVL106:
 419:Drivers/STM32G0xx_HAL_Driver/Src/stm32g0xx_hal_exti.c ****     }
 564              		.loc 1 419 0
 565 0072 6250     		str	r2, [r4, r1]
 566              		.loc 1 423 0
 567 0074 0020     		movs	r0, #0
 568              	.LVL107:
 569 0076 02E0     		b	.L33
 570              	.LVL108:
 571              	.L34:
 380:Drivers/STM32G0xx_HAL_Driver/Src/stm32g0xx_hal_exti.c ****   }
 572              		.loc 1 380 0
 573 0078 0120     		movs	r0, #1
 574              	.LVL109:
 575 007a 00E0     		b	.L33
 576              	.LVL110:
 577              	.L35:
 578              		.loc 1 423 0
 579 007c 0020     		movs	r0, #0
 580              	.LVL111:
 581              	.L33:
 424:Drivers/STM32G0xx_HAL_Driver/Src/stm32g0xx_hal_exti.c **** }
 582              		.loc 1 424 0
 583              		@ sp needed
 584 007e F0BD     		pop	{r4, r5, r6, r7, pc}
 585              	.L39:
 586              		.align	2
 587              	.L38:
ARM GAS  /tmp/ccpr00C8.s 			page 19


 588 0080 80180240 		.word	1073879168
 589 0084 84180240 		.word	1073879172
 590 0088 00180240 		.word	1073879040
 591 008c 04180240 		.word	1073879044
 592              		.cfi_endproc
 593              	.LFE175:
 595              		.section	.text.HAL_EXTI_RegisterCallback,"ax",%progbits
 596              		.align	1
 597              		.global	HAL_EXTI_RegisterCallback
 598              		.syntax unified
 599              		.code	16
 600              		.thumb_func
 601              		.fpu softvfp
 603              	HAL_EXTI_RegisterCallback:
 604              	.LFB176:
 425:Drivers/STM32G0xx_HAL_Driver/Src/stm32g0xx_hal_exti.c **** 
 426:Drivers/STM32G0xx_HAL_Driver/Src/stm32g0xx_hal_exti.c **** 
 427:Drivers/STM32G0xx_HAL_Driver/Src/stm32g0xx_hal_exti.c **** /**
 428:Drivers/STM32G0xx_HAL_Driver/Src/stm32g0xx_hal_exti.c ****   * @brief  Register callback for a dedicaated Exti line.
 429:Drivers/STM32G0xx_HAL_Driver/Src/stm32g0xx_hal_exti.c ****   * @param  hexti Exti handle.
 430:Drivers/STM32G0xx_HAL_Driver/Src/stm32g0xx_hal_exti.c ****   * @param  CallbackID User callback identifier.
 431:Drivers/STM32G0xx_HAL_Driver/Src/stm32g0xx_hal_exti.c ****   *         This parameter can be one of @arg @ref EXTI_CallbackIDTypeDef values.
 432:Drivers/STM32G0xx_HAL_Driver/Src/stm32g0xx_hal_exti.c ****   * @param  pPendingCbfn function pointer to be stored as callback.
 433:Drivers/STM32G0xx_HAL_Driver/Src/stm32g0xx_hal_exti.c ****   * @retval HAL Status.
 434:Drivers/STM32G0xx_HAL_Driver/Src/stm32g0xx_hal_exti.c ****   */
 435:Drivers/STM32G0xx_HAL_Driver/Src/stm32g0xx_hal_exti.c **** HAL_StatusTypeDef HAL_EXTI_RegisterCallback(EXTI_HandleTypeDef *hexti, EXTI_CallbackIDTypeDef Callb
 436:Drivers/STM32G0xx_HAL_Driver/Src/stm32g0xx_hal_exti.c **** {
 605              		.loc 1 436 0
 606              		.cfi_startproc
 607              		@ args = 0, pretend = 0, frame = 0
 608              		@ frame_needed = 0, uses_anonymous_args = 0
 609              		@ link register save eliminated.
 610              	.LVL112:
 437:Drivers/STM32G0xx_HAL_Driver/Src/stm32g0xx_hal_exti.c ****   HAL_StatusTypeDef status = HAL_OK;
 438:Drivers/STM32G0xx_HAL_Driver/Src/stm32g0xx_hal_exti.c **** 
 439:Drivers/STM32G0xx_HAL_Driver/Src/stm32g0xx_hal_exti.c ****   switch (CallbackID)
 611              		.loc 1 439 0
 612 0000 0129     		cmp	r1, #1
 613 0002 09D0     		beq	.L42
 614 0004 0029     		cmp	r1, #0
 615 0006 03D0     		beq	.L43
 616 0008 0229     		cmp	r1, #2
 617 000a 08D0     		beq	.L44
 440:Drivers/STM32G0xx_HAL_Driver/Src/stm32g0xx_hal_exti.c ****   {
 441:Drivers/STM32G0xx_HAL_Driver/Src/stm32g0xx_hal_exti.c ****     case  HAL_EXTI_COMMON_CB_ID:
 442:Drivers/STM32G0xx_HAL_Driver/Src/stm32g0xx_hal_exti.c ****       hexti->RisingCallback = pPendingCbfn;
 443:Drivers/STM32G0xx_HAL_Driver/Src/stm32g0xx_hal_exti.c ****       hexti->FallingCallback = pPendingCbfn;
 444:Drivers/STM32G0xx_HAL_Driver/Src/stm32g0xx_hal_exti.c ****       break;
 445:Drivers/STM32G0xx_HAL_Driver/Src/stm32g0xx_hal_exti.c **** 
 446:Drivers/STM32G0xx_HAL_Driver/Src/stm32g0xx_hal_exti.c ****     case  HAL_EXTI_RISING_CB_ID:
 447:Drivers/STM32G0xx_HAL_Driver/Src/stm32g0xx_hal_exti.c ****       hexti->RisingCallback = pPendingCbfn;
 448:Drivers/STM32G0xx_HAL_Driver/Src/stm32g0xx_hal_exti.c ****       break;
 449:Drivers/STM32G0xx_HAL_Driver/Src/stm32g0xx_hal_exti.c **** 
 450:Drivers/STM32G0xx_HAL_Driver/Src/stm32g0xx_hal_exti.c ****     case  HAL_EXTI_FALLING_CB_ID:
 451:Drivers/STM32G0xx_HAL_Driver/Src/stm32g0xx_hal_exti.c ****       hexti->FallingCallback = pPendingCbfn;
 452:Drivers/STM32G0xx_HAL_Driver/Src/stm32g0xx_hal_exti.c ****       break;
 453:Drivers/STM32G0xx_HAL_Driver/Src/stm32g0xx_hal_exti.c **** 
ARM GAS  /tmp/ccpr00C8.s 			page 20


 454:Drivers/STM32G0xx_HAL_Driver/Src/stm32g0xx_hal_exti.c ****     default:
 455:Drivers/STM32G0xx_HAL_Driver/Src/stm32g0xx_hal_exti.c ****       status = HAL_ERROR;
 618              		.loc 1 455 0
 619 000c 0120     		movs	r0, #1
 620              	.LVL113:
 621 000e 02E0     		b	.L41
 622              	.LVL114:
 623              	.L43:
 442:Drivers/STM32G0xx_HAL_Driver/Src/stm32g0xx_hal_exti.c ****       hexti->FallingCallback = pPendingCbfn;
 624              		.loc 1 442 0
 625 0010 4260     		str	r2, [r0, #4]
 443:Drivers/STM32G0xx_HAL_Driver/Src/stm32g0xx_hal_exti.c ****       break;
 626              		.loc 1 443 0
 627 0012 8260     		str	r2, [r0, #8]
 437:Drivers/STM32G0xx_HAL_Driver/Src/stm32g0xx_hal_exti.c **** 
 628              		.loc 1 437 0
 629 0014 0020     		movs	r0, #0
 630              	.LVL115:
 631              	.L41:
 456:Drivers/STM32G0xx_HAL_Driver/Src/stm32g0xx_hal_exti.c ****       break;
 457:Drivers/STM32G0xx_HAL_Driver/Src/stm32g0xx_hal_exti.c ****   }
 458:Drivers/STM32G0xx_HAL_Driver/Src/stm32g0xx_hal_exti.c **** 
 459:Drivers/STM32G0xx_HAL_Driver/Src/stm32g0xx_hal_exti.c ****   return status;
 460:Drivers/STM32G0xx_HAL_Driver/Src/stm32g0xx_hal_exti.c **** }
 632              		.loc 1 460 0
 633              		@ sp needed
 634 0016 7047     		bx	lr
 635              	.LVL116:
 636              	.L42:
 447:Drivers/STM32G0xx_HAL_Driver/Src/stm32g0xx_hal_exti.c ****       break;
 637              		.loc 1 447 0
 638 0018 4260     		str	r2, [r0, #4]
 437:Drivers/STM32G0xx_HAL_Driver/Src/stm32g0xx_hal_exti.c **** 
 639              		.loc 1 437 0
 640 001a 0020     		movs	r0, #0
 641              	.LVL117:
 448:Drivers/STM32G0xx_HAL_Driver/Src/stm32g0xx_hal_exti.c **** 
 642              		.loc 1 448 0
 643 001c FBE7     		b	.L41
 644              	.LVL118:
 645              	.L44:
 451:Drivers/STM32G0xx_HAL_Driver/Src/stm32g0xx_hal_exti.c ****       break;
 646              		.loc 1 451 0
 647 001e 8260     		str	r2, [r0, #8]
 437:Drivers/STM32G0xx_HAL_Driver/Src/stm32g0xx_hal_exti.c **** 
 648              		.loc 1 437 0
 649 0020 0020     		movs	r0, #0
 650              	.LVL119:
 452:Drivers/STM32G0xx_HAL_Driver/Src/stm32g0xx_hal_exti.c **** 
 651              		.loc 1 452 0
 652 0022 F8E7     		b	.L41
 653              		.cfi_endproc
 654              	.LFE176:
 656              		.section	.text.HAL_EXTI_GetHandle,"ax",%progbits
 657              		.align	1
 658              		.global	HAL_EXTI_GetHandle
 659              		.syntax unified
ARM GAS  /tmp/ccpr00C8.s 			page 21


 660              		.code	16
 661              		.thumb_func
 662              		.fpu softvfp
 664              	HAL_EXTI_GetHandle:
 665              	.LFB177:
 461:Drivers/STM32G0xx_HAL_Driver/Src/stm32g0xx_hal_exti.c **** 
 462:Drivers/STM32G0xx_HAL_Driver/Src/stm32g0xx_hal_exti.c **** 
 463:Drivers/STM32G0xx_HAL_Driver/Src/stm32g0xx_hal_exti.c **** /**
 464:Drivers/STM32G0xx_HAL_Driver/Src/stm32g0xx_hal_exti.c ****   * @brief  Store line number as handle private field.
 465:Drivers/STM32G0xx_HAL_Driver/Src/stm32g0xx_hal_exti.c ****   * @param  hexti Exti handle.
 466:Drivers/STM32G0xx_HAL_Driver/Src/stm32g0xx_hal_exti.c ****   * @param  ExtiLine Exti line number.
 467:Drivers/STM32G0xx_HAL_Driver/Src/stm32g0xx_hal_exti.c ****   *         This parameter can be from 0 to @ref EXTI_LINE_NB.
 468:Drivers/STM32G0xx_HAL_Driver/Src/stm32g0xx_hal_exti.c ****   * @retval HAL Status.
 469:Drivers/STM32G0xx_HAL_Driver/Src/stm32g0xx_hal_exti.c ****   */
 470:Drivers/STM32G0xx_HAL_Driver/Src/stm32g0xx_hal_exti.c **** HAL_StatusTypeDef HAL_EXTI_GetHandle(EXTI_HandleTypeDef *hexti, uint32_t ExtiLine)
 471:Drivers/STM32G0xx_HAL_Driver/Src/stm32g0xx_hal_exti.c **** {
 666              		.loc 1 471 0
 667              		.cfi_startproc
 668              		@ args = 0, pretend = 0, frame = 0
 669              		@ frame_needed = 0, uses_anonymous_args = 0
 670              		@ link register save eliminated.
 671              	.LVL120:
 472:Drivers/STM32G0xx_HAL_Driver/Src/stm32g0xx_hal_exti.c ****   /* Check the parameters */
 473:Drivers/STM32G0xx_HAL_Driver/Src/stm32g0xx_hal_exti.c ****   assert_param(IS_EXTI_LINE(ExtiLine));
 474:Drivers/STM32G0xx_HAL_Driver/Src/stm32g0xx_hal_exti.c **** 
 475:Drivers/STM32G0xx_HAL_Driver/Src/stm32g0xx_hal_exti.c ****   /* Check null pointer */
 476:Drivers/STM32G0xx_HAL_Driver/Src/stm32g0xx_hal_exti.c ****   if (hexti == NULL)
 672              		.loc 1 476 0
 673 0000 0028     		cmp	r0, #0
 674 0002 02D0     		beq	.L49
 477:Drivers/STM32G0xx_HAL_Driver/Src/stm32g0xx_hal_exti.c ****   {
 478:Drivers/STM32G0xx_HAL_Driver/Src/stm32g0xx_hal_exti.c ****     return HAL_ERROR;
 479:Drivers/STM32G0xx_HAL_Driver/Src/stm32g0xx_hal_exti.c ****   }
 480:Drivers/STM32G0xx_HAL_Driver/Src/stm32g0xx_hal_exti.c ****   else
 481:Drivers/STM32G0xx_HAL_Driver/Src/stm32g0xx_hal_exti.c ****   {
 482:Drivers/STM32G0xx_HAL_Driver/Src/stm32g0xx_hal_exti.c ****     /* Store line number as handle private field */
 483:Drivers/STM32G0xx_HAL_Driver/Src/stm32g0xx_hal_exti.c ****     hexti->Line = ExtiLine;
 675              		.loc 1 483 0
 676 0004 0160     		str	r1, [r0]
 484:Drivers/STM32G0xx_HAL_Driver/Src/stm32g0xx_hal_exti.c **** 
 485:Drivers/STM32G0xx_HAL_Driver/Src/stm32g0xx_hal_exti.c ****     return HAL_OK;
 677              		.loc 1 485 0
 678 0006 0020     		movs	r0, #0
 679              	.LVL121:
 680              	.L48:
 486:Drivers/STM32G0xx_HAL_Driver/Src/stm32g0xx_hal_exti.c ****   }
 487:Drivers/STM32G0xx_HAL_Driver/Src/stm32g0xx_hal_exti.c **** }
 681              		.loc 1 487 0
 682              		@ sp needed
 683 0008 7047     		bx	lr
 684              	.LVL122:
 685              	.L49:
 478:Drivers/STM32G0xx_HAL_Driver/Src/stm32g0xx_hal_exti.c ****   }
 686              		.loc 1 478 0
 687 000a 0120     		movs	r0, #1
 688              	.LVL123:
 689 000c FCE7     		b	.L48
ARM GAS  /tmp/ccpr00C8.s 			page 22


 690              		.cfi_endproc
 691              	.LFE177:
 693              		.section	.text.HAL_EXTI_IRQHandler,"ax",%progbits
 694              		.align	1
 695              		.global	HAL_EXTI_IRQHandler
 696              		.syntax unified
 697              		.code	16
 698              		.thumb_func
 699              		.fpu softvfp
 701              	HAL_EXTI_IRQHandler:
 702              	.LFB178:
 488:Drivers/STM32G0xx_HAL_Driver/Src/stm32g0xx_hal_exti.c **** 
 489:Drivers/STM32G0xx_HAL_Driver/Src/stm32g0xx_hal_exti.c **** 
 490:Drivers/STM32G0xx_HAL_Driver/Src/stm32g0xx_hal_exti.c **** /**
 491:Drivers/STM32G0xx_HAL_Driver/Src/stm32g0xx_hal_exti.c ****   * @}
 492:Drivers/STM32G0xx_HAL_Driver/Src/stm32g0xx_hal_exti.c ****   */
 493:Drivers/STM32G0xx_HAL_Driver/Src/stm32g0xx_hal_exti.c **** 
 494:Drivers/STM32G0xx_HAL_Driver/Src/stm32g0xx_hal_exti.c **** /** @addtogroup EXTI_Exported_Functions_Group2
 495:Drivers/STM32G0xx_HAL_Driver/Src/stm32g0xx_hal_exti.c ****  *  @brief EXTI IO functions.
 496:Drivers/STM32G0xx_HAL_Driver/Src/stm32g0xx_hal_exti.c ****  *
 497:Drivers/STM32G0xx_HAL_Driver/Src/stm32g0xx_hal_exti.c **** @verbatim
 498:Drivers/STM32G0xx_HAL_Driver/Src/stm32g0xx_hal_exti.c ****  ===============================================================================
 499:Drivers/STM32G0xx_HAL_Driver/Src/stm32g0xx_hal_exti.c ****                        ##### IO operation functions #####
 500:Drivers/STM32G0xx_HAL_Driver/Src/stm32g0xx_hal_exti.c ****  ===============================================================================
 501:Drivers/STM32G0xx_HAL_Driver/Src/stm32g0xx_hal_exti.c **** 
 502:Drivers/STM32G0xx_HAL_Driver/Src/stm32g0xx_hal_exti.c **** @endverbatim
 503:Drivers/STM32G0xx_HAL_Driver/Src/stm32g0xx_hal_exti.c ****   * @{
 504:Drivers/STM32G0xx_HAL_Driver/Src/stm32g0xx_hal_exti.c ****   */
 505:Drivers/STM32G0xx_HAL_Driver/Src/stm32g0xx_hal_exti.c **** 
 506:Drivers/STM32G0xx_HAL_Driver/Src/stm32g0xx_hal_exti.c **** /**
 507:Drivers/STM32G0xx_HAL_Driver/Src/stm32g0xx_hal_exti.c ****   * @brief  Handle EXTI interrupt request.
 508:Drivers/STM32G0xx_HAL_Driver/Src/stm32g0xx_hal_exti.c ****   * @param  hexti Exti handle.
 509:Drivers/STM32G0xx_HAL_Driver/Src/stm32g0xx_hal_exti.c ****   * @retval none.
 510:Drivers/STM32G0xx_HAL_Driver/Src/stm32g0xx_hal_exti.c ****   */
 511:Drivers/STM32G0xx_HAL_Driver/Src/stm32g0xx_hal_exti.c **** void HAL_EXTI_IRQHandler(EXTI_HandleTypeDef *hexti)
 512:Drivers/STM32G0xx_HAL_Driver/Src/stm32g0xx_hal_exti.c **** {
 703              		.loc 1 512 0
 704              		.cfi_startproc
 705              		@ args = 0, pretend = 0, frame = 0
 706              		@ frame_needed = 0, uses_anonymous_args = 0
 707              	.LVL124:
 708 0000 70B5     		push	{r4, r5, r6, lr}
 709              	.LCFI3:
 710              		.cfi_def_cfa_offset 16
 711              		.cfi_offset 4, -16
 712              		.cfi_offset 5, -12
 713              		.cfi_offset 6, -8
 714              		.cfi_offset 14, -4
 715 0002 0600     		movs	r6, r0
 513:Drivers/STM32G0xx_HAL_Driver/Src/stm32g0xx_hal_exti.c ****   __IO uint32_t *regaddr;
 514:Drivers/STM32G0xx_HAL_Driver/Src/stm32g0xx_hal_exti.c ****   uint32_t regval;
 515:Drivers/STM32G0xx_HAL_Driver/Src/stm32g0xx_hal_exti.c ****   uint32_t maskline;
 516:Drivers/STM32G0xx_HAL_Driver/Src/stm32g0xx_hal_exti.c ****   uint32_t offset;
 517:Drivers/STM32G0xx_HAL_Driver/Src/stm32g0xx_hal_exti.c **** 
 518:Drivers/STM32G0xx_HAL_Driver/Src/stm32g0xx_hal_exti.c ****   /* Compute line register offset and line mask */
 519:Drivers/STM32G0xx_HAL_Driver/Src/stm32g0xx_hal_exti.c ****   offset = ((hexti->Line & EXTI_REG_MASK) >> EXTI_REG_SHIFT);
 716              		.loc 1 519 0
ARM GAS  /tmp/ccpr00C8.s 			page 23


 717 0004 0268     		ldr	r2, [r0]
 718 0006 140C     		lsrs	r4, r2, #16
 719 0008 0125     		movs	r5, #1
 720 000a 2C40     		ands	r4, r5
 721              	.LVL125:
 520:Drivers/STM32G0xx_HAL_Driver/Src/stm32g0xx_hal_exti.c ****   maskline = (1uL << (hexti->Line & EXTI_PIN_MASK));
 722              		.loc 1 520 0
 723 000c 1F23     		movs	r3, #31
 724 000e 1340     		ands	r3, r2
 725 0010 9D40     		lsls	r5, r5, r3
 726              	.LVL126:
 521:Drivers/STM32G0xx_HAL_Driver/Src/stm32g0xx_hal_exti.c **** 
 522:Drivers/STM32G0xx_HAL_Driver/Src/stm32g0xx_hal_exti.c ****   /* Get rising edge pending bit  */
 523:Drivers/STM32G0xx_HAL_Driver/Src/stm32g0xx_hal_exti.c ****   regaddr = (&EXTI->RPR1 + (EXTI_CONFIG_OFFSET * offset));
 727              		.loc 1 523 0
 728 0012 6401     		lsls	r4, r4, #5
 729              	.LVL127:
 730 0014 0A4B     		ldr	r3, .L53
 731 0016 E318     		adds	r3, r4, r3
 732              	.LVL128:
 524:Drivers/STM32G0xx_HAL_Driver/Src/stm32g0xx_hal_exti.c ****   regval = (*regaddr & maskline);
 733              		.loc 1 524 0
 734 0018 1A68     		ldr	r2, [r3]
 735              	.LVL129:
 525:Drivers/STM32G0xx_HAL_Driver/Src/stm32g0xx_hal_exti.c **** 
 526:Drivers/STM32G0xx_HAL_Driver/Src/stm32g0xx_hal_exti.c ****   if (regval != 0x00u)
 736              		.loc 1 526 0
 737 001a 1542     		tst	r5, r2
 738 001c 04D0     		beq	.L51
 527:Drivers/STM32G0xx_HAL_Driver/Src/stm32g0xx_hal_exti.c ****   {
 528:Drivers/STM32G0xx_HAL_Driver/Src/stm32g0xx_hal_exti.c ****     /* Clear pending bit */
 529:Drivers/STM32G0xx_HAL_Driver/Src/stm32g0xx_hal_exti.c ****     *regaddr = maskline;
 739              		.loc 1 529 0
 740 001e 1D60     		str	r5, [r3]
 741              	.LVL130:
 530:Drivers/STM32G0xx_HAL_Driver/Src/stm32g0xx_hal_exti.c **** 
 531:Drivers/STM32G0xx_HAL_Driver/Src/stm32g0xx_hal_exti.c ****     /* Call rising callback */
 532:Drivers/STM32G0xx_HAL_Driver/Src/stm32g0xx_hal_exti.c ****     if (hexti->RisingCallback != NULL)
 742              		.loc 1 532 0
 743 0020 4368     		ldr	r3, [r0, #4]
 744              	.LVL131:
 745 0022 002B     		cmp	r3, #0
 746 0024 00D0     		beq	.L51
 533:Drivers/STM32G0xx_HAL_Driver/Src/stm32g0xx_hal_exti.c ****     {
 534:Drivers/STM32G0xx_HAL_Driver/Src/stm32g0xx_hal_exti.c ****       hexti->RisingCallback();
 747              		.loc 1 534 0
 748 0026 9847     		blx	r3
 749              	.LVL132:
 750              	.L51:
 535:Drivers/STM32G0xx_HAL_Driver/Src/stm32g0xx_hal_exti.c ****     }
 536:Drivers/STM32G0xx_HAL_Driver/Src/stm32g0xx_hal_exti.c ****   }
 537:Drivers/STM32G0xx_HAL_Driver/Src/stm32g0xx_hal_exti.c **** 
 538:Drivers/STM32G0xx_HAL_Driver/Src/stm32g0xx_hal_exti.c ****   /* Get falling edge pending bit  */
 539:Drivers/STM32G0xx_HAL_Driver/Src/stm32g0xx_hal_exti.c ****   regaddr = (&EXTI->FPR1 + (EXTI_CONFIG_OFFSET * offset));
 751              		.loc 1 539 0
 752 0028 064B     		ldr	r3, .L53+4
 753 002a 9C46     		mov	ip, r3
ARM GAS  /tmp/ccpr00C8.s 			page 24


 754 002c 6444     		add	r4, r4, ip
 755              	.LVL133:
 540:Drivers/STM32G0xx_HAL_Driver/Src/stm32g0xx_hal_exti.c ****   regval = (*regaddr & maskline);
 756              		.loc 1 540 0
 757 002e 2368     		ldr	r3, [r4]
 758              	.LVL134:
 541:Drivers/STM32G0xx_HAL_Driver/Src/stm32g0xx_hal_exti.c **** 
 542:Drivers/STM32G0xx_HAL_Driver/Src/stm32g0xx_hal_exti.c ****   if (regval != 0x00u)
 759              		.loc 1 542 0
 760 0030 1D42     		tst	r5, r3
 761 0032 04D0     		beq	.L50
 543:Drivers/STM32G0xx_HAL_Driver/Src/stm32g0xx_hal_exti.c ****   {
 544:Drivers/STM32G0xx_HAL_Driver/Src/stm32g0xx_hal_exti.c ****     /* Clear pending bit */
 545:Drivers/STM32G0xx_HAL_Driver/Src/stm32g0xx_hal_exti.c ****     *regaddr = maskline;
 762              		.loc 1 545 0
 763 0034 2560     		str	r5, [r4]
 546:Drivers/STM32G0xx_HAL_Driver/Src/stm32g0xx_hal_exti.c **** 
 547:Drivers/STM32G0xx_HAL_Driver/Src/stm32g0xx_hal_exti.c ****     /* Call rising callback */
 548:Drivers/STM32G0xx_HAL_Driver/Src/stm32g0xx_hal_exti.c ****     if (hexti->FallingCallback != NULL)
 764              		.loc 1 548 0
 765 0036 B368     		ldr	r3, [r6, #8]
 766              	.LVL135:
 767 0038 002B     		cmp	r3, #0
 768 003a 00D0     		beq	.L50
 549:Drivers/STM32G0xx_HAL_Driver/Src/stm32g0xx_hal_exti.c ****     {
 550:Drivers/STM32G0xx_HAL_Driver/Src/stm32g0xx_hal_exti.c ****       hexti->FallingCallback();
 769              		.loc 1 550 0
 770 003c 9847     		blx	r3
 771              	.LVL136:
 772              	.L50:
 551:Drivers/STM32G0xx_HAL_Driver/Src/stm32g0xx_hal_exti.c ****     }
 552:Drivers/STM32G0xx_HAL_Driver/Src/stm32g0xx_hal_exti.c ****   }
 553:Drivers/STM32G0xx_HAL_Driver/Src/stm32g0xx_hal_exti.c **** }
 773              		.loc 1 553 0
 774              		@ sp needed
 775              	.LVL137:
 776              	.LVL138:
 777              	.LVL139:
 778 003e 70BD     		pop	{r4, r5, r6, pc}
 779              	.L54:
 780              		.align	2
 781              	.L53:
 782 0040 0C180240 		.word	1073879052
 783 0044 10180240 		.word	1073879056
 784              		.cfi_endproc
 785              	.LFE178:
 787              		.section	.text.HAL_EXTI_GetPending,"ax",%progbits
 788              		.align	1
 789              		.global	HAL_EXTI_GetPending
 790              		.syntax unified
 791              		.code	16
 792              		.thumb_func
 793              		.fpu softvfp
 795              	HAL_EXTI_GetPending:
 796              	.LFB179:
 554:Drivers/STM32G0xx_HAL_Driver/Src/stm32g0xx_hal_exti.c **** 
 555:Drivers/STM32G0xx_HAL_Driver/Src/stm32g0xx_hal_exti.c **** 
ARM GAS  /tmp/ccpr00C8.s 			page 25


 556:Drivers/STM32G0xx_HAL_Driver/Src/stm32g0xx_hal_exti.c **** /**
 557:Drivers/STM32G0xx_HAL_Driver/Src/stm32g0xx_hal_exti.c ****   * @brief  Get interrupt pending bit of a dedicated line.
 558:Drivers/STM32G0xx_HAL_Driver/Src/stm32g0xx_hal_exti.c ****   * @param  hexti Exti handle.
 559:Drivers/STM32G0xx_HAL_Driver/Src/stm32g0xx_hal_exti.c ****   * @param  Edge Specify which pending edge as to be checked.
 560:Drivers/STM32G0xx_HAL_Driver/Src/stm32g0xx_hal_exti.c ****   *         This parameter can be one of the following values:
 561:Drivers/STM32G0xx_HAL_Driver/Src/stm32g0xx_hal_exti.c ****   *           @arg @ref EXTI_TRIGGER_RISING
 562:Drivers/STM32G0xx_HAL_Driver/Src/stm32g0xx_hal_exti.c ****   *           @arg @ref EXTI_TRIGGER_FALLING
 563:Drivers/STM32G0xx_HAL_Driver/Src/stm32g0xx_hal_exti.c ****   * @retval 1 if interrupt is pending else 0.
 564:Drivers/STM32G0xx_HAL_Driver/Src/stm32g0xx_hal_exti.c ****   */
 565:Drivers/STM32G0xx_HAL_Driver/Src/stm32g0xx_hal_exti.c **** uint32_t HAL_EXTI_GetPending(EXTI_HandleTypeDef *hexti, uint32_t Edge)
 566:Drivers/STM32G0xx_HAL_Driver/Src/stm32g0xx_hal_exti.c **** {
 797              		.loc 1 566 0
 798              		.cfi_startproc
 799              		@ args = 0, pretend = 0, frame = 0
 800              		@ frame_needed = 0, uses_anonymous_args = 0
 801              	.LVL140:
 802 0000 10B5     		push	{r4, lr}
 803              	.LCFI4:
 804              		.cfi_def_cfa_offset 8
 805              		.cfi_offset 4, -8
 806              		.cfi_offset 14, -4
 567:Drivers/STM32G0xx_HAL_Driver/Src/stm32g0xx_hal_exti.c ****   __IO uint32_t *regaddr;
 568:Drivers/STM32G0xx_HAL_Driver/Src/stm32g0xx_hal_exti.c ****   uint32_t regval;
 569:Drivers/STM32G0xx_HAL_Driver/Src/stm32g0xx_hal_exti.c ****   uint32_t linepos;
 570:Drivers/STM32G0xx_HAL_Driver/Src/stm32g0xx_hal_exti.c ****   uint32_t maskline;
 571:Drivers/STM32G0xx_HAL_Driver/Src/stm32g0xx_hal_exti.c ****   uint32_t offset;
 572:Drivers/STM32G0xx_HAL_Driver/Src/stm32g0xx_hal_exti.c **** 
 573:Drivers/STM32G0xx_HAL_Driver/Src/stm32g0xx_hal_exti.c ****   /* Check parameters */
 574:Drivers/STM32G0xx_HAL_Driver/Src/stm32g0xx_hal_exti.c ****   assert_param(IS_EXTI_LINE(hexti->Line));
 575:Drivers/STM32G0xx_HAL_Driver/Src/stm32g0xx_hal_exti.c ****   assert_param(IS_EXTI_CONFIG_LINE(hexti->Line));
 576:Drivers/STM32G0xx_HAL_Driver/Src/stm32g0xx_hal_exti.c ****   assert_param(IS_EXTI_PENDING_EDGE(Edge));
 577:Drivers/STM32G0xx_HAL_Driver/Src/stm32g0xx_hal_exti.c **** 
 578:Drivers/STM32G0xx_HAL_Driver/Src/stm32g0xx_hal_exti.c ****   /* compute line register offset and line mask */
 579:Drivers/STM32G0xx_HAL_Driver/Src/stm32g0xx_hal_exti.c ****   offset = ((hexti->Line & EXTI_REG_MASK) >> EXTI_REG_SHIFT);
 807              		.loc 1 579 0
 808 0002 0468     		ldr	r4, [r0]
 809 0004 230C     		lsrs	r3, r4, #16
 810 0006 0120     		movs	r0, #1
 811              	.LVL141:
 812 0008 0340     		ands	r3, r0
 813              	.LVL142:
 580:Drivers/STM32G0xx_HAL_Driver/Src/stm32g0xx_hal_exti.c ****   linepos = (hexti->Line & EXTI_PIN_MASK);
 814              		.loc 1 580 0
 815 000a 1F22     		movs	r2, #31
 816 000c 2240     		ands	r2, r4
 817              	.LVL143:
 581:Drivers/STM32G0xx_HAL_Driver/Src/stm32g0xx_hal_exti.c ****   maskline = (1uL << linepos);
 818              		.loc 1 581 0
 819 000e 9040     		lsls	r0, r0, r2
 820              	.LVL144:
 582:Drivers/STM32G0xx_HAL_Driver/Src/stm32g0xx_hal_exti.c **** 
 583:Drivers/STM32G0xx_HAL_Driver/Src/stm32g0xx_hal_exti.c ****   if (Edge != EXTI_TRIGGER_RISING)
 821              		.loc 1 583 0
 822 0010 0129     		cmp	r1, #1
 823 0012 07D0     		beq	.L56
 584:Drivers/STM32G0xx_HAL_Driver/Src/stm32g0xx_hal_exti.c ****   {
 585:Drivers/STM32G0xx_HAL_Driver/Src/stm32g0xx_hal_exti.c ****     /* Get falling edge pending bit */
ARM GAS  /tmp/ccpr00C8.s 			page 26


 586:Drivers/STM32G0xx_HAL_Driver/Src/stm32g0xx_hal_exti.c ****     regaddr = (&EXTI->FPR1 + (EXTI_CONFIG_OFFSET * offset));
 824              		.loc 1 586 0
 825 0014 5B01     		lsls	r3, r3, #5
 826              	.LVL145:
 827 0016 0649     		ldr	r1, .L58
 828              	.LVL146:
 829 0018 8C46     		mov	ip, r1
 830 001a 6344     		add	r3, r3, ip
 831              	.LVL147:
 832              	.L57:
 587:Drivers/STM32G0xx_HAL_Driver/Src/stm32g0xx_hal_exti.c ****   }
 588:Drivers/STM32G0xx_HAL_Driver/Src/stm32g0xx_hal_exti.c ****   else
 589:Drivers/STM32G0xx_HAL_Driver/Src/stm32g0xx_hal_exti.c ****   {
 590:Drivers/STM32G0xx_HAL_Driver/Src/stm32g0xx_hal_exti.c ****     /* Get rising edge pending bit */
 591:Drivers/STM32G0xx_HAL_Driver/Src/stm32g0xx_hal_exti.c ****     regaddr = (&EXTI->RPR1 + (EXTI_CONFIG_OFFSET * offset));
 592:Drivers/STM32G0xx_HAL_Driver/Src/stm32g0xx_hal_exti.c ****   }
 593:Drivers/STM32G0xx_HAL_Driver/Src/stm32g0xx_hal_exti.c **** 
 594:Drivers/STM32G0xx_HAL_Driver/Src/stm32g0xx_hal_exti.c ****   /* return 1 if bit is set else 0 */
 595:Drivers/STM32G0xx_HAL_Driver/Src/stm32g0xx_hal_exti.c ****   regval = ((*regaddr & maskline) >> linepos);
 833              		.loc 1 595 0
 834 001c 1B68     		ldr	r3, [r3]
 835              	.LVL148:
 836 001e 1840     		ands	r0, r3
 837              	.LVL149:
 838 0020 D040     		lsrs	r0, r0, r2
 839              	.LVL150:
 596:Drivers/STM32G0xx_HAL_Driver/Src/stm32g0xx_hal_exti.c ****   return regval;
 597:Drivers/STM32G0xx_HAL_Driver/Src/stm32g0xx_hal_exti.c **** }
 840              		.loc 1 597 0
 841              		@ sp needed
 842              	.LVL151:
 843 0022 10BD     		pop	{r4, pc}
 844              	.LVL152:
 845              	.L56:
 591:Drivers/STM32G0xx_HAL_Driver/Src/stm32g0xx_hal_exti.c ****   }
 846              		.loc 1 591 0
 847 0024 5B01     		lsls	r3, r3, #5
 848              	.LVL153:
 849 0026 0349     		ldr	r1, .L58+4
 850              	.LVL154:
 851 0028 8C46     		mov	ip, r1
 852 002a 6344     		add	r3, r3, ip
 853              	.LVL155:
 854 002c F6E7     		b	.L57
 855              	.L59:
 856 002e C046     		.align	2
 857              	.L58:
 858 0030 10180240 		.word	1073879056
 859 0034 0C180240 		.word	1073879052
 860              		.cfi_endproc
 861              	.LFE179:
 863              		.section	.text.HAL_EXTI_ClearPending,"ax",%progbits
 864              		.align	1
 865              		.global	HAL_EXTI_ClearPending
 866              		.syntax unified
 867              		.code	16
 868              		.thumb_func
ARM GAS  /tmp/ccpr00C8.s 			page 27


 869              		.fpu softvfp
 871              	HAL_EXTI_ClearPending:
 872              	.LFB180:
 598:Drivers/STM32G0xx_HAL_Driver/Src/stm32g0xx_hal_exti.c **** 
 599:Drivers/STM32G0xx_HAL_Driver/Src/stm32g0xx_hal_exti.c **** 
 600:Drivers/STM32G0xx_HAL_Driver/Src/stm32g0xx_hal_exti.c **** /**
 601:Drivers/STM32G0xx_HAL_Driver/Src/stm32g0xx_hal_exti.c ****   * @brief  Clear interrupt pending bit of a dedicated line.
 602:Drivers/STM32G0xx_HAL_Driver/Src/stm32g0xx_hal_exti.c ****   * @param  hexti Exti handle.
 603:Drivers/STM32G0xx_HAL_Driver/Src/stm32g0xx_hal_exti.c ****   * @param  Edge Specify which pending edge as to be clear.
 604:Drivers/STM32G0xx_HAL_Driver/Src/stm32g0xx_hal_exti.c ****   *         This parameter can be one of the following values:
 605:Drivers/STM32G0xx_HAL_Driver/Src/stm32g0xx_hal_exti.c ****   *           @arg @ref EXTI_TRIGGER_RISING
 606:Drivers/STM32G0xx_HAL_Driver/Src/stm32g0xx_hal_exti.c ****   *           @arg @ref EXTI_TRIGGER_FALLING
 607:Drivers/STM32G0xx_HAL_Driver/Src/stm32g0xx_hal_exti.c ****   * @retval None.
 608:Drivers/STM32G0xx_HAL_Driver/Src/stm32g0xx_hal_exti.c ****   */
 609:Drivers/STM32G0xx_HAL_Driver/Src/stm32g0xx_hal_exti.c **** void HAL_EXTI_ClearPending(EXTI_HandleTypeDef *hexti, uint32_t Edge)
 610:Drivers/STM32G0xx_HAL_Driver/Src/stm32g0xx_hal_exti.c **** {
 873              		.loc 1 610 0
 874              		.cfi_startproc
 875              		@ args = 0, pretend = 0, frame = 0
 876              		@ frame_needed = 0, uses_anonymous_args = 0
 877              	.LVL156:
 878 0000 10B5     		push	{r4, lr}
 879              	.LCFI5:
 880              		.cfi_def_cfa_offset 8
 881              		.cfi_offset 4, -8
 882              		.cfi_offset 14, -4
 611:Drivers/STM32G0xx_HAL_Driver/Src/stm32g0xx_hal_exti.c ****   __IO uint32_t *regaddr;
 612:Drivers/STM32G0xx_HAL_Driver/Src/stm32g0xx_hal_exti.c ****   uint32_t maskline;
 613:Drivers/STM32G0xx_HAL_Driver/Src/stm32g0xx_hal_exti.c ****   uint32_t offset;
 614:Drivers/STM32G0xx_HAL_Driver/Src/stm32g0xx_hal_exti.c **** 
 615:Drivers/STM32G0xx_HAL_Driver/Src/stm32g0xx_hal_exti.c ****   /* Check parameters */
 616:Drivers/STM32G0xx_HAL_Driver/Src/stm32g0xx_hal_exti.c ****   assert_param(IS_EXTI_LINE(hexti->Line));
 617:Drivers/STM32G0xx_HAL_Driver/Src/stm32g0xx_hal_exti.c ****   assert_param(IS_EXTI_CONFIG_LINE(hexti->Line));
 618:Drivers/STM32G0xx_HAL_Driver/Src/stm32g0xx_hal_exti.c ****   assert_param(IS_EXTI_PENDING_EDGE(Edge));
 619:Drivers/STM32G0xx_HAL_Driver/Src/stm32g0xx_hal_exti.c **** 
 620:Drivers/STM32G0xx_HAL_Driver/Src/stm32g0xx_hal_exti.c ****   /* compute line register offset and line mask */
 621:Drivers/STM32G0xx_HAL_Driver/Src/stm32g0xx_hal_exti.c ****   offset = ((hexti->Line & EXTI_REG_MASK) >> EXTI_REG_SHIFT);
 883              		.loc 1 621 0
 884 0002 0468     		ldr	r4, [r0]
 885 0004 230C     		lsrs	r3, r4, #16
 886 0006 0122     		movs	r2, #1
 887 0008 1340     		ands	r3, r2
 888              	.LVL157:
 622:Drivers/STM32G0xx_HAL_Driver/Src/stm32g0xx_hal_exti.c ****   maskline = (1uL << (hexti->Line & EXTI_PIN_MASK));
 889              		.loc 1 622 0
 890 000a 1F20     		movs	r0, #31
 891              	.LVL158:
 892 000c 2040     		ands	r0, r4
 893 000e 8240     		lsls	r2, r2, r0
 894              	.LVL159:
 623:Drivers/STM32G0xx_HAL_Driver/Src/stm32g0xx_hal_exti.c **** 
 624:Drivers/STM32G0xx_HAL_Driver/Src/stm32g0xx_hal_exti.c ****   if (Edge != EXTI_TRIGGER_RISING)
 895              		.loc 1 624 0
 896 0010 0129     		cmp	r1, #1
 897 0012 05D0     		beq	.L61
 625:Drivers/STM32G0xx_HAL_Driver/Src/stm32g0xx_hal_exti.c ****   {
 626:Drivers/STM32G0xx_HAL_Driver/Src/stm32g0xx_hal_exti.c ****     /* Get falling edge pending register address */
ARM GAS  /tmp/ccpr00C8.s 			page 28


 627:Drivers/STM32G0xx_HAL_Driver/Src/stm32g0xx_hal_exti.c ****     regaddr = (&EXTI->FPR1 + (EXTI_CONFIG_OFFSET * offset));
 898              		.loc 1 627 0
 899 0014 5B01     		lsls	r3, r3, #5
 900              	.LVL160:
 901 0016 0549     		ldr	r1, .L63
 902              	.LVL161:
 903 0018 8C46     		mov	ip, r1
 904 001a 6344     		add	r3, r3, ip
 905              	.LVL162:
 906              	.L62:
 628:Drivers/STM32G0xx_HAL_Driver/Src/stm32g0xx_hal_exti.c ****   }
 629:Drivers/STM32G0xx_HAL_Driver/Src/stm32g0xx_hal_exti.c ****   else
 630:Drivers/STM32G0xx_HAL_Driver/Src/stm32g0xx_hal_exti.c ****   {
 631:Drivers/STM32G0xx_HAL_Driver/Src/stm32g0xx_hal_exti.c ****     /* Get falling edge pending register address */
 632:Drivers/STM32G0xx_HAL_Driver/Src/stm32g0xx_hal_exti.c ****     regaddr = (&EXTI->RPR1 + (EXTI_CONFIG_OFFSET * offset));
 633:Drivers/STM32G0xx_HAL_Driver/Src/stm32g0xx_hal_exti.c ****   }
 634:Drivers/STM32G0xx_HAL_Driver/Src/stm32g0xx_hal_exti.c **** 
 635:Drivers/STM32G0xx_HAL_Driver/Src/stm32g0xx_hal_exti.c ****   /* Clear Pending bit */
 636:Drivers/STM32G0xx_HAL_Driver/Src/stm32g0xx_hal_exti.c ****   *regaddr =  maskline;
 907              		.loc 1 636 0
 908 001c 1A60     		str	r2, [r3]
 637:Drivers/STM32G0xx_HAL_Driver/Src/stm32g0xx_hal_exti.c **** }
 909              		.loc 1 637 0
 910              		@ sp needed
 911              	.LVL163:
 912 001e 10BD     		pop	{r4, pc}
 913              	.LVL164:
 914              	.L61:
 632:Drivers/STM32G0xx_HAL_Driver/Src/stm32g0xx_hal_exti.c ****   }
 915              		.loc 1 632 0
 916 0020 5B01     		lsls	r3, r3, #5
 917              	.LVL165:
 918 0022 0349     		ldr	r1, .L63+4
 919              	.LVL166:
 920 0024 8C46     		mov	ip, r1
 921 0026 6344     		add	r3, r3, ip
 922              	.LVL167:
 923 0028 F8E7     		b	.L62
 924              	.L64:
 925 002a C046     		.align	2
 926              	.L63:
 927 002c 10180240 		.word	1073879056
 928 0030 0C180240 		.word	1073879052
 929              		.cfi_endproc
 930              	.LFE180:
 932              		.section	.text.HAL_EXTI_GenerateSWI,"ax",%progbits
 933              		.align	1
 934              		.global	HAL_EXTI_GenerateSWI
 935              		.syntax unified
 936              		.code	16
 937              		.thumb_func
 938              		.fpu softvfp
 940              	HAL_EXTI_GenerateSWI:
 941              	.LFB181:
 638:Drivers/STM32G0xx_HAL_Driver/Src/stm32g0xx_hal_exti.c **** 
 639:Drivers/STM32G0xx_HAL_Driver/Src/stm32g0xx_hal_exti.c **** 
 640:Drivers/STM32G0xx_HAL_Driver/Src/stm32g0xx_hal_exti.c **** /**
ARM GAS  /tmp/ccpr00C8.s 			page 29


 641:Drivers/STM32G0xx_HAL_Driver/Src/stm32g0xx_hal_exti.c ****   * @brief  Generate a software interrupt for a dedicated line.
 642:Drivers/STM32G0xx_HAL_Driver/Src/stm32g0xx_hal_exti.c ****   * @param  hexti Exti handle.
 643:Drivers/STM32G0xx_HAL_Driver/Src/stm32g0xx_hal_exti.c ****   * @retval None.
 644:Drivers/STM32G0xx_HAL_Driver/Src/stm32g0xx_hal_exti.c ****   */
 645:Drivers/STM32G0xx_HAL_Driver/Src/stm32g0xx_hal_exti.c **** void HAL_EXTI_GenerateSWI(EXTI_HandleTypeDef *hexti)
 646:Drivers/STM32G0xx_HAL_Driver/Src/stm32g0xx_hal_exti.c **** {
 942              		.loc 1 646 0
 943              		.cfi_startproc
 944              		@ args = 0, pretend = 0, frame = 0
 945              		@ frame_needed = 0, uses_anonymous_args = 0
 946              		@ link register save eliminated.
 947              	.LVL168:
 647:Drivers/STM32G0xx_HAL_Driver/Src/stm32g0xx_hal_exti.c ****   __IO uint32_t *regaddr;
 648:Drivers/STM32G0xx_HAL_Driver/Src/stm32g0xx_hal_exti.c ****   uint32_t maskline;
 649:Drivers/STM32G0xx_HAL_Driver/Src/stm32g0xx_hal_exti.c ****   uint32_t offset;
 650:Drivers/STM32G0xx_HAL_Driver/Src/stm32g0xx_hal_exti.c **** 
 651:Drivers/STM32G0xx_HAL_Driver/Src/stm32g0xx_hal_exti.c ****   /* Check parameterd */
 652:Drivers/STM32G0xx_HAL_Driver/Src/stm32g0xx_hal_exti.c ****   assert_param(IS_EXTI_LINE(hexti->Line));
 653:Drivers/STM32G0xx_HAL_Driver/Src/stm32g0xx_hal_exti.c ****   assert_param(IS_EXTI_CONFIG_LINE(hexti->Line));
 654:Drivers/STM32G0xx_HAL_Driver/Src/stm32g0xx_hal_exti.c **** 
 655:Drivers/STM32G0xx_HAL_Driver/Src/stm32g0xx_hal_exti.c ****   /* compute line register offset and line mask */
 656:Drivers/STM32G0xx_HAL_Driver/Src/stm32g0xx_hal_exti.c ****   offset = ((hexti->Line & EXTI_REG_MASK) >> EXTI_REG_SHIFT);
 948              		.loc 1 656 0
 949 0000 0068     		ldr	r0, [r0]
 950              	.LVL169:
 951 0002 030C     		lsrs	r3, r0, #16
 952 0004 0122     		movs	r2, #1
 953 0006 1340     		ands	r3, r2
 954              	.LVL170:
 657:Drivers/STM32G0xx_HAL_Driver/Src/stm32g0xx_hal_exti.c ****   maskline = (1uL << (hexti->Line & EXTI_PIN_MASK));
 955              		.loc 1 657 0
 956 0008 1F21     		movs	r1, #31
 957 000a 0140     		ands	r1, r0
 958 000c 8A40     		lsls	r2, r2, r1
 959              	.LVL171:
 658:Drivers/STM32G0xx_HAL_Driver/Src/stm32g0xx_hal_exti.c **** 
 659:Drivers/STM32G0xx_HAL_Driver/Src/stm32g0xx_hal_exti.c ****   regaddr = (&EXTI->SWIER1 + (EXTI_CONFIG_OFFSET * offset));
 960              		.loc 1 659 0
 961 000e 5B01     		lsls	r3, r3, #5
 962              	.LVL172:
 963 0010 0249     		ldr	r1, .L66
 964 0012 8C46     		mov	ip, r1
 965 0014 6344     		add	r3, r3, ip
 966              	.LVL173:
 660:Drivers/STM32G0xx_HAL_Driver/Src/stm32g0xx_hal_exti.c ****   *regaddr = maskline;
 967              		.loc 1 660 0
 968 0016 1A60     		str	r2, [r3]
 661:Drivers/STM32G0xx_HAL_Driver/Src/stm32g0xx_hal_exti.c **** }
 969              		.loc 1 661 0
 970              		@ sp needed
 971 0018 7047     		bx	lr
 972              	.L67:
 973 001a C046     		.align	2
 974              	.L66:
 975 001c 08180240 		.word	1073879048
 976              		.cfi_endproc
 977              	.LFE181:
ARM GAS  /tmp/ccpr00C8.s 			page 30


 979              		.text
 980              	.Letext0:
 981              		.file 2 "/usr/include/newlib/machine/_default_types.h"
 982              		.file 3 "/usr/include/newlib/sys/_stdint.h"
 983              		.file 4 "Drivers/CMSIS/Device/ST/STM32G0xx/Include/system_stm32g0xx.h"
 984              		.file 5 "Drivers/CMSIS/Device/ST/STM32G0xx/Include/stm32g071xx.h"
 985              		.file 6 "Drivers/STM32G0xx_HAL_Driver/Inc/stm32g0xx_hal_def.h"
 986              		.file 7 "Drivers/STM32G0xx_HAL_Driver/Inc/stm32g0xx_hal_exti.h"
 987              		.file 8 "Drivers/STM32G0xx_HAL_Driver/Inc/stm32g0xx_hal_flash.h"
 988              		.file 9 "Drivers/STM32G0xx_HAL_Driver/Inc/stm32g0xx_hal.h"
ARM GAS  /tmp/ccpr00C8.s 			page 31


DEFINED SYMBOLS
                            *ABS*:00000000 stm32g0xx_hal_exti.c
     /tmp/ccpr00C8.s:16     .text.HAL_EXTI_SetConfigLine:00000000 $t
     /tmp/ccpr00C8.s:23     .text.HAL_EXTI_SetConfigLine:00000000 HAL_EXTI_SetConfigLine
     /tmp/ccpr00C8.s:228    .text.HAL_EXTI_SetConfigLine:000000b8 $d
     /tmp/ccpr00C8.s:236    .text.HAL_EXTI_GetConfigLine:00000000 $t
     /tmp/ccpr00C8.s:243    .text.HAL_EXTI_GetConfigLine:00000000 HAL_EXTI_GetConfigLine
     /tmp/ccpr00C8.s:432    .text.HAL_EXTI_GetConfigLine:000000b0 $d
     /tmp/ccpr00C8.s:440    .text.HAL_EXTI_ClearConfigLine:00000000 $t
     /tmp/ccpr00C8.s:447    .text.HAL_EXTI_ClearConfigLine:00000000 HAL_EXTI_ClearConfigLine
     /tmp/ccpr00C8.s:588    .text.HAL_EXTI_ClearConfigLine:00000080 $d
     /tmp/ccpr00C8.s:596    .text.HAL_EXTI_RegisterCallback:00000000 $t
     /tmp/ccpr00C8.s:603    .text.HAL_EXTI_RegisterCallback:00000000 HAL_EXTI_RegisterCallback
     /tmp/ccpr00C8.s:657    .text.HAL_EXTI_GetHandle:00000000 $t
     /tmp/ccpr00C8.s:664    .text.HAL_EXTI_GetHandle:00000000 HAL_EXTI_GetHandle
     /tmp/ccpr00C8.s:694    .text.HAL_EXTI_IRQHandler:00000000 $t
     /tmp/ccpr00C8.s:701    .text.HAL_EXTI_IRQHandler:00000000 HAL_EXTI_IRQHandler
     /tmp/ccpr00C8.s:782    .text.HAL_EXTI_IRQHandler:00000040 $d
     /tmp/ccpr00C8.s:788    .text.HAL_EXTI_GetPending:00000000 $t
     /tmp/ccpr00C8.s:795    .text.HAL_EXTI_GetPending:00000000 HAL_EXTI_GetPending
     /tmp/ccpr00C8.s:858    .text.HAL_EXTI_GetPending:00000030 $d
     /tmp/ccpr00C8.s:864    .text.HAL_EXTI_ClearPending:00000000 $t
     /tmp/ccpr00C8.s:871    .text.HAL_EXTI_ClearPending:00000000 HAL_EXTI_ClearPending
     /tmp/ccpr00C8.s:927    .text.HAL_EXTI_ClearPending:0000002c $d
     /tmp/ccpr00C8.s:933    .text.HAL_EXTI_GenerateSWI:00000000 $t
     /tmp/ccpr00C8.s:940    .text.HAL_EXTI_GenerateSWI:00000000 HAL_EXTI_GenerateSWI
     /tmp/ccpr00C8.s:975    .text.HAL_EXTI_GenerateSWI:0000001c $d

NO UNDEFINED SYMBOLS
