ARM GAS  /tmp/cc3SXZ9c.s 			page 1


   1              		.cpu cortex-m0plus
   2              		.eabi_attribute 20, 1
   3              		.eabi_attribute 21, 1
   4              		.eabi_attribute 23, 3
   5              		.eabi_attribute 24, 1
   6              		.eabi_attribute 25, 1
   7              		.eabi_attribute 26, 1
   8              		.eabi_attribute 30, 1
   9              		.eabi_attribute 34, 0
  10              		.eabi_attribute 18, 4
  11              		.file	"stm32g0xx_hal_gpio.c"
  12              		.text
  13              	.Ltext0:
  14              		.cfi_sections	.debug_frame
  15              		.section	.text.HAL_GPIO_Init,"ax",%progbits
  16              		.align	1
  17              		.global	HAL_GPIO_Init
  18              		.syntax unified
  19              		.code	16
  20              		.thumb_func
  21              		.fpu softvfp
  23              	HAL_GPIO_Init:
  24              	.LFB173:
  25              		.file 1 "Drivers/STM32G0xx_HAL_Driver/Src/stm32g0xx_hal_gpio.c"
   1:Drivers/STM32G0xx_HAL_Driver/Src/stm32g0xx_hal_gpio.c **** /**
   2:Drivers/STM32G0xx_HAL_Driver/Src/stm32g0xx_hal_gpio.c ****   ******************************************************************************
   3:Drivers/STM32G0xx_HAL_Driver/Src/stm32g0xx_hal_gpio.c ****   * @file    stm32g0xx_hal_gpio.c
   4:Drivers/STM32G0xx_HAL_Driver/Src/stm32g0xx_hal_gpio.c ****   * @author  MCD Application Team
   5:Drivers/STM32G0xx_HAL_Driver/Src/stm32g0xx_hal_gpio.c ****   * @brief   GPIO HAL module driver.
   6:Drivers/STM32G0xx_HAL_Driver/Src/stm32g0xx_hal_gpio.c ****   *          This file provides firmware functions to manage the following
   7:Drivers/STM32G0xx_HAL_Driver/Src/stm32g0xx_hal_gpio.c ****   *          functionalities of the General Purpose Input/Output (GPIO) peripheral:
   8:Drivers/STM32G0xx_HAL_Driver/Src/stm32g0xx_hal_gpio.c ****   *           + Initialization and de-initialization functions
   9:Drivers/STM32G0xx_HAL_Driver/Src/stm32g0xx_hal_gpio.c ****   *           + IO operation functions
  10:Drivers/STM32G0xx_HAL_Driver/Src/stm32g0xx_hal_gpio.c ****   *
  11:Drivers/STM32G0xx_HAL_Driver/Src/stm32g0xx_hal_gpio.c ****   @verbatim
  12:Drivers/STM32G0xx_HAL_Driver/Src/stm32g0xx_hal_gpio.c ****   ==============================================================================
  13:Drivers/STM32G0xx_HAL_Driver/Src/stm32g0xx_hal_gpio.c ****                     ##### GPIO Peripheral features #####
  14:Drivers/STM32G0xx_HAL_Driver/Src/stm32g0xx_hal_gpio.c ****   ==============================================================================
  15:Drivers/STM32G0xx_HAL_Driver/Src/stm32g0xx_hal_gpio.c ****   [..]
  16:Drivers/STM32G0xx_HAL_Driver/Src/stm32g0xx_hal_gpio.c ****     (+) Each port bit of the general-purpose I/O (GPIO) ports can be individually
  17:Drivers/STM32G0xx_HAL_Driver/Src/stm32g0xx_hal_gpio.c ****         configured by software in several modes:
  18:Drivers/STM32G0xx_HAL_Driver/Src/stm32g0xx_hal_gpio.c ****         (++) Input mode
  19:Drivers/STM32G0xx_HAL_Driver/Src/stm32g0xx_hal_gpio.c ****         (++) Analog mode
  20:Drivers/STM32G0xx_HAL_Driver/Src/stm32g0xx_hal_gpio.c ****         (++) Output mode
  21:Drivers/STM32G0xx_HAL_Driver/Src/stm32g0xx_hal_gpio.c ****         (++) Alternate function mode
  22:Drivers/STM32G0xx_HAL_Driver/Src/stm32g0xx_hal_gpio.c ****         (++) External interrupt/event lines
  23:Drivers/STM32G0xx_HAL_Driver/Src/stm32g0xx_hal_gpio.c **** 
  24:Drivers/STM32G0xx_HAL_Driver/Src/stm32g0xx_hal_gpio.c ****     (+) During and just after reset, the alternate functions and external interrupt
  25:Drivers/STM32G0xx_HAL_Driver/Src/stm32g0xx_hal_gpio.c ****         lines are not active and the I/O ports are configured in input floating mode.
  26:Drivers/STM32G0xx_HAL_Driver/Src/stm32g0xx_hal_gpio.c **** 
  27:Drivers/STM32G0xx_HAL_Driver/Src/stm32g0xx_hal_gpio.c ****     (+) All GPIO pins have weak internal pull-up and pull-down resistors, which can be
  28:Drivers/STM32G0xx_HAL_Driver/Src/stm32g0xx_hal_gpio.c ****         activated or not.
  29:Drivers/STM32G0xx_HAL_Driver/Src/stm32g0xx_hal_gpio.c **** 
  30:Drivers/STM32G0xx_HAL_Driver/Src/stm32g0xx_hal_gpio.c ****     (+) In Output or Alternate mode, each IO can be configured on open-drain or push-pull
  31:Drivers/STM32G0xx_HAL_Driver/Src/stm32g0xx_hal_gpio.c ****         type and the IO speed can be selected depending on the VDD value.
  32:Drivers/STM32G0xx_HAL_Driver/Src/stm32g0xx_hal_gpio.c **** 
  33:Drivers/STM32G0xx_HAL_Driver/Src/stm32g0xx_hal_gpio.c ****     (+) The microcontroller IO pins are connected to onboard peripherals/modules through a
ARM GAS  /tmp/cc3SXZ9c.s 			page 2


  34:Drivers/STM32G0xx_HAL_Driver/Src/stm32g0xx_hal_gpio.c ****         multiplexer that allows only one peripheral alternate function (AF) connected
  35:Drivers/STM32G0xx_HAL_Driver/Src/stm32g0xx_hal_gpio.c ****        to an IO pin at a time. In this way, there can be no conflict between peripherals
  36:Drivers/STM32G0xx_HAL_Driver/Src/stm32g0xx_hal_gpio.c ****        sharing the same IO pin.
  37:Drivers/STM32G0xx_HAL_Driver/Src/stm32g0xx_hal_gpio.c **** 
  38:Drivers/STM32G0xx_HAL_Driver/Src/stm32g0xx_hal_gpio.c ****     (+) All ports have external interrupt/event capability. To use external interrupt
  39:Drivers/STM32G0xx_HAL_Driver/Src/stm32g0xx_hal_gpio.c ****         lines, the port must be configured in input mode. All available GPIO pins are
  40:Drivers/STM32G0xx_HAL_Driver/Src/stm32g0xx_hal_gpio.c ****         connected to the 16 external interrupt/event lines from EXTI0 to EXTI15.
  41:Drivers/STM32G0xx_HAL_Driver/Src/stm32g0xx_hal_gpio.c **** 
  42:Drivers/STM32G0xx_HAL_Driver/Src/stm32g0xx_hal_gpio.c ****     (+) The external interrupt/event controller consists of up to 28 edge detectors
  43:Drivers/STM32G0xx_HAL_Driver/Src/stm32g0xx_hal_gpio.c ****         (16 lines are connected to GPIO) for generating event/interrupt requests (each
  44:Drivers/STM32G0xx_HAL_Driver/Src/stm32g0xx_hal_gpio.c ****         input line can be independently configured to select the type (interrupt or event)
  45:Drivers/STM32G0xx_HAL_Driver/Src/stm32g0xx_hal_gpio.c ****         and the corresponding trigger event (rising or falling or both). Each line can
  46:Drivers/STM32G0xx_HAL_Driver/Src/stm32g0xx_hal_gpio.c ****         also be masked independently.
  47:Drivers/STM32G0xx_HAL_Driver/Src/stm32g0xx_hal_gpio.c **** 
  48:Drivers/STM32G0xx_HAL_Driver/Src/stm32g0xx_hal_gpio.c ****                      ##### How to use this driver #####
  49:Drivers/STM32G0xx_HAL_Driver/Src/stm32g0xx_hal_gpio.c ****   ==============================================================================
  50:Drivers/STM32G0xx_HAL_Driver/Src/stm32g0xx_hal_gpio.c ****   [..]
  51:Drivers/STM32G0xx_HAL_Driver/Src/stm32g0xx_hal_gpio.c ****     (#) Enable the GPIO AHB clock using the following function: __HAL_RCC_GPIOx_CLK_ENABLE().
  52:Drivers/STM32G0xx_HAL_Driver/Src/stm32g0xx_hal_gpio.c **** 
  53:Drivers/STM32G0xx_HAL_Driver/Src/stm32g0xx_hal_gpio.c ****     (#) Configure the GPIO pin(s) using HAL_GPIO_Init().
  54:Drivers/STM32G0xx_HAL_Driver/Src/stm32g0xx_hal_gpio.c ****         (++) Configure the IO mode using "Mode" member from GPIO_InitTypeDef structure
  55:Drivers/STM32G0xx_HAL_Driver/Src/stm32g0xx_hal_gpio.c ****         (++) Activate Pull-up, Pull-down resistor using "Pull" member from GPIO_InitTypeDef
  56:Drivers/STM32G0xx_HAL_Driver/Src/stm32g0xx_hal_gpio.c ****              structure.
  57:Drivers/STM32G0xx_HAL_Driver/Src/stm32g0xx_hal_gpio.c ****         (++) In case of Output or alternate function mode selection: the speed is
  58:Drivers/STM32G0xx_HAL_Driver/Src/stm32g0xx_hal_gpio.c ****              configured through "Speed" member from GPIO_InitTypeDef structure.
  59:Drivers/STM32G0xx_HAL_Driver/Src/stm32g0xx_hal_gpio.c ****         (++) In alternate mode is selection, the alternate function connected to the IO
  60:Drivers/STM32G0xx_HAL_Driver/Src/stm32g0xx_hal_gpio.c ****              is configured through "Alternate" member from GPIO_InitTypeDef structure.
  61:Drivers/STM32G0xx_HAL_Driver/Src/stm32g0xx_hal_gpio.c ****         (++) Analog mode is required when a pin is to be used as ADC channel
  62:Drivers/STM32G0xx_HAL_Driver/Src/stm32g0xx_hal_gpio.c ****              or DAC output.
  63:Drivers/STM32G0xx_HAL_Driver/Src/stm32g0xx_hal_gpio.c ****         (++) In case of external interrupt/event selection the "Mode" member from
  64:Drivers/STM32G0xx_HAL_Driver/Src/stm32g0xx_hal_gpio.c ****              GPIO_InitTypeDef structure select the type (interrupt or event) and
  65:Drivers/STM32G0xx_HAL_Driver/Src/stm32g0xx_hal_gpio.c ****              the corresponding trigger event (rising or falling or both).
  66:Drivers/STM32G0xx_HAL_Driver/Src/stm32g0xx_hal_gpio.c **** 
  67:Drivers/STM32G0xx_HAL_Driver/Src/stm32g0xx_hal_gpio.c ****     (#) In case of external interrupt/event mode selection, configure NVIC IRQ priority
  68:Drivers/STM32G0xx_HAL_Driver/Src/stm32g0xx_hal_gpio.c ****         mapped to the EXTI line using HAL_NVIC_SetPriority() and enable it using
  69:Drivers/STM32G0xx_HAL_Driver/Src/stm32g0xx_hal_gpio.c ****         HAL_NVIC_EnableIRQ().
  70:Drivers/STM32G0xx_HAL_Driver/Src/stm32g0xx_hal_gpio.c **** 
  71:Drivers/STM32G0xx_HAL_Driver/Src/stm32g0xx_hal_gpio.c ****     (#) To get the level of a pin configured in input mode use HAL_GPIO_ReadPin().
  72:Drivers/STM32G0xx_HAL_Driver/Src/stm32g0xx_hal_gpio.c **** 
  73:Drivers/STM32G0xx_HAL_Driver/Src/stm32g0xx_hal_gpio.c ****     (#) To set/reset the level of a pin configured in output mode use
  74:Drivers/STM32G0xx_HAL_Driver/Src/stm32g0xx_hal_gpio.c ****         HAL_GPIO_WritePin()/HAL_GPIO_TogglePin().
  75:Drivers/STM32G0xx_HAL_Driver/Src/stm32g0xx_hal_gpio.c **** 
  76:Drivers/STM32G0xx_HAL_Driver/Src/stm32g0xx_hal_gpio.c ****    (#) To lock pin configuration until next reset use HAL_GPIO_LockPin().
  77:Drivers/STM32G0xx_HAL_Driver/Src/stm32g0xx_hal_gpio.c **** 
  78:Drivers/STM32G0xx_HAL_Driver/Src/stm32g0xx_hal_gpio.c ****     (#) During and just after reset, the alternate functions are not
  79:Drivers/STM32G0xx_HAL_Driver/Src/stm32g0xx_hal_gpio.c ****         active and the GPIO pins are configured in input floating mode (except JTAG
  80:Drivers/STM32G0xx_HAL_Driver/Src/stm32g0xx_hal_gpio.c ****         pins).
  81:Drivers/STM32G0xx_HAL_Driver/Src/stm32g0xx_hal_gpio.c **** 
  82:Drivers/STM32G0xx_HAL_Driver/Src/stm32g0xx_hal_gpio.c ****     (#) The LSE oscillator pins OSC32_IN and OSC32_OUT can be used as general purpose
  83:Drivers/STM32G0xx_HAL_Driver/Src/stm32g0xx_hal_gpio.c ****         (PC14 and PC15, respectively) when the LSE oscillator is off. The LSE has
  84:Drivers/STM32G0xx_HAL_Driver/Src/stm32g0xx_hal_gpio.c ****         priority over the GPIO function.
  85:Drivers/STM32G0xx_HAL_Driver/Src/stm32g0xx_hal_gpio.c **** 
  86:Drivers/STM32G0xx_HAL_Driver/Src/stm32g0xx_hal_gpio.c ****     (#) The HSE oscillator pins OSC_IN/OSC_OUT can be used as
  87:Drivers/STM32G0xx_HAL_Driver/Src/stm32g0xx_hal_gpio.c ****         general purpose PF0 and PF1, respectively, when the HSE oscillator is off.
  88:Drivers/STM32G0xx_HAL_Driver/Src/stm32g0xx_hal_gpio.c ****         The HSE has priority over the GPIO function.
  89:Drivers/STM32G0xx_HAL_Driver/Src/stm32g0xx_hal_gpio.c **** 
  90:Drivers/STM32G0xx_HAL_Driver/Src/stm32g0xx_hal_gpio.c ****   @endverbatim
ARM GAS  /tmp/cc3SXZ9c.s 			page 3


  91:Drivers/STM32G0xx_HAL_Driver/Src/stm32g0xx_hal_gpio.c ****   ******************************************************************************
  92:Drivers/STM32G0xx_HAL_Driver/Src/stm32g0xx_hal_gpio.c ****   * @attention
  93:Drivers/STM32G0xx_HAL_Driver/Src/stm32g0xx_hal_gpio.c ****   *
  94:Drivers/STM32G0xx_HAL_Driver/Src/stm32g0xx_hal_gpio.c ****   * <h2><center>&copy; Copyright (c) 2018 STMicroelectronics. 
  95:Drivers/STM32G0xx_HAL_Driver/Src/stm32g0xx_hal_gpio.c ****   * All rights reserved.</center></h2>
  96:Drivers/STM32G0xx_HAL_Driver/Src/stm32g0xx_hal_gpio.c ****   *
  97:Drivers/STM32G0xx_HAL_Driver/Src/stm32g0xx_hal_gpio.c ****   * This software component is licensed by ST under BSD 3-Clause license,
  98:Drivers/STM32G0xx_HAL_Driver/Src/stm32g0xx_hal_gpio.c ****   * the "License"; You may not use this file except in compliance with the 
  99:Drivers/STM32G0xx_HAL_Driver/Src/stm32g0xx_hal_gpio.c ****   * License. You may obtain a copy of the License at:
 100:Drivers/STM32G0xx_HAL_Driver/Src/stm32g0xx_hal_gpio.c ****   *                        opensource.org/licenses/BSD-3-Clause
 101:Drivers/STM32G0xx_HAL_Driver/Src/stm32g0xx_hal_gpio.c ****   *
 102:Drivers/STM32G0xx_HAL_Driver/Src/stm32g0xx_hal_gpio.c ****   ******************************************************************************
 103:Drivers/STM32G0xx_HAL_Driver/Src/stm32g0xx_hal_gpio.c ****   */
 104:Drivers/STM32G0xx_HAL_Driver/Src/stm32g0xx_hal_gpio.c **** 
 105:Drivers/STM32G0xx_HAL_Driver/Src/stm32g0xx_hal_gpio.c **** /* Includes ------------------------------------------------------------------*/
 106:Drivers/STM32G0xx_HAL_Driver/Src/stm32g0xx_hal_gpio.c **** #include "stm32g0xx_hal.h"
 107:Drivers/STM32G0xx_HAL_Driver/Src/stm32g0xx_hal_gpio.c **** 
 108:Drivers/STM32G0xx_HAL_Driver/Src/stm32g0xx_hal_gpio.c **** /** @addtogroup STM32G0xx_HAL_Driver
 109:Drivers/STM32G0xx_HAL_Driver/Src/stm32g0xx_hal_gpio.c ****   * @{
 110:Drivers/STM32G0xx_HAL_Driver/Src/stm32g0xx_hal_gpio.c ****   */
 111:Drivers/STM32G0xx_HAL_Driver/Src/stm32g0xx_hal_gpio.c **** 
 112:Drivers/STM32G0xx_HAL_Driver/Src/stm32g0xx_hal_gpio.c **** /** @addtogroup GPIO
 113:Drivers/STM32G0xx_HAL_Driver/Src/stm32g0xx_hal_gpio.c ****   * @{
 114:Drivers/STM32G0xx_HAL_Driver/Src/stm32g0xx_hal_gpio.c ****   */
 115:Drivers/STM32G0xx_HAL_Driver/Src/stm32g0xx_hal_gpio.c **** /** MISRA C:2012 deviation rule has been granted for following rules:
 116:Drivers/STM32G0xx_HAL_Driver/Src/stm32g0xx_hal_gpio.c ****   * Rule-12.2 - Medium: RHS argument is in interval [0,INF] which is out of
 117:Drivers/STM32G0xx_HAL_Driver/Src/stm32g0xx_hal_gpio.c ****   * range of the shift operator in following API :
 118:Drivers/STM32G0xx_HAL_Driver/Src/stm32g0xx_hal_gpio.c ****   * HAL_GPIO_Init
 119:Drivers/STM32G0xx_HAL_Driver/Src/stm32g0xx_hal_gpio.c ****   * HAL_GPIO_DeInit
 120:Drivers/STM32G0xx_HAL_Driver/Src/stm32g0xx_hal_gpio.c ****   */
 121:Drivers/STM32G0xx_HAL_Driver/Src/stm32g0xx_hal_gpio.c **** 
 122:Drivers/STM32G0xx_HAL_Driver/Src/stm32g0xx_hal_gpio.c **** #ifdef HAL_GPIO_MODULE_ENABLED
 123:Drivers/STM32G0xx_HAL_Driver/Src/stm32g0xx_hal_gpio.c **** 
 124:Drivers/STM32G0xx_HAL_Driver/Src/stm32g0xx_hal_gpio.c **** /* Private typedef -----------------------------------------------------------*/
 125:Drivers/STM32G0xx_HAL_Driver/Src/stm32g0xx_hal_gpio.c **** /* Private defines ------------------------------------------------------------*/
 126:Drivers/STM32G0xx_HAL_Driver/Src/stm32g0xx_hal_gpio.c **** /** @defgroup GPIO_Private_Constants GPIO Private Constants
 127:Drivers/STM32G0xx_HAL_Driver/Src/stm32g0xx_hal_gpio.c ****   * @{
 128:Drivers/STM32G0xx_HAL_Driver/Src/stm32g0xx_hal_gpio.c ****   */
 129:Drivers/STM32G0xx_HAL_Driver/Src/stm32g0xx_hal_gpio.c **** #define GPIO_MODE             (0x00000003u)
 130:Drivers/STM32G0xx_HAL_Driver/Src/stm32g0xx_hal_gpio.c **** #define EXTI_MODE             (0x10000000u)
 131:Drivers/STM32G0xx_HAL_Driver/Src/stm32g0xx_hal_gpio.c **** #define GPIO_MODE_IT          (0x00010000u)
 132:Drivers/STM32G0xx_HAL_Driver/Src/stm32g0xx_hal_gpio.c **** #define GPIO_MODE_EVT         (0x00020000u)
 133:Drivers/STM32G0xx_HAL_Driver/Src/stm32g0xx_hal_gpio.c **** #define RISING_EDGE           (0x00100000u)
 134:Drivers/STM32G0xx_HAL_Driver/Src/stm32g0xx_hal_gpio.c **** #define FALLING_EDGE          (0x00200000u)
 135:Drivers/STM32G0xx_HAL_Driver/Src/stm32g0xx_hal_gpio.c **** #define GPIO_OUTPUT_TYPE      (0x00000010u)
 136:Drivers/STM32G0xx_HAL_Driver/Src/stm32g0xx_hal_gpio.c **** 
 137:Drivers/STM32G0xx_HAL_Driver/Src/stm32g0xx_hal_gpio.c **** #define GPIO_NUMBER           (16u)
 138:Drivers/STM32G0xx_HAL_Driver/Src/stm32g0xx_hal_gpio.c **** /**
 139:Drivers/STM32G0xx_HAL_Driver/Src/stm32g0xx_hal_gpio.c ****   * @}
 140:Drivers/STM32G0xx_HAL_Driver/Src/stm32g0xx_hal_gpio.c ****   */
 141:Drivers/STM32G0xx_HAL_Driver/Src/stm32g0xx_hal_gpio.c **** 
 142:Drivers/STM32G0xx_HAL_Driver/Src/stm32g0xx_hal_gpio.c **** /* Private macros ------------------------------------------------------------*/
 143:Drivers/STM32G0xx_HAL_Driver/Src/stm32g0xx_hal_gpio.c **** /* Private variables ---------------------------------------------------------*/
 144:Drivers/STM32G0xx_HAL_Driver/Src/stm32g0xx_hal_gpio.c **** /* Private function prototypes -----------------------------------------------*/
 145:Drivers/STM32G0xx_HAL_Driver/Src/stm32g0xx_hal_gpio.c **** /* Exported functions --------------------------------------------------------*/
 146:Drivers/STM32G0xx_HAL_Driver/Src/stm32g0xx_hal_gpio.c **** 
 147:Drivers/STM32G0xx_HAL_Driver/Src/stm32g0xx_hal_gpio.c **** /** @addtogroup GPIO_Exported_Functions
ARM GAS  /tmp/cc3SXZ9c.s 			page 4


 148:Drivers/STM32G0xx_HAL_Driver/Src/stm32g0xx_hal_gpio.c ****   * @{
 149:Drivers/STM32G0xx_HAL_Driver/Src/stm32g0xx_hal_gpio.c ****   */
 150:Drivers/STM32G0xx_HAL_Driver/Src/stm32g0xx_hal_gpio.c **** 
 151:Drivers/STM32G0xx_HAL_Driver/Src/stm32g0xx_hal_gpio.c **** /** @addtogroup GPIO_Exported_Functions_Group1
 152:Drivers/STM32G0xx_HAL_Driver/Src/stm32g0xx_hal_gpio.c ****  *  @brief    Initialization and Configuration functions
 153:Drivers/STM32G0xx_HAL_Driver/Src/stm32g0xx_hal_gpio.c ****  *
 154:Drivers/STM32G0xx_HAL_Driver/Src/stm32g0xx_hal_gpio.c **** @verbatim
 155:Drivers/STM32G0xx_HAL_Driver/Src/stm32g0xx_hal_gpio.c ****  ===============================================================================
 156:Drivers/STM32G0xx_HAL_Driver/Src/stm32g0xx_hal_gpio.c ****               ##### Initialization and de-initialization functions #####
 157:Drivers/STM32G0xx_HAL_Driver/Src/stm32g0xx_hal_gpio.c ****  ===============================================================================
 158:Drivers/STM32G0xx_HAL_Driver/Src/stm32g0xx_hal_gpio.c **** 
 159:Drivers/STM32G0xx_HAL_Driver/Src/stm32g0xx_hal_gpio.c **** @endverbatim
 160:Drivers/STM32G0xx_HAL_Driver/Src/stm32g0xx_hal_gpio.c ****   * @{
 161:Drivers/STM32G0xx_HAL_Driver/Src/stm32g0xx_hal_gpio.c ****   */
 162:Drivers/STM32G0xx_HAL_Driver/Src/stm32g0xx_hal_gpio.c **** 
 163:Drivers/STM32G0xx_HAL_Driver/Src/stm32g0xx_hal_gpio.c **** /**
 164:Drivers/STM32G0xx_HAL_Driver/Src/stm32g0xx_hal_gpio.c ****   * @brief  Initialize the GPIOx peripheral according to the specified parameters in the GPIO_Init.
 165:Drivers/STM32G0xx_HAL_Driver/Src/stm32g0xx_hal_gpio.c ****   * @param  GPIOx where x can be (A..F) to select the GPIO peripheral for STM32G0xx family
 166:Drivers/STM32G0xx_HAL_Driver/Src/stm32g0xx_hal_gpio.c ****   * @param  GPIO_Init pointer to a GPIO_InitTypeDef structure that contains
 167:Drivers/STM32G0xx_HAL_Driver/Src/stm32g0xx_hal_gpio.c ****   *         the configuration information for the specified GPIO peripheral.
 168:Drivers/STM32G0xx_HAL_Driver/Src/stm32g0xx_hal_gpio.c ****   * @retval None
 169:Drivers/STM32G0xx_HAL_Driver/Src/stm32g0xx_hal_gpio.c ****   */
 170:Drivers/STM32G0xx_HAL_Driver/Src/stm32g0xx_hal_gpio.c **** void HAL_GPIO_Init(GPIO_TypeDef  *GPIOx, GPIO_InitTypeDef *GPIO_Init)
 171:Drivers/STM32G0xx_HAL_Driver/Src/stm32g0xx_hal_gpio.c **** {
  26              		.loc 1 171 0
  27              		.cfi_startproc
  28              		@ args = 0, pretend = 0, frame = 0
  29              		@ frame_needed = 0, uses_anonymous_args = 0
  30              	.LVL0:
  31 0000 F0B5     		push	{r4, r5, r6, r7, lr}
  32              	.LCFI0:
  33              		.cfi_def_cfa_offset 20
  34              		.cfi_offset 4, -20
  35              		.cfi_offset 5, -16
  36              		.cfi_offset 6, -12
  37              		.cfi_offset 7, -8
  38              		.cfi_offset 14, -4
  39 0002 C646     		mov	lr, r8
  40 0004 00B5     		push	{lr}
  41              	.LCFI1:
  42              		.cfi_def_cfa_offset 24
  43              		.cfi_offset 8, -24
  44              	.LVL1:
 172:Drivers/STM32G0xx_HAL_Driver/Src/stm32g0xx_hal_gpio.c ****   uint32_t position = 0x00u;
  45              		.loc 1 172 0
  46 0006 0023     		movs	r3, #0
 173:Drivers/STM32G0xx_HAL_Driver/Src/stm32g0xx_hal_gpio.c ****   uint32_t iocurrent;
 174:Drivers/STM32G0xx_HAL_Driver/Src/stm32g0xx_hal_gpio.c ****   uint32_t temp;
 175:Drivers/STM32G0xx_HAL_Driver/Src/stm32g0xx_hal_gpio.c **** 
 176:Drivers/STM32G0xx_HAL_Driver/Src/stm32g0xx_hal_gpio.c ****   /* Check the parameters */
 177:Drivers/STM32G0xx_HAL_Driver/Src/stm32g0xx_hal_gpio.c ****   assert_param(IS_GPIO_ALL_INSTANCE(GPIOx));
 178:Drivers/STM32G0xx_HAL_Driver/Src/stm32g0xx_hal_gpio.c ****   assert_param(IS_GPIO_PIN(GPIO_Init->Pin));
 179:Drivers/STM32G0xx_HAL_Driver/Src/stm32g0xx_hal_gpio.c ****   assert_param(IS_GPIO_MODE(GPIO_Init->Mode));
 180:Drivers/STM32G0xx_HAL_Driver/Src/stm32g0xx_hal_gpio.c ****   assert_param(IS_GPIO_PULL(GPIO_Init->Pull));
 181:Drivers/STM32G0xx_HAL_Driver/Src/stm32g0xx_hal_gpio.c **** 
 182:Drivers/STM32G0xx_HAL_Driver/Src/stm32g0xx_hal_gpio.c ****   /* Configure the port pins */
 183:Drivers/STM32G0xx_HAL_Driver/Src/stm32g0xx_hal_gpio.c ****   while (((GPIO_Init->Pin) >> position) != 0x00u)
ARM GAS  /tmp/cc3SXZ9c.s 			page 5


  47              		.loc 1 183 0
  48 0008 3BE0     		b	.L2
  49              	.LVL2:
  50              	.L19:
 184:Drivers/STM32G0xx_HAL_Driver/Src/stm32g0xx_hal_gpio.c ****   {
 185:Drivers/STM32G0xx_HAL_Driver/Src/stm32g0xx_hal_gpio.c ****     /* Get current io position */
 186:Drivers/STM32G0xx_HAL_Driver/Src/stm32g0xx_hal_gpio.c ****     iocurrent = (GPIO_Init->Pin) & (1uL << position);
 187:Drivers/STM32G0xx_HAL_Driver/Src/stm32g0xx_hal_gpio.c **** 
 188:Drivers/STM32G0xx_HAL_Driver/Src/stm32g0xx_hal_gpio.c ****     if (iocurrent != 0x00u)
 189:Drivers/STM32G0xx_HAL_Driver/Src/stm32g0xx_hal_gpio.c ****     {
 190:Drivers/STM32G0xx_HAL_Driver/Src/stm32g0xx_hal_gpio.c ****       /*--------------------- GPIO Mode Configuration ------------------------*/
 191:Drivers/STM32G0xx_HAL_Driver/Src/stm32g0xx_hal_gpio.c ****       /* In case of Alternate function mode selection */
 192:Drivers/STM32G0xx_HAL_Driver/Src/stm32g0xx_hal_gpio.c ****       if ((GPIO_Init->Mode == GPIO_MODE_AF_PP) || (GPIO_Init->Mode == GPIO_MODE_AF_OD))
 193:Drivers/STM32G0xx_HAL_Driver/Src/stm32g0xx_hal_gpio.c ****       {
 194:Drivers/STM32G0xx_HAL_Driver/Src/stm32g0xx_hal_gpio.c ****         /* Check the Alternate function parameters */
 195:Drivers/STM32G0xx_HAL_Driver/Src/stm32g0xx_hal_gpio.c ****         assert_param(IS_GPIO_AF_INSTANCE(GPIOx));
 196:Drivers/STM32G0xx_HAL_Driver/Src/stm32g0xx_hal_gpio.c ****         assert_param(IS_GPIO_AF(GPIO_Init->Alternate));
 197:Drivers/STM32G0xx_HAL_Driver/Src/stm32g0xx_hal_gpio.c **** 
 198:Drivers/STM32G0xx_HAL_Driver/Src/stm32g0xx_hal_gpio.c ****         /* Configure Alternate function mapped with the current IO */
 199:Drivers/STM32G0xx_HAL_Driver/Src/stm32g0xx_hal_gpio.c ****         temp = GPIOx->AFR[position >> 3u];
 200:Drivers/STM32G0xx_HAL_Driver/Src/stm32g0xx_hal_gpio.c ****         temp &= ~(0xFu << ((position & 0x07u) * 4u));
 201:Drivers/STM32G0xx_HAL_Driver/Src/stm32g0xx_hal_gpio.c ****         temp |= ((GPIO_Init->Alternate) << ((position & 0x07u) * 4u));
 202:Drivers/STM32G0xx_HAL_Driver/Src/stm32g0xx_hal_gpio.c ****         GPIOx->AFR[position >> 3u] = temp;
 203:Drivers/STM32G0xx_HAL_Driver/Src/stm32g0xx_hal_gpio.c ****       }
 204:Drivers/STM32G0xx_HAL_Driver/Src/stm32g0xx_hal_gpio.c **** 
 205:Drivers/STM32G0xx_HAL_Driver/Src/stm32g0xx_hal_gpio.c ****       /* Configure IO Direction mode (Input, Output, Alternate or Analog) */
 206:Drivers/STM32G0xx_HAL_Driver/Src/stm32g0xx_hal_gpio.c ****       temp = GPIOx->MODER;
 207:Drivers/STM32G0xx_HAL_Driver/Src/stm32g0xx_hal_gpio.c ****       temp &= ~(GPIO_MODER_MODE0 << (position * 2u));
 208:Drivers/STM32G0xx_HAL_Driver/Src/stm32g0xx_hal_gpio.c ****       temp |= ((GPIO_Init->Mode & GPIO_MODE) << (position * 2u));
 209:Drivers/STM32G0xx_HAL_Driver/Src/stm32g0xx_hal_gpio.c ****       GPIOx->MODER = temp;
 210:Drivers/STM32G0xx_HAL_Driver/Src/stm32g0xx_hal_gpio.c **** 
 211:Drivers/STM32G0xx_HAL_Driver/Src/stm32g0xx_hal_gpio.c ****       /* In case of Output or Alternate function mode selection */
 212:Drivers/STM32G0xx_HAL_Driver/Src/stm32g0xx_hal_gpio.c ****       if ((GPIO_Init->Mode == GPIO_MODE_OUTPUT_PP) || (GPIO_Init->Mode == GPIO_MODE_AF_PP) ||
 213:Drivers/STM32G0xx_HAL_Driver/Src/stm32g0xx_hal_gpio.c ****           (GPIO_Init->Mode == GPIO_MODE_OUTPUT_OD) || (GPIO_Init->Mode == GPIO_MODE_AF_OD))
 214:Drivers/STM32G0xx_HAL_Driver/Src/stm32g0xx_hal_gpio.c ****       {
 215:Drivers/STM32G0xx_HAL_Driver/Src/stm32g0xx_hal_gpio.c ****         /* Check the Speed parameter */
 216:Drivers/STM32G0xx_HAL_Driver/Src/stm32g0xx_hal_gpio.c ****         assert_param(IS_GPIO_SPEED(GPIO_Init->Speed));
 217:Drivers/STM32G0xx_HAL_Driver/Src/stm32g0xx_hal_gpio.c ****         /* Configure the IO Speed */
 218:Drivers/STM32G0xx_HAL_Driver/Src/stm32g0xx_hal_gpio.c ****         temp = GPIOx->OSPEEDR;
 219:Drivers/STM32G0xx_HAL_Driver/Src/stm32g0xx_hal_gpio.c ****         temp &= ~(GPIO_OSPEEDR_OSPEED0 << (position * 2u));
 220:Drivers/STM32G0xx_HAL_Driver/Src/stm32g0xx_hal_gpio.c ****         temp |= (GPIO_Init->Speed << (position * 2u));
 221:Drivers/STM32G0xx_HAL_Driver/Src/stm32g0xx_hal_gpio.c ****         GPIOx->OSPEEDR = temp;
 222:Drivers/STM32G0xx_HAL_Driver/Src/stm32g0xx_hal_gpio.c **** 
 223:Drivers/STM32G0xx_HAL_Driver/Src/stm32g0xx_hal_gpio.c ****         /* Configure the IO Output Type */
 224:Drivers/STM32G0xx_HAL_Driver/Src/stm32g0xx_hal_gpio.c ****         temp = GPIOx->OTYPER;
 225:Drivers/STM32G0xx_HAL_Driver/Src/stm32g0xx_hal_gpio.c ****         temp &= ~(GPIO_OTYPER_OT0 << position) ;
 226:Drivers/STM32G0xx_HAL_Driver/Src/stm32g0xx_hal_gpio.c ****         temp |= (((GPIO_Init->Mode & GPIO_OUTPUT_TYPE) >> 4u) << position);
 227:Drivers/STM32G0xx_HAL_Driver/Src/stm32g0xx_hal_gpio.c ****         GPIOx->OTYPER = temp;
 228:Drivers/STM32G0xx_HAL_Driver/Src/stm32g0xx_hal_gpio.c ****       }
 229:Drivers/STM32G0xx_HAL_Driver/Src/stm32g0xx_hal_gpio.c **** 
 230:Drivers/STM32G0xx_HAL_Driver/Src/stm32g0xx_hal_gpio.c ****       /* Activate the Pull-up or Pull down resistor for the current IO */
 231:Drivers/STM32G0xx_HAL_Driver/Src/stm32g0xx_hal_gpio.c ****       temp = GPIOx->PUPDR;
 232:Drivers/STM32G0xx_HAL_Driver/Src/stm32g0xx_hal_gpio.c ****       temp &= ~(GPIO_PUPDR_PUPD0 << (position * 2u));
 233:Drivers/STM32G0xx_HAL_Driver/Src/stm32g0xx_hal_gpio.c ****       temp |= ((GPIO_Init->Pull) << (position * 2u));
 234:Drivers/STM32G0xx_HAL_Driver/Src/stm32g0xx_hal_gpio.c ****       GPIOx->PUPDR = temp;
 235:Drivers/STM32G0xx_HAL_Driver/Src/stm32g0xx_hal_gpio.c **** 
 236:Drivers/STM32G0xx_HAL_Driver/Src/stm32g0xx_hal_gpio.c ****       /*--------------------- EXTI Mode Configuration ------------------------*/
ARM GAS  /tmp/cc3SXZ9c.s 			page 6


 237:Drivers/STM32G0xx_HAL_Driver/Src/stm32g0xx_hal_gpio.c ****       /* Configure the External Interrupt or event for the current IO */
 238:Drivers/STM32G0xx_HAL_Driver/Src/stm32g0xx_hal_gpio.c ****       if ((GPIO_Init->Mode & EXTI_MODE) == EXTI_MODE)
 239:Drivers/STM32G0xx_HAL_Driver/Src/stm32g0xx_hal_gpio.c ****       {
 240:Drivers/STM32G0xx_HAL_Driver/Src/stm32g0xx_hal_gpio.c ****         temp = EXTI->EXTICR[position >> 2u];
 241:Drivers/STM32G0xx_HAL_Driver/Src/stm32g0xx_hal_gpio.c ****         temp &= ~(0x0FuL << (8u * (position & 0x03u)));
 242:Drivers/STM32G0xx_HAL_Driver/Src/stm32g0xx_hal_gpio.c ****         temp |= (GPIO_GET_INDEX(GPIOx) << (8u * (position & 0x03u)));
  51              		.loc 1 242 0
  52 000a 0326     		movs	r6, #3
  53 000c 00E0     		b	.L8
  54              	.L14:
  55 000e 0026     		movs	r6, #0
  56              	.L8:
  57              		.loc 1 242 0 is_stmt 0 discriminator 16
  58 0010 AE40     		lsls	r6, r6, r5
  59 0012 3500     		movs	r5, r6
  60 0014 3D43     		orrs	r5, r7
  61              	.LVL3:
 243:Drivers/STM32G0xx_HAL_Driver/Src/stm32g0xx_hal_gpio.c ****         EXTI->EXTICR[position >> 2u] = temp;
  62              		.loc 1 243 0 is_stmt 1 discriminator 16
  63 0016 534E     		ldr	r6, .L20
  64 0018 1834     		adds	r4, r4, #24
  65 001a A400     		lsls	r4, r4, #2
  66 001c A551     		str	r5, [r4, r6]
 244:Drivers/STM32G0xx_HAL_Driver/Src/stm32g0xx_hal_gpio.c **** 
 245:Drivers/STM32G0xx_HAL_Driver/Src/stm32g0xx_hal_gpio.c ****         /* Clear EXTI line configuration */
 246:Drivers/STM32G0xx_HAL_Driver/Src/stm32g0xx_hal_gpio.c ****         temp = EXTI->IMR1;
  67              		.loc 1 246 0 discriminator 16
  68 001e 8024     		movs	r4, #128
  69 0020 3559     		ldr	r5, [r6, r4]
  70              	.LVL4:
 247:Drivers/STM32G0xx_HAL_Driver/Src/stm32g0xx_hal_gpio.c ****         temp &= ~(iocurrent);
  71              		.loc 1 247 0 discriminator 16
  72 0022 4246     		mov	r2, r8
  73 0024 D443     		mvns	r4, r2
  74 0026 2E00     		movs	r6, r5
  75 0028 2640     		ands	r6, r4
  76              	.LVL5:
 248:Drivers/STM32G0xx_HAL_Driver/Src/stm32g0xx_hal_gpio.c ****         if ((GPIO_Init->Mode & GPIO_MODE_IT) == GPIO_MODE_IT)
  77              		.loc 1 248 0 discriminator 16
  78 002a 4A68     		ldr	r2, [r1, #4]
  79 002c D203     		lsls	r2, r2, #15
  80 002e 02D5     		bpl	.L9
 249:Drivers/STM32G0xx_HAL_Driver/Src/stm32g0xx_hal_gpio.c ****         {
 250:Drivers/STM32G0xx_HAL_Driver/Src/stm32g0xx_hal_gpio.c ****           temp |= iocurrent;
  81              		.loc 1 250 0
  82 0030 4246     		mov	r2, r8
  83 0032 1543     		orrs	r5, r2
  84 0034 2E00     		movs	r6, r5
  85              	.LVL6:
  86              	.L9:
 251:Drivers/STM32G0xx_HAL_Driver/Src/stm32g0xx_hal_gpio.c ****         }
 252:Drivers/STM32G0xx_HAL_Driver/Src/stm32g0xx_hal_gpio.c ****         EXTI->IMR1 = temp;
  87              		.loc 1 252 0
  88 0036 4B4D     		ldr	r5, .L20
  89 0038 8027     		movs	r7, #128
  90 003a EE51     		str	r6, [r5, r7]
 253:Drivers/STM32G0xx_HAL_Driver/Src/stm32g0xx_hal_gpio.c **** 
ARM GAS  /tmp/cc3SXZ9c.s 			page 7


 254:Drivers/STM32G0xx_HAL_Driver/Src/stm32g0xx_hal_gpio.c ****         temp = EXTI->EMR1;
  91              		.loc 1 254 0
  92 003c 8426     		movs	r6, #132
  93              	.LVL7:
  94 003e AD59     		ldr	r5, [r5, r6]
  95              	.LVL8:
 255:Drivers/STM32G0xx_HAL_Driver/Src/stm32g0xx_hal_gpio.c ****         temp &= ~(iocurrent);
  96              		.loc 1 255 0
  97 0040 2E00     		movs	r6, r5
  98 0042 2640     		ands	r6, r4
  99              	.LVL9:
 256:Drivers/STM32G0xx_HAL_Driver/Src/stm32g0xx_hal_gpio.c ****         if ((GPIO_Init->Mode & GPIO_MODE_EVT) == GPIO_MODE_EVT)
 100              		.loc 1 256 0
 101 0044 4A68     		ldr	r2, [r1, #4]
 102 0046 9203     		lsls	r2, r2, #14
 103 0048 02D5     		bpl	.L10
 257:Drivers/STM32G0xx_HAL_Driver/Src/stm32g0xx_hal_gpio.c ****         {
 258:Drivers/STM32G0xx_HAL_Driver/Src/stm32g0xx_hal_gpio.c ****           temp |= iocurrent;
 104              		.loc 1 258 0
 105 004a 4246     		mov	r2, r8
 106 004c 1543     		orrs	r5, r2
 107 004e 2E00     		movs	r6, r5
 108              	.LVL10:
 109              	.L10:
 259:Drivers/STM32G0xx_HAL_Driver/Src/stm32g0xx_hal_gpio.c ****         }
 260:Drivers/STM32G0xx_HAL_Driver/Src/stm32g0xx_hal_gpio.c ****         EXTI->EMR1 = temp;
 110              		.loc 1 260 0
 111 0050 444D     		ldr	r5, .L20
 112 0052 8427     		movs	r7, #132
 113 0054 EE51     		str	r6, [r5, r7]
 261:Drivers/STM32G0xx_HAL_Driver/Src/stm32g0xx_hal_gpio.c **** 
 262:Drivers/STM32G0xx_HAL_Driver/Src/stm32g0xx_hal_gpio.c ****         /* Clear Rising Falling edge configuration */
 263:Drivers/STM32G0xx_HAL_Driver/Src/stm32g0xx_hal_gpio.c ****         temp = EXTI->RTSR1;
 114              		.loc 1 263 0
 115 0056 2D68     		ldr	r5, [r5]
 116              	.LVL11:
 264:Drivers/STM32G0xx_HAL_Driver/Src/stm32g0xx_hal_gpio.c ****         temp &= ~(iocurrent);
 117              		.loc 1 264 0
 118 0058 2E00     		movs	r6, r5
 119 005a 2640     		ands	r6, r4
 120              	.LVL12:
 265:Drivers/STM32G0xx_HAL_Driver/Src/stm32g0xx_hal_gpio.c ****         if ((GPIO_Init->Mode & RISING_EDGE) == RISING_EDGE)
 121              		.loc 1 265 0
 122 005c 4A68     		ldr	r2, [r1, #4]
 123 005e D202     		lsls	r2, r2, #11
 124 0060 02D5     		bpl	.L11
 266:Drivers/STM32G0xx_HAL_Driver/Src/stm32g0xx_hal_gpio.c ****         {
 267:Drivers/STM32G0xx_HAL_Driver/Src/stm32g0xx_hal_gpio.c ****           temp |= iocurrent;
 125              		.loc 1 267 0
 126 0062 4246     		mov	r2, r8
 127 0064 1543     		orrs	r5, r2
 128 0066 2E00     		movs	r6, r5
 129              	.LVL13:
 130              	.L11:
 268:Drivers/STM32G0xx_HAL_Driver/Src/stm32g0xx_hal_gpio.c ****         }
 269:Drivers/STM32G0xx_HAL_Driver/Src/stm32g0xx_hal_gpio.c ****         EXTI->RTSR1 = temp;
 131              		.loc 1 269 0
ARM GAS  /tmp/cc3SXZ9c.s 			page 8


 132 0068 3E4D     		ldr	r5, .L20
 133 006a 2E60     		str	r6, [r5]
 270:Drivers/STM32G0xx_HAL_Driver/Src/stm32g0xx_hal_gpio.c **** 
 271:Drivers/STM32G0xx_HAL_Driver/Src/stm32g0xx_hal_gpio.c ****         temp = EXTI->FTSR1;
 134              		.loc 1 271 0
 135 006c 6D68     		ldr	r5, [r5, #4]
 136              	.LVL14:
 272:Drivers/STM32G0xx_HAL_Driver/Src/stm32g0xx_hal_gpio.c ****         temp &= ~(iocurrent);
 137              		.loc 1 272 0
 138 006e 2C40     		ands	r4, r5
 139              	.LVL15:
 273:Drivers/STM32G0xx_HAL_Driver/Src/stm32g0xx_hal_gpio.c ****         if ((GPIO_Init->Mode & FALLING_EDGE) == FALLING_EDGE)
 140              		.loc 1 273 0
 141 0070 4A68     		ldr	r2, [r1, #4]
 142 0072 9202     		lsls	r2, r2, #10
 143 0074 02D5     		bpl	.L12
 274:Drivers/STM32G0xx_HAL_Driver/Src/stm32g0xx_hal_gpio.c ****         {
 275:Drivers/STM32G0xx_HAL_Driver/Src/stm32g0xx_hal_gpio.c ****           temp |= iocurrent;
 144              		.loc 1 275 0
 145 0076 4246     		mov	r2, r8
 146 0078 2A43     		orrs	r2, r5
 147 007a 1400     		movs	r4, r2
 148              	.LVL16:
 149              	.L12:
 276:Drivers/STM32G0xx_HAL_Driver/Src/stm32g0xx_hal_gpio.c ****         }
 277:Drivers/STM32G0xx_HAL_Driver/Src/stm32g0xx_hal_gpio.c ****         EXTI->FTSR1 = temp;
 150              		.loc 1 277 0
 151 007c 394A     		ldr	r2, .L20
 152 007e 5460     		str	r4, [r2, #4]
 153              	.LVL17:
 154              	.L3:
 278:Drivers/STM32G0xx_HAL_Driver/Src/stm32g0xx_hal_gpio.c ****       }
 279:Drivers/STM32G0xx_HAL_Driver/Src/stm32g0xx_hal_gpio.c ****     }
 280:Drivers/STM32G0xx_HAL_Driver/Src/stm32g0xx_hal_gpio.c **** 
 281:Drivers/STM32G0xx_HAL_Driver/Src/stm32g0xx_hal_gpio.c ****     position++;
 155              		.loc 1 281 0
 156 0080 0133     		adds	r3, r3, #1
 157              	.LVL18:
 158              	.L2:
 183:Drivers/STM32G0xx_HAL_Driver/Src/stm32g0xx_hal_gpio.c ****   {
 159              		.loc 1 183 0
 160 0082 0A68     		ldr	r2, [r1]
 161 0084 1400     		movs	r4, r2
 162 0086 DC40     		lsrs	r4, r4, r3
 163 0088 69D0     		beq	.L18
 186:Drivers/STM32G0xx_HAL_Driver/Src/stm32g0xx_hal_gpio.c **** 
 164              		.loc 1 186 0
 165 008a 0125     		movs	r5, #1
 166 008c 9D40     		lsls	r5, r5, r3
 167 008e 2A40     		ands	r2, r5
 168 0090 9046     		mov	r8, r2
 169              	.LVL19:
 188:Drivers/STM32G0xx_HAL_Driver/Src/stm32g0xx_hal_gpio.c ****     {
 170              		.loc 1 188 0
 171 0092 F5D0     		beq	.L3
 192:Drivers/STM32G0xx_HAL_Driver/Src/stm32g0xx_hal_gpio.c ****       {
 172              		.loc 1 192 0
ARM GAS  /tmp/cc3SXZ9c.s 			page 9


 173 0094 4C68     		ldr	r4, [r1, #4]
 174 0096 022C     		cmp	r4, #2
 175 0098 01D0     		beq	.L4
 192:Drivers/STM32G0xx_HAL_Driver/Src/stm32g0xx_hal_gpio.c ****       {
 176              		.loc 1 192 0 is_stmt 0 discriminator 1
 177 009a 122C     		cmp	r4, #18
 178 009c 0ED1     		bne	.L5
 179              	.L4:
 199:Drivers/STM32G0xx_HAL_Driver/Src/stm32g0xx_hal_gpio.c ****         temp &= ~(0xFu << ((position & 0x07u) * 4u));
 180              		.loc 1 199 0 is_stmt 1
 181 009e DC08     		lsrs	r4, r3, #3
 182 00a0 0834     		adds	r4, r4, #8
 183 00a2 A400     		lsls	r4, r4, #2
 184 00a4 2758     		ldr	r7, [r4, r0]
 185              	.LVL20:
 200:Drivers/STM32G0xx_HAL_Driver/Src/stm32g0xx_hal_gpio.c ****         temp |= ((GPIO_Init->Alternate) << ((position & 0x07u) * 4u));
 186              		.loc 1 200 0
 187 00a6 0726     		movs	r6, #7
 188 00a8 1E40     		ands	r6, r3
 189 00aa B600     		lsls	r6, r6, #2
 190 00ac 0F22     		movs	r2, #15
 191              	.LVL21:
 192 00ae B240     		lsls	r2, r2, r6
 193 00b0 9743     		bics	r7, r2
 194              	.LVL22:
 201:Drivers/STM32G0xx_HAL_Driver/Src/stm32g0xx_hal_gpio.c ****         GPIOx->AFR[position >> 3u] = temp;
 195              		.loc 1 201 0
 196 00b2 0A69     		ldr	r2, [r1, #16]
 197 00b4 B240     		lsls	r2, r2, r6
 198 00b6 1600     		movs	r6, r2
 199 00b8 3E43     		orrs	r6, r7
 200              	.LVL23:
 202:Drivers/STM32G0xx_HAL_Driver/Src/stm32g0xx_hal_gpio.c ****       }
 201              		.loc 1 202 0
 202 00ba 2650     		str	r6, [r4, r0]
 203              	.LVL24:
 204              	.L5:
 206:Drivers/STM32G0xx_HAL_Driver/Src/stm32g0xx_hal_gpio.c ****       temp &= ~(GPIO_MODER_MODE0 << (position * 2u));
 205              		.loc 1 206 0
 206 00bc 0268     		ldr	r2, [r0]
 207              	.LVL25:
 207:Drivers/STM32G0xx_HAL_Driver/Src/stm32g0xx_hal_gpio.c ****       temp |= ((GPIO_Init->Mode & GPIO_MODE) << (position * 2u));
 208              		.loc 1 207 0
 209 00be 5F00     		lsls	r7, r3, #1
 210 00c0 0324     		movs	r4, #3
 211 00c2 2600     		movs	r6, r4
 212 00c4 BE40     		lsls	r6, r6, r7
 213 00c6 F643     		mvns	r6, r6
 214 00c8 3240     		ands	r2, r6
 215              	.LVL26:
 216 00ca 9446     		mov	ip, r2
 217              	.LVL27:
 208:Drivers/STM32G0xx_HAL_Driver/Src/stm32g0xx_hal_gpio.c ****       GPIOx->MODER = temp;
 218              		.loc 1 208 0
 219 00cc 4A68     		ldr	r2, [r1, #4]
 220              	.LVL28:
 221 00ce 1440     		ands	r4, r2
ARM GAS  /tmp/cc3SXZ9c.s 			page 10


 222 00d0 BC40     		lsls	r4, r4, r7
 223 00d2 6246     		mov	r2, ip
 224 00d4 1443     		orrs	r4, r2
 225              	.LVL29:
 209:Drivers/STM32G0xx_HAL_Driver/Src/stm32g0xx_hal_gpio.c **** 
 226              		.loc 1 209 0
 227 00d6 0460     		str	r4, [r0]
 212:Drivers/STM32G0xx_HAL_Driver/Src/stm32g0xx_hal_gpio.c ****           (GPIO_Init->Mode == GPIO_MODE_OUTPUT_OD) || (GPIO_Init->Mode == GPIO_MODE_AF_OD))
 228              		.loc 1 212 0
 229 00d8 4C68     		ldr	r4, [r1, #4]
 230              	.LVL30:
 231 00da 621E     		subs	r2, r4, #1
 232 00dc 012A     		cmp	r2, #1
 233 00de 03D9     		bls	.L6
 212:Drivers/STM32G0xx_HAL_Driver/Src/stm32g0xx_hal_gpio.c ****           (GPIO_Init->Mode == GPIO_MODE_OUTPUT_OD) || (GPIO_Init->Mode == GPIO_MODE_AF_OD))
 234              		.loc 1 212 0 is_stmt 0 discriminator 1
 235 00e0 112C     		cmp	r4, #17
 236 00e2 01D0     		beq	.L6
 213:Drivers/STM32G0xx_HAL_Driver/Src/stm32g0xx_hal_gpio.c ****       {
 237              		.loc 1 213 0 is_stmt 1
 238 00e4 122C     		cmp	r4, #18
 239 00e6 10D1     		bne	.L7
 240              	.L6:
 218:Drivers/STM32G0xx_HAL_Driver/Src/stm32g0xx_hal_gpio.c ****         temp &= ~(GPIO_OSPEEDR_OSPEED0 << (position * 2u));
 241              		.loc 1 218 0
 242 00e8 8468     		ldr	r4, [r0, #8]
 243              	.LVL31:
 219:Drivers/STM32G0xx_HAL_Driver/Src/stm32g0xx_hal_gpio.c ****         temp |= (GPIO_Init->Speed << (position * 2u));
 244              		.loc 1 219 0
 245 00ea 3440     		ands	r4, r6
 246              	.LVL32:
 247 00ec A446     		mov	ip, r4
 248              	.LVL33:
 220:Drivers/STM32G0xx_HAL_Driver/Src/stm32g0xx_hal_gpio.c ****         GPIOx->OSPEEDR = temp;
 249              		.loc 1 220 0
 250 00ee CC68     		ldr	r4, [r1, #12]
 251              	.LVL34:
 252 00f0 BC40     		lsls	r4, r4, r7
 253 00f2 6246     		mov	r2, ip
 254 00f4 1443     		orrs	r4, r2
 255              	.LVL35:
 221:Drivers/STM32G0xx_HAL_Driver/Src/stm32g0xx_hal_gpio.c **** 
 256              		.loc 1 221 0
 257 00f6 8460     		str	r4, [r0, #8]
 224:Drivers/STM32G0xx_HAL_Driver/Src/stm32g0xx_hal_gpio.c ****         temp &= ~(GPIO_OTYPER_OT0 << position) ;
 258              		.loc 1 224 0
 259 00f8 4468     		ldr	r4, [r0, #4]
 260              	.LVL36:
 225:Drivers/STM32G0xx_HAL_Driver/Src/stm32g0xx_hal_gpio.c ****         temp |= (((GPIO_Init->Mode & GPIO_OUTPUT_TYPE) >> 4u) << position);
 261              		.loc 1 225 0
 262 00fa AC43     		bics	r4, r5
 263              	.LVL37:
 226:Drivers/STM32G0xx_HAL_Driver/Src/stm32g0xx_hal_gpio.c ****         GPIOx->OTYPER = temp;
 264              		.loc 1 226 0
 265 00fc 4A68     		ldr	r2, [r1, #4]
 266 00fe 1209     		lsrs	r2, r2, #4
 267 0100 0125     		movs	r5, #1
ARM GAS  /tmp/cc3SXZ9c.s 			page 11


 268 0102 1540     		ands	r5, r2
 269 0104 9D40     		lsls	r5, r5, r3
 270 0106 2543     		orrs	r5, r4
 271              	.LVL38:
 227:Drivers/STM32G0xx_HAL_Driver/Src/stm32g0xx_hal_gpio.c ****       }
 272              		.loc 1 227 0
 273 0108 4560     		str	r5, [r0, #4]
 274              	.LVL39:
 275              	.L7:
 231:Drivers/STM32G0xx_HAL_Driver/Src/stm32g0xx_hal_gpio.c ****       temp &= ~(GPIO_PUPDR_PUPD0 << (position * 2u));
 276              		.loc 1 231 0
 277 010a C468     		ldr	r4, [r0, #12]
 278              	.LVL40:
 232:Drivers/STM32G0xx_HAL_Driver/Src/stm32g0xx_hal_gpio.c ****       temp |= ((GPIO_Init->Pull) << (position * 2u));
 279              		.loc 1 232 0
 280 010c 2640     		ands	r6, r4
 281              	.LVL41:
 233:Drivers/STM32G0xx_HAL_Driver/Src/stm32g0xx_hal_gpio.c ****       GPIOx->PUPDR = temp;
 282              		.loc 1 233 0
 283 010e 8C68     		ldr	r4, [r1, #8]
 284 0110 BC40     		lsls	r4, r4, r7
 285 0112 3443     		orrs	r4, r6
 286              	.LVL42:
 234:Drivers/STM32G0xx_HAL_Driver/Src/stm32g0xx_hal_gpio.c **** 
 287              		.loc 1 234 0
 288 0114 C460     		str	r4, [r0, #12]
 238:Drivers/STM32G0xx_HAL_Driver/Src/stm32g0xx_hal_gpio.c ****       {
 289              		.loc 1 238 0
 290 0116 4A68     		ldr	r2, [r1, #4]
 291 0118 D200     		lsls	r2, r2, #3
 292 011a B1D5     		bpl	.L3
 240:Drivers/STM32G0xx_HAL_Driver/Src/stm32g0xx_hal_gpio.c ****         temp &= ~(0x0FuL << (8u * (position & 0x03u)));
 293              		.loc 1 240 0
 294 011c 9C08     		lsrs	r4, r3, #2
 295              	.LVL43:
 296 011e 2500     		movs	r5, r4
 297 0120 1835     		adds	r5, r5, #24
 298 0122 AD00     		lsls	r5, r5, #2
 299 0124 0F4E     		ldr	r6, .L20
 300 0126 AF59     		ldr	r7, [r5, r6]
 301              	.LVL44:
 241:Drivers/STM32G0xx_HAL_Driver/Src/stm32g0xx_hal_gpio.c ****         temp |= (GPIO_GET_INDEX(GPIOx) << (8u * (position & 0x03u)));
 302              		.loc 1 241 0
 303 0128 0325     		movs	r5, #3
 304 012a 1D40     		ands	r5, r3
 305 012c ED00     		lsls	r5, r5, #3
 306 012e 0F26     		movs	r6, #15
 307 0130 AE40     		lsls	r6, r6, r5
 308 0132 B743     		bics	r7, r6
 309              	.LVL45:
 242:Drivers/STM32G0xx_HAL_Driver/Src/stm32g0xx_hal_gpio.c ****         EXTI->EXTICR[position >> 2u] = temp;
 310              		.loc 1 242 0
 311 0134 A026     		movs	r6, #160
 312 0136 F605     		lsls	r6, r6, #23
 313 0138 B042     		cmp	r0, r6
 314 013a 00D1     		bne	.LCB315
 315 013c 67E7     		b	.L14	@long jump
ARM GAS  /tmp/cc3SXZ9c.s 			page 12


 316              	.LCB315:
 242:Drivers/STM32G0xx_HAL_Driver/Src/stm32g0xx_hal_gpio.c ****         EXTI->EXTICR[position >> 2u] = temp;
 317              		.loc 1 242 0 is_stmt 0 discriminator 1
 318 013e 0A4E     		ldr	r6, .L20+4
 319 0140 B042     		cmp	r0, r6
 320 0142 08D0     		beq	.L15
 242:Drivers/STM32G0xx_HAL_Driver/Src/stm32g0xx_hal_gpio.c ****         EXTI->EXTICR[position >> 2u] = temp;
 321              		.loc 1 242 0 discriminator 3
 322 0144 094E     		ldr	r6, .L20+8
 323 0146 B042     		cmp	r0, r6
 324 0148 07D0     		beq	.L16
 242:Drivers/STM32G0xx_HAL_Driver/Src/stm32g0xx_hal_gpio.c ****         EXTI->EXTICR[position >> 2u] = temp;
 325              		.loc 1 242 0 discriminator 5
 326 014a 094E     		ldr	r6, .L20+12
 327 014c B042     		cmp	r0, r6
 328 014e 00D1     		bne	.LCB324
 329 0150 5BE7     		b	.L19	@long jump
 330              	.LCB324:
 242:Drivers/STM32G0xx_HAL_Driver/Src/stm32g0xx_hal_gpio.c ****         EXTI->EXTICR[position >> 2u] = temp;
 331              		.loc 1 242 0
 332 0152 0526     		movs	r6, #5
 333 0154 5CE7     		b	.L8
 334              	.L15:
 335 0156 0126     		movs	r6, #1
 336 0158 5AE7     		b	.L8
 337              	.L16:
 338 015a 0226     		movs	r6, #2
 339 015c 58E7     		b	.L8
 340              	.LVL46:
 341              	.L18:
 282:Drivers/STM32G0xx_HAL_Driver/Src/stm32g0xx_hal_gpio.c ****   }
 283:Drivers/STM32G0xx_HAL_Driver/Src/stm32g0xx_hal_gpio.c **** }
 342              		.loc 1 283 0 is_stmt 1
 343              		@ sp needed
 344 015e 04BC     		pop	{r2}
 345 0160 9046     		mov	r8, r2
 346 0162 F0BD     		pop	{r4, r5, r6, r7, pc}
 347              	.L21:
 348              		.align	2
 349              	.L20:
 350 0164 00180240 		.word	1073879040
 351 0168 00040050 		.word	1342178304
 352 016c 00080050 		.word	1342179328
 353 0170 000C0050 		.word	1342180352
 354              		.cfi_endproc
 355              	.LFE173:
 357              		.section	.text.HAL_GPIO_DeInit,"ax",%progbits
 358              		.align	1
 359              		.global	HAL_GPIO_DeInit
 360              		.syntax unified
 361              		.code	16
 362              		.thumb_func
 363              		.fpu softvfp
 365              	HAL_GPIO_DeInit:
 366              	.LFB174:
 284:Drivers/STM32G0xx_HAL_Driver/Src/stm32g0xx_hal_gpio.c **** 
 285:Drivers/STM32G0xx_HAL_Driver/Src/stm32g0xx_hal_gpio.c **** /**
ARM GAS  /tmp/cc3SXZ9c.s 			page 13


 286:Drivers/STM32G0xx_HAL_Driver/Src/stm32g0xx_hal_gpio.c ****   * @brief  De-initialize the GPIOx peripheral registers to their default reset values.
 287:Drivers/STM32G0xx_HAL_Driver/Src/stm32g0xx_hal_gpio.c ****   * @param  GPIOx where x can be (A..F) to select the GPIO peripheral for STM32G0xx family
 288:Drivers/STM32G0xx_HAL_Driver/Src/stm32g0xx_hal_gpio.c ****   * @param  GPIO_Pin specifies the port bit to be written.
 289:Drivers/STM32G0xx_HAL_Driver/Src/stm32g0xx_hal_gpio.c ****   *         This parameter can be any combination of GPIO_Pin_x where x can be (0..15).
 290:Drivers/STM32G0xx_HAL_Driver/Src/stm32g0xx_hal_gpio.c ****   * @retval None
 291:Drivers/STM32G0xx_HAL_Driver/Src/stm32g0xx_hal_gpio.c ****   */
 292:Drivers/STM32G0xx_HAL_Driver/Src/stm32g0xx_hal_gpio.c **** void HAL_GPIO_DeInit(GPIO_TypeDef  *GPIOx, uint32_t GPIO_Pin)
 293:Drivers/STM32G0xx_HAL_Driver/Src/stm32g0xx_hal_gpio.c **** {
 367              		.loc 1 293 0
 368              		.cfi_startproc
 369              		@ args = 0, pretend = 0, frame = 0
 370              		@ frame_needed = 0, uses_anonymous_args = 0
 371              	.LVL47:
 372 0000 F0B5     		push	{r4, r5, r6, r7, lr}
 373              	.LCFI2:
 374              		.cfi_def_cfa_offset 20
 375              		.cfi_offset 4, -20
 376              		.cfi_offset 5, -16
 377              		.cfi_offset 6, -12
 378              		.cfi_offset 7, -8
 379              		.cfi_offset 14, -4
 380 0002 CE46     		mov	lr, r9
 381 0004 4746     		mov	r7, r8
 382 0006 80B5     		push	{r7, lr}
 383              	.LCFI3:
 384              		.cfi_def_cfa_offset 28
 385              		.cfi_offset 8, -28
 386              		.cfi_offset 9, -24
 387 0008 8946     		mov	r9, r1
 388              	.LVL48:
 294:Drivers/STM32G0xx_HAL_Driver/Src/stm32g0xx_hal_gpio.c ****   uint32_t position = 0x00u;
 389              		.loc 1 294 0
 390 000a 0023     		movs	r3, #0
 295:Drivers/STM32G0xx_HAL_Driver/Src/stm32g0xx_hal_gpio.c ****   uint32_t iocurrent;
 296:Drivers/STM32G0xx_HAL_Driver/Src/stm32g0xx_hal_gpio.c ****   uint32_t tmp;
 297:Drivers/STM32G0xx_HAL_Driver/Src/stm32g0xx_hal_gpio.c **** 
 298:Drivers/STM32G0xx_HAL_Driver/Src/stm32g0xx_hal_gpio.c ****   /* Check the parameters */
 299:Drivers/STM32G0xx_HAL_Driver/Src/stm32g0xx_hal_gpio.c ****   assert_param(IS_GPIO_ALL_INSTANCE(GPIOx));
 300:Drivers/STM32G0xx_HAL_Driver/Src/stm32g0xx_hal_gpio.c ****   assert_param(IS_GPIO_PIN(GPIO_Pin));
 301:Drivers/STM32G0xx_HAL_Driver/Src/stm32g0xx_hal_gpio.c **** 
 302:Drivers/STM32G0xx_HAL_Driver/Src/stm32g0xx_hal_gpio.c ****   /* Configure the port pins */
 303:Drivers/STM32G0xx_HAL_Driver/Src/stm32g0xx_hal_gpio.c ****   while ((GPIO_Pin >> position) != 0x00u)
 391              		.loc 1 303 0
 392 000c 24E0     		b	.L23
 393              	.LVL49:
 394              	.L34:
 304:Drivers/STM32G0xx_HAL_Driver/Src/stm32g0xx_hal_gpio.c ****   {
 305:Drivers/STM32G0xx_HAL_Driver/Src/stm32g0xx_hal_gpio.c ****     /* Get current io position */
 306:Drivers/STM32G0xx_HAL_Driver/Src/stm32g0xx_hal_gpio.c ****     iocurrent = (GPIO_Pin) & (1uL << position);
 307:Drivers/STM32G0xx_HAL_Driver/Src/stm32g0xx_hal_gpio.c **** 
 308:Drivers/STM32G0xx_HAL_Driver/Src/stm32g0xx_hal_gpio.c ****     if (iocurrent != 0x00u)
 309:Drivers/STM32G0xx_HAL_Driver/Src/stm32g0xx_hal_gpio.c ****     {
 310:Drivers/STM32G0xx_HAL_Driver/Src/stm32g0xx_hal_gpio.c ****       /*------------------------- EXTI Mode Configuration --------------------*/
 311:Drivers/STM32G0xx_HAL_Driver/Src/stm32g0xx_hal_gpio.c ****       /* Clear the External Interrupt or Event for the current IO */
 312:Drivers/STM32G0xx_HAL_Driver/Src/stm32g0xx_hal_gpio.c **** 
 313:Drivers/STM32G0xx_HAL_Driver/Src/stm32g0xx_hal_gpio.c ****       tmp = EXTI->EXTICR[position >> 2u];
 314:Drivers/STM32G0xx_HAL_Driver/Src/stm32g0xx_hal_gpio.c ****       tmp &= (0x0FuL << (8u * (position & 0x03u)));
ARM GAS  /tmp/cc3SXZ9c.s 			page 14


 315:Drivers/STM32G0xx_HAL_Driver/Src/stm32g0xx_hal_gpio.c ****       if (tmp == (GPIO_GET_INDEX(GPIOx) << (8u * (position & 0x03u))))
 395              		.loc 1 315 0
 396 000e 0321     		movs	r1, #3
 397 0010 8846     		mov	r8, r1
 398 0012 01E0     		b	.L25
 399              	.L28:
 400 0014 0021     		movs	r1, #0
 401 0016 8846     		mov	r8, r1
 402              	.L25:
 403              		.loc 1 315 0 is_stmt 0 discriminator 16
 404 0018 4146     		mov	r1, r8
 405 001a A140     		lsls	r1, r1, r4
 406 001c A942     		cmp	r1, r5
 407 001e 46D0     		beq	.L32
 408              	.LVL50:
 409              	.L26:
 316:Drivers/STM32G0xx_HAL_Driver/Src/stm32g0xx_hal_gpio.c ****       {
 317:Drivers/STM32G0xx_HAL_Driver/Src/stm32g0xx_hal_gpio.c ****         /* Clear EXTI line configuration */
 318:Drivers/STM32G0xx_HAL_Driver/Src/stm32g0xx_hal_gpio.c ****         EXTI->IMR1 &= ~(iocurrent);
 319:Drivers/STM32G0xx_HAL_Driver/Src/stm32g0xx_hal_gpio.c ****         EXTI->EMR1 &= ~(iocurrent);
 320:Drivers/STM32G0xx_HAL_Driver/Src/stm32g0xx_hal_gpio.c **** 
 321:Drivers/STM32G0xx_HAL_Driver/Src/stm32g0xx_hal_gpio.c ****         /* Clear Rising Falling edge configuration */
 322:Drivers/STM32G0xx_HAL_Driver/Src/stm32g0xx_hal_gpio.c ****         EXTI->RTSR1 &= ~(iocurrent);
 323:Drivers/STM32G0xx_HAL_Driver/Src/stm32g0xx_hal_gpio.c ****         EXTI->FTSR1 &= ~(iocurrent);
 324:Drivers/STM32G0xx_HAL_Driver/Src/stm32g0xx_hal_gpio.c **** 
 325:Drivers/STM32G0xx_HAL_Driver/Src/stm32g0xx_hal_gpio.c ****         tmp = 0x0FuL << (8u * (position & 0x03u));
 326:Drivers/STM32G0xx_HAL_Driver/Src/stm32g0xx_hal_gpio.c ****         EXTI->EXTICR[position >> 2u] &= ~tmp;
 327:Drivers/STM32G0xx_HAL_Driver/Src/stm32g0xx_hal_gpio.c ****       }
 328:Drivers/STM32G0xx_HAL_Driver/Src/stm32g0xx_hal_gpio.c **** 
 329:Drivers/STM32G0xx_HAL_Driver/Src/stm32g0xx_hal_gpio.c ****       /*------------------------- GPIO Mode Configuration --------------------*/
 330:Drivers/STM32G0xx_HAL_Driver/Src/stm32g0xx_hal_gpio.c ****       /* Configure IO in Analog Mode */
 331:Drivers/STM32G0xx_HAL_Driver/Src/stm32g0xx_hal_gpio.c ****       GPIOx->MODER |= (GPIO_MODER_MODE0 << (position * 2u));
 410              		.loc 1 331 0 is_stmt 1
 411 0020 0668     		ldr	r6, [r0]
 412 0022 5F00     		lsls	r7, r3, #1
 413 0024 0325     		movs	r5, #3
 414 0026 BD40     		lsls	r5, r5, r7
 415 0028 2E43     		orrs	r6, r5
 416 002a 0660     		str	r6, [r0]
 332:Drivers/STM32G0xx_HAL_Driver/Src/stm32g0xx_hal_gpio.c **** 
 333:Drivers/STM32G0xx_HAL_Driver/Src/stm32g0xx_hal_gpio.c ****       /* Configure the default Alternate Function in current IO */
 334:Drivers/STM32G0xx_HAL_Driver/Src/stm32g0xx_hal_gpio.c ****       GPIOx->AFR[position >> 3u] &= ~(0xFu << ((position & 0x07u) * 4u)) ;
 417              		.loc 1 334 0
 418 002c DC08     		lsrs	r4, r3, #3
 419 002e 0834     		adds	r4, r4, #8
 420 0030 A400     		lsls	r4, r4, #2
 421 0032 2758     		ldr	r7, [r4, r0]
 422 0034 0726     		movs	r6, #7
 423 0036 1E40     		ands	r6, r3
 424 0038 B600     		lsls	r6, r6, #2
 425 003a 0F21     		movs	r1, #15
 426 003c B140     		lsls	r1, r1, r6
 427 003e 8F43     		bics	r7, r1
 428 0040 2750     		str	r7, [r4, r0]
 335:Drivers/STM32G0xx_HAL_Driver/Src/stm32g0xx_hal_gpio.c **** 
 336:Drivers/STM32G0xx_HAL_Driver/Src/stm32g0xx_hal_gpio.c ****       /* Configure the default value for IO Speed */
 337:Drivers/STM32G0xx_HAL_Driver/Src/stm32g0xx_hal_gpio.c ****       GPIOx->OSPEEDR &= ~(GPIO_OSPEEDR_OSPEED0 << (position * 2u));
ARM GAS  /tmp/cc3SXZ9c.s 			page 15


 429              		.loc 1 337 0
 430 0042 8668     		ldr	r6, [r0, #8]
 431 0044 EC43     		mvns	r4, r5
 432 0046 2640     		ands	r6, r4
 433 0048 8660     		str	r6, [r0, #8]
 338:Drivers/STM32G0xx_HAL_Driver/Src/stm32g0xx_hal_gpio.c **** 
 339:Drivers/STM32G0xx_HAL_Driver/Src/stm32g0xx_hal_gpio.c ****       /* Configure the default value IO Output Type */
 340:Drivers/STM32G0xx_HAL_Driver/Src/stm32g0xx_hal_gpio.c ****       GPIOx->OTYPER  &= ~(GPIO_OTYPER_OT0 << position) ;
 434              		.loc 1 340 0
 435 004a 4568     		ldr	r5, [r0, #4]
 436 004c 9543     		bics	r5, r2
 437 004e 4560     		str	r5, [r0, #4]
 341:Drivers/STM32G0xx_HAL_Driver/Src/stm32g0xx_hal_gpio.c **** 
 342:Drivers/STM32G0xx_HAL_Driver/Src/stm32g0xx_hal_gpio.c ****       /* Deactivate the Pull-up and Pull-down resistor for the current IO */
 343:Drivers/STM32G0xx_HAL_Driver/Src/stm32g0xx_hal_gpio.c ****       GPIOx->PUPDR &= ~(GPIO_PUPDR_PUPD0 << (position * 2u));
 438              		.loc 1 343 0
 439 0050 C268     		ldr	r2, [r0, #12]
 440              	.LVL51:
 441 0052 1440     		ands	r4, r2
 442 0054 C460     		str	r4, [r0, #12]
 443              	.L24:
 344:Drivers/STM32G0xx_HAL_Driver/Src/stm32g0xx_hal_gpio.c ****     }
 345:Drivers/STM32G0xx_HAL_Driver/Src/stm32g0xx_hal_gpio.c **** 
 346:Drivers/STM32G0xx_HAL_Driver/Src/stm32g0xx_hal_gpio.c ****     position++;
 444              		.loc 1 346 0
 445 0056 0133     		adds	r3, r3, #1
 446              	.LVL52:
 447              	.L23:
 303:Drivers/STM32G0xx_HAL_Driver/Src/stm32g0xx_hal_gpio.c ****   {
 448              		.loc 1 303 0
 449 0058 4A46     		mov	r2, r9
 450 005a DA40     		lsrs	r2, r2, r3
 451 005c 3ED0     		beq	.L33
 306:Drivers/STM32G0xx_HAL_Driver/Src/stm32g0xx_hal_gpio.c **** 
 452              		.loc 1 306 0
 453 005e 0122     		movs	r2, #1
 454 0060 9A40     		lsls	r2, r2, r3
 455 0062 4E46     		mov	r6, r9
 456 0064 1640     		ands	r6, r2
 457              	.LVL53:
 308:Drivers/STM32G0xx_HAL_Driver/Src/stm32g0xx_hal_gpio.c ****     {
 458              		.loc 1 308 0
 459 0066 F6D0     		beq	.L24
 313:Drivers/STM32G0xx_HAL_Driver/Src/stm32g0xx_hal_gpio.c ****       tmp &= (0x0FuL << (8u * (position & 0x03u)));
 460              		.loc 1 313 0
 461 0068 9908     		lsrs	r1, r3, #2
 462 006a 8C46     		mov	ip, r1
 463 006c 0C00     		movs	r4, r1
 464 006e 1834     		adds	r4, r4, #24
 465 0070 A400     		lsls	r4, r4, #2
 466 0072 1C4D     		ldr	r5, .L35
 467 0074 6559     		ldr	r5, [r4, r5]
 468              	.LVL54:
 314:Drivers/STM32G0xx_HAL_Driver/Src/stm32g0xx_hal_gpio.c ****       if (tmp == (GPIO_GET_INDEX(GPIOx) << (8u * (position & 0x03u))))
 469              		.loc 1 314 0
 470 0076 0324     		movs	r4, #3
 471 0078 1C40     		ands	r4, r3
ARM GAS  /tmp/cc3SXZ9c.s 			page 16


 472 007a E400     		lsls	r4, r4, #3
 473 007c 0F27     		movs	r7, #15
 474 007e A740     		lsls	r7, r7, r4
 475 0080 3D40     		ands	r5, r7
 476              	.LVL55:
 315:Drivers/STM32G0xx_HAL_Driver/Src/stm32g0xx_hal_gpio.c ****       {
 477              		.loc 1 315 0
 478 0082 A021     		movs	r1, #160
 479 0084 C905     		lsls	r1, r1, #23
 480 0086 8842     		cmp	r0, r1
 481 0088 C4D0     		beq	.L28
 315:Drivers/STM32G0xx_HAL_Driver/Src/stm32g0xx_hal_gpio.c ****       {
 482              		.loc 1 315 0 is_stmt 0 discriminator 1
 483 008a 1749     		ldr	r1, .L35+4
 484 008c 8842     		cmp	r0, r1
 485 008e 08D0     		beq	.L29
 315:Drivers/STM32G0xx_HAL_Driver/Src/stm32g0xx_hal_gpio.c ****       {
 486              		.loc 1 315 0 discriminator 3
 487 0090 1649     		ldr	r1, .L35+8
 488 0092 8842     		cmp	r0, r1
 489 0094 08D0     		beq	.L30
 315:Drivers/STM32G0xx_HAL_Driver/Src/stm32g0xx_hal_gpio.c ****       {
 490              		.loc 1 315 0 discriminator 5
 491 0096 1649     		ldr	r1, .L35+12
 492 0098 8842     		cmp	r0, r1
 493 009a B8D0     		beq	.L34
 315:Drivers/STM32G0xx_HAL_Driver/Src/stm32g0xx_hal_gpio.c ****       {
 494              		.loc 1 315 0
 495 009c 0521     		movs	r1, #5
 496 009e 8846     		mov	r8, r1
 497 00a0 BAE7     		b	.L25
 498              	.L29:
 499 00a2 0121     		movs	r1, #1
 500 00a4 8846     		mov	r8, r1
 501 00a6 B7E7     		b	.L25
 502              	.L30:
 503 00a8 0221     		movs	r1, #2
 504 00aa 8846     		mov	r8, r1
 505 00ac B4E7     		b	.L25
 506              	.L32:
 318:Drivers/STM32G0xx_HAL_Driver/Src/stm32g0xx_hal_gpio.c ****         EXTI->EMR1 &= ~(iocurrent);
 507              		.loc 1 318 0 is_stmt 1
 508 00ae 0D4D     		ldr	r5, .L35
 509              	.LVL56:
 510 00b0 8021     		movs	r1, #128
 511 00b2 6C58     		ldr	r4, [r5, r1]
 512 00b4 F643     		mvns	r6, r6
 513              	.LVL57:
 514 00b6 3440     		ands	r4, r6
 515 00b8 6C50     		str	r4, [r5, r1]
 319:Drivers/STM32G0xx_HAL_Driver/Src/stm32g0xx_hal_gpio.c **** 
 516              		.loc 1 319 0
 517 00ba 0431     		adds	r1, r1, #4
 518 00bc 6C58     		ldr	r4, [r5, r1]
 519 00be 3440     		ands	r4, r6
 520 00c0 6C50     		str	r4, [r5, r1]
 322:Drivers/STM32G0xx_HAL_Driver/Src/stm32g0xx_hal_gpio.c ****         EXTI->FTSR1 &= ~(iocurrent);
ARM GAS  /tmp/cc3SXZ9c.s 			page 17


 521              		.loc 1 322 0
 522 00c2 2C68     		ldr	r4, [r5]
 523 00c4 3440     		ands	r4, r6
 524 00c6 2C60     		str	r4, [r5]
 323:Drivers/STM32G0xx_HAL_Driver/Src/stm32g0xx_hal_gpio.c **** 
 525              		.loc 1 323 0
 526 00c8 6C68     		ldr	r4, [r5, #4]
 527 00ca 2640     		ands	r6, r4
 528              	.LVL58:
 529 00cc 6E60     		str	r6, [r5, #4]
 530              	.LVL59:
 326:Drivers/STM32G0xx_HAL_Driver/Src/stm32g0xx_hal_gpio.c ****       }
 531              		.loc 1 326 0
 532 00ce 6446     		mov	r4, ip
 533 00d0 1834     		adds	r4, r4, #24
 534 00d2 A400     		lsls	r4, r4, #2
 535 00d4 6659     		ldr	r6, [r4, r5]
 536 00d6 BE43     		bics	r6, r7
 537 00d8 6651     		str	r6, [r4, r5]
 538 00da A1E7     		b	.L26
 539              	.LVL60:
 540              	.L33:
 347:Drivers/STM32G0xx_HAL_Driver/Src/stm32g0xx_hal_gpio.c ****   }
 348:Drivers/STM32G0xx_HAL_Driver/Src/stm32g0xx_hal_gpio.c **** }
 541              		.loc 1 348 0
 542              		@ sp needed
 543              	.LVL61:
 544 00dc 0CBC     		pop	{r2, r3}
 545 00de 9046     		mov	r8, r2
 546 00e0 9946     		mov	r9, r3
 547 00e2 F0BD     		pop	{r4, r5, r6, r7, pc}
 548              	.L36:
 549              		.align	2
 550              	.L35:
 551 00e4 00180240 		.word	1073879040
 552 00e8 00040050 		.word	1342178304
 553 00ec 00080050 		.word	1342179328
 554 00f0 000C0050 		.word	1342180352
 555              		.cfi_endproc
 556              	.LFE174:
 558              		.section	.text.HAL_GPIO_ReadPin,"ax",%progbits
 559              		.align	1
 560              		.global	HAL_GPIO_ReadPin
 561              		.syntax unified
 562              		.code	16
 563              		.thumb_func
 564              		.fpu softvfp
 566              	HAL_GPIO_ReadPin:
 567              	.LFB175:
 349:Drivers/STM32G0xx_HAL_Driver/Src/stm32g0xx_hal_gpio.c **** 
 350:Drivers/STM32G0xx_HAL_Driver/Src/stm32g0xx_hal_gpio.c **** /**
 351:Drivers/STM32G0xx_HAL_Driver/Src/stm32g0xx_hal_gpio.c ****   * @}
 352:Drivers/STM32G0xx_HAL_Driver/Src/stm32g0xx_hal_gpio.c ****   */
 353:Drivers/STM32G0xx_HAL_Driver/Src/stm32g0xx_hal_gpio.c **** 
 354:Drivers/STM32G0xx_HAL_Driver/Src/stm32g0xx_hal_gpio.c **** /** @addtogroup GPIO_Exported_Functions_Group2
 355:Drivers/STM32G0xx_HAL_Driver/Src/stm32g0xx_hal_gpio.c ****  *  @brief GPIO Read, Write, Toggle, Lock and EXTI management functions.
 356:Drivers/STM32G0xx_HAL_Driver/Src/stm32g0xx_hal_gpio.c ****  *
ARM GAS  /tmp/cc3SXZ9c.s 			page 18


 357:Drivers/STM32G0xx_HAL_Driver/Src/stm32g0xx_hal_gpio.c **** @verbatim
 358:Drivers/STM32G0xx_HAL_Driver/Src/stm32g0xx_hal_gpio.c ****  ===============================================================================
 359:Drivers/STM32G0xx_HAL_Driver/Src/stm32g0xx_hal_gpio.c ****                        ##### IO operation functions #####
 360:Drivers/STM32G0xx_HAL_Driver/Src/stm32g0xx_hal_gpio.c ****  ===============================================================================
 361:Drivers/STM32G0xx_HAL_Driver/Src/stm32g0xx_hal_gpio.c **** 
 362:Drivers/STM32G0xx_HAL_Driver/Src/stm32g0xx_hal_gpio.c **** @endverbatim
 363:Drivers/STM32G0xx_HAL_Driver/Src/stm32g0xx_hal_gpio.c ****   * @{
 364:Drivers/STM32G0xx_HAL_Driver/Src/stm32g0xx_hal_gpio.c ****   */
 365:Drivers/STM32G0xx_HAL_Driver/Src/stm32g0xx_hal_gpio.c **** 
 366:Drivers/STM32G0xx_HAL_Driver/Src/stm32g0xx_hal_gpio.c **** /**
 367:Drivers/STM32G0xx_HAL_Driver/Src/stm32g0xx_hal_gpio.c ****   * @brief  Read the specified input port pin.
 368:Drivers/STM32G0xx_HAL_Driver/Src/stm32g0xx_hal_gpio.c ****   * @param  GPIOx where x can be (A..F) to select the GPIO peripheral for STM32G0xx family
 369:Drivers/STM32G0xx_HAL_Driver/Src/stm32g0xx_hal_gpio.c ****   * @param  GPIO_Pin specifies the port bit to read.
 370:Drivers/STM32G0xx_HAL_Driver/Src/stm32g0xx_hal_gpio.c ****   *         This parameter can be any combination of GPIO_Pin_x where x can be (0..15).
 371:Drivers/STM32G0xx_HAL_Driver/Src/stm32g0xx_hal_gpio.c ****   * @retval The input port pin value.
 372:Drivers/STM32G0xx_HAL_Driver/Src/stm32g0xx_hal_gpio.c ****   */
 373:Drivers/STM32G0xx_HAL_Driver/Src/stm32g0xx_hal_gpio.c **** GPIO_PinState HAL_GPIO_ReadPin(GPIO_TypeDef *GPIOx, uint16_t GPIO_Pin)
 374:Drivers/STM32G0xx_HAL_Driver/Src/stm32g0xx_hal_gpio.c **** {
 568              		.loc 1 374 0
 569              		.cfi_startproc
 570              		@ args = 0, pretend = 0, frame = 0
 571              		@ frame_needed = 0, uses_anonymous_args = 0
 572              		@ link register save eliminated.
 573              	.LVL62:
 375:Drivers/STM32G0xx_HAL_Driver/Src/stm32g0xx_hal_gpio.c ****   GPIO_PinState bitstatus;
 376:Drivers/STM32G0xx_HAL_Driver/Src/stm32g0xx_hal_gpio.c **** 
 377:Drivers/STM32G0xx_HAL_Driver/Src/stm32g0xx_hal_gpio.c ****   /* Check the parameters */
 378:Drivers/STM32G0xx_HAL_Driver/Src/stm32g0xx_hal_gpio.c ****   assert_param(IS_GPIO_PIN(GPIO_Pin));
 379:Drivers/STM32G0xx_HAL_Driver/Src/stm32g0xx_hal_gpio.c **** 
 380:Drivers/STM32G0xx_HAL_Driver/Src/stm32g0xx_hal_gpio.c ****   if ((GPIOx->IDR & GPIO_Pin) != 0x00u)
 574              		.loc 1 380 0
 575 0000 0369     		ldr	r3, [r0, #16]
 576 0002 0B42     		tst	r3, r1
 577 0004 01D1     		bne	.L40
 381:Drivers/STM32G0xx_HAL_Driver/Src/stm32g0xx_hal_gpio.c ****   {
 382:Drivers/STM32G0xx_HAL_Driver/Src/stm32g0xx_hal_gpio.c ****     bitstatus = GPIO_PIN_SET;
 383:Drivers/STM32G0xx_HAL_Driver/Src/stm32g0xx_hal_gpio.c ****   }
 384:Drivers/STM32G0xx_HAL_Driver/Src/stm32g0xx_hal_gpio.c ****   else
 385:Drivers/STM32G0xx_HAL_Driver/Src/stm32g0xx_hal_gpio.c ****   {
 386:Drivers/STM32G0xx_HAL_Driver/Src/stm32g0xx_hal_gpio.c ****     bitstatus = GPIO_PIN_RESET;
 578              		.loc 1 386 0
 579 0006 0020     		movs	r0, #0
 580              	.LVL63:
 581              	.L38:
 387:Drivers/STM32G0xx_HAL_Driver/Src/stm32g0xx_hal_gpio.c ****   }
 388:Drivers/STM32G0xx_HAL_Driver/Src/stm32g0xx_hal_gpio.c ****   return bitstatus;
 389:Drivers/STM32G0xx_HAL_Driver/Src/stm32g0xx_hal_gpio.c **** }
 582              		.loc 1 389 0
 583              		@ sp needed
 584 0008 7047     		bx	lr
 585              	.LVL64:
 586              	.L40:
 382:Drivers/STM32G0xx_HAL_Driver/Src/stm32g0xx_hal_gpio.c ****   }
 587              		.loc 1 382 0
 588 000a 0120     		movs	r0, #1
 589              	.LVL65:
 590 000c FCE7     		b	.L38
ARM GAS  /tmp/cc3SXZ9c.s 			page 19


 591              		.cfi_endproc
 592              	.LFE175:
 594              		.section	.text.HAL_GPIO_WritePin,"ax",%progbits
 595              		.align	1
 596              		.global	HAL_GPIO_WritePin
 597              		.syntax unified
 598              		.code	16
 599              		.thumb_func
 600              		.fpu softvfp
 602              	HAL_GPIO_WritePin:
 603              	.LFB176:
 390:Drivers/STM32G0xx_HAL_Driver/Src/stm32g0xx_hal_gpio.c **** 
 391:Drivers/STM32G0xx_HAL_Driver/Src/stm32g0xx_hal_gpio.c **** /**
 392:Drivers/STM32G0xx_HAL_Driver/Src/stm32g0xx_hal_gpio.c ****   * @brief  Set or clear the selected data port bit.
 393:Drivers/STM32G0xx_HAL_Driver/Src/stm32g0xx_hal_gpio.c ****   *
 394:Drivers/STM32G0xx_HAL_Driver/Src/stm32g0xx_hal_gpio.c ****   * @note   This function uses GPIOx_BSRR and GPIOx_BRR registers to allow atomic read/modify
 395:Drivers/STM32G0xx_HAL_Driver/Src/stm32g0xx_hal_gpio.c ****   *         accesses. In this way, there is no risk of an IRQ occurring between
 396:Drivers/STM32G0xx_HAL_Driver/Src/stm32g0xx_hal_gpio.c ****   *         the read and the modify access.
 397:Drivers/STM32G0xx_HAL_Driver/Src/stm32g0xx_hal_gpio.c ****   *
 398:Drivers/STM32G0xx_HAL_Driver/Src/stm32g0xx_hal_gpio.c ****   * @param  GPIOx where x can be (A..F) to select the GPIO peripheral for STM32G0xx family
 399:Drivers/STM32G0xx_HAL_Driver/Src/stm32g0xx_hal_gpio.c ****   * @param  GPIO_Pin specifies the port bit to be written.
 400:Drivers/STM32G0xx_HAL_Driver/Src/stm32g0xx_hal_gpio.c ****   *         This parameter can be any combination of GPIO_Pin_x where x can be (0..15).
 401:Drivers/STM32G0xx_HAL_Driver/Src/stm32g0xx_hal_gpio.c ****   * @param  PinState specifies the value to be written to the selected bit.
 402:Drivers/STM32G0xx_HAL_Driver/Src/stm32g0xx_hal_gpio.c ****   *         This parameter can be one of the GPIO_PinState enum values:
 403:Drivers/STM32G0xx_HAL_Driver/Src/stm32g0xx_hal_gpio.c ****   *            @arg GPIO_PIN_RESET: to clear the port pin
 404:Drivers/STM32G0xx_HAL_Driver/Src/stm32g0xx_hal_gpio.c ****   *            @arg GPIO_PIN_SET: to set the port pin
 405:Drivers/STM32G0xx_HAL_Driver/Src/stm32g0xx_hal_gpio.c ****   * @retval None
 406:Drivers/STM32G0xx_HAL_Driver/Src/stm32g0xx_hal_gpio.c ****   */
 407:Drivers/STM32G0xx_HAL_Driver/Src/stm32g0xx_hal_gpio.c **** void HAL_GPIO_WritePin(GPIO_TypeDef *GPIOx, uint16_t GPIO_Pin, GPIO_PinState PinState)
 408:Drivers/STM32G0xx_HAL_Driver/Src/stm32g0xx_hal_gpio.c **** {
 604              		.loc 1 408 0
 605              		.cfi_startproc
 606              		@ args = 0, pretend = 0, frame = 0
 607              		@ frame_needed = 0, uses_anonymous_args = 0
 608              		@ link register save eliminated.
 609              	.LVL66:
 409:Drivers/STM32G0xx_HAL_Driver/Src/stm32g0xx_hal_gpio.c ****   /* Check the parameters */
 410:Drivers/STM32G0xx_HAL_Driver/Src/stm32g0xx_hal_gpio.c ****   assert_param(IS_GPIO_PIN(GPIO_Pin));
 411:Drivers/STM32G0xx_HAL_Driver/Src/stm32g0xx_hal_gpio.c ****   assert_param(IS_GPIO_PIN_ACTION(PinState));
 412:Drivers/STM32G0xx_HAL_Driver/Src/stm32g0xx_hal_gpio.c **** 
 413:Drivers/STM32G0xx_HAL_Driver/Src/stm32g0xx_hal_gpio.c ****   if (PinState != GPIO_PIN_RESET)
 610              		.loc 1 413 0
 611 0000 002A     		cmp	r2, #0
 612 0002 01D1     		bne	.L44
 414:Drivers/STM32G0xx_HAL_Driver/Src/stm32g0xx_hal_gpio.c ****   {
 415:Drivers/STM32G0xx_HAL_Driver/Src/stm32g0xx_hal_gpio.c ****     GPIOx->BSRR = (uint32_t)GPIO_Pin;
 416:Drivers/STM32G0xx_HAL_Driver/Src/stm32g0xx_hal_gpio.c ****   }
 417:Drivers/STM32G0xx_HAL_Driver/Src/stm32g0xx_hal_gpio.c ****   else
 418:Drivers/STM32G0xx_HAL_Driver/Src/stm32g0xx_hal_gpio.c ****   {
 419:Drivers/STM32G0xx_HAL_Driver/Src/stm32g0xx_hal_gpio.c ****     GPIOx->BRR = (uint32_t)GPIO_Pin;
 613              		.loc 1 419 0
 614 0004 8162     		str	r1, [r0, #40]
 615              	.L41:
 420:Drivers/STM32G0xx_HAL_Driver/Src/stm32g0xx_hal_gpio.c ****   }
 421:Drivers/STM32G0xx_HAL_Driver/Src/stm32g0xx_hal_gpio.c **** }
 616              		.loc 1 421 0
 617              		@ sp needed
ARM GAS  /tmp/cc3SXZ9c.s 			page 20


 618 0006 7047     		bx	lr
 619              	.L44:
 415:Drivers/STM32G0xx_HAL_Driver/Src/stm32g0xx_hal_gpio.c ****   }
 620              		.loc 1 415 0
 621 0008 8161     		str	r1, [r0, #24]
 622 000a FCE7     		b	.L41
 623              		.cfi_endproc
 624              	.LFE176:
 626              		.section	.text.HAL_GPIO_TogglePin,"ax",%progbits
 627              		.align	1
 628              		.global	HAL_GPIO_TogglePin
 629              		.syntax unified
 630              		.code	16
 631              		.thumb_func
 632              		.fpu softvfp
 634              	HAL_GPIO_TogglePin:
 635              	.LFB177:
 422:Drivers/STM32G0xx_HAL_Driver/Src/stm32g0xx_hal_gpio.c **** 
 423:Drivers/STM32G0xx_HAL_Driver/Src/stm32g0xx_hal_gpio.c **** /**
 424:Drivers/STM32G0xx_HAL_Driver/Src/stm32g0xx_hal_gpio.c ****   * @brief  Toggle the specified GPIO pin.
 425:Drivers/STM32G0xx_HAL_Driver/Src/stm32g0xx_hal_gpio.c ****   * @param  GPIOx where x can be (A..F) to select the GPIO peripheral for STM32G0xx family
 426:Drivers/STM32G0xx_HAL_Driver/Src/stm32g0xx_hal_gpio.c ****   * @param  GPIO_Pin specifies the pin to be toggled.
 427:Drivers/STM32G0xx_HAL_Driver/Src/stm32g0xx_hal_gpio.c ****   *         This parameter can be any combination of GPIO_Pin_x where x can be (0..15).
 428:Drivers/STM32G0xx_HAL_Driver/Src/stm32g0xx_hal_gpio.c ****   * @retval None
 429:Drivers/STM32G0xx_HAL_Driver/Src/stm32g0xx_hal_gpio.c ****   */
 430:Drivers/STM32G0xx_HAL_Driver/Src/stm32g0xx_hal_gpio.c **** void HAL_GPIO_TogglePin(GPIO_TypeDef *GPIOx, uint16_t GPIO_Pin)
 431:Drivers/STM32G0xx_HAL_Driver/Src/stm32g0xx_hal_gpio.c **** {
 636              		.loc 1 431 0
 637              		.cfi_startproc
 638              		@ args = 0, pretend = 0, frame = 0
 639              		@ frame_needed = 0, uses_anonymous_args = 0
 640              		@ link register save eliminated.
 641              	.LVL67:
 432:Drivers/STM32G0xx_HAL_Driver/Src/stm32g0xx_hal_gpio.c ****   /* Check the parameters */
 433:Drivers/STM32G0xx_HAL_Driver/Src/stm32g0xx_hal_gpio.c ****   assert_param(IS_GPIO_PIN(GPIO_Pin));
 434:Drivers/STM32G0xx_HAL_Driver/Src/stm32g0xx_hal_gpio.c **** 
 435:Drivers/STM32G0xx_HAL_Driver/Src/stm32g0xx_hal_gpio.c ****   if ((GPIOx->ODR & GPIO_Pin) != 0x00u)
 642              		.loc 1 435 0
 643 0000 4369     		ldr	r3, [r0, #20]
 644 0002 1942     		tst	r1, r3
 645 0004 01D1     		bne	.L48
 436:Drivers/STM32G0xx_HAL_Driver/Src/stm32g0xx_hal_gpio.c ****   {
 437:Drivers/STM32G0xx_HAL_Driver/Src/stm32g0xx_hal_gpio.c ****     GPIOx->BRR = (uint32_t)GPIO_Pin;
 438:Drivers/STM32G0xx_HAL_Driver/Src/stm32g0xx_hal_gpio.c ****   }
 439:Drivers/STM32G0xx_HAL_Driver/Src/stm32g0xx_hal_gpio.c ****   else
 440:Drivers/STM32G0xx_HAL_Driver/Src/stm32g0xx_hal_gpio.c ****   {
 441:Drivers/STM32G0xx_HAL_Driver/Src/stm32g0xx_hal_gpio.c ****     GPIOx->BSRR = (uint32_t)GPIO_Pin;
 646              		.loc 1 441 0
 647 0006 8161     		str	r1, [r0, #24]
 648              	.L45:
 442:Drivers/STM32G0xx_HAL_Driver/Src/stm32g0xx_hal_gpio.c ****   }
 443:Drivers/STM32G0xx_HAL_Driver/Src/stm32g0xx_hal_gpio.c **** }
 649              		.loc 1 443 0
 650              		@ sp needed
 651 0008 7047     		bx	lr
 652              	.L48:
 437:Drivers/STM32G0xx_HAL_Driver/Src/stm32g0xx_hal_gpio.c ****   }
ARM GAS  /tmp/cc3SXZ9c.s 			page 21


 653              		.loc 1 437 0
 654 000a 8162     		str	r1, [r0, #40]
 655 000c FCE7     		b	.L45
 656              		.cfi_endproc
 657              	.LFE177:
 659              		.section	.text.HAL_GPIO_LockPin,"ax",%progbits
 660              		.align	1
 661              		.global	HAL_GPIO_LockPin
 662              		.syntax unified
 663              		.code	16
 664              		.thumb_func
 665              		.fpu softvfp
 667              	HAL_GPIO_LockPin:
 668              	.LFB178:
 444:Drivers/STM32G0xx_HAL_Driver/Src/stm32g0xx_hal_gpio.c **** 
 445:Drivers/STM32G0xx_HAL_Driver/Src/stm32g0xx_hal_gpio.c **** /**
 446:Drivers/STM32G0xx_HAL_Driver/Src/stm32g0xx_hal_gpio.c **** * @brief  Lock GPIO Pins configuration registers.
 447:Drivers/STM32G0xx_HAL_Driver/Src/stm32g0xx_hal_gpio.c ****   * @note   The locked registers are GPIOx_MODER, GPIOx_OTYPER, GPIOx_OSPEEDR,
 448:Drivers/STM32G0xx_HAL_Driver/Src/stm32g0xx_hal_gpio.c ****   *         GPIOx_PUPDR, GPIOx_AFRL and GPIOx_AFRH.
 449:Drivers/STM32G0xx_HAL_Driver/Src/stm32g0xx_hal_gpio.c ****   * @note   The configuration of the locked GPIO pins can no longer be modified
 450:Drivers/STM32G0xx_HAL_Driver/Src/stm32g0xx_hal_gpio.c ****   *         until the next reset.
 451:Drivers/STM32G0xx_HAL_Driver/Src/stm32g0xx_hal_gpio.c ****   * @param  GPIOx where x can be (A..F) to select the GPIO peripheral for STM32G0xx family
 452:Drivers/STM32G0xx_HAL_Driver/Src/stm32g0xx_hal_gpio.c ****   * @param  GPIO_Pin specifies the port bits to be locked.
 453:Drivers/STM32G0xx_HAL_Driver/Src/stm32g0xx_hal_gpio.c ****   *         This parameter can be any combination of GPIO_Pin_x where x can be (0..15).
 454:Drivers/STM32G0xx_HAL_Driver/Src/stm32g0xx_hal_gpio.c ****   * @retval None
 455:Drivers/STM32G0xx_HAL_Driver/Src/stm32g0xx_hal_gpio.c ****   */
 456:Drivers/STM32G0xx_HAL_Driver/Src/stm32g0xx_hal_gpio.c **** HAL_StatusTypeDef HAL_GPIO_LockPin(GPIO_TypeDef *GPIOx, uint16_t GPIO_Pin)
 457:Drivers/STM32G0xx_HAL_Driver/Src/stm32g0xx_hal_gpio.c **** {
 669              		.loc 1 457 0
 670              		.cfi_startproc
 671              		@ args = 0, pretend = 0, frame = 8
 672              		@ frame_needed = 0, uses_anonymous_args = 0
 673              		@ link register save eliminated.
 674              	.LVL68:
 675 0000 82B0     		sub	sp, sp, #8
 676              	.LCFI4:
 677              		.cfi_def_cfa_offset 8
 458:Drivers/STM32G0xx_HAL_Driver/Src/stm32g0xx_hal_gpio.c ****   __IO uint32_t tmp = GPIO_LCKR_LCKK;
 678              		.loc 1 458 0
 679 0002 8022     		movs	r2, #128
 680 0004 5202     		lsls	r2, r2, #9
 681 0006 0192     		str	r2, [sp, #4]
 459:Drivers/STM32G0xx_HAL_Driver/Src/stm32g0xx_hal_gpio.c **** 
 460:Drivers/STM32G0xx_HAL_Driver/Src/stm32g0xx_hal_gpio.c ****   /* Check the parameters */
 461:Drivers/STM32G0xx_HAL_Driver/Src/stm32g0xx_hal_gpio.c ****   assert_param(IS_GPIO_LOCK_INSTANCE(GPIOx));
 462:Drivers/STM32G0xx_HAL_Driver/Src/stm32g0xx_hal_gpio.c ****   assert_param(IS_GPIO_PIN(GPIO_Pin));
 463:Drivers/STM32G0xx_HAL_Driver/Src/stm32g0xx_hal_gpio.c **** 
 464:Drivers/STM32G0xx_HAL_Driver/Src/stm32g0xx_hal_gpio.c ****   /* Apply lock key write sequence */
 465:Drivers/STM32G0xx_HAL_Driver/Src/stm32g0xx_hal_gpio.c ****   tmp |= GPIO_Pin;
 682              		.loc 1 465 0
 683 0008 019B     		ldr	r3, [sp, #4]
 684 000a 0B43     		orrs	r3, r1
 685 000c 0193     		str	r3, [sp, #4]
 466:Drivers/STM32G0xx_HAL_Driver/Src/stm32g0xx_hal_gpio.c ****   /* Set LCKx bit(s): LCKK='1' + LCK[15-0] */
 467:Drivers/STM32G0xx_HAL_Driver/Src/stm32g0xx_hal_gpio.c ****   GPIOx->LCKR = tmp;
 686              		.loc 1 467 0
 687 000e 019B     		ldr	r3, [sp, #4]
ARM GAS  /tmp/cc3SXZ9c.s 			page 22


 688 0010 C361     		str	r3, [r0, #28]
 468:Drivers/STM32G0xx_HAL_Driver/Src/stm32g0xx_hal_gpio.c ****   /* Reset LCKx bit(s): LCKK='0' + LCK[15-0] */
 469:Drivers/STM32G0xx_HAL_Driver/Src/stm32g0xx_hal_gpio.c ****   GPIOx->LCKR = GPIO_Pin;
 689              		.loc 1 469 0
 690 0012 C161     		str	r1, [r0, #28]
 470:Drivers/STM32G0xx_HAL_Driver/Src/stm32g0xx_hal_gpio.c ****   /* Set LCKx bit(s): LCKK='1' + LCK[15-0] */
 471:Drivers/STM32G0xx_HAL_Driver/Src/stm32g0xx_hal_gpio.c ****   GPIOx->LCKR = tmp;
 691              		.loc 1 471 0
 692 0014 019B     		ldr	r3, [sp, #4]
 693 0016 C361     		str	r3, [r0, #28]
 472:Drivers/STM32G0xx_HAL_Driver/Src/stm32g0xx_hal_gpio.c ****   /* Read LCKK register. This read is mandatory to complete key lock sequence */
 473:Drivers/STM32G0xx_HAL_Driver/Src/stm32g0xx_hal_gpio.c ****   tmp = GPIOx->LCKR;
 694              		.loc 1 473 0
 695 0018 C369     		ldr	r3, [r0, #28]
 696 001a 0193     		str	r3, [sp, #4]
 474:Drivers/STM32G0xx_HAL_Driver/Src/stm32g0xx_hal_gpio.c **** 
 475:Drivers/STM32G0xx_HAL_Driver/Src/stm32g0xx_hal_gpio.c ****   /* read again in order to confirm lock is active */
 476:Drivers/STM32G0xx_HAL_Driver/Src/stm32g0xx_hal_gpio.c ****   if ((GPIOx->LCKR & GPIO_LCKR_LCKK) != 0x00u)
 697              		.loc 1 476 0
 698 001c C369     		ldr	r3, [r0, #28]
 699 001e 1342     		tst	r3, r2
 700 0020 02D1     		bne	.L52
 477:Drivers/STM32G0xx_HAL_Driver/Src/stm32g0xx_hal_gpio.c ****   {
 478:Drivers/STM32G0xx_HAL_Driver/Src/stm32g0xx_hal_gpio.c ****     return HAL_OK;
 479:Drivers/STM32G0xx_HAL_Driver/Src/stm32g0xx_hal_gpio.c ****   }
 480:Drivers/STM32G0xx_HAL_Driver/Src/stm32g0xx_hal_gpio.c ****   else
 481:Drivers/STM32G0xx_HAL_Driver/Src/stm32g0xx_hal_gpio.c ****   {
 482:Drivers/STM32G0xx_HAL_Driver/Src/stm32g0xx_hal_gpio.c ****     return HAL_ERROR;
 701              		.loc 1 482 0
 702 0022 0120     		movs	r0, #1
 703              	.LVL69:
 704              	.L50:
 483:Drivers/STM32G0xx_HAL_Driver/Src/stm32g0xx_hal_gpio.c ****   }
 484:Drivers/STM32G0xx_HAL_Driver/Src/stm32g0xx_hal_gpio.c **** }
 705              		.loc 1 484 0
 706 0024 02B0     		add	sp, sp, #8
 707              		@ sp needed
 708 0026 7047     		bx	lr
 709              	.LVL70:
 710              	.L52:
 478:Drivers/STM32G0xx_HAL_Driver/Src/stm32g0xx_hal_gpio.c ****   }
 711              		.loc 1 478 0
 712 0028 0020     		movs	r0, #0
 713              	.LVL71:
 714 002a FBE7     		b	.L50
 715              		.cfi_endproc
 716              	.LFE178:
 718              		.section	.text.HAL_GPIO_EXTI_Rising_Callback,"ax",%progbits
 719              		.align	1
 720              		.weak	HAL_GPIO_EXTI_Rising_Callback
 721              		.syntax unified
 722              		.code	16
 723              		.thumb_func
 724              		.fpu softvfp
 726              	HAL_GPIO_EXTI_Rising_Callback:
 727              	.LFB180:
 485:Drivers/STM32G0xx_HAL_Driver/Src/stm32g0xx_hal_gpio.c **** 
ARM GAS  /tmp/cc3SXZ9c.s 			page 23


 486:Drivers/STM32G0xx_HAL_Driver/Src/stm32g0xx_hal_gpio.c **** /**
 487:Drivers/STM32G0xx_HAL_Driver/Src/stm32g0xx_hal_gpio.c ****   * @brief  Handle EXTI interrupt request.
 488:Drivers/STM32G0xx_HAL_Driver/Src/stm32g0xx_hal_gpio.c ****   * @param  GPIO_Pin Specifies the port pin connected to corresponding EXTI line.
 489:Drivers/STM32G0xx_HAL_Driver/Src/stm32g0xx_hal_gpio.c ****   * @retval None
 490:Drivers/STM32G0xx_HAL_Driver/Src/stm32g0xx_hal_gpio.c ****   */
 491:Drivers/STM32G0xx_HAL_Driver/Src/stm32g0xx_hal_gpio.c **** void HAL_GPIO_EXTI_IRQHandler(uint16_t GPIO_Pin)
 492:Drivers/STM32G0xx_HAL_Driver/Src/stm32g0xx_hal_gpio.c **** {
 493:Drivers/STM32G0xx_HAL_Driver/Src/stm32g0xx_hal_gpio.c ****   /* EXTI line interrupt detected */
 494:Drivers/STM32G0xx_HAL_Driver/Src/stm32g0xx_hal_gpio.c ****   if (__HAL_GPIO_EXTI_GET_RISING_IT(GPIO_Pin) != 0x00u)
 495:Drivers/STM32G0xx_HAL_Driver/Src/stm32g0xx_hal_gpio.c ****   {
 496:Drivers/STM32G0xx_HAL_Driver/Src/stm32g0xx_hal_gpio.c ****     __HAL_GPIO_EXTI_CLEAR_RISING_IT(GPIO_Pin);
 497:Drivers/STM32G0xx_HAL_Driver/Src/stm32g0xx_hal_gpio.c ****     HAL_GPIO_EXTI_Rising_Callback(GPIO_Pin);
 498:Drivers/STM32G0xx_HAL_Driver/Src/stm32g0xx_hal_gpio.c ****   }
 499:Drivers/STM32G0xx_HAL_Driver/Src/stm32g0xx_hal_gpio.c **** 
 500:Drivers/STM32G0xx_HAL_Driver/Src/stm32g0xx_hal_gpio.c ****   if (__HAL_GPIO_EXTI_GET_FALLING_IT(GPIO_Pin) != 0x00u)
 501:Drivers/STM32G0xx_HAL_Driver/Src/stm32g0xx_hal_gpio.c ****   {
 502:Drivers/STM32G0xx_HAL_Driver/Src/stm32g0xx_hal_gpio.c ****     __HAL_GPIO_EXTI_CLEAR_FALLING_IT(GPIO_Pin);
 503:Drivers/STM32G0xx_HAL_Driver/Src/stm32g0xx_hal_gpio.c ****     HAL_GPIO_EXTI_Falling_Callback(GPIO_Pin);
 504:Drivers/STM32G0xx_HAL_Driver/Src/stm32g0xx_hal_gpio.c ****   }
 505:Drivers/STM32G0xx_HAL_Driver/Src/stm32g0xx_hal_gpio.c **** }
 506:Drivers/STM32G0xx_HAL_Driver/Src/stm32g0xx_hal_gpio.c **** 
 507:Drivers/STM32G0xx_HAL_Driver/Src/stm32g0xx_hal_gpio.c **** /**
 508:Drivers/STM32G0xx_HAL_Driver/Src/stm32g0xx_hal_gpio.c ****   * @brief  EXTI line detection callback.
 509:Drivers/STM32G0xx_HAL_Driver/Src/stm32g0xx_hal_gpio.c ****   * @param  GPIO_Pin Specifies the port pin connected to corresponding EXTI line.
 510:Drivers/STM32G0xx_HAL_Driver/Src/stm32g0xx_hal_gpio.c ****   * @retval None
 511:Drivers/STM32G0xx_HAL_Driver/Src/stm32g0xx_hal_gpio.c ****   */
 512:Drivers/STM32G0xx_HAL_Driver/Src/stm32g0xx_hal_gpio.c **** __weak void HAL_GPIO_EXTI_Rising_Callback(uint16_t GPIO_Pin)
 513:Drivers/STM32G0xx_HAL_Driver/Src/stm32g0xx_hal_gpio.c **** {
 728              		.loc 1 513 0
 729              		.cfi_startproc
 730              		@ args = 0, pretend = 0, frame = 0
 731              		@ frame_needed = 0, uses_anonymous_args = 0
 732              		@ link register save eliminated.
 733              	.LVL72:
 514:Drivers/STM32G0xx_HAL_Driver/Src/stm32g0xx_hal_gpio.c ****   /* Prevent unused argument(s) compilation warning */
 515:Drivers/STM32G0xx_HAL_Driver/Src/stm32g0xx_hal_gpio.c ****   UNUSED(GPIO_Pin);
 516:Drivers/STM32G0xx_HAL_Driver/Src/stm32g0xx_hal_gpio.c **** 
 517:Drivers/STM32G0xx_HAL_Driver/Src/stm32g0xx_hal_gpio.c ****   /* NOTE: This function should not be modified, when the callback is needed,
 518:Drivers/STM32G0xx_HAL_Driver/Src/stm32g0xx_hal_gpio.c ****            the HAL_GPIO_EXTI_Rising_Callback could be implemented in the user file
 519:Drivers/STM32G0xx_HAL_Driver/Src/stm32g0xx_hal_gpio.c ****    */
 520:Drivers/STM32G0xx_HAL_Driver/Src/stm32g0xx_hal_gpio.c **** }
 734              		.loc 1 520 0
 735              		@ sp needed
 736 0000 7047     		bx	lr
 737              		.cfi_endproc
 738              	.LFE180:
 740              		.section	.text.HAL_GPIO_EXTI_Falling_Callback,"ax",%progbits
 741              		.align	1
 742              		.weak	HAL_GPIO_EXTI_Falling_Callback
 743              		.syntax unified
 744              		.code	16
 745              		.thumb_func
 746              		.fpu softvfp
 748              	HAL_GPIO_EXTI_Falling_Callback:
 749              	.LFB181:
 521:Drivers/STM32G0xx_HAL_Driver/Src/stm32g0xx_hal_gpio.c **** 
 522:Drivers/STM32G0xx_HAL_Driver/Src/stm32g0xx_hal_gpio.c **** /**
ARM GAS  /tmp/cc3SXZ9c.s 			page 24


 523:Drivers/STM32G0xx_HAL_Driver/Src/stm32g0xx_hal_gpio.c ****   * @brief  EXTI line detection callback.
 524:Drivers/STM32G0xx_HAL_Driver/Src/stm32g0xx_hal_gpio.c ****   * @param  GPIO_Pin Specifies the port pin connected to corresponding EXTI line.
 525:Drivers/STM32G0xx_HAL_Driver/Src/stm32g0xx_hal_gpio.c ****   * @retval None
 526:Drivers/STM32G0xx_HAL_Driver/Src/stm32g0xx_hal_gpio.c ****   */
 527:Drivers/STM32G0xx_HAL_Driver/Src/stm32g0xx_hal_gpio.c **** __weak void HAL_GPIO_EXTI_Falling_Callback(uint16_t GPIO_Pin)
 528:Drivers/STM32G0xx_HAL_Driver/Src/stm32g0xx_hal_gpio.c **** {
 750              		.loc 1 528 0
 751              		.cfi_startproc
 752              		@ args = 0, pretend = 0, frame = 0
 753              		@ frame_needed = 0, uses_anonymous_args = 0
 754              		@ link register save eliminated.
 755              	.LVL73:
 529:Drivers/STM32G0xx_HAL_Driver/Src/stm32g0xx_hal_gpio.c ****   /* Prevent unused argument(s) compilation warning */
 530:Drivers/STM32G0xx_HAL_Driver/Src/stm32g0xx_hal_gpio.c ****   UNUSED(GPIO_Pin);
 531:Drivers/STM32G0xx_HAL_Driver/Src/stm32g0xx_hal_gpio.c **** 
 532:Drivers/STM32G0xx_HAL_Driver/Src/stm32g0xx_hal_gpio.c ****   /* NOTE: This function should not be modified, when the callback is needed,
 533:Drivers/STM32G0xx_HAL_Driver/Src/stm32g0xx_hal_gpio.c ****            the HAL_GPIO_EXTI_Falling_Callback could be implemented in the user file
 534:Drivers/STM32G0xx_HAL_Driver/Src/stm32g0xx_hal_gpio.c ****    */
 535:Drivers/STM32G0xx_HAL_Driver/Src/stm32g0xx_hal_gpio.c **** }
 756              		.loc 1 535 0
 757              		@ sp needed
 758 0000 7047     		bx	lr
 759              		.cfi_endproc
 760              	.LFE181:
 762              		.section	.text.HAL_GPIO_EXTI_IRQHandler,"ax",%progbits
 763              		.align	1
 764              		.global	HAL_GPIO_EXTI_IRQHandler
 765              		.syntax unified
 766              		.code	16
 767              		.thumb_func
 768              		.fpu softvfp
 770              	HAL_GPIO_EXTI_IRQHandler:
 771              	.LFB179:
 492:Drivers/STM32G0xx_HAL_Driver/Src/stm32g0xx_hal_gpio.c ****   /* EXTI line interrupt detected */
 772              		.loc 1 492 0
 773              		.cfi_startproc
 774              		@ args = 0, pretend = 0, frame = 0
 775              		@ frame_needed = 0, uses_anonymous_args = 0
 776              	.LVL74:
 777 0000 10B5     		push	{r4, lr}
 778              	.LCFI5:
 779              		.cfi_def_cfa_offset 8
 780              		.cfi_offset 4, -8
 781              		.cfi_offset 14, -4
 782 0002 0400     		movs	r4, r0
 494:Drivers/STM32G0xx_HAL_Driver/Src/stm32g0xx_hal_gpio.c ****   {
 783              		.loc 1 494 0
 784 0004 094B     		ldr	r3, .L60
 785 0006 DB68     		ldr	r3, [r3, #12]
 786 0008 1842     		tst	r0, r3
 787 000a 04D1     		bne	.L58
 788              	.LVL75:
 789              	.L56:
 500:Drivers/STM32G0xx_HAL_Driver/Src/stm32g0xx_hal_gpio.c ****   {
 790              		.loc 1 500 0
 791 000c 074B     		ldr	r3, .L60
 792 000e 1B69     		ldr	r3, [r3, #16]
ARM GAS  /tmp/cc3SXZ9c.s 			page 25


 793 0010 2342     		tst	r3, r4
 794 0012 05D1     		bne	.L59
 795              	.L55:
 505:Drivers/STM32G0xx_HAL_Driver/Src/stm32g0xx_hal_gpio.c **** 
 796              		.loc 1 505 0
 797              		@ sp needed
 798 0014 10BD     		pop	{r4, pc}
 799              	.LVL76:
 800              	.L58:
 496:Drivers/STM32G0xx_HAL_Driver/Src/stm32g0xx_hal_gpio.c ****     HAL_GPIO_EXTI_Rising_Callback(GPIO_Pin);
 801              		.loc 1 496 0
 802 0016 054B     		ldr	r3, .L60
 803 0018 D860     		str	r0, [r3, #12]
 497:Drivers/STM32G0xx_HAL_Driver/Src/stm32g0xx_hal_gpio.c ****   }
 804              		.loc 1 497 0
 805 001a FFF7FEFF 		bl	HAL_GPIO_EXTI_Rising_Callback
 806              	.LVL77:
 807 001e F5E7     		b	.L56
 808              	.L59:
 502:Drivers/STM32G0xx_HAL_Driver/Src/stm32g0xx_hal_gpio.c ****     HAL_GPIO_EXTI_Falling_Callback(GPIO_Pin);
 809              		.loc 1 502 0
 810 0020 024B     		ldr	r3, .L60
 811 0022 1C61     		str	r4, [r3, #16]
 503:Drivers/STM32G0xx_HAL_Driver/Src/stm32g0xx_hal_gpio.c ****   }
 812              		.loc 1 503 0
 813 0024 2000     		movs	r0, r4
 814 0026 FFF7FEFF 		bl	HAL_GPIO_EXTI_Falling_Callback
 815              	.LVL78:
 505:Drivers/STM32G0xx_HAL_Driver/Src/stm32g0xx_hal_gpio.c **** 
 816              		.loc 1 505 0
 817 002a F3E7     		b	.L55
 818              	.L61:
 819              		.align	2
 820              	.L60:
 821 002c 00180240 		.word	1073879040
 822              		.cfi_endproc
 823              	.LFE179:
 825              		.text
 826              	.Letext0:
 827              		.file 2 "/usr/include/newlib/machine/_default_types.h"
 828              		.file 3 "/usr/include/newlib/sys/_stdint.h"
 829              		.file 4 "Drivers/CMSIS/Device/ST/STM32G0xx/Include/system_stm32g0xx.h"
 830              		.file 5 "Drivers/CMSIS/Device/ST/STM32G0xx/Include/stm32g071xx.h"
 831              		.file 6 "Drivers/STM32G0xx_HAL_Driver/Inc/stm32g0xx_hal_def.h"
 832              		.file 7 "Drivers/STM32G0xx_HAL_Driver/Inc/stm32g0xx_hal_gpio.h"
 833              		.file 8 "Drivers/STM32G0xx_HAL_Driver/Inc/stm32g0xx_hal_flash.h"
 834              		.file 9 "Drivers/STM32G0xx_HAL_Driver/Inc/stm32g0xx_hal.h"
ARM GAS  /tmp/cc3SXZ9c.s 			page 26


DEFINED SYMBOLS
                            *ABS*:00000000 stm32g0xx_hal_gpio.c
     /tmp/cc3SXZ9c.s:16     .text.HAL_GPIO_Init:00000000 $t
     /tmp/cc3SXZ9c.s:23     .text.HAL_GPIO_Init:00000000 HAL_GPIO_Init
     /tmp/cc3SXZ9c.s:350    .text.HAL_GPIO_Init:00000164 $d
     /tmp/cc3SXZ9c.s:358    .text.HAL_GPIO_DeInit:00000000 $t
     /tmp/cc3SXZ9c.s:365    .text.HAL_GPIO_DeInit:00000000 HAL_GPIO_DeInit
     /tmp/cc3SXZ9c.s:551    .text.HAL_GPIO_DeInit:000000e4 $d
     /tmp/cc3SXZ9c.s:559    .text.HAL_GPIO_ReadPin:00000000 $t
     /tmp/cc3SXZ9c.s:566    .text.HAL_GPIO_ReadPin:00000000 HAL_GPIO_ReadPin
     /tmp/cc3SXZ9c.s:595    .text.HAL_GPIO_WritePin:00000000 $t
     /tmp/cc3SXZ9c.s:602    .text.HAL_GPIO_WritePin:00000000 HAL_GPIO_WritePin
     /tmp/cc3SXZ9c.s:627    .text.HAL_GPIO_TogglePin:00000000 $t
     /tmp/cc3SXZ9c.s:634    .text.HAL_GPIO_TogglePin:00000000 HAL_GPIO_TogglePin
     /tmp/cc3SXZ9c.s:660    .text.HAL_GPIO_LockPin:00000000 $t
     /tmp/cc3SXZ9c.s:667    .text.HAL_GPIO_LockPin:00000000 HAL_GPIO_LockPin
     /tmp/cc3SXZ9c.s:719    .text.HAL_GPIO_EXTI_Rising_Callback:00000000 $t
     /tmp/cc3SXZ9c.s:726    .text.HAL_GPIO_EXTI_Rising_Callback:00000000 HAL_GPIO_EXTI_Rising_Callback
     /tmp/cc3SXZ9c.s:741    .text.HAL_GPIO_EXTI_Falling_Callback:00000000 $t
     /tmp/cc3SXZ9c.s:748    .text.HAL_GPIO_EXTI_Falling_Callback:00000000 HAL_GPIO_EXTI_Falling_Callback
     /tmp/cc3SXZ9c.s:763    .text.HAL_GPIO_EXTI_IRQHandler:00000000 $t
     /tmp/cc3SXZ9c.s:770    .text.HAL_GPIO_EXTI_IRQHandler:00000000 HAL_GPIO_EXTI_IRQHandler
     /tmp/cc3SXZ9c.s:821    .text.HAL_GPIO_EXTI_IRQHandler:0000002c $d

NO UNDEFINED SYMBOLS
