ARM GAS  C:\Users\Mateusz\AppData\Local\Temp\cceuFymx.s 			page 1


   1              		.cpu cortex-m0plus
   2              		.eabi_attribute 20, 1
   3              		.eabi_attribute 21, 1
   4              		.eabi_attribute 23, 3
   5              		.eabi_attribute 24, 1
   6              		.eabi_attribute 25, 1
   7              		.eabi_attribute 26, 1
   8              		.eabi_attribute 30, 1
   9              		.eabi_attribute 34, 0
  10              		.eabi_attribute 18, 4
  11              		.file	"stm32g0xx_it.c"
  12              		.text
  13              	.Ltext0:
  14              		.cfi_sections	.debug_frame
  15              		.section	.text.NMI_Handler,"ax",%progbits
  16              		.align	1
  17              		.global	NMI_Handler
  18              		.arch armv6s-m
  19              		.syntax unified
  20              		.code	16
  21              		.thumb_func
  22              		.fpu softvfp
  24              	NMI_Handler:
  25              	.LFB284:
  26              		.file 1 "Src/stm32g0xx_it.c"
   1:Src/stm32g0xx_it.c **** /* USER CODE BEGIN Header */
   2:Src/stm32g0xx_it.c **** /**
   3:Src/stm32g0xx_it.c ****   ******************************************************************************
   4:Src/stm32g0xx_it.c ****   * @file    stm32g0xx_it.c
   5:Src/stm32g0xx_it.c ****   * @brief   Interrupt Service Routines.
   6:Src/stm32g0xx_it.c ****   ******************************************************************************
   7:Src/stm32g0xx_it.c ****   * @attention
   8:Src/stm32g0xx_it.c ****   *
   9:Src/stm32g0xx_it.c ****   * <h2><center>&copy; Copyright (c) 2020 STMicroelectronics.
  10:Src/stm32g0xx_it.c ****   * All rights reserved.</center></h2>
  11:Src/stm32g0xx_it.c ****   *
  12:Src/stm32g0xx_it.c ****   * This software component is licensed by ST under BSD 3-Clause license,
  13:Src/stm32g0xx_it.c ****   * the "License"; You may not use this file except in compliance with the
  14:Src/stm32g0xx_it.c ****   * License. You may obtain a copy of the License at:
  15:Src/stm32g0xx_it.c ****   *                        opensource.org/licenses/BSD-3-Clause
  16:Src/stm32g0xx_it.c ****   *
  17:Src/stm32g0xx_it.c ****   ******************************************************************************
  18:Src/stm32g0xx_it.c ****   */
  19:Src/stm32g0xx_it.c **** /* USER CODE END Header */
  20:Src/stm32g0xx_it.c **** 
  21:Src/stm32g0xx_it.c **** /* Includes ------------------------------------------------------------------*/
  22:Src/stm32g0xx_it.c **** #include "main.h"
  23:Src/stm32g0xx_it.c **** #include "stm32g0xx_it.h"
  24:Src/stm32g0xx_it.c **** /* Private includes ----------------------------------------------------------*/
  25:Src/stm32g0xx_it.c **** /* USER CODE BEGIN Includes */
  26:Src/stm32g0xx_it.c **** #include "state.h"
  27:Src/stm32g0xx_it.c **** #include "usart_utils.h"
  28:Src/stm32g0xx_it.c **** /* USER CODE END Includes */
  29:Src/stm32g0xx_it.c **** 
  30:Src/stm32g0xx_it.c **** /* Private typedef -----------------------------------------------------------*/
  31:Src/stm32g0xx_it.c **** /* USER CODE BEGIN TD */
  32:Src/stm32g0xx_it.c **** 
ARM GAS  C:\Users\Mateusz\AppData\Local\Temp\cceuFymx.s 			page 2


  33:Src/stm32g0xx_it.c **** /* USER CODE END TD */
  34:Src/stm32g0xx_it.c **** 
  35:Src/stm32g0xx_it.c **** /* Private define ------------------------------------------------------------*/
  36:Src/stm32g0xx_it.c **** /* USER CODE BEGIN PD */
  37:Src/stm32g0xx_it.c **** 
  38:Src/stm32g0xx_it.c **** /* USER CODE END PD */
  39:Src/stm32g0xx_it.c **** 
  40:Src/stm32g0xx_it.c **** /* Private macro -------------------------------------------------------------*/
  41:Src/stm32g0xx_it.c **** /* USER CODE BEGIN PM */
  42:Src/stm32g0xx_it.c **** 
  43:Src/stm32g0xx_it.c **** /* USER CODE END PM */
  44:Src/stm32g0xx_it.c **** 
  45:Src/stm32g0xx_it.c **** /* Private variables ---------------------------------------------------------*/
  46:Src/stm32g0xx_it.c **** /* USER CODE BEGIN PV */
  47:Src/stm32g0xx_it.c **** extern state State;
  48:Src/stm32g0xx_it.c **** extern uint8_t UART_RX_INDEX;
  49:Src/stm32g0xx_it.c **** extern uint8_t UART_RX_BUFF[UART_RX_BUFFER_LENGTH];
  50:Src/stm32g0xx_it.c **** /* USER CODE END PV */
  51:Src/stm32g0xx_it.c **** 
  52:Src/stm32g0xx_it.c **** /* Private function prototypes -----------------------------------------------*/
  53:Src/stm32g0xx_it.c **** /* USER CODE BEGIN PFP */
  54:Src/stm32g0xx_it.c **** 
  55:Src/stm32g0xx_it.c **** /* USER CODE END PFP */
  56:Src/stm32g0xx_it.c **** 
  57:Src/stm32g0xx_it.c **** /* Private user code ---------------------------------------------------------*/
  58:Src/stm32g0xx_it.c **** /* USER CODE BEGIN 0 */
  59:Src/stm32g0xx_it.c **** 
  60:Src/stm32g0xx_it.c **** /* USER CODE END 0 */
  61:Src/stm32g0xx_it.c **** 
  62:Src/stm32g0xx_it.c **** /* External variables --------------------------------------------------------*/
  63:Src/stm32g0xx_it.c **** extern LPTIM_HandleTypeDef hlptim1;
  64:Src/stm32g0xx_it.c **** extern DMA_HandleTypeDef hdma_usart2_rx;
  65:Src/stm32g0xx_it.c **** extern UART_HandleTypeDef huart2;
  66:Src/stm32g0xx_it.c **** /* USER CODE BEGIN EV */
  67:Src/stm32g0xx_it.c **** 
  68:Src/stm32g0xx_it.c **** /* USER CODE END EV */
  69:Src/stm32g0xx_it.c **** 
  70:Src/stm32g0xx_it.c **** /******************************************************************************/
  71:Src/stm32g0xx_it.c **** /*           Cortex-M0+ Processor Interruption and Exception Handlers          */
  72:Src/stm32g0xx_it.c **** /******************************************************************************/
  73:Src/stm32g0xx_it.c **** /**
  74:Src/stm32g0xx_it.c ****   * @brief This function handles Non maskable interrupt.
  75:Src/stm32g0xx_it.c ****   */
  76:Src/stm32g0xx_it.c **** void NMI_Handler(void)
  77:Src/stm32g0xx_it.c **** {
  27              		.loc 1 77 1 view -0
  28              		.cfi_startproc
  29              		@ args = 0, pretend = 0, frame = 0
  30              		@ frame_needed = 0, uses_anonymous_args = 0
  31              		@ link register save eliminated.
  78:Src/stm32g0xx_it.c ****   /* USER CODE BEGIN NonMaskableInt_IRQn 0 */
  79:Src/stm32g0xx_it.c **** 
  80:Src/stm32g0xx_it.c ****   /* USER CODE END NonMaskableInt_IRQn 0 */
  81:Src/stm32g0xx_it.c ****   /* USER CODE BEGIN NonMaskableInt_IRQn 1 */
  82:Src/stm32g0xx_it.c **** 
  83:Src/stm32g0xx_it.c ****   /* USER CODE END NonMaskableInt_IRQn 1 */
  84:Src/stm32g0xx_it.c **** }
ARM GAS  C:\Users\Mateusz\AppData\Local\Temp\cceuFymx.s 			page 3


  32              		.loc 1 84 1 view .LVU1
  33              		@ sp needed
  34 0000 7047     		bx	lr
  35              		.cfi_endproc
  36              	.LFE284:
  38              		.section	.text.HardFault_Handler,"ax",%progbits
  39              		.align	1
  40              		.global	HardFault_Handler
  41              		.syntax unified
  42              		.code	16
  43              		.thumb_func
  44              		.fpu softvfp
  46              	HardFault_Handler:
  47              	.LFB285:
  85:Src/stm32g0xx_it.c **** 
  86:Src/stm32g0xx_it.c **** /**
  87:Src/stm32g0xx_it.c ****   * @brief This function handles Hard fault interrupt.
  88:Src/stm32g0xx_it.c ****   */
  89:Src/stm32g0xx_it.c **** void HardFault_Handler(void)
  90:Src/stm32g0xx_it.c **** {
  48              		.loc 1 90 1 view -0
  49              		.cfi_startproc
  50              		@ Volatile: function does not return.
  51              		@ args = 0, pretend = 0, frame = 0
  52              		@ frame_needed = 0, uses_anonymous_args = 0
  53              		@ link register save eliminated.
  54              	.L3:
  91:Src/stm32g0xx_it.c ****   /* USER CODE BEGIN HardFault_IRQn 0 */
  92:Src/stm32g0xx_it.c **** 
  93:Src/stm32g0xx_it.c ****   /* USER CODE END HardFault_IRQn 0 */
  94:Src/stm32g0xx_it.c ****   while (1)
  55              		.loc 1 94 3 discriminator 1 view .LVU3
  95:Src/stm32g0xx_it.c ****   {
  96:Src/stm32g0xx_it.c ****     /* USER CODE BEGIN W1_HardFault_IRQn 0 */
  97:Src/stm32g0xx_it.c ****     /* USER CODE END W1_HardFault_IRQn 0 */
  98:Src/stm32g0xx_it.c ****   }
  56              		.loc 1 98 3 discriminator 1 view .LVU4
  94:Src/stm32g0xx_it.c ****   {
  57              		.loc 1 94 9 discriminator 1 view .LVU5
  58 0000 FEE7     		b	.L3
  59              		.cfi_endproc
  60              	.LFE285:
  62              		.section	.text.SVC_Handler,"ax",%progbits
  63              		.align	1
  64              		.global	SVC_Handler
  65              		.syntax unified
  66              		.code	16
  67              		.thumb_func
  68              		.fpu softvfp
  70              	SVC_Handler:
  71              	.LFB286:
  99:Src/stm32g0xx_it.c **** }
 100:Src/stm32g0xx_it.c **** 
 101:Src/stm32g0xx_it.c **** /**
 102:Src/stm32g0xx_it.c ****   * @brief This function handles System service call via SWI instruction.
 103:Src/stm32g0xx_it.c ****   */
 104:Src/stm32g0xx_it.c **** void SVC_Handler(void)
ARM GAS  C:\Users\Mateusz\AppData\Local\Temp\cceuFymx.s 			page 4


 105:Src/stm32g0xx_it.c **** {
  72              		.loc 1 105 1 view -0
  73              		.cfi_startproc
  74              		@ args = 0, pretend = 0, frame = 0
  75              		@ frame_needed = 0, uses_anonymous_args = 0
  76              		@ link register save eliminated.
 106:Src/stm32g0xx_it.c ****   /* USER CODE BEGIN SVC_IRQn 0 */
 107:Src/stm32g0xx_it.c **** 
 108:Src/stm32g0xx_it.c ****   /* USER CODE END SVC_IRQn 0 */
 109:Src/stm32g0xx_it.c ****   /* USER CODE BEGIN SVC_IRQn 1 */
 110:Src/stm32g0xx_it.c **** 
 111:Src/stm32g0xx_it.c ****   /* USER CODE END SVC_IRQn 1 */
 112:Src/stm32g0xx_it.c **** }
  77              		.loc 1 112 1 view .LVU7
  78              		@ sp needed
  79 0000 7047     		bx	lr
  80              		.cfi_endproc
  81              	.LFE286:
  83              		.section	.text.PendSV_Handler,"ax",%progbits
  84              		.align	1
  85              		.global	PendSV_Handler
  86              		.syntax unified
  87              		.code	16
  88              		.thumb_func
  89              		.fpu softvfp
  91              	PendSV_Handler:
  92              	.LFB287:
 113:Src/stm32g0xx_it.c **** 
 114:Src/stm32g0xx_it.c **** /**
 115:Src/stm32g0xx_it.c ****   * @brief This function handles Pendable request for system service.
 116:Src/stm32g0xx_it.c ****   */
 117:Src/stm32g0xx_it.c **** void PendSV_Handler(void)
 118:Src/stm32g0xx_it.c **** {
  93              		.loc 1 118 1 view -0
  94              		.cfi_startproc
  95              		@ args = 0, pretend = 0, frame = 0
  96              		@ frame_needed = 0, uses_anonymous_args = 0
  97              		@ link register save eliminated.
 119:Src/stm32g0xx_it.c ****   /* USER CODE BEGIN PendSV_IRQn 0 */
 120:Src/stm32g0xx_it.c **** 
 121:Src/stm32g0xx_it.c ****   /* USER CODE END PendSV_IRQn 0 */
 122:Src/stm32g0xx_it.c ****   /* USER CODE BEGIN PendSV_IRQn 1 */
 123:Src/stm32g0xx_it.c **** 
 124:Src/stm32g0xx_it.c ****   /* USER CODE END PendSV_IRQn 1 */
 125:Src/stm32g0xx_it.c **** }
  98              		.loc 1 125 1 view .LVU9
  99              		@ sp needed
 100 0000 7047     		bx	lr
 101              		.cfi_endproc
 102              	.LFE287:
 104              		.section	.text.SysTick_Handler,"ax",%progbits
 105              		.align	1
 106              		.global	SysTick_Handler
 107              		.syntax unified
 108              		.code	16
 109              		.thumb_func
 110              		.fpu softvfp
ARM GAS  C:\Users\Mateusz\AppData\Local\Temp\cceuFymx.s 			page 5


 112              	SysTick_Handler:
 113              	.LFB288:
 126:Src/stm32g0xx_it.c **** 
 127:Src/stm32g0xx_it.c **** /**
 128:Src/stm32g0xx_it.c ****   * @brief This function handles System tick timer.
 129:Src/stm32g0xx_it.c ****   */
 130:Src/stm32g0xx_it.c **** void SysTick_Handler(void)
 131:Src/stm32g0xx_it.c **** {
 114              		.loc 1 131 1 view -0
 115              		.cfi_startproc
 116              		@ args = 0, pretend = 0, frame = 0
 117              		@ frame_needed = 0, uses_anonymous_args = 0
 118 0000 10B5     		push	{r4, lr}
 119              	.LCFI0:
 120              		.cfi_def_cfa_offset 8
 121              		.cfi_offset 4, -8
 122              		.cfi_offset 14, -4
 132:Src/stm32g0xx_it.c ****   /* USER CODE BEGIN SysTick_IRQn 0 */
 133:Src/stm32g0xx_it.c **** 
 134:Src/stm32g0xx_it.c ****   /* USER CODE END SysTick_IRQn 0 */
 135:Src/stm32g0xx_it.c ****   HAL_IncTick();
 123              		.loc 1 135 3 view .LVU11
 124 0002 FFF7FEFF 		bl	HAL_IncTick
 125              	.LVL0:
 136:Src/stm32g0xx_it.c ****   /* USER CODE BEGIN SysTick_IRQn 1 */
 137:Src/stm32g0xx_it.c **** 
 138:Src/stm32g0xx_it.c ****   /* USER CODE END SysTick_IRQn 1 */
 139:Src/stm32g0xx_it.c **** }
 126              		.loc 1 139 1 is_stmt 0 view .LVU12
 127              		@ sp needed
 128 0006 10BD     		pop	{r4, pc}
 129              		.cfi_endproc
 130              	.LFE288:
 132              		.section	.text.FLASH_IRQHandler,"ax",%progbits
 133              		.align	1
 134              		.global	FLASH_IRQHandler
 135              		.syntax unified
 136              		.code	16
 137              		.thumb_func
 138              		.fpu softvfp
 140              	FLASH_IRQHandler:
 141              	.LFB289:
 140:Src/stm32g0xx_it.c **** 
 141:Src/stm32g0xx_it.c **** /******************************************************************************/
 142:Src/stm32g0xx_it.c **** /* STM32G0xx Peripheral Interrupt Handlers                                    */
 143:Src/stm32g0xx_it.c **** /* Add here the Interrupt Handlers for the used peripherals.                  */
 144:Src/stm32g0xx_it.c **** /* For the available peripheral interrupt handler names,                      */
 145:Src/stm32g0xx_it.c **** /* please refer to the startup file (startup_stm32g0xx.s).                    */
 146:Src/stm32g0xx_it.c **** /******************************************************************************/
 147:Src/stm32g0xx_it.c **** 
 148:Src/stm32g0xx_it.c **** /**
 149:Src/stm32g0xx_it.c ****   * @brief This function handles Flash global interrupt.
 150:Src/stm32g0xx_it.c ****   */
 151:Src/stm32g0xx_it.c **** void FLASH_IRQHandler(void)
 152:Src/stm32g0xx_it.c **** {
 142              		.loc 1 152 1 is_stmt 1 view -0
 143              		.cfi_startproc
ARM GAS  C:\Users\Mateusz\AppData\Local\Temp\cceuFymx.s 			page 6


 144              		@ args = 0, pretend = 0, frame = 0
 145              		@ frame_needed = 0, uses_anonymous_args = 0
 146 0000 10B5     		push	{r4, lr}
 147              	.LCFI1:
 148              		.cfi_def_cfa_offset 8
 149              		.cfi_offset 4, -8
 150              		.cfi_offset 14, -4
 153:Src/stm32g0xx_it.c ****   /* USER CODE BEGIN FLASH_IRQn 0 */
 154:Src/stm32g0xx_it.c **** 
 155:Src/stm32g0xx_it.c ****   /* USER CODE END FLASH_IRQn 0 */
 156:Src/stm32g0xx_it.c ****   HAL_FLASH_IRQHandler();
 151              		.loc 1 156 3 view .LVU14
 152 0002 FFF7FEFF 		bl	HAL_FLASH_IRQHandler
 153              	.LVL1:
 157:Src/stm32g0xx_it.c ****   /* USER CODE BEGIN FLASH_IRQn 1 */
 158:Src/stm32g0xx_it.c **** 
 159:Src/stm32g0xx_it.c ****   /* USER CODE END FLASH_IRQn 1 */
 160:Src/stm32g0xx_it.c **** }
 154              		.loc 1 160 1 is_stmt 0 view .LVU15
 155              		@ sp needed
 156 0006 10BD     		pop	{r4, pc}
 157              		.cfi_endproc
 158              	.LFE289:
 160              		.section	.text.RCC_IRQHandler,"ax",%progbits
 161              		.align	1
 162              		.global	RCC_IRQHandler
 163              		.syntax unified
 164              		.code	16
 165              		.thumb_func
 166              		.fpu softvfp
 168              	RCC_IRQHandler:
 169              	.LFB290:
 161:Src/stm32g0xx_it.c **** 
 162:Src/stm32g0xx_it.c **** /**
 163:Src/stm32g0xx_it.c ****   * @brief This function handles RCC global interrupt.
 164:Src/stm32g0xx_it.c ****   */
 165:Src/stm32g0xx_it.c **** void RCC_IRQHandler(void)
 166:Src/stm32g0xx_it.c **** {
 170              		.loc 1 166 1 is_stmt 1 view -0
 171              		.cfi_startproc
 172              		@ args = 0, pretend = 0, frame = 0
 173              		@ frame_needed = 0, uses_anonymous_args = 0
 174              		@ link register save eliminated.
 167:Src/stm32g0xx_it.c ****   /* USER CODE BEGIN RCC_IRQn 0 */
 168:Src/stm32g0xx_it.c **** 
 169:Src/stm32g0xx_it.c ****   /* USER CODE END RCC_IRQn 0 */
 170:Src/stm32g0xx_it.c ****   /* USER CODE BEGIN RCC_IRQn 1 */
 171:Src/stm32g0xx_it.c **** 
 172:Src/stm32g0xx_it.c ****   /* USER CODE END RCC_IRQn 1 */
 173:Src/stm32g0xx_it.c **** }
 175              		.loc 1 173 1 view .LVU17
 176              		@ sp needed
 177 0000 7047     		bx	lr
 178              		.cfi_endproc
 179              	.LFE290:
 181              		.section	.text.DMA1_Channel1_IRQHandler,"ax",%progbits
 182              		.align	1
ARM GAS  C:\Users\Mateusz\AppData\Local\Temp\cceuFymx.s 			page 7


 183              		.global	DMA1_Channel1_IRQHandler
 184              		.syntax unified
 185              		.code	16
 186              		.thumb_func
 187              		.fpu softvfp
 189              	DMA1_Channel1_IRQHandler:
 190              	.LFB291:
 174:Src/stm32g0xx_it.c **** 
 175:Src/stm32g0xx_it.c **** /**
 176:Src/stm32g0xx_it.c ****   * @brief This function handles DMA1 channel 1 interrupt.
 177:Src/stm32g0xx_it.c ****   */
 178:Src/stm32g0xx_it.c **** void DMA1_Channel1_IRQHandler(void)
 179:Src/stm32g0xx_it.c **** {
 191              		.loc 1 179 1 view -0
 192              		.cfi_startproc
 193              		@ args = 0, pretend = 0, frame = 0
 194              		@ frame_needed = 0, uses_anonymous_args = 0
 195 0000 10B5     		push	{r4, lr}
 196              	.LCFI2:
 197              		.cfi_def_cfa_offset 8
 198              		.cfi_offset 4, -8
 199              		.cfi_offset 14, -4
 180:Src/stm32g0xx_it.c ****   /* USER CODE BEGIN DMA1_Channel1_IRQn 0 */
 181:Src/stm32g0xx_it.c **** 
 182:Src/stm32g0xx_it.c ****   /* USER CODE END DMA1_Channel1_IRQn 0 */
 183:Src/stm32g0xx_it.c ****   HAL_DMA_IRQHandler(&hdma_usart2_rx);
 200              		.loc 1 183 3 view .LVU19
 201 0002 0248     		ldr	r0, .L10
 202 0004 FFF7FEFF 		bl	HAL_DMA_IRQHandler
 203              	.LVL2:
 184:Src/stm32g0xx_it.c ****   /* USER CODE BEGIN DMA1_Channel1_IRQn 1 */
 185:Src/stm32g0xx_it.c **** 
 186:Src/stm32g0xx_it.c ****   /* USER CODE END DMA1_Channel1_IRQn 1 */
 187:Src/stm32g0xx_it.c **** }
 204              		.loc 1 187 1 is_stmt 0 view .LVU20
 205              		@ sp needed
 206 0008 10BD     		pop	{r4, pc}
 207              	.L11:
 208 000a C046     		.align	2
 209              	.L10:
 210 000c 00000000 		.word	hdma_usart2_rx
 211              		.cfi_endproc
 212              	.LFE291:
 214              		.section	.text.TIM6_DAC_LPTIM1_IRQHandler,"ax",%progbits
 215              		.align	1
 216              		.global	TIM6_DAC_LPTIM1_IRQHandler
 217              		.syntax unified
 218              		.code	16
 219              		.thumb_func
 220              		.fpu softvfp
 222              	TIM6_DAC_LPTIM1_IRQHandler:
 223              	.LFB292:
 188:Src/stm32g0xx_it.c **** 
 189:Src/stm32g0xx_it.c **** /**
 190:Src/stm32g0xx_it.c ****   * @brief This function handles TIM6, DAC1 and LPTIM1 interrupts (LPTIM1 interrupt through EXTI li
 191:Src/stm32g0xx_it.c ****   */
 192:Src/stm32g0xx_it.c **** void TIM6_DAC_LPTIM1_IRQHandler(void)
ARM GAS  C:\Users\Mateusz\AppData\Local\Temp\cceuFymx.s 			page 8


 193:Src/stm32g0xx_it.c **** {
 224              		.loc 1 193 1 is_stmt 1 view -0
 225              		.cfi_startproc
 226              		@ args = 0, pretend = 0, frame = 0
 227              		@ frame_needed = 0, uses_anonymous_args = 0
 228 0000 10B5     		push	{r4, lr}
 229              	.LCFI3:
 230              		.cfi_def_cfa_offset 8
 231              		.cfi_offset 4, -8
 232              		.cfi_offset 14, -4
 194:Src/stm32g0xx_it.c ****   /* USER CODE BEGIN TIM6_DAC_LPTIM1_IRQn 0 */
 195:Src/stm32g0xx_it.c ****   State.uptime++;
 233              		.loc 1 195 3 view .LVU22
 234              		.loc 1 195 8 is_stmt 0 view .LVU23
 235 0002 064A     		ldr	r2, .L13
 236              		.loc 1 195 15 view .LVU24
 237 0004 1368     		ldr	r3, [r2]
 238 0006 0133     		adds	r3, r3, #1
 239 0008 1360     		str	r3, [r2]
 196:Src/stm32g0xx_it.c ****   HAL_GPIO_TogglePin(LED_TEMP_GPIO_Port, LED_TEMP_Pin);
 240              		.loc 1 196 3 is_stmt 1 view .LVU25
 241 000a A020     		movs	r0, #160
 242 000c 0221     		movs	r1, #2
 243 000e C005     		lsls	r0, r0, #23
 244 0010 FFF7FEFF 		bl	HAL_GPIO_TogglePin
 245              	.LVL3:
 197:Src/stm32g0xx_it.c ****   /* USER CODE END TIM6_DAC_LPTIM1_IRQn 0 */
 198:Src/stm32g0xx_it.c ****   HAL_LPTIM_IRQHandler(&hlptim1);
 246              		.loc 1 198 3 view .LVU26
 247 0014 0248     		ldr	r0, .L13+4
 248 0016 FFF7FEFF 		bl	HAL_LPTIM_IRQHandler
 249              	.LVL4:
 199:Src/stm32g0xx_it.c ****   /* USER CODE BEGIN TIM6_DAC_LPTIM1_IRQn 1 */
 200:Src/stm32g0xx_it.c **** 
 201:Src/stm32g0xx_it.c ****   /* USER CODE END TIM6_DAC_LPTIM1_IRQn 1 */
 202:Src/stm32g0xx_it.c **** }
 250              		.loc 1 202 1 is_stmt 0 view .LVU27
 251              		@ sp needed
 252 001a 10BD     		pop	{r4, pc}
 253              	.L14:
 254              		.align	2
 255              	.L13:
 256 001c 00000000 		.word	State
 257 0020 00000000 		.word	hlptim1
 258              		.cfi_endproc
 259              	.LFE292:
 261              		.section	.text.USART2_IRQHandler,"ax",%progbits
 262              		.align	1
 263              		.global	USART2_IRQHandler
 264              		.syntax unified
 265              		.code	16
 266              		.thumb_func
 267              		.fpu softvfp
 269              	USART2_IRQHandler:
 270              	.LFB293:
 203:Src/stm32g0xx_it.c **** 
 204:Src/stm32g0xx_it.c **** /**
ARM GAS  C:\Users\Mateusz\AppData\Local\Temp\cceuFymx.s 			page 9


 205:Src/stm32g0xx_it.c ****   * @brief This function handles USART2 global interrupt / USART2 wake-up interrupt through EXTI li
 206:Src/stm32g0xx_it.c ****   */
 207:Src/stm32g0xx_it.c **** void USART2_IRQHandler(void)
 208:Src/stm32g0xx_it.c **** {
 271              		.loc 1 208 1 is_stmt 1 view -0
 272              		.cfi_startproc
 273              		@ args = 0, pretend = 0, frame = 104
 274              		@ frame_needed = 0, uses_anonymous_args = 0
 275 0000 F0B5     		push	{r4, r5, r6, r7, lr}
 276              	.LCFI4:
 277              		.cfi_def_cfa_offset 20
 278              		.cfi_offset 4, -20
 279              		.cfi_offset 5, -16
 280              		.cfi_offset 6, -12
 281              		.cfi_offset 7, -8
 282              		.cfi_offset 14, -4
 283 0002 9BB0     		sub	sp, sp, #108
 284              	.LCFI5:
 285              		.cfi_def_cfa_offset 128
 286              	.LBB2:
 209:Src/stm32g0xx_it.c ****   /* USER CODE BEGIN USART2_IRQn 0 */
 210:Src/stm32g0xx_it.c ****   SERIAL_WRITE(UART_RX_BUFF)
 287              		.loc 1 210 3 view .LVU29
 288 0004 01AD     		add	r5, sp, #4
 289 0006 0027     		movs	r7, #0
 290 0008 0197     		str	r7, [sp, #4]
 291 000a 6022     		movs	r2, #96
 292 000c 0021     		movs	r1, #0
 293 000e 02A8     		add	r0, sp, #8
 294 0010 FFF7FEFF 		bl	memset
 295              	.LVL5:
 296              		.loc 1 210 3 view .LVU30
 297 0014 1149     		ldr	r1, .L16
 298 0016 2800     		movs	r0, r5
 299 0018 FFF7FEFF 		bl	sprintf
 300              	.LVL6:
 301              		.loc 1 210 3 view .LVU31
 302 001c FA26     		movs	r6, #250
 303 001e B600     		lsls	r6, r6, #2
 304 0020 82B2     		uxth	r2, r0
 305 0022 0F4C     		ldr	r4, .L16+4
 306 0024 3300     		movs	r3, r6
 307 0026 2900     		movs	r1, r5
 308 0028 2000     		movs	r0, r4
 309              	.LVL7:
 310              		.loc 1 210 3 is_stmt 0 view .LVU32
 311 002a FFF7FEFF 		bl	HAL_UART_Transmit
 312              	.LVL8:
 313              	.LBE2:
 314              	.LBB3:
 211:Src/stm32g0xx_it.c ****   SERIAL_WRITE("\n")
 315              		.loc 1 211 3 is_stmt 1 view .LVU33
 316 002e 0197     		str	r7, [sp, #4]
 317 0030 6022     		movs	r2, #96
 318 0032 0021     		movs	r1, #0
 319 0034 02A8     		add	r0, sp, #8
 320 0036 FFF7FEFF 		bl	memset
ARM GAS  C:\Users\Mateusz\AppData\Local\Temp\cceuFymx.s 			page 10


 321              	.LVL9:
 322              		.loc 1 211 3 view .LVU34
 323 003a 0A23     		movs	r3, #10
 324 003c 2B80     		strh	r3, [r5]
 325              	.LVL10:
 326              		.loc 1 211 3 view .LVU35
 327 003e 3300     		movs	r3, r6
 328 0040 0122     		movs	r2, #1
 329 0042 2900     		movs	r1, r5
 330 0044 2000     		movs	r0, r4
 331 0046 FFF7FEFF 		bl	HAL_UART_Transmit
 332              	.LVL11:
 333              	.LBE3:
 212:Src/stm32g0xx_it.c ****   /* USER CODE END USART2_IRQn 0 */
 213:Src/stm32g0xx_it.c ****   HAL_UART_IRQHandler(&huart2);
 334              		.loc 1 213 3 view .LVU36
 335 004a 2000     		movs	r0, r4
 336 004c FFF7FEFF 		bl	HAL_UART_IRQHandler
 337              	.LVL12:
 214:Src/stm32g0xx_it.c **** 
 215:Src/stm32g0xx_it.c ****   /* USER CODE BEGIN USART2_IRQn 1 */
 216:Src/stm32g0xx_it.c ****   IDLE_UART_IRQHandler(&huart2);
 338              		.loc 1 216 3 view .LVU37
 339 0050 2000     		movs	r0, r4
 340 0052 FFF7FEFF 		bl	IDLE_UART_IRQHandler
 341              	.LVL13:
 217:Src/stm32g0xx_it.c ****   /* USER CODE END USART2_IRQn 1 */
 218:Src/stm32g0xx_it.c **** }
 342              		.loc 1 218 1 is_stmt 0 view .LVU38
 343 0056 1BB0     		add	sp, sp, #108
 344              		@ sp needed
 345 0058 F0BD     		pop	{r4, r5, r6, r7, pc}
 346              	.L17:
 347 005a C046     		.align	2
 348              	.L16:
 349 005c 00000000 		.word	UART_RX_BUFF
 350 0060 00000000 		.word	huart2
 351              		.cfi_endproc
 352              	.LFE293:
 354              		.text
 355              	.Letext0:
 356              		.file 2 "c:\\gnu tools arm embedded\\9 2019-q4-major\\arm-none-eabi\\include\\machine\\_default_ty
 357              		.file 3 "c:\\gnu tools arm embedded\\9 2019-q4-major\\arm-none-eabi\\include\\sys\\_stdint.h"
 358              		.file 4 "Drivers/CMSIS/Device/ST/STM32G0xx/Include/system_stm32g0xx.h"
 359              		.file 5 "Drivers/CMSIS/Device/ST/STM32G0xx/Include/stm32g071xx.h"
 360              		.file 6 "Drivers/STM32G0xx_HAL_Driver/Inc/stm32g0xx_hal_def.h"
 361              		.file 7 "Drivers/STM32G0xx_HAL_Driver/Inc/stm32g0xx_hal_dma.h"
 362              		.file 8 "Drivers/STM32G0xx_HAL_Driver/Inc/stm32g0xx_hal_flash.h"
 363              		.file 9 "Drivers/STM32G0xx_HAL_Driver/Inc/stm32g0xx_hal_lptim.h"
 364              		.file 10 "Drivers/STM32G0xx_HAL_Driver/Inc/stm32g0xx_hal_uart.h"
 365              		.file 11 "Drivers/STM32G0xx_HAL_Driver/Inc/stm32g0xx_hal.h"
 366              		.file 12 "c:\\gnu tools arm embedded\\9 2019-q4-major\\arm-none-eabi\\include\\sys\\lock.h"
 367              		.file 13 "c:\\gnu tools arm embedded\\9 2019-q4-major\\arm-none-eabi\\include\\sys\\_types.h"
 368              		.file 14 "c:\\gnu tools arm embedded\\9 2019-q4-major\\lib\\gcc\\arm-none-eabi\\9.2.1\\include\\st
 369              		.file 15 "c:\\gnu tools arm embedded\\9 2019-q4-major\\arm-none-eabi\\include\\sys\\reent.h"
 370              		.file 16 "Inc/usart.h"
 371              		.file 17 "Inc/state.h"
ARM GAS  C:\Users\Mateusz\AppData\Local\Temp\cceuFymx.s 			page 11


 372              		.file 18 "c:\\gnu tools arm embedded\\9 2019-q4-major\\arm-none-eabi\\include\\stdio.h"
 373              		.file 19 "Drivers/STM32G0xx_HAL_Driver/Inc/stm32g0xx_hal_gpio.h"
 374              		.file 20 "<built-in>"
ARM GAS  C:\Users\Mateusz\AppData\Local\Temp\cceuFymx.s 			page 12


DEFINED SYMBOLS
                            *ABS*:00000000 stm32g0xx_it.c
C:\Users\Mateusz\AppData\Local\Temp\cceuFymx.s:16     .text.NMI_Handler:00000000 $t
C:\Users\Mateusz\AppData\Local\Temp\cceuFymx.s:24     .text.NMI_Handler:00000000 NMI_Handler
C:\Users\Mateusz\AppData\Local\Temp\cceuFymx.s:39     .text.HardFault_Handler:00000000 $t
C:\Users\Mateusz\AppData\Local\Temp\cceuFymx.s:46     .text.HardFault_Handler:00000000 HardFault_Handler
C:\Users\Mateusz\AppData\Local\Temp\cceuFymx.s:63     .text.SVC_Handler:00000000 $t
C:\Users\Mateusz\AppData\Local\Temp\cceuFymx.s:70     .text.SVC_Handler:00000000 SVC_Handler
C:\Users\Mateusz\AppData\Local\Temp\cceuFymx.s:84     .text.PendSV_Handler:00000000 $t
C:\Users\Mateusz\AppData\Local\Temp\cceuFymx.s:91     .text.PendSV_Handler:00000000 PendSV_Handler
C:\Users\Mateusz\AppData\Local\Temp\cceuFymx.s:105    .text.SysTick_Handler:00000000 $t
C:\Users\Mateusz\AppData\Local\Temp\cceuFymx.s:112    .text.SysTick_Handler:00000000 SysTick_Handler
C:\Users\Mateusz\AppData\Local\Temp\cceuFymx.s:133    .text.FLASH_IRQHandler:00000000 $t
C:\Users\Mateusz\AppData\Local\Temp\cceuFymx.s:140    .text.FLASH_IRQHandler:00000000 FLASH_IRQHandler
C:\Users\Mateusz\AppData\Local\Temp\cceuFymx.s:161    .text.RCC_IRQHandler:00000000 $t
C:\Users\Mateusz\AppData\Local\Temp\cceuFymx.s:168    .text.RCC_IRQHandler:00000000 RCC_IRQHandler
C:\Users\Mateusz\AppData\Local\Temp\cceuFymx.s:182    .text.DMA1_Channel1_IRQHandler:00000000 $t
C:\Users\Mateusz\AppData\Local\Temp\cceuFymx.s:189    .text.DMA1_Channel1_IRQHandler:00000000 DMA1_Channel1_IRQHandler
C:\Users\Mateusz\AppData\Local\Temp\cceuFymx.s:210    .text.DMA1_Channel1_IRQHandler:0000000c $d
C:\Users\Mateusz\AppData\Local\Temp\cceuFymx.s:215    .text.TIM6_DAC_LPTIM1_IRQHandler:00000000 $t
C:\Users\Mateusz\AppData\Local\Temp\cceuFymx.s:222    .text.TIM6_DAC_LPTIM1_IRQHandler:00000000 TIM6_DAC_LPTIM1_IRQHandler
C:\Users\Mateusz\AppData\Local\Temp\cceuFymx.s:256    .text.TIM6_DAC_LPTIM1_IRQHandler:0000001c $d
C:\Users\Mateusz\AppData\Local\Temp\cceuFymx.s:262    .text.USART2_IRQHandler:00000000 $t
C:\Users\Mateusz\AppData\Local\Temp\cceuFymx.s:269    .text.USART2_IRQHandler:00000000 USART2_IRQHandler
C:\Users\Mateusz\AppData\Local\Temp\cceuFymx.s:349    .text.USART2_IRQHandler:0000005c $d

UNDEFINED SYMBOLS
HAL_IncTick
HAL_FLASH_IRQHandler
HAL_DMA_IRQHandler
hdma_usart2_rx
HAL_GPIO_TogglePin
HAL_LPTIM_IRQHandler
State
hlptim1
memset
sprintf
HAL_UART_Transmit
HAL_UART_IRQHandler
IDLE_UART_IRQHandler
UART_RX_BUFF
huart2
