ARM GAS  C:\Users\Mateusz\AppData\Local\Temp\cczQE5Ud.s 			page 1


   1              		.cpu cortex-m0plus
   2              		.eabi_attribute 20, 1
   3              		.eabi_attribute 21, 1
   4              		.eabi_attribute 23, 3
   5              		.eabi_attribute 24, 1
   6              		.eabi_attribute 25, 1
   7              		.eabi_attribute 26, 1
   8              		.eabi_attribute 30, 1
   9              		.eabi_attribute 34, 0
  10              		.eabi_attribute 18, 4
  11              		.file	"usart.c"
  12              		.text
  13              	.Ltext0:
  14              		.cfi_sections	.debug_frame
  15              		.section	.text.MX_USART2_UART_Init,"ax",%progbits
  16              		.align	1
  17              		.global	MX_USART2_UART_Init
  18              		.arch armv6s-m
  19              		.syntax unified
  20              		.code	16
  21              		.thumb_func
  22              		.fpu softvfp
  24              	MX_USART2_UART_Init:
  25              	.LFB284:
  26              		.file 1 "Src/usart.c"
   1:Src/usart.c   **** /**
   2:Src/usart.c   ****   ******************************************************************************
   3:Src/usart.c   ****   * File Name          : USART.c
   4:Src/usart.c   ****   * Description        : This file provides code for the configuration
   5:Src/usart.c   ****   *                      of the USART instances.
   6:Src/usart.c   ****   ******************************************************************************
   7:Src/usart.c   ****   * @attention
   8:Src/usart.c   ****   *
   9:Src/usart.c   ****   * <h2><center>&copy; Copyright (c) 2020 STMicroelectronics.
  10:Src/usart.c   ****   * All rights reserved.</center></h2>
  11:Src/usart.c   ****   *
  12:Src/usart.c   ****   * This software component is licensed by ST under BSD 3-Clause license,
  13:Src/usart.c   ****   * the "License"; You may not use this file except in compliance with the
  14:Src/usart.c   ****   * License. You may obtain a copy of the License at:
  15:Src/usart.c   ****   *                        opensource.org/licenses/BSD-3-Clause
  16:Src/usart.c   ****   *
  17:Src/usart.c   ****   ******************************************************************************
  18:Src/usart.c   ****   */
  19:Src/usart.c   **** 
  20:Src/usart.c   **** /* Includes ------------------------------------------------------------------*/
  21:Src/usart.c   **** #include "usart.h"
  22:Src/usart.c   **** 
  23:Src/usart.c   **** /* USER CODE BEGIN 0 */
  24:Src/usart.c   **** extern uint8_t UART_RX_BUFF[UART_RX_BUFFER_LENGTH];
  25:Src/usart.c   **** /* USER CODE END 0 */
  26:Src/usart.c   **** 
  27:Src/usart.c   **** UART_HandleTypeDef huart2;
  28:Src/usart.c   **** DMA_HandleTypeDef hdma_usart2_rx;
  29:Src/usart.c   **** 
  30:Src/usart.c   **** /* USART2 init function */
  31:Src/usart.c   **** 
  32:Src/usart.c   **** void MX_USART2_UART_Init(void)
ARM GAS  C:\Users\Mateusz\AppData\Local\Temp\cczQE5Ud.s 			page 2


  33:Src/usart.c   **** {
  27              		.loc 1 33 1 view -0
  28              		.cfi_startproc
  29              		@ args = 0, pretend = 0, frame = 0
  30              		@ frame_needed = 0, uses_anonymous_args = 0
  31 0000 10B5     		push	{r4, lr}
  32              	.LCFI0:
  33              		.cfi_def_cfa_offset 8
  34              		.cfi_offset 4, -8
  35              		.cfi_offset 14, -4
  34:Src/usart.c   **** 
  35:Src/usart.c   ****   huart2.Instance = USART2;
  36              		.loc 1 35 3 view .LVU1
  37              		.loc 1 35 19 is_stmt 0 view .LVU2
  38 0002 1948     		ldr	r0, .L10
  39 0004 194B     		ldr	r3, .L10+4
  40 0006 0360     		str	r3, [r0]
  36:Src/usart.c   ****   huart2.Init.BaudRate = 115200;
  41              		.loc 1 36 3 is_stmt 1 view .LVU3
  42              		.loc 1 36 24 is_stmt 0 view .LVU4
  43 0008 E123     		movs	r3, #225
  44 000a 5B02     		lsls	r3, r3, #9
  45 000c 4360     		str	r3, [r0, #4]
  37:Src/usart.c   ****   huart2.Init.WordLength = UART_WORDLENGTH_8B;
  46              		.loc 1 37 3 is_stmt 1 view .LVU5
  47              		.loc 1 37 26 is_stmt 0 view .LVU6
  48 000e 0023     		movs	r3, #0
  49 0010 8360     		str	r3, [r0, #8]
  38:Src/usart.c   ****   huart2.Init.StopBits = UART_STOPBITS_1;
  50              		.loc 1 38 3 is_stmt 1 view .LVU7
  51              		.loc 1 38 24 is_stmt 0 view .LVU8
  52 0012 C360     		str	r3, [r0, #12]
  39:Src/usart.c   ****   huart2.Init.Parity = UART_PARITY_NONE;
  53              		.loc 1 39 3 is_stmt 1 view .LVU9
  54              		.loc 1 39 22 is_stmt 0 view .LVU10
  55 0014 0361     		str	r3, [r0, #16]
  40:Src/usart.c   ****   huart2.Init.Mode = UART_MODE_TX_RX;
  56              		.loc 1 40 3 is_stmt 1 view .LVU11
  57              		.loc 1 40 20 is_stmt 0 view .LVU12
  58 0016 0C22     		movs	r2, #12
  59 0018 4261     		str	r2, [r0, #20]
  41:Src/usart.c   ****   huart2.Init.HwFlowCtl = UART_HWCONTROL_NONE;
  60              		.loc 1 41 3 is_stmt 1 view .LVU13
  61              		.loc 1 41 25 is_stmt 0 view .LVU14
  62 001a 8361     		str	r3, [r0, #24]
  42:Src/usart.c   ****   huart2.Init.OverSampling = UART_OVERSAMPLING_16;
  63              		.loc 1 42 3 is_stmt 1 view .LVU15
  64              		.loc 1 42 28 is_stmt 0 view .LVU16
  65 001c C361     		str	r3, [r0, #28]
  43:Src/usart.c   ****   huart2.Init.OneBitSampling = UART_ONE_BIT_SAMPLE_DISABLE;
  66              		.loc 1 43 3 is_stmt 1 view .LVU17
  67              		.loc 1 43 30 is_stmt 0 view .LVU18
  68 001e 0362     		str	r3, [r0, #32]
  44:Src/usart.c   ****   huart2.Init.ClockPrescaler = UART_PRESCALER_DIV1;
  69              		.loc 1 44 3 is_stmt 1 view .LVU19
  70              		.loc 1 44 30 is_stmt 0 view .LVU20
  71 0020 4362     		str	r3, [r0, #36]
ARM GAS  C:\Users\Mateusz\AppData\Local\Temp\cczQE5Ud.s 			page 3


  45:Src/usart.c   ****   huart2.AdvancedInit.AdvFeatureInit = UART_ADVFEATURE_NO_INIT;
  72              		.loc 1 45 3 is_stmt 1 view .LVU21
  73              		.loc 1 45 38 is_stmt 0 view .LVU22
  74 0022 8362     		str	r3, [r0, #40]
  46:Src/usart.c   ****   if (HAL_UART_Init(&huart2) != HAL_OK)
  75              		.loc 1 46 3 is_stmt 1 view .LVU23
  76              		.loc 1 46 7 is_stmt 0 view .LVU24
  77 0024 FFF7FEFF 		bl	HAL_UART_Init
  78              	.LVL0:
  79              		.loc 1 46 6 view .LVU25
  80 0028 0028     		cmp	r0, #0
  81 002a 11D1     		bne	.L6
  82              	.L2:
  47:Src/usart.c   ****   {
  48:Src/usart.c   ****     Error_Handler();
  49:Src/usart.c   ****   }
  50:Src/usart.c   ****   if (HAL_UARTEx_SetTxFifoThreshold(&huart2, UART_TXFIFO_THRESHOLD_1_8) != HAL_OK)
  83              		.loc 1 50 3 is_stmt 1 view .LVU26
  84              		.loc 1 50 7 is_stmt 0 view .LVU27
  85 002c 0021     		movs	r1, #0
  86 002e 0E48     		ldr	r0, .L10
  87 0030 FFF7FEFF 		bl	HAL_UARTEx_SetTxFifoThreshold
  88              	.LVL1:
  89              		.loc 1 50 6 view .LVU28
  90 0034 0028     		cmp	r0, #0
  91 0036 0ED1     		bne	.L7
  92              	.L3:
  51:Src/usart.c   ****   {
  52:Src/usart.c   ****     Error_Handler();
  53:Src/usart.c   ****   }
  54:Src/usart.c   ****   if (HAL_UARTEx_SetRxFifoThreshold(&huart2, UART_RXFIFO_THRESHOLD_1_8) != HAL_OK)
  93              		.loc 1 54 3 is_stmt 1 view .LVU29
  94              		.loc 1 54 7 is_stmt 0 view .LVU30
  95 0038 0021     		movs	r1, #0
  96 003a 0B48     		ldr	r0, .L10
  97 003c FFF7FEFF 		bl	HAL_UARTEx_SetRxFifoThreshold
  98              	.LVL2:
  99              		.loc 1 54 6 view .LVU31
 100 0040 0028     		cmp	r0, #0
 101 0042 0BD1     		bne	.L8
 102              	.L4:
  55:Src/usart.c   ****   {
  56:Src/usart.c   ****     Error_Handler();
  57:Src/usart.c   ****   }
  58:Src/usart.c   ****   if (HAL_UARTEx_DisableFifoMode(&huart2) != HAL_OK)
 103              		.loc 1 58 3 is_stmt 1 view .LVU32
 104              		.loc 1 58 7 is_stmt 0 view .LVU33
 105 0044 0848     		ldr	r0, .L10
 106 0046 FFF7FEFF 		bl	HAL_UARTEx_DisableFifoMode
 107              	.LVL3:
 108              		.loc 1 58 6 view .LVU34
 109 004a 0028     		cmp	r0, #0
 110 004c 09D1     		bne	.L9
 111              	.L1:
  59:Src/usart.c   ****   {
  60:Src/usart.c   ****     Error_Handler();
  61:Src/usart.c   ****   }
ARM GAS  C:\Users\Mateusz\AppData\Local\Temp\cczQE5Ud.s 			page 4


  62:Src/usart.c   **** }
 112              		.loc 1 62 1 view .LVU35
 113              		@ sp needed
 114 004e 10BD     		pop	{r4, pc}
 115              	.L6:
  48:Src/usart.c   ****   }
 116              		.loc 1 48 5 is_stmt 1 view .LVU36
 117 0050 FFF7FEFF 		bl	Error_Handler
 118              	.LVL4:
 119 0054 EAE7     		b	.L2
 120              	.L7:
  52:Src/usart.c   ****   }
 121              		.loc 1 52 5 view .LVU37
 122 0056 FFF7FEFF 		bl	Error_Handler
 123              	.LVL5:
 124 005a EDE7     		b	.L3
 125              	.L8:
  56:Src/usart.c   ****   }
 126              		.loc 1 56 5 view .LVU38
 127 005c FFF7FEFF 		bl	Error_Handler
 128              	.LVL6:
 129 0060 F0E7     		b	.L4
 130              	.L9:
  60:Src/usart.c   ****   }
 131              		.loc 1 60 5 view .LVU39
 132 0062 FFF7FEFF 		bl	Error_Handler
 133              	.LVL7:
 134              		.loc 1 62 1 is_stmt 0 view .LVU40
 135 0066 F2E7     		b	.L1
 136              	.L11:
 137              		.align	2
 138              	.L10:
 139 0068 00000000 		.word	huart2
 140 006c 00440040 		.word	1073759232
 141              		.cfi_endproc
 142              	.LFE284:
 144              		.section	.text.HAL_UART_MspInit,"ax",%progbits
 145              		.align	1
 146              		.global	HAL_UART_MspInit
 147              		.syntax unified
 148              		.code	16
 149              		.thumb_func
 150              		.fpu softvfp
 152              	HAL_UART_MspInit:
 153              	.LVL8:
 154              	.LFB285:
  63:Src/usart.c   **** 
  64:Src/usart.c   **** void HAL_UART_MspInit(UART_HandleTypeDef *uartHandle)
  65:Src/usart.c   **** {
 155              		.loc 1 65 1 is_stmt 1 view -0
 156              		.cfi_startproc
 157              		@ args = 0, pretend = 0, frame = 32
 158              		@ frame_needed = 0, uses_anonymous_args = 0
 159              		.loc 1 65 1 is_stmt 0 view .LVU42
 160 0000 30B5     		push	{r4, r5, lr}
 161              	.LCFI1:
 162              		.cfi_def_cfa_offset 12
ARM GAS  C:\Users\Mateusz\AppData\Local\Temp\cczQE5Ud.s 			page 5


 163              		.cfi_offset 4, -12
 164              		.cfi_offset 5, -8
 165              		.cfi_offset 14, -4
 166 0002 89B0     		sub	sp, sp, #36
 167              	.LCFI2:
 168              		.cfi_def_cfa_offset 48
 169 0004 0400     		movs	r4, r0
  66:Src/usart.c   **** 
  67:Src/usart.c   ****   GPIO_InitTypeDef GPIO_InitStruct = {0};
 170              		.loc 1 67 3 is_stmt 1 view .LVU43
 171              		.loc 1 67 20 is_stmt 0 view .LVU44
 172 0006 1422     		movs	r2, #20
 173 0008 0021     		movs	r1, #0
 174 000a 03A8     		add	r0, sp, #12
 175              	.LVL9:
 176              		.loc 1 67 20 view .LVU45
 177 000c FFF7FEFF 		bl	memset
 178              	.LVL10:
  68:Src/usart.c   ****   if (uartHandle->Instance == USART2)
 179              		.loc 1 68 3 is_stmt 1 view .LVU46
 180              		.loc 1 68 6 is_stmt 0 view .LVU47
 181 0010 254B     		ldr	r3, .L17
 182 0012 2268     		ldr	r2, [r4]
 183 0014 9A42     		cmp	r2, r3
 184 0016 01D0     		beq	.L15
 185              	.L12:
  69:Src/usart.c   ****   {
  70:Src/usart.c   ****     /* USER CODE BEGIN USART2_MspInit 0 */
  71:Src/usart.c   **** 
  72:Src/usart.c   ****     /* USER CODE END USART2_MspInit 0 */
  73:Src/usart.c   ****     /* USART2 clock enable */
  74:Src/usart.c   ****     __HAL_RCC_USART2_CLK_ENABLE();
  75:Src/usart.c   **** 
  76:Src/usart.c   ****     __HAL_RCC_GPIOA_CLK_ENABLE();
  77:Src/usart.c   ****     /**USART2 GPIO Configuration    
  78:Src/usart.c   ****     PA2     ------> USART2_TX
  79:Src/usart.c   ****     PA3     ------> USART2_RX 
  80:Src/usart.c   ****     */
  81:Src/usart.c   ****     GPIO_InitStruct.Pin = UART_TX_Pin | UART_RX_Pin;
  82:Src/usart.c   ****     GPIO_InitStruct.Mode = GPIO_MODE_AF_PP;
  83:Src/usart.c   ****     GPIO_InitStruct.Pull = GPIO_NOPULL;
  84:Src/usart.c   ****     GPIO_InitStruct.Speed = GPIO_SPEED_FREQ_LOW;
  85:Src/usart.c   ****     GPIO_InitStruct.Alternate = GPIO_AF1_USART2;
  86:Src/usart.c   ****     HAL_GPIO_Init(GPIOA, &GPIO_InitStruct);
  87:Src/usart.c   **** 
  88:Src/usart.c   ****     /* USART2 DMA Init */
  89:Src/usart.c   ****     /* USART2_RX Init */
  90:Src/usart.c   ****     hdma_usart2_rx.Instance = DMA1_Channel1;
  91:Src/usart.c   ****     hdma_usart2_rx.Init.Request = DMA_REQUEST_USART2_RX;
  92:Src/usart.c   ****     hdma_usart2_rx.Init.Direction = DMA_PERIPH_TO_MEMORY;
  93:Src/usart.c   ****     hdma_usart2_rx.Init.PeriphInc = DMA_PINC_DISABLE;
  94:Src/usart.c   ****     hdma_usart2_rx.Init.MemInc = DMA_MINC_ENABLE;
  95:Src/usart.c   ****     hdma_usart2_rx.Init.PeriphDataAlignment = DMA_PDATAALIGN_BYTE;
  96:Src/usart.c   ****     hdma_usart2_rx.Init.MemDataAlignment = DMA_MDATAALIGN_BYTE;
  97:Src/usart.c   ****     hdma_usart2_rx.Init.Mode = DMA_CIRCULAR;
  98:Src/usart.c   ****     hdma_usart2_rx.Init.Priority = DMA_PRIORITY_LOW;
  99:Src/usart.c   ****     if (HAL_DMA_Init(&hdma_usart2_rx) != HAL_OK)
ARM GAS  C:\Users\Mateusz\AppData\Local\Temp\cczQE5Ud.s 			page 6


 100:Src/usart.c   ****     {
 101:Src/usart.c   ****       Error_Handler();
 102:Src/usart.c   ****     }
 103:Src/usart.c   **** 
 104:Src/usart.c   ****     __HAL_LINKDMA(uartHandle, hdmarx, hdma_usart2_rx);
 105:Src/usart.c   **** 
 106:Src/usart.c   ****     /* USART2 interrupt Init */
 107:Src/usart.c   ****     HAL_NVIC_SetPriority(USART2_IRQn, 0, 0);
 108:Src/usart.c   ****     HAL_NVIC_EnableIRQ(USART2_IRQn);
 109:Src/usart.c   ****     /* USER CODE BEGIN USART2_MspInit 1 */
 110:Src/usart.c   ****     __HAL_UART_ENABLE_IT(&huart2, UART_IT_IDLE);
 111:Src/usart.c   ****     /* USER CODE END USART2_MspInit 1 */
 112:Src/usart.c   ****   }
 113:Src/usart.c   **** }
 186              		.loc 1 113 1 view .LVU48
 187 0018 09B0     		add	sp, sp, #36
 188              		@ sp needed
 189              	.LVL11:
 190              		.loc 1 113 1 view .LVU49
 191 001a 30BD     		pop	{r4, r5, pc}
 192              	.LVL12:
 193              	.L15:
  74:Src/usart.c   **** 
 194              		.loc 1 74 5 is_stmt 1 view .LVU50
 195              	.LBB2:
  74:Src/usart.c   **** 
 196              		.loc 1 74 5 view .LVU51
  74:Src/usart.c   **** 
 197              		.loc 1 74 5 view .LVU52
 198 001c 234B     		ldr	r3, .L17+4
 199 001e D96B     		ldr	r1, [r3, #60]
 200 0020 8020     		movs	r0, #128
 201 0022 8002     		lsls	r0, r0, #10
 202 0024 0143     		orrs	r1, r0
 203 0026 D963     		str	r1, [r3, #60]
  74:Src/usart.c   **** 
 204              		.loc 1 74 5 view .LVU53
 205 0028 DA6B     		ldr	r2, [r3, #60]
 206 002a 0240     		ands	r2, r0
 207 002c 0192     		str	r2, [sp, #4]
  74:Src/usart.c   **** 
 208              		.loc 1 74 5 view .LVU54
 209 002e 019A     		ldr	r2, [sp, #4]
 210              	.LBE2:
  74:Src/usart.c   **** 
 211              		.loc 1 74 5 view .LVU55
  76:Src/usart.c   ****     /**USART2 GPIO Configuration    
 212              		.loc 1 76 5 view .LVU56
 213              	.LBB3:
  76:Src/usart.c   ****     /**USART2 GPIO Configuration    
 214              		.loc 1 76 5 view .LVU57
  76:Src/usart.c   ****     /**USART2 GPIO Configuration    
 215              		.loc 1 76 5 view .LVU58
 216 0030 596B     		ldr	r1, [r3, #52]
 217 0032 0122     		movs	r2, #1
 218 0034 1143     		orrs	r1, r2
 219 0036 5963     		str	r1, [r3, #52]
ARM GAS  C:\Users\Mateusz\AppData\Local\Temp\cczQE5Ud.s 			page 7


  76:Src/usart.c   ****     /**USART2 GPIO Configuration    
 220              		.loc 1 76 5 view .LVU59
 221 0038 5B6B     		ldr	r3, [r3, #52]
 222 003a 1340     		ands	r3, r2
 223 003c 0293     		str	r3, [sp, #8]
  76:Src/usart.c   ****     /**USART2 GPIO Configuration    
 224              		.loc 1 76 5 view .LVU60
 225 003e 029B     		ldr	r3, [sp, #8]
 226              	.LBE3:
  76:Src/usart.c   ****     /**USART2 GPIO Configuration    
 227              		.loc 1 76 5 view .LVU61
  81:Src/usart.c   ****     GPIO_InitStruct.Mode = GPIO_MODE_AF_PP;
 228              		.loc 1 81 5 view .LVU62
  81:Src/usart.c   ****     GPIO_InitStruct.Mode = GPIO_MODE_AF_PP;
 229              		.loc 1 81 25 is_stmt 0 view .LVU63
 230 0040 0C23     		movs	r3, #12
 231 0042 0393     		str	r3, [sp, #12]
  82:Src/usart.c   ****     GPIO_InitStruct.Pull = GPIO_NOPULL;
 232              		.loc 1 82 5 is_stmt 1 view .LVU64
  82:Src/usart.c   ****     GPIO_InitStruct.Pull = GPIO_NOPULL;
 233              		.loc 1 82 26 is_stmt 0 view .LVU65
 234 0044 0A3B     		subs	r3, r3, #10
 235 0046 0493     		str	r3, [sp, #16]
  83:Src/usart.c   ****     GPIO_InitStruct.Speed = GPIO_SPEED_FREQ_LOW;
 236              		.loc 1 83 5 is_stmt 1 view .LVU66
  83:Src/usart.c   ****     GPIO_InitStruct.Speed = GPIO_SPEED_FREQ_LOW;
 237              		.loc 1 83 26 is_stmt 0 view .LVU67
 238 0048 0025     		movs	r5, #0
 239 004a 0595     		str	r5, [sp, #20]
  84:Src/usart.c   ****     GPIO_InitStruct.Alternate = GPIO_AF1_USART2;
 240              		.loc 1 84 5 is_stmt 1 view .LVU68
  84:Src/usart.c   ****     GPIO_InitStruct.Alternate = GPIO_AF1_USART2;
 241              		.loc 1 84 27 is_stmt 0 view .LVU69
 242 004c 0695     		str	r5, [sp, #24]
  85:Src/usart.c   ****     HAL_GPIO_Init(GPIOA, &GPIO_InitStruct);
 243              		.loc 1 85 5 is_stmt 1 view .LVU70
  85:Src/usart.c   ****     HAL_GPIO_Init(GPIOA, &GPIO_InitStruct);
 244              		.loc 1 85 31 is_stmt 0 view .LVU71
 245 004e 0792     		str	r2, [sp, #28]
  86:Src/usart.c   **** 
 246              		.loc 1 86 5 is_stmt 1 view .LVU72
 247 0050 A020     		movs	r0, #160
 248 0052 03A9     		add	r1, sp, #12
 249 0054 C005     		lsls	r0, r0, #23
 250 0056 FFF7FEFF 		bl	HAL_GPIO_Init
 251              	.LVL13:
  90:Src/usart.c   ****     hdma_usart2_rx.Init.Request = DMA_REQUEST_USART2_RX;
 252              		.loc 1 90 5 view .LVU73
  90:Src/usart.c   ****     hdma_usart2_rx.Init.Request = DMA_REQUEST_USART2_RX;
 253              		.loc 1 90 29 is_stmt 0 view .LVU74
 254 005a 1548     		ldr	r0, .L17+8
 255 005c 154B     		ldr	r3, .L17+12
 256 005e 0360     		str	r3, [r0]
  91:Src/usart.c   ****     hdma_usart2_rx.Init.Direction = DMA_PERIPH_TO_MEMORY;
 257              		.loc 1 91 5 is_stmt 1 view .LVU75
  91:Src/usart.c   ****     hdma_usart2_rx.Init.Direction = DMA_PERIPH_TO_MEMORY;
 258              		.loc 1 91 33 is_stmt 0 view .LVU76
ARM GAS  C:\Users\Mateusz\AppData\Local\Temp\cczQE5Ud.s 			page 8


 259 0060 3423     		movs	r3, #52
 260 0062 4360     		str	r3, [r0, #4]
  92:Src/usart.c   ****     hdma_usart2_rx.Init.PeriphInc = DMA_PINC_DISABLE;
 261              		.loc 1 92 5 is_stmt 1 view .LVU77
  92:Src/usart.c   ****     hdma_usart2_rx.Init.PeriphInc = DMA_PINC_DISABLE;
 262              		.loc 1 92 35 is_stmt 0 view .LVU78
 263 0064 8560     		str	r5, [r0, #8]
  93:Src/usart.c   ****     hdma_usart2_rx.Init.MemInc = DMA_MINC_ENABLE;
 264              		.loc 1 93 5 is_stmt 1 view .LVU79
  93:Src/usart.c   ****     hdma_usart2_rx.Init.MemInc = DMA_MINC_ENABLE;
 265              		.loc 1 93 35 is_stmt 0 view .LVU80
 266 0066 C560     		str	r5, [r0, #12]
  94:Src/usart.c   ****     hdma_usart2_rx.Init.PeriphDataAlignment = DMA_PDATAALIGN_BYTE;
 267              		.loc 1 94 5 is_stmt 1 view .LVU81
  94:Src/usart.c   ****     hdma_usart2_rx.Init.PeriphDataAlignment = DMA_PDATAALIGN_BYTE;
 268              		.loc 1 94 32 is_stmt 0 view .LVU82
 269 0068 4C33     		adds	r3, r3, #76
 270 006a 0361     		str	r3, [r0, #16]
  95:Src/usart.c   ****     hdma_usart2_rx.Init.MemDataAlignment = DMA_MDATAALIGN_BYTE;
 271              		.loc 1 95 5 is_stmt 1 view .LVU83
  95:Src/usart.c   ****     hdma_usart2_rx.Init.MemDataAlignment = DMA_MDATAALIGN_BYTE;
 272              		.loc 1 95 45 is_stmt 0 view .LVU84
 273 006c 4561     		str	r5, [r0, #20]
  96:Src/usart.c   ****     hdma_usart2_rx.Init.Mode = DMA_CIRCULAR;
 274              		.loc 1 96 5 is_stmt 1 view .LVU85
  96:Src/usart.c   ****     hdma_usart2_rx.Init.Mode = DMA_CIRCULAR;
 275              		.loc 1 96 42 is_stmt 0 view .LVU86
 276 006e 8561     		str	r5, [r0, #24]
  97:Src/usart.c   ****     hdma_usart2_rx.Init.Priority = DMA_PRIORITY_LOW;
 277              		.loc 1 97 5 is_stmt 1 view .LVU87
  97:Src/usart.c   ****     hdma_usart2_rx.Init.Priority = DMA_PRIORITY_LOW;
 278              		.loc 1 97 30 is_stmt 0 view .LVU88
 279 0070 603B     		subs	r3, r3, #96
 280 0072 C361     		str	r3, [r0, #28]
  98:Src/usart.c   ****     if (HAL_DMA_Init(&hdma_usart2_rx) != HAL_OK)
 281              		.loc 1 98 5 is_stmt 1 view .LVU89
  98:Src/usart.c   ****     if (HAL_DMA_Init(&hdma_usart2_rx) != HAL_OK)
 282              		.loc 1 98 34 is_stmt 0 view .LVU90
 283 0074 0562     		str	r5, [r0, #32]
  99:Src/usart.c   ****     {
 284              		.loc 1 99 5 is_stmt 1 view .LVU91
  99:Src/usart.c   ****     {
 285              		.loc 1 99 9 is_stmt 0 view .LVU92
 286 0076 FFF7FEFF 		bl	HAL_DMA_Init
 287              	.LVL14:
  99:Src/usart.c   ****     {
 288              		.loc 1 99 8 view .LVU93
 289 007a 0028     		cmp	r0, #0
 290 007c 11D1     		bne	.L16
 291              	.L14:
 104:Src/usart.c   **** 
 292              		.loc 1 104 5 is_stmt 1 view .LVU94
 104:Src/usart.c   **** 
 293              		.loc 1 104 5 view .LVU95
 294 007e 0C4B     		ldr	r3, .L17+8
 295 0080 A367     		str	r3, [r4, #120]
 104:Src/usart.c   **** 
ARM GAS  C:\Users\Mateusz\AppData\Local\Temp\cczQE5Ud.s 			page 9


 296              		.loc 1 104 5 view .LVU96
 297 0082 9C62     		str	r4, [r3, #40]
 104:Src/usart.c   **** 
 298              		.loc 1 104 5 view .LVU97
 107:Src/usart.c   ****     HAL_NVIC_EnableIRQ(USART2_IRQn);
 299              		.loc 1 107 5 view .LVU98
 300 0084 0022     		movs	r2, #0
 301 0086 0021     		movs	r1, #0
 302 0088 1C20     		movs	r0, #28
 303 008a FFF7FEFF 		bl	HAL_NVIC_SetPriority
 304              	.LVL15:
 108:Src/usart.c   ****     /* USER CODE BEGIN USART2_MspInit 1 */
 305              		.loc 1 108 5 view .LVU99
 306 008e 1C20     		movs	r0, #28
 307 0090 FFF7FEFF 		bl	HAL_NVIC_EnableIRQ
 308              	.LVL16:
 110:Src/usart.c   ****     /* USER CODE END USART2_MspInit 1 */
 309              		.loc 1 110 5 view .LVU100
 310 0094 084B     		ldr	r3, .L17+16
 311 0096 1A68     		ldr	r2, [r3]
 312 0098 1368     		ldr	r3, [r2]
 313 009a 1021     		movs	r1, #16
 314 009c 0B43     		orrs	r3, r1
 315 009e 1360     		str	r3, [r2]
 316              		.loc 1 113 1 is_stmt 0 view .LVU101
 317 00a0 BAE7     		b	.L12
 318              	.L16:
 101:Src/usart.c   ****     }
 319              		.loc 1 101 7 is_stmt 1 view .LVU102
 320 00a2 FFF7FEFF 		bl	Error_Handler
 321              	.LVL17:
 322 00a6 EAE7     		b	.L14
 323              	.L18:
 324              		.align	2
 325              	.L17:
 326 00a8 00440040 		.word	1073759232
 327 00ac 00100240 		.word	1073876992
 328 00b0 00000000 		.word	hdma_usart2_rx
 329 00b4 08000240 		.word	1073872904
 330 00b8 00000000 		.word	huart2
 331              		.cfi_endproc
 332              	.LFE285:
 334              		.section	.text.HAL_UART_MspDeInit,"ax",%progbits
 335              		.align	1
 336              		.global	HAL_UART_MspDeInit
 337              		.syntax unified
 338              		.code	16
 339              		.thumb_func
 340              		.fpu softvfp
 342              	HAL_UART_MspDeInit:
 343              	.LVL18:
 344              	.LFB286:
 114:Src/usart.c   **** 
 115:Src/usart.c   **** void HAL_UART_MspDeInit(UART_HandleTypeDef *uartHandle)
 116:Src/usart.c   **** {
 345              		.loc 1 116 1 view -0
 346              		.cfi_startproc
ARM GAS  C:\Users\Mateusz\AppData\Local\Temp\cczQE5Ud.s 			page 10


 347              		@ args = 0, pretend = 0, frame = 0
 348              		@ frame_needed = 0, uses_anonymous_args = 0
 349              		.loc 1 116 1 is_stmt 0 view .LVU104
 350 0000 10B5     		push	{r4, lr}
 351              	.LCFI3:
 352              		.cfi_def_cfa_offset 8
 353              		.cfi_offset 4, -8
 354              		.cfi_offset 14, -4
 355 0002 0400     		movs	r4, r0
 117:Src/usart.c   **** 
 118:Src/usart.c   ****   if (uartHandle->Instance == USART2)
 356              		.loc 1 118 3 is_stmt 1 view .LVU105
 357              		.loc 1 118 6 is_stmt 0 view .LVU106
 358 0004 0A4B     		ldr	r3, .L22
 359 0006 0268     		ldr	r2, [r0]
 360 0008 9A42     		cmp	r2, r3
 361 000a 00D0     		beq	.L21
 362              	.LVL19:
 363              	.L19:
 119:Src/usart.c   ****   {
 120:Src/usart.c   ****     /* USER CODE BEGIN USART2_MspDeInit 0 */
 121:Src/usart.c   **** 
 122:Src/usart.c   ****     /* USER CODE END USART2_MspDeInit 0 */
 123:Src/usart.c   ****     /* Peripheral clock disable */
 124:Src/usart.c   ****     __HAL_RCC_USART2_CLK_DISABLE();
 125:Src/usart.c   **** 
 126:Src/usart.c   ****     /**USART2 GPIO Configuration    
 127:Src/usart.c   ****     PA2     ------> USART2_TX
 128:Src/usart.c   ****     PA3     ------> USART2_RX 
 129:Src/usart.c   ****     */
 130:Src/usart.c   ****     HAL_GPIO_DeInit(GPIOA, UART_TX_Pin | UART_RX_Pin);
 131:Src/usart.c   **** 
 132:Src/usart.c   ****     /* USART2 DMA DeInit */
 133:Src/usart.c   ****     HAL_DMA_DeInit(uartHandle->hdmarx);
 134:Src/usart.c   **** 
 135:Src/usart.c   ****     /* USART2 interrupt Deinit */
 136:Src/usart.c   ****     HAL_NVIC_DisableIRQ(USART2_IRQn);
 137:Src/usart.c   ****     /* USER CODE BEGIN USART2_MspDeInit 1 */
 138:Src/usart.c   **** 
 139:Src/usart.c   ****     /* USER CODE END USART2_MspDeInit 1 */
 140:Src/usart.c   ****   }
 141:Src/usart.c   **** }
 364              		.loc 1 141 1 view .LVU107
 365              		@ sp needed
 366              	.LVL20:
 367              		.loc 1 141 1 view .LVU108
 368 000c 10BD     		pop	{r4, pc}
 369              	.LVL21:
 370              	.L21:
 124:Src/usart.c   **** 
 371              		.loc 1 124 5 is_stmt 1 view .LVU109
 372 000e 094A     		ldr	r2, .L22+4
 373 0010 D36B     		ldr	r3, [r2, #60]
 374 0012 0949     		ldr	r1, .L22+8
 375 0014 0B40     		ands	r3, r1
 376 0016 D363     		str	r3, [r2, #60]
 130:Src/usart.c   **** 
ARM GAS  C:\Users\Mateusz\AppData\Local\Temp\cczQE5Ud.s 			page 11


 377              		.loc 1 130 5 view .LVU110
 378 0018 A020     		movs	r0, #160
 379              	.LVL22:
 130:Src/usart.c   **** 
 380              		.loc 1 130 5 is_stmt 0 view .LVU111
 381 001a 0C21     		movs	r1, #12
 382 001c C005     		lsls	r0, r0, #23
 383 001e FFF7FEFF 		bl	HAL_GPIO_DeInit
 384              	.LVL23:
 133:Src/usart.c   **** 
 385              		.loc 1 133 5 is_stmt 1 view .LVU112
 386 0022 A06F     		ldr	r0, [r4, #120]
 387 0024 FFF7FEFF 		bl	HAL_DMA_DeInit
 388              	.LVL24:
 136:Src/usart.c   ****     /* USER CODE BEGIN USART2_MspDeInit 1 */
 389              		.loc 1 136 5 view .LVU113
 390 0028 1C20     		movs	r0, #28
 391 002a FFF7FEFF 		bl	HAL_NVIC_DisableIRQ
 392              	.LVL25:
 393              		.loc 1 141 1 is_stmt 0 view .LVU114
 394 002e EDE7     		b	.L19
 395              	.L23:
 396              		.align	2
 397              	.L22:
 398 0030 00440040 		.word	1073759232
 399 0034 00100240 		.word	1073876992
 400 0038 FFFFFDFF 		.word	-131073
 401              		.cfi_endproc
 402              	.LFE286:
 404              		.section	.text.CHECK_IF_END,"ax",%progbits
 405              		.align	1
 406              		.global	CHECK_IF_END
 407              		.syntax unified
 408              		.code	16
 409              		.thumb_func
 410              		.fpu softvfp
 412              	CHECK_IF_END:
 413              	.LFB287:
 142:Src/usart.c   **** 
 143:Src/usart.c   **** /* USER CODE BEGIN 1 */
 144:Src/usart.c   **** 
 145:Src/usart.c   **** void CHECK_IF_END()
 146:Src/usart.c   **** {
 414              		.loc 1 146 1 is_stmt 1 view -0
 415              		.cfi_startproc
 416              		@ args = 0, pretend = 0, frame = 0
 417              		@ frame_needed = 0, uses_anonymous_args = 0
 418 0000 10B5     		push	{r4, lr}
 419              	.LCFI4:
 420              		.cfi_def_cfa_offset 8
 421              		.cfi_offset 4, -8
 422              		.cfi_offset 14, -4
 147:Src/usart.c   ****   uint8_t flag = 0;
 423              		.loc 1 147 3 view .LVU116
 424              	.LVL26:
 148:Src/usart.c   ****   int i = 0;
 425              		.loc 1 148 3 view .LVU117
ARM GAS  C:\Users\Mateusz\AppData\Local\Temp\cczQE5Ud.s 			page 12


 149:Src/usart.c   ****   for (i; i < UART_RX_BUFFER_LENGTH; i++)
 426              		.loc 1 149 3 view .LVU118
 148:Src/usart.c   ****   int i = 0;
 427              		.loc 1 148 7 is_stmt 0 view .LVU119
 428 0002 0024     		movs	r4, #0
 429              	.LVL27:
 430              	.L25:
 431              		.loc 1 149 11 is_stmt 1 discriminator 1 view .LVU120
 432              		.loc 1 149 3 is_stmt 0 discriminator 1 view .LVU121
 433 0004 3F2C     		cmp	r4, #63
 434 0006 19DC     		bgt	.L24
 150:Src/usart.c   ****   {
 151:Src/usart.c   ****     if (UART_RX_BUFF[i] == 13)
 435              		.loc 1 151 5 is_stmt 1 view .LVU122
 436              		.loc 1 151 21 is_stmt 0 view .LVU123
 437 0008 0D4B     		ldr	r3, .L33
 438 000a 1B5D     		ldrb	r3, [r3, r4]
 439              		.loc 1 151 8 view .LVU124
 440 000c 0D2B     		cmp	r3, #13
 441 000e 01D0     		beq	.L31
 149:Src/usart.c   ****   for (i; i < UART_RX_BUFFER_LENGTH; i++)
 442              		.loc 1 149 38 is_stmt 1 view .LVU125
 149:Src/usart.c   ****   for (i; i < UART_RX_BUFFER_LENGTH; i++)
 443              		.loc 1 149 39 is_stmt 0 view .LVU126
 444 0010 0134     		adds	r4, r4, #1
 445              	.LVL28:
 149:Src/usart.c   ****   for (i; i < UART_RX_BUFFER_LENGTH; i++)
 446              		.loc 1 149 39 view .LVU127
 447 0012 F7E7     		b	.L25
 448              	.L31:
 152:Src/usart.c   ****     {
 153:Src/usart.c   ****       UART_RX_BUFF[i] = '\0';
 449              		.loc 1 153 7 is_stmt 1 view .LVU128
 450              		.loc 1 153 23 is_stmt 0 view .LVU129
 451 0014 0A4B     		ldr	r3, .L33
 452 0016 0022     		movs	r2, #0
 453 0018 1A55     		strb	r2, [r3, r4]
 154:Src/usart.c   ****       flag = 1;
 454              		.loc 1 154 7 is_stmt 1 view .LVU130
 455              	.LVL29:
 155:Src/usart.c   ****       break;
 456              		.loc 1 155 7 view .LVU131
 156:Src/usart.c   ****     }
 157:Src/usart.c   ****   }
 158:Src/usart.c   ****   if (flag)
 457              		.loc 1 158 3 view .LVU132
 458              	.LBB4:
 159:Src/usart.c   ****   {
 160:Src/usart.c   ****     RX();
 459              		.loc 1 160 5 view .LVU133
 460 001a FFF7FEFF 		bl	RX
 461              	.LVL30:
 161:Src/usart.c   ****     HAL_UART_DMAStop(&huart2);
 462              		.loc 1 161 5 view .LVU134
 463 001e 0948     		ldr	r0, .L33+4
 464 0020 FFF7FEFF 		bl	HAL_UART_DMAStop
 465              	.LVL31:
ARM GAS  C:\Users\Mateusz\AppData\Local\Temp\cczQE5Ud.s 			page 13


 162:Src/usart.c   ****     for (i; i >= 0; i--)
 466              		.loc 1 162 5 view .LVU135
 467              	.L27:
 468              		.loc 1 162 13 discriminator 1 view .LVU136
 469              		.loc 1 162 5 is_stmt 0 discriminator 1 view .LVU137
 470 0024 002C     		cmp	r4, #0
 471 0026 04DB     		blt	.L32
 163:Src/usart.c   ****     {
 164:Src/usart.c   ****       UART_RX_BUFF[i] = '\0';
 472              		.loc 1 164 7 is_stmt 1 discriminator 2 view .LVU138
 473              		.loc 1 164 23 is_stmt 0 discriminator 2 view .LVU139
 474 0028 054B     		ldr	r3, .L33
 475 002a 0022     		movs	r2, #0
 476 002c 1A55     		strb	r2, [r3, r4]
 162:Src/usart.c   ****     for (i; i >= 0; i--)
 477              		.loc 1 162 21 is_stmt 1 discriminator 2 view .LVU140
 162:Src/usart.c   ****     for (i; i >= 0; i--)
 478              		.loc 1 162 22 is_stmt 0 discriminator 2 view .LVU141
 479 002e 013C     		subs	r4, r4, #1
 480              	.LVL32:
 162:Src/usart.c   ****     for (i; i >= 0; i--)
 481              		.loc 1 162 22 discriminator 2 view .LVU142
 482 0030 F8E7     		b	.L27
 483              	.L32:
 165:Src/usart.c   ****     }
 166:Src/usart.c   ****     HAL_UART_Receive_DMA(&huart2, UART_RX_BUFF, UART_RX_BUFFER_LENGTH);
 484              		.loc 1 166 5 is_stmt 1 view .LVU143
 485 0032 4022     		movs	r2, #64
 486 0034 0249     		ldr	r1, .L33
 487 0036 0348     		ldr	r0, .L33+4
 488 0038 FFF7FEFF 		bl	HAL_UART_Receive_DMA
 489              	.LVL33:
 490              	.L24:
 491              		.loc 1 166 5 is_stmt 0 view .LVU144
 492              	.LBE4:
 167:Src/usart.c   ****   }
 168:Src/usart.c   **** }
 493              		.loc 1 168 1 view .LVU145
 494              		@ sp needed
 495              	.LVL34:
 496              		.loc 1 168 1 view .LVU146
 497 003c 10BD     		pop	{r4, pc}
 498              	.L34:
 499 003e C046     		.align	2
 500              	.L33:
 501 0040 00000000 		.word	UART_RX_BUFF
 502 0044 00000000 		.word	huart2
 503              		.cfi_endproc
 504              	.LFE287:
 506              		.section	.text.IDLE_UART_IRQHandler,"ax",%progbits
 507              		.align	1
 508              		.global	IDLE_UART_IRQHandler
 509              		.syntax unified
 510              		.code	16
 511              		.thumb_func
 512              		.fpu softvfp
 514              	IDLE_UART_IRQHandler:
ARM GAS  C:\Users\Mateusz\AppData\Local\Temp\cczQE5Ud.s 			page 14


 515              	.LVL35:
 516              	.LFB288:
 169:Src/usart.c   **** 
 170:Src/usart.c   **** void IDLE_UART_IRQHandler(UART_HandleTypeDef *huart)
 171:Src/usart.c   **** {
 517              		.loc 1 171 1 is_stmt 1 view -0
 518              		.cfi_startproc
 519              		@ args = 0, pretend = 0, frame = 0
 520              		@ frame_needed = 0, uses_anonymous_args = 0
 521              		.loc 1 171 1 is_stmt 0 view .LVU148
 522 0000 10B5     		push	{r4, lr}
 523              	.LCFI5:
 524              		.cfi_def_cfa_offset 8
 525              		.cfi_offset 4, -8
 526              		.cfi_offset 14, -4
 172:Src/usart.c   ****   if (USART2 == huart2.Instance) //Determine whether it is serial port 1
 527              		.loc 1 172 3 is_stmt 1 view .LVU149
 528              		.loc 1 172 23 is_stmt 0 view .LVU150
 529 0002 074B     		ldr	r3, .L38
 530 0004 1B68     		ldr	r3, [r3]
 531              		.loc 1 172 6 view .LVU151
 532 0006 074A     		ldr	r2, .L38+4
 533 0008 9342     		cmp	r3, r2
 534 000a 00D0     		beq	.L37
 535              	.LVL36:
 536              	.L35:
 173:Src/usart.c   ****   {
 174:Src/usart.c   ****     if (RESET != __HAL_UART_GET_FLAG(&huart2, UART_FLAG_IDLE)) //Judging whether it is idle interru
 175:Src/usart.c   ****     {
 176:Src/usart.c   ****       __HAL_UART_CLEAR_IDLEFLAG(&huart2); //Clear idle interrupt sign (otherwise it will continue t
 177:Src/usart.c   ****                                           // SERIAL_WRITE("\r\nUART1 Idle IQR Detected\r\n");
 178:Src/usart.c   ****       CHECK_IF_END();
 179:Src/usart.c   ****     }
 180:Src/usart.c   ****   }
 181:Src/usart.c   **** }
 537              		.loc 1 181 1 view .LVU152
 538              		@ sp needed
 539 000c 10BD     		pop	{r4, pc}
 540              	.LVL37:
 541              	.L37:
 174:Src/usart.c   ****     {
 542              		.loc 1 174 5 is_stmt 1 view .LVU153
 174:Src/usart.c   ****     {
 543              		.loc 1 174 18 is_stmt 0 view .LVU154
 544 000e DA69     		ldr	r2, [r3, #28]
 174:Src/usart.c   ****     {
 545              		.loc 1 174 8 view .LVU155
 546 0010 D206     		lsls	r2, r2, #27
 547 0012 FBD5     		bpl	.L35
 176:Src/usart.c   ****                                           // SERIAL_WRITE("\r\nUART1 Idle IQR Detected\r\n");
 548              		.loc 1 176 7 is_stmt 1 view .LVU156
 549 0014 1022     		movs	r2, #16
 550 0016 1A62     		str	r2, [r3, #32]
 178:Src/usart.c   ****     }
 551              		.loc 1 178 7 view .LVU157
 552 0018 FFF7FEFF 		bl	CHECK_IF_END
 553              	.LVL38:
ARM GAS  C:\Users\Mateusz\AppData\Local\Temp\cczQE5Ud.s 			page 15


 554              		.loc 1 181 1 is_stmt 0 view .LVU158
 555 001c F6E7     		b	.L35
 556              	.L39:
 557 001e C046     		.align	2
 558              	.L38:
 559 0020 00000000 		.word	huart2
 560 0024 00440040 		.word	1073759232
 561              		.cfi_endproc
 562              	.LFE288:
 564              		.comm	hdma_usart2_rx,92,4
 565              		.comm	huart2,140,4
 566              		.text
 567              	.Letext0:
 568              		.file 2 "c:\\gnu tools arm embedded\\9 2019-q4-major\\arm-none-eabi\\include\\machine\\_default_ty
 569              		.file 3 "c:\\gnu tools arm embedded\\9 2019-q4-major\\arm-none-eabi\\include\\sys\\_stdint.h"
 570              		.file 4 "Drivers/CMSIS/Device/ST/STM32G0xx/Include/system_stm32g0xx.h"
 571              		.file 5 "Drivers/CMSIS/Device/ST/STM32G0xx/Include/stm32g071xx.h"
 572              		.file 6 "Drivers/CMSIS/Device/ST/STM32G0xx/Include/stm32g0xx.h"
 573              		.file 7 "Drivers/STM32G0xx_HAL_Driver/Inc/stm32g0xx_hal_def.h"
 574              		.file 8 "Drivers/STM32G0xx_HAL_Driver/Inc/stm32g0xx_hal_gpio.h"
 575              		.file 9 "Drivers/STM32G0xx_HAL_Driver/Inc/stm32g0xx_hal_dma.h"
 576              		.file 10 "Drivers/STM32G0xx_HAL_Driver/Inc/stm32g0xx_hal_flash.h"
 577              		.file 11 "Drivers/STM32G0xx_HAL_Driver/Inc/stm32g0xx_hal_uart.h"
 578              		.file 12 "Drivers/STM32G0xx_HAL_Driver/Inc/stm32g0xx_hal.h"
 579              		.file 13 "c:\\gnu tools arm embedded\\9 2019-q4-major\\arm-none-eabi\\include\\sys\\lock.h"
 580              		.file 14 "c:\\gnu tools arm embedded\\9 2019-q4-major\\arm-none-eabi\\include\\sys\\_types.h"
 581              		.file 15 "c:\\gnu tools arm embedded\\9 2019-q4-major\\lib\\gcc\\arm-none-eabi\\9.2.1\\include\\st
 582              		.file 16 "c:\\gnu tools arm embedded\\9 2019-q4-major\\arm-none-eabi\\include\\sys\\reent.h"
 583              		.file 17 "Inc/usart.h"
 584              		.file 18 "Drivers/STM32G0xx_HAL_Driver/Inc/stm32g0xx_hal_cortex.h"
 585              		.file 19 "Inc/main.h"
 586              		.file 20 "Drivers/STM32G0xx_HAL_Driver/Inc/stm32g0xx_hal_uart_ex.h"
 587              		.file 21 "<built-in>"
ARM GAS  C:\Users\Mateusz\AppData\Local\Temp\cczQE5Ud.s 			page 16


DEFINED SYMBOLS
                            *ABS*:00000000 usart.c
C:\Users\Mateusz\AppData\Local\Temp\cczQE5Ud.s:16     .text.MX_USART2_UART_Init:00000000 $t
C:\Users\Mateusz\AppData\Local\Temp\cczQE5Ud.s:24     .text.MX_USART2_UART_Init:00000000 MX_USART2_UART_Init
C:\Users\Mateusz\AppData\Local\Temp\cczQE5Ud.s:139    .text.MX_USART2_UART_Init:00000068 $d
                            *COM*:0000008c huart2
C:\Users\Mateusz\AppData\Local\Temp\cczQE5Ud.s:145    .text.HAL_UART_MspInit:00000000 $t
C:\Users\Mateusz\AppData\Local\Temp\cczQE5Ud.s:152    .text.HAL_UART_MspInit:00000000 HAL_UART_MspInit
C:\Users\Mateusz\AppData\Local\Temp\cczQE5Ud.s:326    .text.HAL_UART_MspInit:000000a8 $d
                            *COM*:0000005c hdma_usart2_rx
C:\Users\Mateusz\AppData\Local\Temp\cczQE5Ud.s:335    .text.HAL_UART_MspDeInit:00000000 $t
C:\Users\Mateusz\AppData\Local\Temp\cczQE5Ud.s:342    .text.HAL_UART_MspDeInit:00000000 HAL_UART_MspDeInit
C:\Users\Mateusz\AppData\Local\Temp\cczQE5Ud.s:398    .text.HAL_UART_MspDeInit:00000030 $d
C:\Users\Mateusz\AppData\Local\Temp\cczQE5Ud.s:405    .text.CHECK_IF_END:00000000 $t
C:\Users\Mateusz\AppData\Local\Temp\cczQE5Ud.s:412    .text.CHECK_IF_END:00000000 CHECK_IF_END
C:\Users\Mateusz\AppData\Local\Temp\cczQE5Ud.s:501    .text.CHECK_IF_END:00000040 $d
C:\Users\Mateusz\AppData\Local\Temp\cczQE5Ud.s:507    .text.IDLE_UART_IRQHandler:00000000 $t
C:\Users\Mateusz\AppData\Local\Temp\cczQE5Ud.s:514    .text.IDLE_UART_IRQHandler:00000000 IDLE_UART_IRQHandler
C:\Users\Mateusz\AppData\Local\Temp\cczQE5Ud.s:559    .text.IDLE_UART_IRQHandler:00000020 $d

UNDEFINED SYMBOLS
HAL_UART_Init
HAL_UARTEx_SetTxFifoThreshold
HAL_UARTEx_SetRxFifoThreshold
HAL_UARTEx_DisableFifoMode
Error_Handler
memset
HAL_GPIO_Init
HAL_DMA_Init
HAL_NVIC_SetPriority
HAL_NVIC_EnableIRQ
HAL_GPIO_DeInit
HAL_DMA_DeInit
HAL_NVIC_DisableIRQ
RX
HAL_UART_DMAStop
HAL_UART_Receive_DMA
UART_RX_BUFF
